
LINPACK benchmark ./linpack-amdfam10, Double precision.
Machine precision:  15 digits.
Array size 200 X 200.
Memory required:  315K.
      Reps Time(s) DGEFA   DGESL  OVERHEAD    MFLOPS
------------------------------------------------------
r     4096   0.58  81.14%   0.00%  18.86%  11993.973 11993.973
r    70865   9.70  75.88%   3.58%  20.54%  12622.732 12586.678
u     4096   0.52  78.68%   0.00%  21.32%  13855.107 13855.107
u    79379  10.03  77.31%   2.38%  20.31%  13638.662 13649.125
r    73034   9.95  79.44%   2.04%  18.53%  12367.451 12477.529
u    79141   9.84  78.75%   2.20%  19.05%  13640.433 13644.894
r    73371   9.95  80.11%   2.97%  16.92%  12184.140 12378.733
u    80403   9.98  75.74%   4.35%  19.91%  13809.420 13698.891
r    73710  10.05  77.01%   4.03%  18.96%  12432.867 12392.211
u    80531  10.25  77.41%   1.53%  21.06%  13669.003 13691.440
r    73365  10.16  79.22%   2.91%  17.87%  12077.991 12328.346
u    78574   9.80  77.71%   2.37%  19.93%  13756.794 13704.161
LINPACK benchmark ./linpackC-amdfam10, Double precision.
Machine precision:  15 digits.
Array size 200 X 200.
Memory required:  315K.
      Reps Time(s) DGEFA   DGESL  OVERHEAD    MFLOPS
------------------------------------------------------
r     8192   0.91  84.33%   1.77%  13.91%  14423.521 14423.521
r    90419   9.78  78.41%   3.05%  18.55%  15586.221 15482.540
u     4096   0.62  84.80%   2.56%  12.64%  10302.515 10302.515
u    65536  10.17  85.46%   1.50%  13.04%  10174.403 10181.851
r    92443  10.03  74.14%   2.82%  23.04%  16444.955 15933.736
u    64427  10.03  81.96%   3.25%  14.79%  10350.930 10262.413
r    92157  10.00  74.94%   3.17%  21.89%  16203.083 16020.393
u    64221  10.00  81.15%   4.22%  14.63%  10332.338 10284.957
r    92157   9.97  77.00%   2.64%  20.36%  15941.842 16001.036
u    64227   9.98  82.11%   3.62%  14.27%  10304.332 10289.691
r    92443  10.00  79.10%   2.01%  18.89%  15652.207 15930.878
u    64323   9.95  82.76%   2.65%  14.59%  10391.356 10309.542
LINPACK benchmark ./linpack-athlon64, Double precision.
Machine precision:  15 digits.
Array size 200 X 200.
Memory required:  315K.
      Reps Time(s) DGEFA   DGESL  OVERHEAD    MFLOPS
------------------------------------------------------
r     1024   0.78 100.00%   0.00%   0.00%   1800.632  1800.632
r    13111   9.91  91.79%   2.24%   5.97%   1932.987  1922.748
u     1024   0.80  90.21%   4.02%   5.77%   1872.561  1872.561
u    12848   9.83  92.09%   2.98%   4.92%   1888.333  1887.160
r    13235  10.06  93.01%   3.11%   3.88%   1879.246  1901.464
u    13072   9.97  92.80%   3.44%   3.76%   1871.192  1879.379
r    13153   9.92  91.86%   2.63%   5.51%   1926.768  1909.604
u    13112   9.97  93.76%   3.13%   3.11%   1864.287  1874.412
r    13256  10.25  92.09%   2.44%   5.47%   1878.925  1901.949
u    13152   9.97  92.72%   1.70%   5.59%   1919.252  1885.299
r    12932   9.89  91.45%   3.94%   4.61%   1882.347  1898.118
u    13194  10.03  91.40%   1.71%   6.89%   1939.809  1895.885
LINPACK benchmark ./linpackC-athlon64, Double precision.
Machine precision:  15 digits.
Array size 200 X 200.
Memory required:  315K.
      Reps Time(s) DGEFA   DGESL  OVERHEAD    MFLOPS
------------------------------------------------------
r     8192   0.91  74.39%   1.66%  23.95%  16328.515 16328.515
r    90419   9.81  73.61%   4.62%  21.77%  16177.101 16189.572
u     4096   0.64  90.17%   0.00%   9.83%   9732.134  9732.134
u    63900  10.02  80.32%   4.31%  15.37%  10352.247 10312.664
r    92151  10.06  76.55%   3.11%  20.34%  15789.649 15993.884
u    63797   9.94  81.86%   2.82%  15.33%  10411.711 10360.373
r    91583   9.89  75.73%   3.03%  21.24%  16145.570 16042.772
u    64195  10.14  82.49%   4.51%  13.01%   9994.460 10237.604
r    92592  10.08  74.47%   2.95%  22.58%  16296.255 16104.635
u    63308   9.88  82.72%   3.35%  13.92%  10228.587 10235.401
r    91866   9.97  76.95%   2.51%  20.55%  15929.626 16069.890
u    64109   9.98  84.04%   3.11%  12.84%  10117.562 10211.824
LINPACK benchmark ./linpack-athlon64-sse3, Double precision.
Machine precision:  15 digits.
Array size 200 X 200.
Memory required:  315K.
      Reps Time(s) DGEFA   DGESL  OVERHEAD    MFLOPS
------------------------------------------------------
r     1024   0.80  84.07%   6.02%   9.91%   1958.626  1958.626
r    12848   9.84  92.86%   2.21%   4.93%   1885.508  1890.719
u     1024   0.77  89.56%   4.18%   6.27%   1958.626  1958.626
u    13368  10.19  94.03%   1.85%   4.12%   1879.668  1885.075
r    13052   9.91  91.92%   3.00%   5.08%   1906.077  1898.133
u    13122   9.95  92.51%   2.96%   4.52%   1896.535  1890.524
r    13174   9.97  91.02%   3.49%   5.49%   1920.218  1905.333
u    13185  10.00  93.12%   2.48%   4.40%   1894.079  1891.674
r    13214  10.00  93.48%   1.55%   4.97%   1909.631  1906.396
u    13185  10.00  90.85%   2.81%   6.34%   1933.106  1901.647
r    13213  10.00  91.10%   2.32%   6.58%   1942.395  1913.440
u    13183  10.05  91.31%   2.46%   6.23%   1921.938  1905.602
LINPACK benchmark ./linpackC-athlon64-sse3, Double precision.
Machine precision:  15 digits.
Array size 200 X 200.
Memory required:  315K.
      Reps Time(s) DGEFA   DGESL  OVERHEAD    MFLOPS
------------------------------------------------------
r     8192   0.92  72.89%   3.47%  23.64%  15980.606 15980.606
r    88850   9.64  77.98%   2.25%  19.77%  15775.135 15792.276
u     4096   0.64  80.97%   7.02%  12.01%   9973.712  9973.712
u    63900   9.98  83.77%   2.79%  13.43%  10153.419 10142.410
r    92158   9.98  78.42%   1.88%  19.70%  15784.941 15788.702
u    64002  10.17  82.48%   2.78%  14.74%  10135.618 10139.116
r    92296  10.08  80.19%   3.57%  16.23%  15014.591 15526.240
u    62925   9.81  84.60%   3.02%  12.38%  10050.826 10110.445
r    91581   9.94  77.98%   2.49%  19.53%  15729.270 15575.591
u    64124  10.06  81.60%   2.17%  16.24%  10447.696 10191.883
r    92161  10.06  76.56%   2.61%  20.83%  15888.498 15636.594
u    63722   9.91  82.27%   2.20%  15.53%  10457.881 10243.320
LINPACK benchmark ./linpack-athlon-fx, Double precision.
Machine precision:  15 digits.
Array size 200 X 200.
Memory required:  315K.
      Reps Time(s) DGEFA   DGESL  OVERHEAD    MFLOPS
------------------------------------------------------
r     1024   0.80  96.11%   1.88%   2.01%   1800.632  1800.632
r    12848   9.75  90.50%   2.74%   6.76%   1941.099  1929.985
u     1024   0.76  77.12%  10.46%  12.42%   2098.945  2098.945
u    13385  10.20  91.58%   2.60%   5.82%   1912.806  1924.938
r    13178   9.99  88.41%   3.89%   7.70%   1963.736  1946.281
u    13117  10.00  92.18%   2.49%   5.33%   1902.822  1914.335
r    13197   9.98  91.11%   2.78%   6.11%   1933.420  1942.045
u    13117   9.92  92.60%   3.13%   4.26%   1896.611  1908.579
r    13218  10.02  89.22%   4.07%   6.71%   1942.714  1942.210
u    13221  10.16  93.53%   1.66%   4.81%   1878.035  1900.990
r    13196   9.97  91.58%   2.35%   6.07%   1935.132  1940.805
u    13017   9.86  90.53%   3.80%   5.67%   1922.224  1905.086
LINPACK benchmark ./linpackC-athlon-fx, Double precision.
Machine precision:  15 digits.
Array size 200 X 200.
Memory required:  315K.
      Reps Time(s) DGEFA   DGESL  OVERHEAD    MFLOPS
------------------------------------------------------
r     8192   0.91  79.36%   1.66%  18.98%  15327.448 15327.448
r    90419   9.77  72.04%   3.32%  24.65%  16873.954 16733.692
u     4096   0.62  90.08%   5.12%   4.80%   9454.073  9454.073
u    65536  10.25  80.52%   3.33%  16.16%  10473.964 10407.918
r    92585  10.09  74.11%   3.53%  22.36%  16224.329 16483.104
u    63943  10.05  83.70%   2.78%  13.53%  10107.626 10261.971
r    91722   9.92  74.77%   3.12%  22.10%  16297.694 16422.533
u    63643   9.97  83.99%   3.14%  12.87%  10063.679 10197.133
r    92443  10.05  77.03%   2.17%  20.80%  15953.136 16304.386
u    63847   9.95  81.13%   2.20%  16.67%  10573.160 10286.603
r    92001   9.98  76.37%   2.65%  20.97%  16011.664 16245.920
u    64154  10.00  82.70%   2.77%  14.53%  10308.275 10290.871
LINPACK benchmark ./linpack-atom, Double precision.
Machine precision:  15 digits.
Array size 200 X 200.
Memory required:  315K.
      Reps Time(s) DGEFA   DGESL  OVERHEAD    MFLOPS
------------------------------------------------------
r     2048   0.55  88.67%   2.74%   8.59%   5625.173  5625.173
r    37440  10.03  87.58%   1.24%  11.19%   5771.422  5763.650
u     4096   0.69  70.35%   2.33%  27.33%  11250.347 11250.347
u    59534   9.62  78.56%   2.42%  19.02%  10490.124 10535.954
r    37324   9.95  86.79%   1.42%  11.80%   5838.739  5799.894
u    61853  10.08  78.56%   3.59%  17.85%  10259.032 10397.610
r    37500  10.08  86.12%   2.62%  11.26%   5759.338  5786.527
u    61368  10.00  76.73%   2.50%  20.77%  10635.881 10474.680
r    37213   9.89  86.45%   1.90%  11.65%   5848.690  5801.671
u    61361   9.92  78.75%   3.30%  17.95%  10351.198 10443.880
r    37626   9.94  86.14%   2.55%  11.31%   5863.275  5813.822
u    61843   9.98  79.01%   3.75%  17.25%  10278.477 10410.466
LINPACK benchmark ./linpackC-atom, Double precision.
Machine precision:  15 digits.
Array size 200 X 200.
Memory required:  315K.
      Reps Time(s) DGEFA   DGESL  OVERHEAD    MFLOPS
------------------------------------------------------
r     4096   0.53  82.49%   2.82%  14.69%  12417.601 12417.601
r    77137   9.78  79.07%   3.05%  17.88%  13189.095 13147.907
u     4096   0.62  87.52%   2.40%  10.08%  10009.205 10009.205
u    65536  10.06  84.64%   2.49%  12.87%  10264.915 10249.512
r    78864   9.95  77.54%   2.70%  19.75%  13560.356 13347.896
u    65125   9.98  84.93%   1.08%  13.99%  10415.551 10329.089
r    79236  10.11  80.85%   2.76%  16.39%  12874.756 13187.449
u    65229  10.05  83.45%   2.33%  14.22%  10393.452 10349.994
r    78381   9.94  79.23%   3.48%  17.29%  13096.878 13164.989
u    64917  10.00  86.20%   1.88%  11.92%  10121.785 10293.122
r    78877  10.00  80.10%   2.18%  17.72%  13165.339 13165.059
u    64917   9.98  82.35%   1.57%  16.08%  10640.014 10359.600
LINPACK benchmark ./linpack-barcelona, Double precision.
Machine precision:  15 digits.
Array size 200 X 200.
Memory required:  315K.
      Reps Time(s) DGEFA   DGESL  OVERHEAD    MFLOPS
------------------------------------------------------
r     4096   0.58  78.37%   8.13%  13.49%  11250.347 11250.347
r    70865   9.75  77.09%   2.89%  20.02%  12480.286 12406.175
u     4096   0.52  78.68%   0.00%  21.32%  13855.107 13855.107
u    79379   9.92  73.32%   4.09%  22.59%  14192.661 14175.714
r    72682   9.92  78.72%   2.53%  18.75%  12382.659 12394.587
u    80003  10.00  75.82%   1.87%  22.31%  14140.384 14158.402
r    73260  10.06  75.22%   3.70%  21.09%  12669.739 12484.504
u    79995  10.02  78.28%   1.71%  20.01%  13713.619 14009.116
r    72801   9.98  81.43%   2.51%  16.06%  11929.369 12342.140
u    79875   9.95  76.35%   3.32%  20.34%  13834.658 13965.613
r    72917  10.00  77.47%   2.65%  19.88%  12498.670 12372.959
u    80252  10.02  74.92%   3.59%  21.49%  14014.846 13975.375
LINPACK benchmark ./linpackC-barcelona, Double precision.
Machine precision:  15 digits.
Array size 200 X 200.
Memory required:  315K.
      Reps Time(s) DGEFA   DGESL  OVERHEAD    MFLOPS
------------------------------------------------------
r     8192   0.91  70.86%   8.61%  20.53%  15625.481 15625.481
r    90419   9.88  75.35%   3.63%  21.02%  15921.968 15896.910
u     4096   0.64  87.81%   2.34%   9.84%   9749.001  9749.001
u    64000   9.95  82.24%   1.88%  15.88%  10497.233 10448.995
r    91563   9.97  74.66%   3.59%  21.75%  16121.349 16004.185
u    64295  10.00  86.47%   1.73%  11.80%  10011.164 10231.681
r    91856  10.03  74.20%   3.11%  22.69%  16266.784 16088.776
u    64295  10.05  81.99%   2.96%  15.06%  10345.456 10268.597
r    91572   9.95  74.55%   2.98%  22.47%  16298.455 16139.669
u    63987  10.00  83.40%   1.26%  15.34%  10378.585 10295.379
r    92013  10.02  77.74%   2.99%  19.27%  15629.502 16036.228
u    63980   9.95  84.04%   2.54%  13.42%  10195.622 10275.565
LINPACK benchmark ./linpack-bonnell, Double precision.
Machine precision:  15 digits.
Array size 200 X 200.
Memory required:  315K.
      Reps Time(s) DGEFA   DGESL  OVERHEAD    MFLOPS
------------------------------------------------------
r     2048   0.53  97.18%   0.00%   2.82%   5440.206  5440.206
r    38496  10.20  88.19%   2.16%   9.65%   5735.283  5719.612
u     4096   0.66  73.93%   7.16%  18.90%  10573.634 10573.634
u    62439  10.16  79.54%   2.61%  17.85%  10278.025 10295.745
r    37730  10.02  87.12%   2.00%  10.88%   5805.049  5760.479
u    61479   9.94  79.19%   3.01%  17.80%  10336.822 10315.431
r    37669   9.95  85.18%   2.94%  11.87%   5897.411  5804.264
u    61868   9.97  78.86%   3.12%  18.02%  10395.863 10341.501
r    37843  10.00  85.56%   1.72%  12.72%   5955.203  5840.692
u    62060  10.00  76.93%   3.28%  19.79%  10624.416 10409.782
r    37846  10.05  84.40%   2.21%  13.39%   5973.471  5866.446
u    62053  10.08  80.54%   2.77%  16.69%  10150.006 10357.395
LINPACK benchmark ./linpackC-bonnell, Double precision.
Machine precision:  15 digits.
Array size 200 X 200.
Memory required:  315K.
      Reps Time(s) DGEFA   DGESL  OVERHEAD    MFLOPS
------------------------------------------------------
r     4096   0.53  77.02%   5.65%  17.33%  12813.607 12813.607
r    77137   9.77  79.86%   2.72%  17.42%  13136.758 13120.074
u     4096   0.62  77.44%   5.12%  17.44%  10901.499 10901.499
u    65536  10.08  84.50%   1.41%  14.09%  10394.130 10422.664
r    78993   9.98  79.05%   2.93%  18.02%  13253.967 13185.745
u    65022  10.09  83.44%   2.17%  14.39%  10334.091 10379.705
r    79119  10.02  79.87%   2.99%  17.14%  13092.753 13154.859
u    64422   9.95  85.67%   1.88%  12.45%  10152.958 10305.228
r    78992   9.98  78.87%   3.73%  17.41%  13154.159 13154.685
u    64726   9.95  83.29%   2.66%  14.05%  10390.459 10326.011
r    79110  10.08  81.09%   2.49%  16.42%  12898.540 13102.893
u    65031  10.03  82.04%   2.95%  15.01%  10474.928 10355.124
LINPACK benchmark ./linpack-broadwell, Double precision.
Machine precision:  15 digits.
Array size 200 X 200.
Memory required:  315K.
      Reps Time(s) DGEFA   DGESL  OVERHEAD    MFLOPS
------------------------------------------------------
r     8192   0.83  77.32%   3.86%  18.82%  16716.711 16716.711
r    98817   9.77  68.44%   3.34%  28.22%  19359.298 19127.818
u     8192   0.83  71.53%   5.79%  22.68%  17551.243 17551.243
u    98817   9.92  71.45%   2.85%  25.69%  18408.665 18340.076
r   101184   9.97  68.18%   2.52%  29.30%  19713.344 19407.982
u    99603  10.06  71.08%   2.19%  26.73%  18555.090 18443.103
r   101488   9.98  68.61%   2.80%  28.59%  19547.946 19453.629
u    98989  10.00  69.84%   3.90%  26.26%  18435.706 18440.707
r   101650   9.97  70.24%   2.49%  27.27%  19255.080 19404.183
u    98989   9.89  71.57%   2.98%  25.44%  18433.206 18438.871
r   101976  10.00  72.67%   2.68%  24.65%  18588.670 19236.523
u   100069  10.14  73.11%   3.67%  23.22%  17650.667 18277.031
LINPACK benchmark ./linpackC-broadwell, Double precision.
Machine precision:  15 digits.
Array size 200 X 200.
Memory required:  315K.
      Reps Time(s) DGEFA   DGESL  OVERHEAD    MFLOPS
------------------------------------------------------
r     8192   0.77  75.59%   4.05%  20.37%  18443.191 18443.191
r   106945   9.53  74.03%   2.48%  23.49%  20141.406 20010.311
u     4096   0.62  80.32%   2.40%  17.28%  10880.413 10880.413
u    65536   9.98  85.88%   1.42%  12.70%  10324.971 10356.070
r   112207   9.86  76.11%   2.54%  21.35%  19873.306 19942.456
u    65634  10.09  81.73%   2.94%  15.33%  10547.316 10447.993
r   113811   9.97  72.09%   2.20%  25.71%  21104.569 20315.651
u    65029   9.86  82.45%   2.66%  14.89%  10641.861 10510.156
r   114164   9.98  75.09%   2.63%  22.28%  20204.282 20287.611
u    65952  10.00  81.68%   2.18%  16.14%  10800.630 10580.644
r   114346  10.02  74.57%   2.02%  23.41%  20473.947 20324.741
u    65952  10.10  84.42%   3.39%  12.19%  10218.195 10506.655
LINPACK benchmark ./linpack-btver1, Double precision.
Machine precision:  15 digits.
Array size 200 X 200.
Memory required:  315K.
      Reps Time(s) DGEFA   DGESL  OVERHEAD    MFLOPS
------------------------------------------------------
r     4096   0.61  82.62%   0.00%  17.38%  11161.058 11161.058
r    67147   9.55  74.92%   3.59%  21.49%  12303.564 12231.577
u     4096   0.55  68.74%   2.93%  28.34%  14349.932 14349.932
u    74881   9.77  71.59%   2.84%  25.58%  14149.226 14159.497
r    70340   9.97  72.59%   1.56%  25.85%  13068.218 12633.400
u    76675  10.00  75.70%   2.82%  21.48%  13410.638 13780.433
r    70558  10.06  76.69%   2.48%  20.82%  12162.628 12472.828
u    76675  10.00  73.54%   2.35%  24.11%  13875.390 13811.628
r    70123   9.94  72.08%   3.49%  24.43%  12823.203 12558.072
u    76675  10.11  74.74%   2.31%  22.95%  13519.108 13737.868
r    70560  10.05  74.32%   2.80%  22.88%  12506.763 12547.777
u    75848   9.89  75.78%   2.69%  21.53%  13421.542 13674.351
LINPACK benchmark ./linpackC-btver1, Double precision.
Machine precision:  15 digits.
Array size 200 X 200.
Memory required:  315K.
      Reps Time(s) DGEFA   DGESL  OVERHEAD    MFLOPS
------------------------------------------------------
r     8192   0.89  63.41%   3.48%  33.11%  18876.421 18876.421
r    91941   9.95  76.52%   2.96%  20.52%  15960.769 16165.039
u     4096   0.64  92.67%   0.00%   7.33%   9469.989  9469.989
u    63900   9.94  82.33%   3.12%  14.55%  10333.961 10277.479
r    92375  10.02  74.93%   3.28%  21.80%  16197.863 16180.773
u    64298  10.03  80.37%   1.87%  17.75%  10702.047 10479.539
r    92236  10.03  73.89%   2.65%  23.46%  16497.887 16282.151
u    64092   9.98  83.21%   2.65%  14.13%  10265.883 10408.839
r    91950   9.97  78.68%   2.54%  18.78%  15597.579 16109.564
u    64188   9.97  84.16%   2.64%  13.20%  10187.394 10353.401
r    92245  10.08  80.51%   4.36%  15.13%  14811.544 15836.560
u    64387  10.02  83.68%   4.36%  11.95%  10027.763 10287.211
LINPACK benchmark ./linpack-btver2, Double precision.
Machine precision:  15 digits.
Array size 200 X 200.
Memory required:  315K.
      Reps Time(s) DGEFA   DGESL  OVERHEAD    MFLOPS
------------------------------------------------------
r     4096   0.59  81.48%   0.00%  18.52%  11622.259 11622.259
r    68956   9.77  76.79%   2.73%  20.48%  12194.125 12160.575
u     4096   0.50  65.60%   3.20%  31.20%  16352.248 16352.248
u    81920  10.08  73.86%   1.69%  24.45%  14775.869 14844.011
r    70608  10.03  75.28%   1.26%  23.47%  12631.017 12387.334
u    81285  10.03  67.76%   4.52%  27.72%  15395.311 15106.847
r    70389  10.20  74.63%   3.04%  22.33%  12197.799 12324.360
u    81025  10.03  73.37%   3.39%  23.24%  14451.212 14886.480
r    68988   9.72  75.06%   1.92%  23.02%  12664.553 12405.583
u    80774   9.89  70.52%   3.15%  26.32%  15220.860 14967.182
r    70989  10.02  75.16%   2.83%  22.02%  12482.914 12421.013
u    81655   9.97  74.96%   2.19%  22.85%  14582.514 14889.105
LINPACK benchmark ./linpackC-btver2, Double precision.
Machine precision:  15 digits.
Array size 200 X 200.
Memory required:  315K.
      Reps Time(s) DGEFA   DGESL  OVERHEAD    MFLOPS
------------------------------------------------------
r     8192   0.77  79.37%   2.09%  18.54%  18029.402 18029.402
r   106945   9.56  74.62%   2.77%  22.61%  19850.133 19708.523
u     4096   0.73  76.70%   4.22%  19.07%   9469.989  9469.989
u    55803  10.02  85.18%   3.00%  11.82%   8677.097  8727.063
r   111855  10.08  75.03%   2.95%  22.02%  19546.278 19628.238
u    55713  10.06  83.71%   3.37%  12.92%   8731.316  8729.112
r   110989   9.89  73.03%   2.86%  24.11%  20307.073 19846.099
u    55364   9.97  85.44%   2.99%  11.57%   8624.459  8694.947
r   112223  10.12  75.67%   3.40%  20.93%  19250.510 19694.214
u    55536  10.02  86.11%   3.14%  10.74%   8531.257  8654.235
r   110837   9.92  73.50%   2.24%  24.26%  20254.976 19802.521
u    55447  10.08  88.30%   1.42%  10.28%   8421.501  8607.458
LINPACK benchmark ./linpack-core2, Double precision.
Machine precision:  15 digits.
Array size 200 X 200.
Memory required:  315K.
      Reps Time(s) DGEFA   DGESL  OVERHEAD    MFLOPS
------------------------------------------------------
r     4096   0.77  88.12%   0.00%  11.88%   8333.590  8333.590
r    53472  10.00  81.55%   3.72%  14.73%   8612.042  8591.616
u     4096   0.69  74.71%   2.18%  23.11%  10633.598 10633.598
u    59534   9.72  79.43%   2.58%  17.99%  10257.186 10280.612
r    53472  10.05  82.91%   1.84%  15.25%   8624.179  8607.266
u    61255   9.98  78.72%   2.34%  18.93%  10394.604 10336.210
r    53221   9.94  80.18%   2.20%  17.62%   8927.589  8708.505
u    61359   9.97  77.52%   3.32%  19.16%  10456.181 10375.430
r    53553  10.05  81.70%   2.50%  15.80%   8694.423  8705.038
u    61549  10.02  78.93%   2.78%  18.29%  10328.359 10363.698
r    53307   9.94  81.54%   2.52%  15.95%   8764.310  8716.629
u    61450  10.00  78.32%   2.96%  18.72%  10384.070 10367.740
LINPACK benchmark ./linpackC-core2, Double precision.
Machine precision:  15 digits.
Array size 200 X 200.
Memory required:  315K.
      Reps Time(s) DGEFA   DGESL  OVERHEAD    MFLOPS
------------------------------------------------------
r     8192   0.92  79.61%   1.74%  18.66%  15000.462 15000.462
r    88850   9.56  76.51%   3.13%  20.36%  16021.621 15930.076
u     4096   0.64  87.68%   0.00%  12.32%  10009.205 10009.205
u    63900   9.95  85.24%   1.44%  13.32%  10172.250 10162.278
r    92910   9.95  76.89%   1.90%  21.21%  16270.900 16094.979
u    64201  10.02  83.69%   2.67%  13.64%  10194.170 10177.741
r    93348  10.06  77.02%   3.88%  19.11%  15747.196 15978.699
u    64104   9.97  82.23%   2.52%  15.25%  10420.947 10255.905
r    92754   9.94  80.38%   2.53%  17.10%  15462.753 15848.268
u    64309  10.06  85.37%   2.64%  11.98%   9971.513 10184.230
r    93342  10.08  75.00%   2.64%  22.37%  16384.162 15952.022
u    63906   9.95  83.41%   2.84%  13.74%  10222.975 10191.837
LINPACK benchmark ./linpack-core-avx2, Double precision.
Machine precision:  15 digits.
Array size 200 X 200.
Memory required:  315K.
      Reps Time(s) DGEFA   DGESL  OVERHEAD    MFLOPS
------------------------------------------------------
r     8192   0.81  63.59%   7.87%  28.54%  19363.764 19363.764
r   100762   9.90  67.65%   2.54%  29.80%  19902.174 19860.653
u     8192   0.81  77.00%   0.00%  23.00%  17971.800 17971.800
u   100762  10.08  69.16%   2.64%  28.20%  19121.157 19029.653
r   101728  10.08  68.38%   3.54%  28.07%  19275.173 19573.577
u    99972  10.08  70.53%   2.97%  26.50%  18535.828 18790.114
r   100950   9.94  72.10%   2.99%  24.91%  18579.201 19240.002
u    99198   9.97  71.05%   2.31%  26.65%  18631.280 18738.684
r   101579   9.99  69.20%   2.30%  28.49%  19538.071 19312.430
u    99516  10.00  69.79%   3.58%  26.63%  18627.319 18711.374
r   101731  10.03  70.78%   1.56%  27.66%  19251.836 19300.429
u    99516   9.98  71.34%   3.56%  25.10%  18276.095 18624.335
LINPACK benchmark ./linpackC-core-avx2, Double precision.
Machine precision:  15 digits.
Array size 200 X 200.
Memory required:  315K.
      Reps Time(s) DGEFA   DGESL  OVERHEAD    MFLOPS
------------------------------------------------------
r     8192   0.75  68.53%   2.13%  29.33%  21227.069 21227.069
r   109226   9.67  71.93%   3.87%  24.21%  20464.353 20515.783
u     4096   0.62  78.08%   0.00%  21.92%  11526.995 11526.995
u    65536   9.98  83.90%   1.69%  14.40%  10531.567 10585.338
r   112941  10.03  72.49%   2.04%  25.47%  20744.368 20627.221
u    65641  10.11  82.91%   2.00%  15.10%  10502.968 10545.207
r   112580   9.92  72.16%   3.45%  24.39%  20609.153 20621.286
u    64933   9.91  82.81%   1.41%  15.78%  10688.560 10591.278
r   113465  10.02  74.55%   2.66%  22.80%  20153.294 20502.922
u    65549  10.06  82.31%   1.70%  15.99%  10648.288 10605.283
r   113295   9.97  69.61%   3.11%  27.28%  21463.898 20687.113
u    65138   9.92  83.30%   2.38%  14.32%  10523.019 10588.987
LINPACK benchmark ./linpack-core-avx-i, Double precision.
Machine precision:  15 digits.
Array size 200 X 200.
Memory required:  315K.
      Reps Time(s) DGEFA   DGESL  OVERHEAD    MFLOPS
------------------------------------------------------
r     4096   0.53  67.80%   3.01%  29.19%  14960.567 14960.567
r    77137   9.64  76.42%   2.90%  20.67%  13851.309 13903.288
u     4096   0.52  81.98%   2.91%  15.12%  12842.861 12842.861
u    79379   9.84  75.56%   3.20%  21.24%  14062.671 13997.436
r    80009   9.92  76.68%   2.67%  20.65%  13956.437 13929.610
u    80645  10.00  75.79%   2.33%  21.88%  14177.223 14085.206
r    80637  10.03  76.22%   1.99%  21.78%  14114.387 13990.671
u    80644  10.00  73.96%   2.04%  24.00%  14572.512 14242.122
r    80387  10.06  75.45%   2.34%  22.21%  14102.982 14018.518
u    80644  10.02  77.06%   2.84%  20.11%  13840.427 14140.414
r    79883   9.95  75.58%   3.01%  21.40%  14025.312 14019.867
u    80515   9.98  73.64%   3.48%  22.88%  14360.251 14183.482
LINPACK benchmark ./linpackC-core-avx-i, Double precision.
Machine precision:  15 digits.
Array size 200 X 200.
Memory required:  315K.
      Reps Time(s) DGEFA   DGESL  OVERHEAD    MFLOPS
------------------------------------------------------
r     8192   0.94  79.85%   6.61%  13.54%  13872.191 13872.191
r    87334   9.84  76.07%   3.17%  20.76%  15378.727 15236.822
u     4096   0.67  93.01%   0.00%   6.99%   9000.277  9000.277
u    60952  10.12  84.89%   1.37%  13.74%   9584.087  9545.100
r    88736   9.98  76.51%   1.72%  21.76%  15601.601 15410.337
u    60199   9.97  87.61%   1.26%  11.12%   9330.018  9440.498
r    88878  10.00  78.18%   2.51%  19.31%  15126.920 15316.957
u    60380   9.91  83.76%   1.87%  14.38%   9776.216  9547.141
r    88878  10.06  79.33%   3.00%  17.67%  14734.322 15169.689
u    60952  10.17  86.37%   1.70%  11.92%   9343.388  9495.952
r    88330   9.95  77.22%   2.69%  20.08%  15251.010 15185.571
u    59921   9.89  85.28%   1.91%  12.81%   9542.151  9504.949
LINPACK benchmark ./linpack-corei7, Double precision.
Machine precision:  15 digits.
Array size 200 X 200.
Memory required:  315K.
      Reps Time(s) DGEFA   DGESL  OVERHEAD    MFLOPS
------------------------------------------------------
r     4096   0.59  81.31%   5.39%  13.30%  10922.667 10922.667
r    68956   9.47  78.57%   2.14%  19.28%  12390.367 12297.713
u     8192   0.97  64.60%   1.55%  33.85%  17551.243 17551.243
u    84540   9.76  75.01%   2.57%  22.42%  15324.921 15498.594
r    72822  10.00  75.90%   2.98%  21.12%  12678.611 12484.957
u    86574  10.02  74.02%   2.80%  23.19%  15454.954 15477.493
r    72822   9.97  76.60%   2.21%  21.20%  12730.255 12565.581
u    86444  10.00  71.43%   3.38%  25.19%  15866.938 15602.058
r    73048  10.02  76.64%   1.41%  21.96%  12835.114 12631.999
u    86435  10.06  71.11%   3.30%  25.59%  15852.573 15662.804
r    72938   9.95  76.43%   2.22%  21.35%  12797.775 12664.811
u    85893   9.92  76.80%   3.16%  20.04%  14867.623 15500.261
LINPACK benchmark ./linpackC-corei7, Double precision.
Machine precision:  15 digits.
Array size 200 X 200.
Memory required:  315K.
      Reps Time(s) DGEFA   DGESL  OVERHEAD    MFLOPS
------------------------------------------------------
r     8192   0.88  76.57%   5.37%  18.06%  15690.860 15690.860
r    93622  10.03  72.28%   3.13%  24.59%  16998.177 16884.985
u     4096   0.64  77.85%   7.49%  14.66%  10283.681 10283.681
u    63900   9.94  83.75%   3.12%  13.13%  10166.358 10173.349
r    93332  10.11  79.21%   1.87%  18.92%  15638.842 16265.128
u    64305  10.03  82.88%   2.34%  14.77%  10328.912 10248.371
r    92325   9.97  75.52%   2.99%  21.49%  16201.508 16244.641
u    64099   9.95  84.76%   2.50%  12.74%  10135.785 10211.353
r    92621   9.86  76.86%   3.94%  19.21%  15967.801 16176.300
u    64401  10.11  84.51%   2.47%  13.02%  10058.460 10173.167
r    93936  10.19  77.31%   2.78%  19.91%  15811.428 16102.663
u    63706   9.92  82.56%   3.13%  14.30%  10289.259 10195.751
LINPACK benchmark ./linpack-corei7-avx, Double precision.
Machine precision:  15 digits.
Array size 200 X 200.
Memory required:  315K.
      Reps Time(s) DGEFA   DGESL  OVERHEAD    MFLOPS
------------------------------------------------------
r     4096   0.53  76.27%   5.84%  17.89%  12901.774 12901.774
r    77137   9.56  73.70%   3.81%  22.50%  14294.267 14216.896
u     4096   0.50  84.60%   3.00%  12.40%  12842.861 12842.861
u    81920  10.06  73.39%   2.93%  23.68%  14648.889 14551.446
r    80670  10.00  77.24%   2.35%  20.41%  13919.688 14067.239
u    81407  10.02  71.83%   1.88%  26.30%  15144.804 14834.038
r    80670  10.09  73.21%   2.49%  24.30%  14500.890 14208.547
u    81276  10.03  75.05%   3.60%  21.35%  14148.693 14602.874
r    79926   9.92  71.61%   2.71%  25.68%  14885.414 14370.494
u    81024   9.94  74.09%   2.67%  23.25%  14589.348 14599.548
r    80554   9.97  75.78%   2.35%  21.87%  14203.042 14336.712
u    81537  10.02  75.04%   2.66%  22.30%  14389.293 14557.376
LINPACK benchmark ./linpackC-corei7-avx, Double precision.
Machine precision:  15 digits.
Array size 200 X 200.
Memory required:  315K.
      Reps Time(s) DGEFA   DGESL  OVERHEAD    MFLOPS
------------------------------------------------------
r     8192   0.94  76.87%   3.30%  19.83%  14960.567 14960.567
r    87334   9.78  79.03%   1.92%  19.05%  15145.687 15129.632
u     4096   0.67  85.86%   0.00%  14.14%   9749.001  9749.001
u    60952  10.02  83.52%   2.38%  14.11%   9730.026  9731.219
r    89280  10.09  79.63%   1.22%  19.15%  15024.041 15078.436
u    60854  10.06  88.18%   1.90%   9.92%   9220.303  9477.385
r    88448  10.02  75.19%   2.51%  22.30%  15608.916 15246.154
u    60479   9.95  82.14%   1.89%  15.98%   9931.583  9620.147
r    88306   9.98  76.85%   4.09%  19.06%  15007.248 15187.105
u    60764  10.06  85.92%   1.41%  12.67%   9495.816  9589.277
r    88447  10.09  77.90%   4.02%  18.08%  14689.468 15086.652
u    60383   9.95  83.67%   2.97%  13.35%   9615.722  9594.458
LINPACK benchmark ./linpack-eden-x2, Double precision.
Machine precision:  15 digits.
Array size 200 X 200.
Memory required:  315K.
      Reps Time(s) DGEFA   DGESL  OVERHEAD    MFLOPS
------------------------------------------------------
r     1024   0.81  92.49%   3.69%   3.82%   1800.632  1800.632
r    12610   9.61  90.28%   2.75%   6.97%   1937.107  1926.142
u     1024   0.77  93.73%   2.09%   4.18%   1915.931  1915.931
u    13368  10.15  92.93%   3.22%   3.85%   1880.246  1882.741
r    13121   9.94  91.69%   2.51%   5.81%   1924.955  1925.560
u    13163  10.00  90.36%   3.28%   6.36%   1930.498  1905.256
r    13202  10.09  92.89%   2.34%   4.78%   1886.262  1912.396
u    13163   9.98  93.93%   1.71%   4.36%   1893.097  1901.309
r    13079   9.91  90.89%   2.66%   6.45%   1938.048  1918.658
u    13184  10.00  93.26%   2.37%   4.37%   1893.342  1899.354
r    13201  10.02  90.79%   4.21%   4.99%   1905.347  1915.990
u    13184   9.98  89.48%   2.65%   7.86%   1968.046  1912.472
LINPACK benchmark ./linpack-eden-x4, Double precision.
Machine precision:  15 digits.
Array size 200 X 200.
Memory required:  315K.
      Reps Time(s) DGEFA   DGESL  OVERHEAD    MFLOPS
------------------------------------------------------
r     1024   0.80  96.11%   2.01%   1.88%   1798.329  1798.329
r    12848   9.78  91.13%   3.55%   5.33%   1905.463  1897.120
u     1024   0.78  93.85%   2.05%   4.10%   1877.561  1877.561
u    13111  10.00  90.98%   2.98%   6.04%   1916.323  1913.461
r    13135  10.00  93.39%   2.52%   4.09%   1880.994  1889.243
u    13110  10.00  90.96%   3.27%   5.77%   1910.687  1912.125
r    13136   9.97  93.54%   2.20%   4.26%   1890.204  1889.557
u    13110   9.98  91.23%   4.05%   4.73%   1892.809  1905.807
r    13176  10.02  91.92%   1.87%   6.21%   1926.234  1898.490
u    13131   9.95  91.54%   3.46%   5.00%   1907.270  1906.166
r    13154   9.98  91.24%   3.15%   5.61%   1916.692  1902.065
u    13193  10.02  92.77%   3.33%   3.90%   1882.625  1901.462
LINPACK benchmark ./linpack-generic, Double precision.
Machine precision:  15 digits.
Array size 200 X 200.
Memory required:  315K.
      Reps Time(s) DGEFA   DGESL  OVERHEAD    MFLOPS
------------------------------------------------------
r     4096   0.58  73.18%   5.36%  21.45%  12390.250 12390.250
r    70865   9.84  75.26%   2.70%  22.03%  12680.295 12664.096
u     8192   0.97  74.30%   6.60%  19.09%  14349.932 14349.932
u    84540   9.88  74.97%   2.22%  22.82%  15232.432 15150.125
r    71988   9.98  77.76%   2.20%  20.04%  12382.705 12524.667
u    85610   9.98  72.99%   3.44%  23.58%  15409.052 15273.323
r    72096  10.00  77.06%   2.18%  20.76%  12496.761 12515.468
u    85747  10.02  76.65%   2.30%  21.06%  14893.033 15147.735
r    72103   9.97  76.78%   3.15%  20.07%  12425.832 12493.150
u    85610  10.00  71.41%   3.90%  24.69%  15613.687 15259.216
r    72319  10.02  76.19%   2.19%  21.63%  12651.986 12524.435
u    85618   9.95  72.32%   1.91%  25.77%  15915.275 15383.941
LINPACK benchmark ./linpack-goldmont, Double precision.
Machine precision:  15 digits.
Array size 200 X 200.
Memory required:  315K.
      Reps Time(s) DGEFA   DGESL  OVERHEAD    MFLOPS
------------------------------------------------------
r     4096   0.55  74.41%   0.00%  25.59%  13821.065 13821.065
r    74881   9.64  74.39%   2.61%  23.00%  13851.909 13850.306
u     4096   0.50  72.20%   6.40%  21.40%  14313.418 14313.418
u    81920   9.97  71.79%   2.66%  25.55%  15158.107 15115.629
r    77669  10.00  74.32%   2.63%  23.05%  13861.654 13855.930
u    82174  10.03  70.30%   2.80%  26.90%  15389.649 15248.279
r    77669  10.11  67.91%   3.23%  28.86%  14831.122 14164.654
u    81920   9.94  69.15%   2.52%  28.34%  15796.611 15423.637
r    76831   9.91  71.68%   3.39%  24.93%  14187.787 14170.359
u    82431  10.09  72.16%   1.88%  25.96%  15148.567 15354.525
r    77552   9.98  73.17%   2.81%  24.02%  14039.645 14144.085
u    81671   9.97  69.39%   2.17%  28.45%  15724.310 15426.053
LINPACK benchmark ./linpackC-goldmont, Double precision.
Machine precision:  15 digits.
Array size 200 X 200.
Memory required:  315K.
      Reps Time(s) DGEFA   DGESL  OVERHEAD    MFLOPS
------------------------------------------------------
r     8192   0.91  79.25%   0.00%  20.75%  15669.006 15669.006
r    90419   9.73  76.05%   2.90%  21.05%  16158.156 16116.360
u     4096   0.64  83.31%   4.68%  12.01%   9973.712  9973.712
u    63900  10.03  78.89%   3.58%  17.54%  10608.801 10568.263
r    92889  10.06  74.79%   3.40%  21.81%  16213.467 16163.317
u    63702   9.88  84.12%   1.60%  14.28%  10334.800 10454.035
r    92307   9.94  77.42%   3.03%  19.55%  15857.928 16062.708
u    64508  10.11  83.61%   3.40%  12.99%  10070.591 10324.785
r    92892  10.00  74.69%   2.95%  22.36%  16433.296 16152.532
u    63806  10.05  82.60%   3.10%  14.30%  10176.159 10287.912
r    92901  10.02  78.46%   2.52%  19.02%  15731.694 16067.500
u    63501   9.95  83.95%   3.46%  12.59%  10023.913 10235.002
LINPACK benchmark ./linpack-goldmont-plus, Double precision.
Machine precision:  15 digits.
Array size 200 X 200.
Memory required:  315K.
      Reps Time(s) DGEFA   DGESL  OVERHEAD    MFLOPS
------------------------------------------------------
r     4096   0.55  80.07%   0.00%  19.93%  12842.861 12842.861
r    74881   9.64  71.30%   2.94%  25.77%  14370.678 14282.558
u     4096   0.50  81.20%   3.20%  15.60%  13329.795 13329.795
u    81920  10.03  71.20%   2.82%  25.98%  15151.982 15053.988
r    77677   9.99  74.22%   3.14%  22.63%  13809.244 14043.878
u    81666   9.92  70.93%   2.98%  26.08%  15292.424 15169.177
r    77793  10.05  75.57%   2.17%  22.26%  13679.350 13920.787
u    82308  10.02  70.19%   2.99%  26.83%  15423.157 15251.870
r    77436   9.95  72.82%   3.14%  24.03%  14064.997 13956.315
u    82176   9.97  70.48%   2.68%  26.84%  15472.311 15305.819
r    77801  10.31  71.31%   1.63%  27.07%  14206.449 14005.549
u    82423  10.31  71.50%   3.92%  24.58%  14553.131 15150.042
LINPACK benchmark ./linpackC-goldmont-plus, Double precision.
Machine precision:  15 digits.
Array size 200 X 200.
Memory required:  315K.
      Reps Time(s) DGEFA   DGESL  OVERHEAD    MFLOPS
------------------------------------------------------
r     8192   0.94  71.43%   5.01%  23.56%  15690.860 15690.860
r    87334   9.81  76.66%   2.74%  20.60%  15394.518 15419.492
u     4096   0.66  73.93%   9.45%  16.62%  10283.681 10283.681
u    62439  10.17  82.61%   2.43%  14.96%   9913.244  9935.276
r    89007   9.98  76.70%   3.28%  20.02%  15306.321 15364.697
u    61383   9.80  81.36%   2.37%  16.27%  10277.898 10096.790
r    89140   9.94  75.67%   3.14%  21.19%  15630.609 15450.311
u    62661  10.02  83.80%   3.12%  13.08%   9885.634 10026.375
r    89696  10.06  77.41%   1.68%  20.91%  15477.134 15456.923
u    62567  10.00  81.66%   3.29%  15.05%  10114.814 10048.089
r    89134   9.94  77.53%   2.51%  19.97%  15391.763 15444.044
u    62567  10.00  83.15%   2.20%  14.65%  10067.410 10051.912
LINPACK benchmark ./linpack-haswell, Double precision.
Machine precision:  15 digits.
Array size 200 X 200.
Memory required:  315K.
      Reps Time(s) DGEFA   DGESL  OVERHEAD    MFLOPS
------------------------------------------------------
r     8192   0.86  59.88%   9.07%  31.05%  18971.917 18971.917
r    95255   9.77  69.50%   1.90%  28.59%  18760.486 18777.057
u     8192   0.86  67.17%   0.00%  32.83%  19498.001 19498.001
u    95366   9.91  70.05%   3.30%  26.65%  18022.472 18131.011
r    97547   9.89  69.45%   1.91%  28.63%  18980.525 18875.257
u    96261  10.05  69.34%   2.78%  27.88%  18244.333 18185.427
r    98631  10.34  66.88%   2.10%  31.03%  18986.997 18911.894
u    95810   9.97  66.77%   2.66%  30.57%  19008.822 18444.356
r    95360   9.70  71.61%   2.26%  26.13%  18272.787 18753.537
u    96098   9.95  72.44%   1.72%  25.84%  17877.890 18302.094
r    98289  10.09  68.84%   2.31%  28.85%  18794.703 18761.726
u    96542  10.00  70.20%   2.65%  27.15%  18199.636 18281.744
LINPACK benchmark ./linpackC-haswell, Double precision.
Machine precision:  15 digits.
Array size 200 X 200.
Memory required:  315K.
      Reps Time(s) DGEFA   DGESL  OVERHEAD    MFLOPS
------------------------------------------------------
r     8192   0.80  70.73%   1.88%  27.39%  19464.268 19464.268
r   102914   9.39  73.08%   1.98%  24.94%  20053.239 20008.599
u     4096   0.64  77.85%   4.99%  17.16%  10593.547 10593.547
u    63900  10.10  86.54%   2.03%  11.43%   9815.010  9858.654
r   109599  10.00  74.34%   1.71%  23.95%  19791.711 19900.304
u    63298   9.98  83.81%   2.03%  14.15%  10142.253  9993.373
r   109599  10.00  71.27%   2.20%  26.53%  20489.513 20092.018
u    63399  10.00  86.38%   2.04%  11.58%   9845.975  9944.893
r   109609  10.06  73.94%   2.93%  23.13%  19460.852 19930.958
u    63392  10.00  84.65%   1.57%  13.78%  10097.233  9981.884
r   108933  10.06  70.89%   3.59%  25.52%  19960.149 19936.745
u    63392  10.00  84.35%   3.27%  12.38%   9937.033  9973.008
LINPACK benchmark ./linpack-ivybridge, Double precision.
Machine precision:  15 digits.
Array size 200 X 200.
Memory required:  315K.
      Reps Time(s) DGEFA   DGESL  OVERHEAD    MFLOPS
------------------------------------------------------
r     4096   0.55  74.22%   2.93%  22.85%  13329.795 13329.795
r    74881   9.62  71.73%   2.43%  25.84%  14406.917 14346.792
u     4096   0.52  69.77%   3.10%  27.13%  14960.567 14960.567
u    79379  10.16  74.96%   2.34%  22.69%  13883.574 13932.790
r    77798  10.09  73.40%   2.62%  23.99%  13926.302 14135.001
u    78152   9.95  77.57%   1.39%  21.05%  13656.794 13797.958
r    77081   9.94  76.15%   1.54%  22.31%  13713.940 13993.388
u    78513   9.98  77.13%   2.05%  20.82%  13638.315 13745.354
r    77577  10.06  77.02%   1.87%  21.11%  13419.710 13845.948
u    78630   9.98  76.76%   3.00%  20.23%  13559.166 13698.954
r    77091   9.89  74.68%   1.26%  24.05%  14095.545 13894.767
u    78756  10.02  77.97%   1.25%  20.78%  13630.528 13685.343
LINPACK benchmark ./linpackC-ivybridge, Double precision.
Machine precision:  15 digits.
Array size 200 X 200.
Memory required:  315K.
      Reps Time(s) DGEFA   DGESL  OVERHEAD    MFLOPS
------------------------------------------------------
r     4096   0.50  87.40%   3.00%   9.60%  12445.074 12445.074
r    81920   9.67  75.50%   2.30%  22.20%  14952.614 14810.512
u     4096   0.70  77.52%   2.28%  20.20%  10027.047 10027.047
u    58264   9.95  85.24%   1.85%  12.91%   9231.183  9279.561
r    84706   9.84  79.13%   3.02%  17.85%  14384.762 14596.166
u    58539  10.05  86.32%   1.38%  12.29%   9123.191  9203.183
r    86048  10.39  77.71%   2.43%  19.86%  14191.496 14458.007
u    58265   9.97  87.90%   1.09%  11.00%   9019.079  9142.492
r    82810   9.77  79.99%   2.41%  17.60%  14134.444 14377.745
u    58446  10.00  86.24%   1.10%  12.66%   9190.044  9154.143
r    84802   9.86  78.88%   2.09%  19.03%  14586.850 14419.049
u    58446  10.08  86.16%   1.37%  12.47%   9099.404  9143.284
LINPACK benchmark ./linpack-k8, Double precision.
Machine precision:  15 digits.
Array size 200 X 200.
Memory required:  315K.
      Reps Time(s) DGEFA   DGESL  OVERHEAD    MFLOPS
------------------------------------------------------
r     1024   0.83  80.94%   5.79%  13.27%   1955.902  1955.902
r    12352   9.61  92.54%   2.72%   4.75%   1853.317  1860.789
u     1024   0.80  94.22%   1.88%   3.89%   1838.292  1838.292
u    12864  10.05  93.26%   3.75%   2.99%   1812.327  1814.216
r    12854  10.00  93.75%   3.15%   3.10%   1821.757  1841.455
u    12802  10.05  91.88%   2.02%   6.10%   1863.622  1837.583
r    12854  10.02  91.34%   3.07%   5.59%   1866.839  1849.726
u    12742   9.98  91.71%   2.96%   5.33%   1851.356  1842.011
r    12833   9.97  93.55%   2.36%   4.09%   1843.513  1848.187
u    12762   9.97  93.16%   3.10%   3.74%   1826.436  1838.178
r    12874  10.00  92.47%   2.37%   5.16%   1864.223  1851.351
u    12801   9.91  93.75%   1.73%   4.52%   1858.748  1842.193
LINPACK benchmark ./linpackC-k8, Double precision.
Machine precision:  15 digits.
Array size 200 X 200.
Memory required:  315K.
      Reps Time(s) DGEFA   DGESL  OVERHEAD    MFLOPS
------------------------------------------------------
r     8192   0.94  76.87%   5.01%  18.12%  14648.889 14648.889
r    87334   9.67  76.75%   3.53%  19.73%  15448.054 15376.118
u     4096   0.66  85.37%   0.00%  14.63%  10044.952 10044.952
u    62439   9.97  82.65%   2.35%  15.01%  10120.330 10115.657
r    90295  10.03  76.77%   2.98%  20.25%  15500.642 15436.376
u    62633   9.98  83.69%   3.13%  13.18%   9923.395 10021.508
r    90015   9.98  75.06%   2.95%  21.98%  15869.140 15574.985
u    62733  10.14  81.08%   2.91%  16.01%  10115.454 10052.027
r    90150  10.06  74.17%   3.74%  22.09%  15791.582 15627.784
u    61866  10.05  82.13%   2.98%  14.89%   9935.989 10023.489
r    89585  10.02  77.08%   3.12%  19.80%  15317.488 15565.777
u    61576  10.06  84.93%   3.61%  11.46%   9490.951  9914.857
LINPACK benchmark ./linpack-k8-sse3, Double precision.
Machine precision:  15 digits.
Array size 200 X 200.
Memory required:  315K.
      Reps Time(s) DGEFA   DGESL  OVERHEAD    MFLOPS
------------------------------------------------------
r     1024   0.81  86.59%   5.66%   7.75%   1875.058  1875.058
r    12595   9.75  90.48%   4.10%   5.42%   1875.638  1875.594
u     1024   0.80  88.21%   4.02%   7.78%   1913.324  1913.324
u    12848  10.02  92.05%   3.12%   4.83%   1851.284  1855.726
r    12917  10.05  92.39%   2.63%   4.99%   1858.302  1867.137
u    12828  10.02  92.37%   2.03%   5.60%   1863.457  1859.432
r    12856   9.97  91.87%   3.42%   4.70%   1858.481  1864.303
u    12808   9.92  91.04%   2.99%   5.97%   1885.279  1867.733
r    12895   9.98  93.16%   2.03%   4.81%   1863.335  1864.064
u    12908  10.09  91.67%   2.75%   5.58%   1859.929  1865.805
r    12915  10.11  90.29%   3.10%   6.62%   1878.877  1866.980
u    12787   9.95  91.64%   2.56%   5.80%   1872.754  1867.164
LINPACK benchmark ./linpackC-k8-sse3, Double precision.
Machine precision:  15 digits.
Array size 200 X 200.
Memory required:  315K.
      Reps Time(s) DGEFA   DGESL  OVERHEAD    MFLOPS
------------------------------------------------------
r     8192   0.94  78.55%   3.31%  18.14%  14667.988 14667.988
r    87427   9.70  78.00%   2.23%  19.78%  15424.770 15356.889
u     4096   0.66  81.10%   4.88%  14.02%   9973.712  9973.712
u    62439   9.94  82.03%   3.13%  14.84%  10133.486 10123.502
r    90103   9.97  71.90%   3.26%  24.84%  16514.274 15897.420
u    62834  10.11  81.57%   3.24%  15.18%  10064.384 10094.702
r    90383  10.06  71.81%   3.58%  24.61%  16362.508 16046.729
u    62156   9.98  83.51%   2.48%  14.00%   9941.871 10044.591
r    89817   9.98  79.03%   1.86%  19.11%  15273.487 15849.772
u    62255   9.91  83.58%   2.16%  14.26%  10066.745 10050.017
r    89960  10.09  76.26%   2.19%  21.55%  15601.094 15800.074
u    62845  10.14  86.34%   2.62%  11.03%   9566.297  9950.154
LINPACK benchmark ./linpack-nano, Double precision.
Machine precision:  15 digits.
Array size 200 X 200.
Memory required:  315K.
      Reps Time(s) DGEFA   DGESL  OVERHEAD    MFLOPS
------------------------------------------------------
r     1024   0.80  88.08%   6.02%   5.90%   1875.058  1875.058
r    12848  10.03  92.72%   2.14%   5.13%   1854.202  1855.726
u     1024   0.78  92.19%   0.00%   7.81%   1953.185  1953.185
u    13111  10.14  91.24%   2.92%   5.84%   1885.619  1890.356
r    12808   9.92  91.20%   2.50%   6.30%   1891.971  1872.951
u    12928  10.00  89.73%   4.00%   6.27%   1894.415  1892.293
r    12908  10.06  91.75%   2.47%   5.77%   1869.541  1871.837
u    12929  10.00  91.10%   2.49%   6.41%   1897.193  1893.874
r    12827   9.98  93.90%   2.37%   3.73%   1832.492  1862.054
u    12929  10.06  92.53%   2.20%   5.28%   1862.955  1886.226
r    12846  10.02  91.59%   3.11%   5.30%   1859.973  1861.644
u    12849   9.92  93.07%   2.20%   4.74%   1866.902  1882.419
LINPACK benchmark ./linpack-nano-1000, Double precision.
Machine precision:  15 digits.
Array size 200 X 200.
Memory required:  315K.
      Reps Time(s) DGEFA   DGESL  OVERHEAD    MFLOPS
------------------------------------------------------
r     1024   0.81  96.19%   0.00%   3.81%   1798.329  1798.329
r    12595   9.73  91.78%   1.93%   6.29%   1896.200  1888.472
u     1024   0.81  90.39%   1.85%   7.76%   1877.561  1877.561
u    12610   9.78  92.97%   1.75%   5.29%   1869.156  1869.785
r    12939  10.14  93.07%   2.97%   3.96%   1824.765  1856.888
u    12891  10.06  90.69%   2.95%   6.36%   1878.769  1874.140
r    12760  10.03  93.16%   2.16%   4.68%   1832.643  1848.949
u    12810   9.91  92.72%   2.69%   4.59%   1861.433  1869.983
r    12720   9.83  93.17%   2.09%   4.74%   1865.926  1853.071
u    12931   9.98  92.32%   3.29%   4.39%   1860.121  1867.533
r    12942   9.98  92.72%   2.49%   4.79%   1869.733  1856.365
u    12950  10.00  90.95%   2.96%   6.09%   1893.799  1872.691
LINPACK benchmark ./linpack-nano-2000, Double precision.
Machine precision:  15 digits.
Array size 200 X 200.
Memory required:  315K.
      Reps Time(s) DGEFA   DGESL  OVERHEAD    MFLOPS
------------------------------------------------------
r     1024   0.81  92.24%   3.82%   3.94%   1802.940  1802.940
r    12610   9.83  90.81%   3.18%   6.00%   1874.619  1869.038
u     1024   0.81  92.24%   1.85%   5.91%   1840.698  1840.698
u    12610   9.84  91.07%   3.14%   5.79%   1867.342  1865.314
r    12830   9.89  94.32%   1.55%   4.14%   1858.440  1863.885
u    12809   9.91  92.12%   3.82%   4.07%   1850.908  1858.308
r    12972  10.03  90.80%   3.61%   5.59%   1881.191  1869.542
u    12929  10.06  90.37%   3.25%   6.38%   1884.907  1866.959
r    12931  10.06  91.93%   3.42%   4.65%   1850.815  1864.883
u    12849   9.98  92.61%   2.06%   5.33%   1866.902  1866.945
r    12850   9.89  92.93%   2.18%   4.88%   1875.779  1867.020
u    12869   9.95  92.61%   2.19%   5.20%   1873.177  1868.174
LINPACK benchmark ./linpack-nano-3000, Double precision.
Machine precision:  15 digits.
Array size 200 X 200.
Memory required:  315K.
      Reps Time(s) DGEFA   DGESL  OVERHEAD    MFLOPS
------------------------------------------------------
r     1024   0.83  94.57%   1.81%   3.62%   1762.272  1762.272
r    12367   9.53  90.16%   3.63%   6.21%   1899.990  1888.704
u     1024   0.78  83.74%   4.10%  12.16%   2049.990  2049.990
u    13111  10.16  92.95%   2.16%   4.89%   1863.952  1876.287
r    12975  10.09  93.82%   2.00%   4.18%   1842.519  1865.690
u    12908  10.03  91.28%   2.82%   5.90%   1877.859  1877.037
r    12855   9.98  92.31%   2.98%   4.71%   1855.602  1862.371
u    12866   9.97  92.12%   1.91%   5.97%   1885.128  1879.638
r    12875   9.95  90.71%   3.32%   5.98%   1889.269  1868.947
u    12907  10.06  91.30%   3.88%   4.82%   1850.852  1872.521
r    12934  10.02  91.30%   3.25%   5.44%   1875.482  1870.243
u    12827   9.92  93.23%   2.06%   4.72%   1863.311  1870.714
LINPACK benchmark ./linpack-nano-x2, Double precision.
Machine precision:  15 digits.
Array size 200 X 200.
Memory required:  315K.
      Reps Time(s) DGEFA   DGESL  OVERHEAD    MFLOPS
------------------------------------------------------
r     1024   0.81  94.21%   3.82%   1.97%   1766.700  1766.700
r    12610   9.73  92.63%   2.54%   4.83%   1869.156  1861.050
u     1024   0.80  94.10%   0.00%   5.90%   1877.561  1877.561
u    12864   9.98  93.39%   3.77%   2.84%   1821.107  1825.153
r    12953  10.00  92.72%   3.40%   3.88%   1850.685  1855.986
u    12883   9.94  92.30%   2.19%   5.50%   1884.202  1853.100
r    12953  10.00  91.07%   3.93%   5.00%   1872.504  1861.365
u    12964  10.11  91.91%   2.96%   5.13%   1856.506  1854.210
r    12953  10.06  89.88%   4.20%   5.91%   1878.833  1865.645
u    12824  10.00  92.98%   2.97%   4.05%   1835.500  1849.610
r    12871   9.94  91.48%   3.81%   4.71%   1866.544  1865.822
u    12824   9.92  91.46%   2.72%   5.82%   1884.604  1856.371
LINPACK benchmark ./linpack-nano-x4, Double precision.
Machine precision:  15 digits.
Array size 200 X 200.
Memory required:  315K.
      Reps Time(s) DGEFA   DGESL  OVERHEAD    MFLOPS
------------------------------------------------------
r     1024   0.80  98.12%   1.88%   0.00%   1764.483  1764.483
r    12848   9.94  92.30%   3.45%   4.25%   1854.397  1847.448
u     1024   0.80  90.21%   2.01%   7.78%   1913.324  1913.324
u    12848   9.95  91.81%   3.76%   4.43%   1854.982  1859.167
r    12929  10.00  90.90%   3.28%   5.82%   1885.308  1865.520
u    12908   9.97  90.25%   2.48%   7.27%   1917.675  1886.915
r    12929   9.98  93.10%   2.35%   4.55%   1863.151  1864.748
u    12948  10.14  92.62%   2.63%   4.74%   1840.778  1871.627
r    12949  10.13  89.78%   4.19%   6.03%   1869.171  1865.833
u    12767   9.92  92.17%   3.47%   4.36%   1847.755  1865.764
r    12789   9.88  92.10%   2.23%   5.67%   1885.514  1869.646
u    12867  10.03  90.77%   2.84%   6.39%   1881.862  1868.911
LINPACK benchmark ./linpack-native, Double precision.
Machine precision:  15 digits.
Array size 200 X 200.
Memory required:  315K.
      Reps Time(s) DGEFA   DGESL  OVERHEAD    MFLOPS
------------------------------------------------------
r     4096   0.61  74.75%   2.46%  22.79%  11943.043 11943.043
r    67147   9.59  74.75%   3.39%  21.86%  12301.923 12280.706
u     8192   0.92  84.71%   0.00%  15.29%  14405.053 14405.053
u    88850  10.00  71.04%   2.85%  26.11%  16513.827 16312.242
r    69995   9.98  77.24%   1.87%  20.88%  12169.448 12225.315
u    88850   9.98  75.22%   3.61%  21.17%  15502.562 15914.948
r    70107  10.03  77.78%   2.16%  20.06%  12006.520 12151.858
u    88983  10.00  72.13%   3.43%  24.44%  16173.017 15997.584
r    69890  10.02  76.63%   2.97%  20.41%  12041.434 12124.228
u    88983  10.00  72.93%   3.00%  24.07%  16094.208 16021.107
r    69785   9.98  78.61%   2.54%  18.85%  11827.480 12064.052
u    88983  10.02  70.57%   3.70%  25.72%  16427.385 16099.346
LINPACK benchmark ./linpack-nehalem, Double precision.
Machine precision:  15 digits.
Array size 200 X 200.
Memory required:  315K.
      Reps Time(s) DGEFA   DGESL  OVERHEAD    MFLOPS
------------------------------------------------------
r     4096   0.61  74.22%   2.63%  23.15%  12019.601 12019.601
r    67257   9.50  74.63%   2.80%  22.57%  12558.298 12526.071
u     4096   0.52  78.68%   3.10%  18.22%  13329.795 13329.795
u    79379   9.50  72.31%   2.31%  25.39%  15380.055 15264.847
r    70804  10.11  77.91%   2.47%  19.61%  11964.746 12240.059
u    83556   9.95  70.30%   3.48%  26.22%  15627.161 15443.967
r    70033  10.03  78.05%   2.49%  19.46%  11904.772 12127.329
u    83950   9.98  73.03%   2.03%  24.94%  15384.485 15424.020
r    69816   9.88  76.16%   2.86%  20.98%  12286.089 12166.250
u    84084  10.02  70.62%   3.73%  25.64%  15506.292 15444.584
r    70692   9.97  75.86%   2.50%  21.65%  12429.097 12218.039
u    83958  10.02  71.40%   4.20%  24.39%  15227.459 15400.585
LINPACK benchmark ./linpackC-nehalem, Double precision.
Machine precision:  15 digits.
Array size 200 X 200.
Memory required:  315K.
      Reps Time(s) DGEFA   DGESL  OVERHEAD    MFLOPS
------------------------------------------------------
r     8192   0.94  73.45%   6.72%  19.83%  14960.567 14960.567
r    87334   9.65  77.49%   4.48%  18.02%  15153.341 15136.615
u     4096   0.69  79.77%   2.18%  18.05%   9991.427  9991.427
u    59621   9.69  82.37%   3.55%  14.08%   9837.740  9847.477
r    90454  10.08  74.44%   3.59%  21.97%  15794.468 15449.585
u    61547   9.80  82.63%   2.24%  15.14%  10166.532 10001.699
r    89745   9.95  77.29%   2.84%  19.86%  15452.583 15450.560
u    62822  10.12  84.70%   2.29%  13.01%   9795.135  9931.743
r    90168  10.06  78.93%   3.26%  17.81%  14973.485 15330.193
u    62046   9.97  81.97%   3.61%  14.41%   9987.089  9945.414
r    89612  10.05  75.72%   2.76%  21.52%  15607.755 15384.015
u    62238  10.06  83.82%   2.80%  13.38%   9806.508  9917.425
LINPACK benchmark ./linpack-nocona, Double precision.
Machine precision:  15 digits.
Array size 200 X 200.
Memory required:  315K.
      Reps Time(s) DGEFA   DGESL  OVERHEAD    MFLOPS
------------------------------------------------------
r     4096   0.59  81.85%   5.21%  12.94%  10859.408 10859.408
r    68840   9.33  80.25%   2.82%  16.93%  12200.318 12116.299
u     4096   0.66  83.38%   2.44%  14.18%   9991.427  9991.427
u    62439  10.01  84.66%   3.31%  12.03%   9733.208  9748.718
r    73799  10.05  77.95%   3.73%  18.31%  12349.290 12232.370
u    62345  10.03  80.35%   2.81%  16.84%  10263.782  9991.262
r    73453   9.95  79.89%   3.76%  16.36%  12117.172 12193.698
u    62152   9.98  82.67%   3.44%  13.89%   9928.511  9970.759
r    73799  10.16  79.29%   3.67%  17.04%  12028.320 12151.758
u    62251  10.00  82.03%   2.33%  15.64%  10134.113 10010.417
r    72658   9.77  80.46%   3.06%  16.48%  12232.886 12167.749
u    62251  10.00  83.10%   2.36%  14.54%  10004.842 10009.317
LINPACK benchmark ./linpackC-nocona, Double precision.
Machine precision:  15 digits.
Array size 200 X 200.
Memory required:  315K.
      Reps Time(s) DGEFA   DGESL  OVERHEAD    MFLOPS
------------------------------------------------------
r     8192   0.92  77.98%   1.74%  20.28%  15306.594 15306.594
r    88850   9.86  78.13%   2.40%  19.46%  15365.907 15360.882
u     4096   0.66  80.95%   7.01%  12.04%   9749.001  9749.001
u    62439   9.95  82.67%   2.22%  15.11%  10149.078 10123.502
r    90111  10.16  77.03%   2.93%  20.04%  15238.572 15301.748
u    62733  10.08  84.24%   1.70%  14.06%   9947.272 10037.205
r    88726  10.02  77.52%   3.30%  19.18%  15052.548 15220.707
u    62247   9.98  86.51%   1.88%  11.61%   9686.785  9920.562
r    88584   9.95  75.64%   3.02%  21.34%  15539.068 15296.879
u    62346   9.98  83.06%   2.51%  14.42%  10021.283  9945.110
r    89002  10.03  77.10%   2.93%  19.97%  15225.388 15282.795
u    62445  10.03  81.85%   2.96%  15.19%  10079.666  9971.389
LINPACK benchmark ./linpack-opteron, Double precision.
Machine precision:  15 digits.
Array size 200 X 200.
Memory required:  315K.
      Reps Time(s) DGEFA   DGESL  OVERHEAD    MFLOPS
------------------------------------------------------
r     1024   0.81  88.19%   1.97%   9.84%   1918.545  1918.545
r    12595   9.78  92.65%   3.36%   3.99%   1841.688  1847.252
u     1024   0.80  94.10%   3.89%   2.01%   1800.632  1800.632
u    12848   9.97  92.67%   1.86%   5.48%   1872.701  1867.184
r    12875  10.06  91.13%   2.34%   6.54%   1880.028  1863.036
u    12889  10.03  93.57%   1.88%   4.55%   1848.464  1858.121
r    12794   9.98  93.48%   2.79%   3.73%   1828.158  1851.533
u    12847  10.06  91.58%   2.65%   5.76%   1860.510  1858.895
r    12815  10.09  93.50%   2.77%   3.72%   1810.997  1841.395
u    12766   9.89  92.46%   2.86%   4.68%   1859.762  1859.106
r    12695   9.83  92.69%   1.92%   5.38%   1874.875  1847.860
u    12907   9.98  92.01%   2.81%   5.18%   1872.160  1861.673
LINPACK benchmark ./linpackC-opteron, Double precision.
Machine precision:  15 digits.
Array size 200 X 200.
Memory required:  315K.
      Reps Time(s) DGEFA   DGESL  OVERHEAD    MFLOPS
------------------------------------------------------
r     8192   0.92  81.43%   1.63%  16.94%  14706.336 14706.336
r    88946   9.85  77.95%   3.65%  18.41%  15206.337 15162.861
u     4096   0.64  78.47%   2.34%  19.19%  10859.408 10859.408
u    63900  10.33  83.35%   3.34%  13.30%   9801.854  9859.695
r    90346  10.08  75.95%   3.13%  20.93%  15569.729 15356.237
u    61876   9.94  83.53%   2.81%  13.66%   9904.006  9880.757
r    89646  10.02  77.53%   2.47%  20.01%  15366.181 15359.452
u    62262   9.91  82.93%   2.71%  14.37%  10079.745  9944.374
r    89502   9.88  76.13%   2.71%  21.15%  15786.807 15461.629
u    62852  10.02  84.55%   3.12%  12.33%   9829.945  9915.922
r    90634  10.23  75.24%   2.74%  22.02%  15597.831 15488.436
u    62751  10.20  83.86%   2.59%  13.55%   9770.753  9886.911
LINPACK benchmark ./linpack-opteron-sse3, Double precision.
Machine precision:  15 digits.
Array size 200 X 200.
Memory required:  315K.
      Reps Time(s) DGEFA   DGESL  OVERHEAD    MFLOPS
------------------------------------------------------
r     1024   0.81  96.06%   0.00%   3.94%   1800.632  1800.632
r    12595   9.75  90.40%   2.25%   7.35%   1914.882  1905.790
u     1024   0.78  96.04%   2.05%   1.92%   1833.498  1833.498
u    13094  10.14  91.96%   2.79%   5.25%   1871.610  1868.792
r    12917   9.98  92.07%   3.73%   4.21%   1854.804  1880.626
u    12913  10.06  92.41%   2.49%   5.10%   1856.948  1863.115
r    12937   9.98  89.00%   4.81%   6.19%   1896.948  1885.944
u    12832   9.98  88.87%   3.30%   7.83%   1915.085  1879.534
r    12957  10.06  91.00%   3.25%   5.75%   1876.242  1883.537
u    12852  10.02  93.13%   2.01%   4.86%   1852.249  1872.808
r    12875  10.00  90.26%   3.76%   5.98%   1880.628  1882.963
u    12831   9.91  90.42%   2.35%   7.23%   1917.436  1881.380
LINPACK benchmark ./linpackC-opteron-sse3, Double precision.
Machine precision:  15 digits.
Array size 200 X 200.
Memory required:  315K.
      Reps Time(s) DGEFA   DGESL  OVERHEAD    MFLOPS
------------------------------------------------------
r     8192   0.91  75.50%   1.66%  22.85%  16094.917 16094.917
r    90419   9.92  77.09%   3.39%  19.52%  15551.087 15594.861
u     4096   0.64  82.84%   7.33%   9.83%   9732.134  9732.134
u    63900  10.11  83.04%   2.76%  14.20%  10117.132 10093.080
r    91129   9.94  74.91%   3.67%  21.41%  16024.391 15798.246
u    63211   9.88  84.37%   2.05%  13.58%  10172.226 10131.055
r    91697  10.00  74.80%   3.16%  22.04%  16153.226 15912.178
u    64011  10.03  81.91%   4.22%  13.88%  10174.588 10145.288
r    91697   9.97  76.61%   3.91%  19.48%  15690.325 15857.079
u    63806  10.03  83.54%   3.25%  13.21%  10065.117 10125.421
r    91991  10.00  77.32%   2.65%  20.03%  15797.712 15845.302
u    63608   9.97  80.42%   3.15%  16.43%  10485.534 10194.448
LINPACK benchmark ./linpackC-penryn, Double precision.
Machine precision:  15 digits.
Array size 200 X 200.
Memory required:  315K.
      Reps Time(s) DGEFA   DGESL  OVERHEAD    MFLOPS
------------------------------------------------------
r     8192   0.92  79.59%   1.74%  18.68%  15020.490 15020.490
r    88946   9.59  80.12%   2.75%  17.13%  15363.163 15333.661
u     4096   0.64  83.28%   7.03%   9.69%   9732.134  9732.134
u    64000  10.05  84.44%   2.32%  13.24%  10082.980 10061.163
r    92710   9.94  80.38%   1.43%  18.19%  15662.656 15492.577
u    63700   9.95  80.49%   3.46%  16.05%  10469.284 10254.367
r    93297  10.11  75.40%   2.17%  22.44%  16340.758 15762.159
u    63994  10.00  84.14%   3.16%  12.70%  10067.021 10192.371
r    92291   9.92  78.59%   2.35%  19.06%  15782.133 15767.064
u    63994  10.05  83.95%   1.85%  14.20%  10195.486 10193.138
r    93016  10.09  79.53%   2.34%  18.13%  15457.644 15704.644
u    63694   9.95  86.26%   2.82%  10.92%   9866.128 10127.046
LINPACK benchmark ./linpack-sandybridge, Double precision.
Machine precision:  15 digits.
Array size 200 X 200.
Memory required:  315K.
      Reps Time(s) DGEFA   DGESL  OVERHEAD    MFLOPS
------------------------------------------------------
r     4096   0.53  67.42%   2.82%  29.76%  15080.894 15080.894
r    77137   9.61  74.88%   3.23%  21.90%  14115.232 14160.953
u     4096   0.50  72.20%   9.40%  18.40%  13787.190 13787.190
u    81920  10.11  76.42%   3.70%  19.88%  13889.317 13884.419
r    80275   9.98  76.18%   1.43%  22.39%  14226.911 14193.660
u    81028   9.97  75.74%   2.34%  21.92%  14295.793 14080.966
r    80403  10.01  74.59%   2.36%  23.06%  14329.110 14238.394
u    81279  10.11  71.09%   3.41%  25.50%  14819.857 14314.567
r    80282  10.08  76.73%   2.03%  21.23%  13889.386 14149.800
u    80394   9.97  72.54%   2.33%  25.13%  14794.018 14428.933
r    79660  10.02  73.82%   2.33%  23.85%  14341.863 14187.463
u    80652   9.98  76.47%   2.49%  21.03%  14048.970 14352.457
LINPACK benchmark ./linpackC-sandybridge, Double precision.
Machine precision:  15 digits.
Array size 200 X 200.
Memory required:  315K.
      Reps Time(s) DGEFA   DGESL  OVERHEAD    MFLOPS
------------------------------------------------------
r     8192   0.95  85.20%   4.93%   9.86%  13097.028 13097.028
r    85960   9.70  76.68%   2.73%  20.59%  15321.445 15098.328
u     4096   0.67  83.63%   2.38%  13.99%   9732.134  9732.134
u    60952  10.17  83.83%   2.02%  14.16%   9587.380  9596.368
r    88591  10.14  76.99%   4.12%  18.88%  14790.296 14947.412
u    59927   9.91  84.69%   1.56%  13.75%   9632.461  9613.641
r    87359   9.89  77.26%   2.52%  20.22%  15203.780 15029.378
u    60495  10.03  87.19%   0.78%  12.03%   9415.209  9548.005
r    88321   9.97  75.58%   4.22%  20.19%  15245.623 15082.093
u    60308   9.98  87.45%   1.38%  11.17%   9338.481  9495.727
r    88595  10.00  78.33%   2.51%  19.16%  15050.775 15075.875
u    60404   9.98  86.07%   1.24%  12.69%   9516.442  9499.807
LINPACK benchmark ./linpack-silvermont, Double precision.
Machine precision:  15 digits.
Array size 200 X 200.
Memory required:  315K.
      Reps Time(s) DGEFA   DGESL  OVERHEAD    MFLOPS
------------------------------------------------------
r     4096   0.56  63.52%   0.00%  36.48%  15756.788 15756.788
r    72882   9.42  76.17%   1.67%  22.16%  13647.570 13745.476
u     4096   0.50  53.40%   0.00%  46.60%  21068.065 21068.065
u    81920  10.02  72.78%   2.37%  24.85%  14946.654 15156.356
r    77353   9.95  69.26%   2.84%  27.90%  14803.714 14256.266
u    81789   9.94  68.87%   3.77%  27.35%  15559.435 15350.177
r    77718  10.00  74.11%   2.00%  23.89%  14023.482 14177.446
u    82307  10.02  70.68%   2.34%  26.98%  15454.600 15384.384
r    77718  10.12  72.36%   2.93%  24.70%  14001.406 14132.864
u    82167  10.05  69.70%   3.41%  26.88%  15361.105 15378.621
r    76766   9.95  72.97%   2.53%  24.50%  14028.650 14112.044
u    81782   9.97  71.47%   3.18%  25.35%  15093.932 15321.544
LINPACK benchmark ./linpackC-silvermont, Double precision.
Machine precision:  15 digits.
Array size 200 X 200.
Memory required:  315K.
      Reps Time(s) DGEFA   DGESL  OVERHEAD    MFLOPS
------------------------------------------------------
r     8192   0.91  72.85%   3.53%  23.62%  16257.726 16257.726
r    90419   9.84  80.49%   2.70%  16.81%  15163.686 15248.933
u     4096   0.64  80.50%   2.34%  17.16%  10593.547 10593.547
u    63900   9.87  83.21%   1.42%  15.37%  10502.154 10507.615
r    91851   9.92  72.92%   3.35%  23.73%  16667.817 15901.746
u    64715   9.97  84.95%   1.10%  13.94%  10360.838 10435.525
r    92563  10.02  77.74%   2.66%  19.60%  15787.364 15864.155
u    64922  10.17  83.69%   2.00%  14.31%  10229.411 10366.907
r    92424  10.06  76.39%   3.11%  20.50%  15866.120 15864.639
u    63824   9.84  86.69%   2.04%  11.27%  10034.531 10283.756
r    91845   9.92  76.83%   1.74%  21.43%  16179.297 15925.514
u    64835  10.08  81.99%   2.50%  15.51%  10456.849 10317.692
LINPACK benchmark ./linpack-skylake, Double precision.
Machine precision:  15 digits.
Array size 200 X 200.
Memory required:  315K.
      Reps Time(s) DGEFA   DGESL  OVERHEAD    MFLOPS
------------------------------------------------------
r     8192   0.84  83.51%   3.68%  12.81%  15306.594 15306.594
r    97176   9.62  68.62%   2.29%  29.09%  19553.852 19140.924
u     8192   0.83  79.47%   0.00%  20.53%  17097.791 17097.791
u    98937   9.92  69.38%   2.49%  28.13%  19053.917 18888.667
r   100962  10.09  69.37%   2.35%  28.28%  19153.817 19147.231
u    99714  10.11  69.90%   2.96%  27.14%  18590.899 18743.938
r   100031  10.02  71.93%   2.68%  25.39%  18385.426 18891.643
u    98629  10.02  69.46%   2.22%  28.32%  18867.599 18783.688
r    99881   9.95  68.37%   2.70%  28.93%  19390.713 19011.950
u    98471   9.89  73.72%   2.35%  23.93%  17973.619 18579.556
r   100352   9.94  70.33%   1.40%  28.27%  19334.560 19074.999
u    99556   9.95  67.92%   2.36%  29.72%  19545.900 18762.976
LINPACK benchmark ./linpackC-skylake, Double precision.
Machine precision:  15 digits.
Array size 200 X 200.
Memory required:  315K.
      Reps Time(s) DGEFA   DGESL  OVERHEAD    MFLOPS
------------------------------------------------------
r     8192   0.75  81.07%   4.27%  14.67%  17578.667 17578.667
r   109226   9.80  74.51%   2.72%  22.77%  19826.025 19650.750
u     4096   0.72  82.20%   6.68%  11.13%   8803.088  8803.088
u    56968  10.23  84.95%   4.59%  10.46%   8537.326  8554.649
r   111489  10.12  75.66%   2.62%  21.72%  19317.633 19487.082
u    55665   9.98  83.84%   4.76%  11.41%   8641.940  8596.055
r   110112   9.92  73.36%   2.55%  24.09%  20079.734 19675.700
u    55748   9.88  82.76%   4.11%  13.12%   8924.185  8699.442
r   110988  10.08  73.04%   3.11%  23.85%  19862.330 19721.403
u    56453  10.05  82.92%   4.01%  13.07%   8876.664  8742.484
r   110128   9.94  74.85%   1.70%  23.45%  19882.010 19752.775
u    56188   9.92  84.61%   4.55%  10.84%   8723.135  8738.664
LINPACK benchmark ./linpack-slm, Double precision.
Machine precision:  15 digits.
Array size 200 X 200.
Memory required:  315K.
      Reps Time(s) DGEFA   DGESL  OVERHEAD    MFLOPS
------------------------------------------------------
r     4096   0.55  54.30%  11.33%  34.37%  15669.006 15669.006
r    74881   9.72  69.06%   3.70%  27.24%  14543.427 14597.812
u     4096   0.50  62.20%   0.00%  37.80%  18087.374 18087.374
u    81920   9.97  72.56%   2.19%  25.25%  15097.084 15216.880
r    77053   9.95  70.42%   3.14%  26.43%  14450.287 14524.585
u    82174  10.08  72.38%   3.73%  23.89%  14713.467 14966.690
r    77409   9.95  73.22%   2.22%  24.56%  14157.459 14400.753
u    81546  10.02  71.38%   1.88%  26.74%  15263.710 15062.397
r    77766  10.05  72.02%   2.80%  25.18%  14207.615 14352.000
u    81423   9.98  70.63%   2.61%  26.76%  15290.704 15117.897
r    77402  10.05  74.94%   2.18%  22.88%  13719.508 14221.412
u    81545  10.00  71.51%   2.83%  25.66%  15066.389 15107.692
LINPACK benchmark ./linpackC-slm, Double precision.
Machine precision:  15 digits.
Array size 200 X 200.
Memory required:  315K.
      Reps Time(s) DGEFA   DGESL  OVERHEAD    MFLOPS
------------------------------------------------------
r     8192   0.89  80.79%   1.69%  17.53%  15327.448 15327.448
r    92044  10.00  77.45%   2.69%  19.86%  15773.283 15735.876
u     4096   0.62  94.88%   0.00%   5.12%   9485.958  9485.958
u    65536  10.12  84.49%   2.11%  13.39%  10264.915 10215.570
r    92044   9.95  75.04%   2.49%  22.47%  16380.341 16037.931
u    64733   9.97  84.72%   2.68%  12.60%  10203.143 10209.579
r    92469   9.97  76.67%   2.36%  20.98%  16121.716 16065.044
u    64934  10.02  82.69%   1.25%  16.07%  10608.616 10336.252
r    92765  10.00  78.86%   2.65%  18.49%  15627.731 15955.332
u    64836  10.38  84.34%   1.21%  14.45%  10031.708 10259.797
r    92755  10.03  77.60%   1.70%  20.70%  16013.015 15966.676
u    62492   9.70  82.61%   2.11%  15.28%  10439.405 10293.681
LINPACK benchmark ./linpack-tremont, Double precision.
Machine precision:  15 digits.
Array size 200 X 200.
Memory required:  315K.
      Reps Time(s) DGEFA   DGESL  OVERHEAD    MFLOPS
------------------------------------------------------
r     4096   0.53  82.30%   9.04%   8.66%  11598.296 11598.296
r    77137  10.06  74.29%   3.22%  22.49%  13581.386 13465.297
u     4096   0.50  62.60%   6.40%  31.00%  16304.850 16304.850
u    81920   9.98  73.97%   1.88%  24.15%  14855.865 14919.000
r    76654   9.91  71.21%   3.67%  25.11%  14189.445 13807.404
u    82051   9.98  69.03%   2.63%  28.34%  15748.899 15312.945
r    77373  10.06  72.94%   3.45%  23.61%  13823.198 13812.595
u    82182  10.09  73.57%   4.62%  21.82%  14302.785 14965.829
r    76888   9.91  73.54%   3.59%  22.86%  13817.437 13813.787
u    81424  10.00  72.80%   1.74%  25.46%  15001.649 14974.607
r    77609  10.09  75.38%   2.49%  22.13%  13561.907 13762.889
u    81424   9.91  68.44%   3.29%  28.27%  15736.320 15118.854
LINPACK benchmark ./linpackC-tremont, Double precision.
Machine precision:  15 digits.
Array size 200 X 200.
Memory required:  315K.
      Reps Time(s) DGEFA   DGESL  OVERHEAD    MFLOPS
------------------------------------------------------
r     8192   0.89  72.25%   3.48%  24.27%  16691.909 16691.909
r    92044  10.12  77.56%   2.81%  19.62%  15532.943 15621.589
u     4096   0.64  90.47%   0.00%   9.53%   9715.325  9715.325
u    64000  10.00  82.94%   1.43%  15.63%  10416.370 10371.355
r    90907   9.81  77.76%   2.55%  19.69%  15843.352 15726.279
u    63993   9.95  84.65%   1.86%  13.49%  10207.168 10291.157
r    92648  10.02  75.95%   2.05%  22.00%  16287.325 15905.144
u    64295  10.11  79.66%   3.71%  16.63%  10476.800 10351.207
r    92500  10.06  75.47%   2.16%  22.37%  16261.307 15991.242
u    63601   9.89  82.98%   2.54%  14.48%  10325.733 10344.963
r    91920   9.91  77.61%   3.82%  18.57%  15650.484 15923.178
u    64301  10.03  84.68%   2.18%  13.14%  10135.052 10302.653
LINPACK benchmark ./linpack-westmere, Double precision.
Machine precision:  15 digits.
Array size 200 X 200.
Memory required:  315K.
      Reps Time(s) DGEFA   DGESL  OVERHEAD    MFLOPS
------------------------------------------------------
r     4096   0.58  70.42%   2.60%  26.99%  13329.795 13329.795
r    70865   9.72  79.43%   2.73%  17.84%  12188.011 12245.324
u     8192   0.95  67.19%   6.60%  26.21%  15980.606 15980.606
u    85870   9.95  74.76%   3.58%  21.66%  15126.749 15197.468
r    72913  10.05  76.30%   2.95%  20.75%  12576.470 12406.396
u    86284  10.02  71.35%   3.31%  25.34%  15846.041 15501.012
r    72571  10.03  76.50%   3.25%  20.25%  12458.022 12423.344
u    86146  10.11  71.69%   3.25%  25.05%  15613.986 15537.353
r    72346   9.97  79.11%   2.84%  18.05%  12162.465 12357.847
u    85208   9.88  72.21%   2.22%  25.57%  15920.951 15628.582
r    72578   9.98  78.28%   2.96%  18.76%  12287.202 12343.750
u    86286   9.98  74.26%   2.06%  23.68%  15551.108 15613.258
LINPACK benchmark ./linpackC-westmere, Double precision.
Machine precision:  15 digits.
Array size 200 X 200.
Memory required:  315K.
      Reps Time(s) DGEFA   DGESL  OVERHEAD    MFLOPS
------------------------------------------------------
r     8192   0.89  72.28%   3.37%  24.35%  16691.909 16691.909
r    91941   9.83  72.92%   2.71%  24.37%  16987.171 16962.623
u     4096   0.64  85.18%   2.50%  12.32%  10009.205 10009.205
u    63900   9.97  84.50%   1.38%  14.11%  10249.474 10234.675
r    93550  10.25  80.78%   1.98%  17.24%  15145.035 16033.232
u    64098  10.00  83.65%   2.79%  13.56%  10184.880 10210.452
r    91268  10.00  77.36%   2.36%  20.28%  15720.731 15931.796
u    64104  10.06  85.93%   1.84%  12.23%   9968.991 10130.282
r    91258   9.77  77.92%   2.07%  20.01%  16042.966 15958.621
u    63709   9.97  84.63%   2.67%  12.70%  10053.280 10111.298
r    93444  10.16  78.91%   1.83%  19.26%  15649.971 15896.244
u    63907   9.97  88.19%   1.10%  10.70%   9860.197 10060.734
LINPACK benchmark ./linpack-x86-64, Double precision.
Machine precision:  15 digits.
Array size 200 X 200.
Memory required:  315K.
      Reps Time(s) DGEFA   DGESL  OVERHEAD    MFLOPS
------------------------------------------------------
r     1024   0.80  92.10%   3.89%   4.02%   1838.292  1838.292
r    12848   9.84  93.50%   1.27%   5.23%   1891.572  1887.534
u     1024   0.78  94.11%   3.97%   1.92%   1835.892  1835.892
u    13111   9.95  89.33%   3.31%   7.36%   1952.904  1943.928
r    13052   9.94  91.49%   3.28%   5.23%   1903.446  1895.214
u    13172  10.02  91.21%   3.46%   5.32%   1907.576  1926.222
r    13134   9.97  91.69%   2.50%   5.81%   1920.912  1903.564
u    13150  10.02  93.44%   1.87%   4.69%   1891.822  1914.904
r    13174  10.00  89.47%   2.05%   8.48%   1976.868  1921.194
u    13128   9.97  91.28%   1.89%   6.83%   1941.329  1921.311
r    13174  10.00  90.03%   3.27%   6.70%   1939.153  1924.730
u    13170  10.02  92.52%   2.20%   5.28%   1906.483  1918.368
LINPACK benchmark ./linpackC-x86-64, Double precision.
Machine precision:  15 digits.
Array size 200 X 200.
Memory required:  315K.
      Reps Time(s) DGEFA   DGESL  OVERHEAD    MFLOPS
------------------------------------------------------
r     8192   0.89  84.49%   1.69%  13.82%  14667.988 14667.988
r    92044  10.02  76.88%   2.67%  20.46%  15866.335 15761.099
u     4096   0.64  78.00%   4.84%  17.16%  10593.547 10593.547
u    63900  10.02  84.20%   3.46%  12.34%   9994.989 10029.124
r    91896   9.92  76.71%   2.51%  20.78%  16058.511 15901.963
u    63797  10.00  82.00%   4.42%  13.58%  10137.053 10081.081
r    92627  10.05  79.15%   3.74%  17.11%  15276.540 15692.979
u    63790   9.97  84.16%   2.82%  13.02%  10102.045 10087.909
r    92202   9.95  75.11%   2.95%  21.93%  16296.535 15836.436
u    63981  10.03  81.75%   4.19%  14.07%  10193.415 10113.712
r    92637   9.98  76.55%   2.49%  20.95%  16120.309 15891.641
u    63783  10.00  81.82%   2.99%  15.19%  10328.419 10155.355
LINPACK benchmark ./linpack-znver1, Double precision.
Machine precision:  15 digits.
Array size 200 X 200.
Memory required:  315K.
      Reps Time(s) DGEFA   DGESL  OVERHEAD    MFLOPS
------------------------------------------------------
r     4096   0.58  70.42%   2.77%  26.82%  13298.282 13298.282
r    70865   9.94  77.86%   2.07%  20.06%  12250.915 12303.865
u     8192   0.91  77.84%   0.00%  22.16%  15935.335 15935.335
u    90319   9.95  71.48%   2.82%  25.70%  16773.238 16700.215
r    71307  10.02  78.86%   2.66%  18.48%  11995.135 12151.396
u    90745  10.06  71.83%   2.20%  25.97%  16730.183 16714.571
r    71200  10.00  78.23%   2.32%  19.45%  12139.210 12147.403
u    90185   9.95  69.78%   2.21%  28.01%  17283.571 16894.068
r    71200   9.97  78.00%   2.80%  19.20%  12139.210 12145.381
u    90601  10.00  72.83%   2.36%  24.81%  16548.128 16808.037
r    71421  10.02  75.27%   2.97%  21.77%  12518.805 12217.665
u    90601  10.02  71.22%   2.17%  26.61%  16928.622 16831.619
LINPACK benchmark ./linpackC-znver1, Double precision.
Machine precision:  15 digits.
Array size 200 X 200.
Memory required:  315K.
      Reps Time(s) DGEFA   DGESL  OVERHEAD    MFLOPS
------------------------------------------------------
r     8192   0.73  67.85%   2.18%  29.97%  21887.834 21887.834
r   111607   9.53  72.38%   3.27%  24.35%  21255.528 21297.600
u     4096   0.61  89.67%   0.00%  10.33%  10283.681 10283.681
u    67147  10.12  84.70%   3.12%  12.18%  10370.582 10365.546
r   117086  10.03  73.68%   2.31%  24.01%  21096.577 21197.763
u    66318   9.98  84.76%   1.56%  13.68%  10566.971 10461.685
r   116735   9.97  70.13%   2.23%  27.65%  22225.990 21526.513
u    66417  10.03  81.18%   2.47%  16.35%  10870.299 10591.319
r   117098  10.00  71.68%   1.89%  26.43%  21858.718 21608.207
u    66211   9.98  83.26%   2.96%  13.77%  10562.176 10584.162
r   117098  10.00  74.51%   2.69%  22.80%  20830.905 21448.769
u    66317  10.09  83.73%   2.17%  14.10%  10503.442 10568.156
LINPACK benchmark ./linpack-znver2, Double precision.
Machine precision:  15 digits.
Array size 200 X 200.
Memory required:  315K.
      Reps Time(s) DGEFA   DGESL  OVERHEAD    MFLOPS
------------------------------------------------------
r     8192   0.86  61.74%   7.21%  31.05%  18971.917 18971.917
r    95255   9.59  69.47%   3.28%  27.25%  18744.357 18762.178
u     8192   0.84  73.67%   1.90%  24.44%  17661.455 17661.455
u    97176   9.81  72.35%   2.08%  25.57%  18271.501 18222.565
r    99296   9.98  72.73%   3.29%  23.99%  17968.969 18365.129
u    99027   9.92  67.72%   3.14%  29.14%  19342.495 18748.495
r    99455   9.95  67.89%   3.59%  28.52%  19199.447 18631.586
u    99805  10.12  67.41%   2.95%  29.64%  19239.968 18906.951
r    99924  10.11  66.38%   2.62%  31.00%  19671.583 18879.613
u    98572   9.91  69.83%   2.85%  27.33%  18804.308 18881.728
r    98836   9.91  69.45%   2.67%  27.88%  18999.828 18903.210
u    99507   9.94  70.34%   2.03%  27.62%  19001.151 18905.267
