
LINPACK benchmark ./linpack-amdfam10, Double precision.
Machine precision:  15 digits.
Array size 200 X 200.
Memory required:  315K.
      Reps Time(s) DGEFA   DGESL  OVERHEAD    MFLOPS
------------------------------------------------------
r     2048   0.78  78.01%   2.05%  19.95%   4492.950  4492.950
r    26189  10.11  82.06%   2.47%  15.47%   4208.545  4227.956
u     2048   0.66  68.90%   2.29%  28.81%   6022.670  6022.670
u    31219   8.99  78.32%   3.07%  18.61%   5862.723  5872.324
r    25904   9.30  78.82%   2.67%  18.51%   4696.347  4439.818
u    34745  10.34  77.63%   3.34%  19.03%   5696.808  5781.329
r    27865   9.52  82.64%   2.76%  14.60%   4708.740  4527.682
u    33589   9.48  79.29%   3.12%  17.59%   5901.099  5820.383
r    29282  10.39  80.54%   2.58%  16.88%   4656.548  4560.893
u    35412  10.70  77.49%   2.78%  19.72%   5660.205  5778.121
r    28182  10.77  80.05%   2.93%  17.03%   4332.618  4512.848
u    33086   9.81  78.31%   3.33%  18.36%   5671.964  5757.163
LINPACK benchmark ./linpackC-amdfam10, Double precision.
Machine precision:  15 digits.
Array size 200 X 200.
Memory required:  315K.
      Reps Time(s) DGEFA   DGESL  OVERHEAD    MFLOPS
------------------------------------------------------
r     2048   0.53  64.78%   5.65%  29.57%   7520.285  7520.285
r    38568   9.94  76.71%   3.48%  19.80%   6646.596  6685.761
u     2048   0.67  85.86%   4.76%   9.37%   4618.369  4618.369
u    30476  10.06  83.43%   2.33%  14.24%   4850.354  4835.061
r    38812  10.45  76.53%   4.21%  19.26%   6315.381  6499.501
u    30288   9.91  82.39%   2.20%  15.41%   4963.666  4896.232
r    37130   9.36  79.65%   2.96%  17.40%   6595.766  6529.860
u    30572   9.92  84.28%   3.80%  11.92%   4804.938  4865.964
r    39673  10.00  80.83%   3.69%  15.48%   6445.552  6508.243
u    30815  10.02  83.78%   2.52%  13.70%   4896.363  4873.471
r    39669  10.05  79.92%   2.94%  17.14%   6543.995  6515.451
u    30768  11.73  84.58%   2.36%  13.06%   4141.807  4708.333
LINPACK benchmark ./linpack-athlon64, Double precision.
Machine precision:  15 digits.
Array size 200 X 200.
Memory required:  315K.
      Reps Time(s) DGEFA   DGESL  OVERHEAD    MFLOPS
------------------------------------------------------
r      512   0.67  97.62%   0.00%   2.38%   1071.870  1071.870
r     7619  10.14  92.45%   2.62%   4.93%   1085.305  1084.449
u      512   0.69  86.48%   6.69%   6.83%   1096.953  1096.953
u     7441   9.86  91.31%   2.68%   6.01%   1102.846  1102.465
r     7513   9.95  93.42%   2.39%   4.19%   1081.990  1083.267
u     7547  10.02  91.45%   2.48%   6.07%   1101.791  1102.137
r     7548   9.95  91.07%   3.61%   5.32%   1099.949  1088.640
u     7535  10.05  92.74%   2.32%   4.94%   1083.567  1095.993
r     7582   9.99  92.03%   3.13%   4.84%   1095.834  1090.404
u     7500   9.92  92.25%   3.30%   4.45%   1086.498  1093.645
r     7593  10.02  90.66%   2.65%   6.69%   1115.741  1095.326
u     7558  10.27  92.56%   2.41%   5.04%   1064.798  1087.798
LINPACK benchmark ./linpackC-athlon64, Double precision.
Machine precision:  15 digits.
Array size 200 X 200.
Memory required:  315K.
      Reps Time(s) DGEFA   DGESL  OVERHEAD    MFLOPS
------------------------------------------------------
r     2048   0.70  93.46%   2.28%   4.27%   4179.178  4179.178
r    29132   8.03  80.45%   2.89%  16.66%   5976.688  5812.479
u     2048   0.69  84.13%   0.00%  15.87%   4866.067  4866.067
u    29810   9.78  83.20%   3.51%  13.29%   4827.151  4829.634
r    36269   9.42  77.48%   2.31%  20.21%   6625.356  6223.041
u    30477  10.06  84.42%   3.75%  11.84%   4717.660  4774.231
r    38493  10.03  80.03%   3.43%  16.54%   6314.348  6255.909
u    30286  10.00  83.57%   2.64%  13.79%   4825.148  4790.761
r    38374  10.08  81.97%   2.79%  15.24%   6168.828  6232.515
u    30289   9.95  84.46%   2.36%  13.18%   4813.898  4796.442
r    38073   9.77  79.14%   3.06%  17.80%   6513.069  6289.065
u    30432  10.05  81.33%   3.26%  15.41%   4918.014  4820.089
LINPACK benchmark ./linpack-athlon64-sse3, Double precision.
Machine precision:  15 digits.
Array size 200 X 200.
Memory required:  315K.
      Reps Time(s) DGEFA   DGESL  OVERHEAD    MFLOPS
------------------------------------------------------
r      512   0.69  95.49%   2.33%   2.18%   1044.794  1044.794
r     7441   9.86  91.76%   3.16%   5.07%   1091.771  1088.620
u      512   0.65  95.27%   2.29%   2.44%   1100.386  1100.386
u     7816  10.31  90.65%   4.07%   5.27%   1098.779  1098.878
r     7546   9.94  90.50%   4.30%   5.20%   1100.008  1094.135
u     7578  10.00  92.53%   2.34%   5.13%   1097.103  1098.032
r     7593  10.00  92.80%   3.28%   3.92%   1085.316  1091.219
u     7578   9.97  91.66%   3.15%   5.19%   1101.050  1099.004
r     7593  10.02  90.34%   2.93%   6.74%   1116.339  1097.329
u     7601  10.03  92.03%   3.12%   4.84%   1093.631  1097.685
r     7580   9.98  92.95%   2.03%   5.02%   1097.624  1097.388
u     7577   9.97  92.07%   3.24%   4.68%   1095.226  1097.202
LINPACK benchmark ./linpackC-athlon64-sse3, Double precision.
Machine precision:  15 digits.
Array size 200 X 200.
Memory required:  315K.
      Reps Time(s) DGEFA   DGESL  OVERHEAD    MFLOPS
------------------------------------------------------
r     2048   0.52  78.83%   6.02%  15.15%   6436.125  6436.125
r    39766  10.03  79.18%   2.93%  17.88%   6630.081  6620.309
u     2048   0.66  85.69%   2.44%  11.87%   4857.663  4857.663
u    31171  10.36  86.37%   2.28%  11.35%   4661.676  4673.301
r    39643  10.19  79.05%   3.08%  17.87%   6506.879  6564.616
u    30090  10.05  82.65%   2.79%  14.56%   4814.026  4739.145
r    38915  10.05  82.01%   2.94%  15.05%   6261.660  6463.516
u    29949   9.88  83.13%   2.57%  14.30%   4859.974  4777.288
r    38732  10.09  79.33%   2.64%  18.03%   6428.807  6455.032
u    30328  12.80  82.92%   3.54%  13.54%   3764.502  4481.419
r    38371  11.55  80.15%   3.35%  16.50%   5465.274  6235.607
u    23699   8.16  80.83%   4.28%  14.90%   4688.365  4513.475
LINPACK benchmark ./linpack-athlon-fx, Double precision.
Machine precision:  15 digits.
Array size 200 X 200.
Memory required:  315K.
      Reps Time(s) DGEFA   DGESL  OVERHEAD    MFLOPS
------------------------------------------------------
r      512   0.69  93.17%   2.33%   4.51%   1070.238  1070.238
r     7441  10.06  93.64%   2.46%   3.90%   1056.771  1057.628
u      512   0.67  95.54%   2.23%   2.23%   1070.238  1070.238
u     7619  10.28  92.05%   3.69%   4.26%   1062.924  1063.382
r     7395   9.95  92.17%   3.13%   4.69%   1070.609  1063.843
u     7410   9.91  90.63%   4.14%   5.23%   1083.980  1073.104
r     7429   9.86  91.15%   2.54%   6.32%   1104.644  1076.815
u     7480   9.92  91.62%   2.55%   5.83%   1099.372  1081.501
r     7535   9.95  90.88%   3.60%   5.53%   1100.507  1082.609
u     7538   9.97  93.72%   2.22%   4.06%   1082.412  1081.725
r     7570  10.02  92.84%   1.87%   5.29%   1096.060  1085.271
u     7561   9.97  90.75%   3.62%   5.63%   1103.717  1086.017
LINPACK benchmark ./linpackC-athlon-fx, Double precision.
Machine precision:  15 digits.
Array size 200 X 200.
Memory required:  315K.
      Reps Time(s) DGEFA   DGESL  OVERHEAD    MFLOPS
------------------------------------------------------
r     2048   0.53  76.46%   0.00%  23.54%   6927.553  6927.553
r    38568  10.53  79.57%   2.22%  18.20%   6148.911  6183.959
u     2048   0.67  90.92%   0.00%   9.08%   4603.252  4603.251
u    30476   9.98  81.73%   3.75%  14.52%   4904.348  4884.231
r    36623   9.41  79.86%   2.31%  17.83%   6507.386  6333.208
u    30524   9.98  82.33%   2.64%  15.02%   4940.439  4911.283
r    38935  10.00  82.27%   1.70%  16.03%   6367.838  6344.772
u    30569   9.98  84.03%   2.03%  13.93%   4885.538  4902.847
r    38935   9.98  79.52%   2.96%  17.52%   6492.318  6381.174
u    30617  10.05  82.58%   4.23%  13.19%   4821.391  4882.518
r    38993  10.00  80.33%   2.84%  16.83%   6438.666  6392.641
u    30476  10.00  82.66%   2.65%  14.69%   4906.073  4887.140
LINPACK benchmark ./linpack-atom, Double precision.
Machine precision:  15 digits.
Array size 200 X 200.
Memory required:  315K.
      Reps Time(s) DGEFA   DGESL  OVERHEAD    MFLOPS
------------------------------------------------------
r     1024   0.62  80.00%   2.56%  17.44%   2725.375  2725.375
r    16384  10.11  88.69%   3.09%   8.22%   2425.428  2441.232
u     2048   0.72  78.13%   2.23%  19.64%   4874.500  4874.500
u    28523  10.14  76.26%   3.23%  20.50%   4858.793  4859.842
r    16208   9.73  88.92%   2.40%   8.68%   2503.823  2471.015
u    28126  10.05  76.09%   4.03%  19.88%   4798.307  4830.160
r    16649  10.05  88.97%   2.17%   8.86%   2497.229  2479.636
u    27994   9.92  78.99%   2.68%  18.33%   4744.551  4802.180
r    16572  10.11  88.39%   1.70%   9.91%   2499.053  2484.423
u    28214  10.91  76.53%   4.13%  19.35%   4404.596  4698.052
r    16393  11.95  86.78%   2.97%  10.25%   2098.532  2397.586
u    25867  10.86  79.61%   3.91%  16.47%   3916.650  4531.913
LINPACK benchmark ./linpackC-atom, Double precision.
Machine precision:  15 digits.
Array size 200 X 200.
Memory required:  315K.
      Reps Time(s) DGEFA   DGESL  OVERHEAD    MFLOPS
------------------------------------------------------
r     2048   0.66  88.26%   4.73%   7.01%   4610.798  4610.798
r    31219   9.67  81.72%   2.41%  15.87%   5269.030  5223.126
u     2048   0.67  86.01%   0.00%  13.99%   4866.067  4866.067
u    30476  10.06  85.00%   2.33%  12.67%   4762.597  4768.983
r    32277  10.08  82.76%   3.93%  13.31%   5073.490  5148.350
u    30285  10.11  82.39%   2.46%  15.15%   4849.178  4807.317
r    32027   9.95  81.15%   3.76%  15.09%   5203.945  5166.468
u    29961   9.95  83.48%   3.29%  13.23%   4764.525  4793.413
r    32175   9.95  84.62%   2.36%  13.02%   5104.193  5150.883
u    30102  10.23  85.06%   3.34%  11.60%   4568.974  4736.414
r    32326  10.03  83.83%   3.46%  12.71%   5070.166  5134.579
u    29410   9.70  82.06%   2.41%  15.53%   4927.981  4772.242
LINPACK benchmark ./linpack-barcelona, Double precision.
Machine precision:  15 digits.
Array size 200 X 200.
Memory required:  315K.
      Reps Time(s) DGEFA   DGESL  OVERHEAD    MFLOPS
------------------------------------------------------
r     2048   0.74  89.66%   0.00%  10.34%   4267.962  4267.962
r    27863   9.44  80.09%   2.50%  17.41%   4909.570  4859.550
u     2048   0.56  71.71%   2.67%  25.62%   6728.676  6728.676
u    36441  10.27  74.75%   3.98%  21.26%   6191.469  6217.883
r    29525  10.36  80.43%   3.29%  16.27%   4674.621  4765.892
u    35496   9.92  76.61%   2.67%  20.72%   6198.072  6208.363
r    28499   9.75  85.58%   1.47%  12.95%   4611.054  4714.584
u    35778  10.02  77.04%   2.94%  20.02%   6134.222  6184.000
r    29226   9.98  80.68%   2.18%  17.14%   4850.984  4747.886
u    35724   9.97  78.41%   3.43%  18.16%   6013.847  6141.334
r    29269   9.92  85.30%   2.55%  12.15%   4611.759  4720.038
u    35838  10.09  78.17%   3.26%  18.58%   5988.261  6110.462
LINPACK benchmark ./linpackC-barcelona, Double precision.
Machine precision:  15 digits.
Array size 200 X 200.
Memory required:  315K.
      Reps Time(s) DGEFA   DGESL  OVERHEAD    MFLOPS
------------------------------------------------------
r     2048   0.52  84.69%   3.10%  12.21%   6208.801  6208.801
r    39689  10.08  79.09%   3.38%  17.53%   6557.534  6539.511
u     2048   0.67  86.01%   0.00%  13.99%   4866.067  4866.067
u    30476  10.00  80.69%   2.83%  16.48%   5011.820  5002.385
r    39377  10.05  76.60%   4.21%  19.19%   6659.821  6597.368
u    30479  10.28  84.10%   2.43%  13.47%   4705.241  4854.088
r    39188   9.95  78.44%   3.17%  18.39%   6625.408  6606.476
u    29645   9.67  84.22%   3.70%  12.08%   4787.449  4832.564
r    39373  10.03  80.68%   3.60%  15.72%   6395.299  6553.118
u    30650  10.05  85.13%   3.87%  11.00%   4707.825  4800.943
r    39247   9.95  78.92%   4.10%  16.98%   6522.959  6547.146
u    30509   9.92  82.80%   3.63%  13.58%   4886.184  4817.614
LINPACK benchmark ./linpack-bonnell, Double precision.
Machine precision:  15 digits.
Array size 200 X 200.
Memory required:  315K.
      Reps Time(s) DGEFA   DGESL  OVERHEAD    MFLOPS
------------------------------------------------------
r     1024   0.61  82.27%   2.46%  15.27%   2725.375  2725.375
r    16814  10.05  89.73%   2.32%   7.95%   2496.889  2508.964
u     2048   0.72  78.13%   8.77%  13.09%   4507.350  4507.350
u    28523  10.20  77.55%   3.22%  19.23%   4752.680  4735.413
r    16735  10.08  87.39%   2.01%  10.60%   2551.086  2529.178
u    27952   9.89  75.71%   4.61%  19.68%   4832.252  4781.177
r    16607  10.03  87.83%   2.47%   9.70%   2517.601  2525.410
u    28260   9.98  77.13%   3.30%  19.57%   4833.176  4797.987
r    16554   9.91  89.18%   1.57%   9.25%   2528.828  2526.244
u    28305  10.23  76.76%   3.48%  19.76%   4733.585  4781.986
r    16711  10.02  89.18%   2.21%   8.62%   2507.350  2522.483
u    27657   9.83  75.20%   2.71%  22.10%   4960.465  4815.556
LINPACK benchmark ./linpackC-bonnell, Double precision.
Machine precision:  15 digits.
Array size 200 X 200.
Memory required:  315K.
      Reps Time(s) DGEFA   DGESL  OVERHEAD    MFLOPS
------------------------------------------------------
r     2048   0.66  80.95%   0.00%  19.05%   5296.773  5296.773
r    31219   9.59  81.79%   4.39%  13.82%   5185.546  5192.258
u     2048   0.70  73.26%   4.55%  22.19%   5141.840  5141.840
u    29132   9.66  82.18%   2.59%  15.23%   4887.959  4903.863
r    32540  10.14  82.00%   2.90%  15.10%   5190.275  5191.277
u    30169   9.91  83.97%   3.79%  12.24%   4765.596  4834.880
r    32087   9.98  86.55%   2.33%  11.12%   4966.319  5115.330
u    30452  10.08  82.91%   3.90%  13.19%   4779.514  4816.373
r    32141   9.91  83.96%   3.78%  12.27%   5078.852  5106.265
u    30213   9.92  85.88%   2.98%  11.14%   4705.968  4788.555
r    32445  10.03  81.74%   3.30%  14.96%   5223.658  5129.283
u    30450  10.02  84.88%   2.50%  12.62%   4778.108  4786.465
LINPACK benchmark ./linpack-btver1, Double precision.
Machine precision:  15 digits.
Array size 200 X 200.
Memory required:  315K.
      Reps Time(s) DGEFA   DGESL  OVERHEAD    MFLOPS
------------------------------------------------------
r     2048   0.77  79.22%   0.00%  20.78%   4641.232  4641.232
r    26771   9.17  80.32%   2.24%  17.44%   4855.455  4839.581
u     2048   0.56  71.94%   5.68%  22.38%   6436.125  6436.125
u    36376   9.94  73.25%   3.46%  23.29%   6553.374  6547.017
r    29187   9.98  82.98%   2.85%  14.16%   4676.640  4756.199
u    36606  10.05  74.24%   2.95%  22.81%   6482.558  6515.409
r    29230  10.48  80.15%   2.39%  17.46%   4638.610  4716.140
u    36434   9.98  74.03%   2.65%  23.31%   6534.678  6521.695
r    27880   9.64  82.54%   4.15%  13.31%   4581.612  4682.839
u    36488  10.05  75.10%   4.07%  20.83%   6299.998  6465.583
r    28921   9.92  80.78%   2.51%  16.71%   4806.168  4707.092
u    36317  10.02  73.34%   3.59%  23.06%   6472.274  6466.901
LINPACK benchmark ./linpackC-btver1, Double precision.
Machine precision:  15 digits.
Array size 200 X 200.
Memory required:  315K.
      Reps Time(s) DGEFA   DGESL  OVERHEAD    MFLOPS
------------------------------------------------------
r     2048   0.50  87.40%   3.20%   9.40%   6208.801  6208.801
r    40960  10.44  78.70%   3.46%  17.84%   6559.204  6541.624
u     2048   0.67  74.66%   4.62%  20.72%   5286.817  5286.817
u    30521   9.98  83.57%   2.81%  13.62%   4859.769  4884.579
r    39241  10.00  78.85%   2.48%  18.67%   6626.211  6581.709
u    30566  10.06  84.38%   3.09%  12.53%   4769.065  4827.964
r    39241   9.95  78.04%   3.46%  18.51%   6644.184  6601.759
u    30374   9.91  82.04%   3.31%  14.65%   4933.605  4861.779
r    39426  10.03  80.45%   2.62%  16.93%   6497.665  6575.948
u    30662  10.06  82.97%   3.39%  13.65%   4846.259  4857.937
r    39304  10.60  77.01%   2.66%  20.33%   6394.680  6539.558
u    30473  13.67  84.81%   3.31%  11.89%   3474.148  4504.396
LINPACK benchmark ./linpack-btver2, Double precision.
Machine precision:  15 digits.
Array size 200 X 200.
Memory required:  315K.
      Reps Time(s) DGEFA   DGESL  OVERHEAD    MFLOPS
------------------------------------------------------
r     2048   0.75  75.23%   2.13%  22.64%   4840.941  4840.941
r    27270   9.67  82.25%   4.21%  13.54%   4478.689  4502.224
u     2048   0.58  62.05%  10.92%  27.04%   6680.728  6680.728
u    35493   9.55  73.39%   3.24%  23.38%   6662.619  6663.604
r    28194  11.28  81.89%   2.64%  15.47%   4060.378  4274.211
u    37173  10.14  76.40%   2.14%  21.46%   6410.211  6535.076
r    24992   8.80  82.61%   2.31%  15.08%   4594.692  4366.469
u    36659   9.83  74.24%   2.88%  22.88%   6642.700  6570.114
r    28409   9.83  79.73%   2.25%  18.02%   4842.376  4479.225
u    37300  10.00  75.51%   2.33%  22.16%   6580.850  6572.804
r    28906  10.03  82.72%   2.97%  14.31%   4618.145  4507.255
u    37300   9.94  76.38%   2.02%  21.60%   6574.937  6573.232
LINPACK benchmark ./linpackC-btver2, Double precision.
Machine precision:  15 digits.
Array size 200 X 200.
Memory required:  315K.
      Reps Time(s) DGEFA   DGESL  OVERHEAD    MFLOPS
------------------------------------------------------
r     2048   0.62  75.52%   0.00%  24.48%   5958.870  5958.870
r    32768   9.80  79.32%   2.73%  17.96%   5599.277  5619.224
u     2048   0.77  89.69%   0.00%  10.31%   4094.013  4094.013
u    26736  10.11  83.22%   3.72%  13.06%   4177.183  4171.154
r    33450  10.02  84.91%   3.12%  11.97%   5210.753  5411.369
u    26445  10.05  84.57%   3.29%  12.13%   4113.933  4143.558
r    33399   9.97  81.55%   2.49%  15.96%   5474.810  5432.048
u    26321   9.95  84.58%   4.11%  11.31%   4095.107  4127.795
r    33502  10.11  80.07%   3.07%  16.86%   5474.053  5442.399
u    26445  10.03  83.19%   4.24%  12.57%   4141.140  4131.055
r    33137  10.00  81.24%   3.45%  15.31%   5373.497  5428.694
u    26363  10.03  82.20%   5.84%  11.96%   4099.783  4124.881
LINPACK benchmark ./linpack-core2, Double precision.
Machine precision:  15 digits.
Array size 200 X 200.
Memory required:  315K.
      Reps Time(s) DGEFA   DGESL  OVERHEAD    MFLOPS
------------------------------------------------------
r     2048   0.91  89.51%   0.00%  10.49%   3468.048  3468.048
r    22604   9.67  83.54%   3.24%  13.22%   3698.657  3678.337
u     2048   0.75  85.33%   4.27%  10.40%   4185.397  4185.397
u    27306  10.45  80.60%   2.85%  16.55%   4299.007  4290.881
r    23370  10.48  83.97%   3.73%  12.30%   3490.462  3584.446
u    26122   9.84  82.03%   3.85%  14.12%   4243.460  4268.421
r    22288   9.53  86.37%   2.46%  11.17%   3615.504  3594.233
u    26535  10.11  83.51%   1.71%  14.78%   4229.503  4255.751
r    23384  10.02  82.70%   3.45%  13.85%   3721.639  3625.207
u    26246   9.91  82.36%   3.32%  14.32%   4247.026  4253.632
r    23346  10.00  82.61%   3.46%  13.93%   3724.656  3644.618
u    26497   9.98  80.59%   2.53%  16.88%   4384.771  4278.795
LINPACK benchmark ./linpackC-core2, Double precision.
Machine precision:  15 digits.
Array size 200 X 200.
Memory required:  315K.
      Reps Time(s) DGEFA   DGESL  OVERHEAD    MFLOPS
------------------------------------------------------
r     2048   0.50  78.20%   9.20%  12.60%   6436.125  6436.125
r    40960  10.06  79.63%   3.72%  16.66%   6707.815  6694.358
u     2048   0.69  90.84%   0.00%   9.16%   4500.139  4500.139
u    29767  10.00  82.79%   3.88%  13.33%   4716.743  4702.174
r    40707  10.14  80.13%   2.79%  17.08%   6648.148  6671.808
u    29767   9.95  87.52%   2.52%   9.96%   4561.992  4633.354
r    40141   9.91  80.57%   2.09%  17.34%   6731.832  6691.144
u    29910   9.84  83.99%   4.42%  11.59%   4719.798  4661.263
r    40517   9.94  79.77%   2.81%  17.42%   6780.812  6713.026
u    30383  10.02  84.21%   2.52%  13.28%   4803.821  4696.005
r    40773  10.05  80.45%   3.85%  15.70%   6611.751  6692.651
u    30334  10.05  85.41%   2.66%  11.93%   4708.261  4698.442
LINPACK benchmark ./linpack-core-avx-i, Double precision.
Machine precision:  15 digits.
Array size 200 X 200.
Memory required:  315K.
      Reps Time(s) DGEFA   DGESL  OVERHEAD    MFLOPS
------------------------------------------------------
r     2048   0.58  86.33%   0.00%  13.67%   5636.446  5636.446
r    35432  10.06  76.66%   3.09%  20.25%   6063.545  6038.542
u     2048   0.55  73.99%   5.86%  20.15%   6450.887  6450.887
u    37509   9.83  77.10%   4.12%  18.78%   6452.757  6452.660
r    35210   9.86  79.86%   2.82%  17.32%   5932.409  5986.663
u    38161  10.05  74.19%   3.88%  21.93%   6681.256  6562.917
r    35713  10.06  73.70%   4.07%  22.22%   6267.040  6076.219
u    37982   9.99  75.29%   2.30%  22.40%   6732.311  6617.578
r    35492  10.23  77.28%   2.90%  19.82%   5939.842  6042.003
u    38039  10.12  77.79%   2.93%  19.28%   6391.806  6560.244
r    34680   9.72  79.64%   3.06%  17.31%   5925.992  6019.119
u    37569   9.98  74.21%   3.72%  22.08%   6631.717  6574.158
LINPACK benchmark ./linpackC-core-avx-i, Double precision.
Machine precision:  15 digits.
Array size 200 X 200.
Memory required:  315K.
      Reps Time(s) DGEFA   DGESL  OVERHEAD    MFLOPS
------------------------------------------------------
r     2048   0.53  91.53%   0.00%   8.47%   5787.215  5787.215
r    38568   9.97  79.37%   1.71%  18.93%   6553.665  6510.190
u     2048   0.67  95.39%   0.00%   4.61%   4387.811  4387.811
u    30476  10.12  83.85%   2.33%  13.82%   4796.437  4768.474
r    38687  10.08  82.10%   4.20%  13.70%   6109.020  6308.106
u    30099   9.86  85.13%   2.70%  12.17%   4773.757  4771.012
r    38387   9.95  80.24%   3.92%  15.84%   6293.953  6303.483
u    30529  10.08  84.81%   2.81%  12.38%   4747.650  4763.330
r    38568  10.02  79.07%   3.83%  17.09%   6379.227  6322.010
u    30289   9.88  85.74%   1.90%  12.35%   4806.111  4773.756
r    38510   9.94  79.06%   3.60%  17.34%   6437.866  6344.586
u    30672  10.03  82.54%   3.90%  13.57%   4857.903  4790.270
LINPACK benchmark ./linpack-corei7, Double precision.
Machine precision:  15 digits.
Array size 200 X 200.
Memory required:  315K.
      Reps Time(s) DGEFA   DGESL  OVERHEAD    MFLOPS
------------------------------------------------------
r     2048   0.70  89.05%   2.13%   8.82%   4387.811  4387.811
r    29132   9.92  81.02%   2.81%  16.17%   4809.804  4779.611
u     2048   0.53  67.74%  11.51%  20.75%   6696.635  6696.635
u    38641   9.95  74.58%   3.64%  21.78%   6815.691  6809.598
r    29361  10.05  80.71%   2.97%  16.32%   4796.864  4787.963
u    38819   9.95  75.77%   2.79%  21.44%   6818.190  6813.790
r    29226   9.98  80.81%   4.05%  15.14%   4737.052  4771.268
u    39002  10.05  75.74%   2.18%  22.08%   6841.582  6822.912
r    29269   9.97  79.18%   2.82%  18.01%   4917.555  4806.424
u    38819   9.98  76.18%   3.25%  20.57%   6722.752  6797.922
r    29360  10.02  82.55%   1.87%  15.59%   4768.902  4798.954
u    38881  10.03  75.27%   4.43%  20.31%   6679.581  6774.140
LINPACK benchmark ./linpackC-corei7, Double precision.
Machine precision:  15 digits.
Array size 200 X 200.
Memory required:  315K.
      Reps Time(s) DGEFA   DGESL  OVERHEAD    MFLOPS
------------------------------------------------------
r     2048   0.50  90.40%   0.00%   9.60%   6222.537  6222.537
r    40960  10.06  79.81%   2.81%  17.38%   6766.719  6738.656
u     2048   0.67  90.63%   2.38%   6.99%   4500.139  4500.139
u    30476   9.98  84.00%   2.81%  13.18%   4828.531  4806.445
r    40707   9.97  80.85%   2.82%  16.33%   6702.347  6720.952
u    30524  10.03  81.94%   3.89%  14.17%   4868.714  4836.392
r    40833  10.00  78.48%   3.44%  18.08%   6845.376  6761.243
u    30426  10.11  85.74%   2.18%  12.09%   4701.816  4791.749
r    40833  10.12  79.30%   3.24%  17.46%   6710.221  6748.573
u    30097   9.95  85.46%   3.72%  10.82%   4656.739  4758.150
r    40328  10.00  81.99%   3.28%  14.73%   6495.108  6697.336
u    30239   9.91  85.62%   3.78%  10.60%   4689.276  4744.450
LINPACK benchmark ./linpack-corei7-avx, Double precision.
Machine precision:  15 digits.
Array size 200 X 200.
Memory required:  315K.
      Reps Time(s) DGEFA   DGESL  OVERHEAD    MFLOPS
------------------------------------------------------
r     2048   0.58  83.74%   2.77%  13.49%   5625.173  5625.173
r    35432  10.08  74.54%   2.98%  22.48%   6228.872  6192.557
u     2048   0.53  82.49%   5.84%  11.68%   5996.986  5996.986
u    38568  10.08  77.60%   3.54%  18.86%   6476.733  6450.712
r    35157   9.91  80.43%   2.87%  16.71%   5851.688  6022.750
u    38265   9.97  76.62%   3.91%  19.47%   6546.730  6496.936
r    35490  10.00  78.24%   3.62%  18.14%   5954.019  6000.017
u    38387  10.06  75.87%   3.29%  20.84%   6617.894  6536.041
r    35490   9.98  78.57%   3.46%  17.98%   5951.838  5988.039
u    38146  10.19  74.98%   3.83%  21.19%   6525.557  6533.465
r    35546   9.95  78.38%   2.82%  18.80%   6039.405  5998.160
u    37445   9.80  77.40%   3.01%  19.59%   6527.604  6532.326
LINPACK benchmark ./linpackC-corei7-avx, Double precision.
Machine precision:  15 digits.
Array size 200 X 200.
Memory required:  315K.
      Reps Time(s) DGEFA   DGESL  OVERHEAD    MFLOPS
------------------------------------------------------
r     2048   0.55  80.07%   5.85%  14.08%   5984.227  5984.227
r    37440   9.72  81.54%   3.23%  15.23%   6241.515  6227.628
u     2048   0.67  76.75%   7.00%  16.24%   5004.603  5004.603
u    30521   9.98  83.96%   2.78%  13.25%   4839.569  4849.625
r    38526   9.98  83.90%   1.89%  14.21%   6176.633  6202.340
u    30569  10.02  84.80%   2.50%  12.70%   4801.170  4826.043
r    38583   9.89  82.96%   2.54%  14.50%   6266.239  6223.340
u    30520   9.94  83.63%   2.35%  14.02%   4905.106  4851.526
r    39012  10.19  81.46%   2.13%  16.41%   6292.012  6240.415
u    30710  10.19  80.44%   2.44%  17.12%   4995.270  4886.246
r    38295   9.81  81.93%   2.22%  15.85%   6368.588  6265.318
u    30146   9.84  84.73%   2.22%  13.04%   4836.508  4876.462
LINPACK benchmark ./linpack-eden-x2, Double precision.
Machine precision:  15 digits.
Array size 200 X 200.
Memory required:  315K.
      Reps Time(s) DGEFA   DGESL  OVERHEAD    MFLOPS
------------------------------------------------------
r      512   0.69  93.02%   4.65%   2.33%   1046.349  1046.349
r     7441   9.81  90.98%   3.66%   5.36%   1100.352  1096.709
u      512   0.69  83.99%   4.51%  11.50%   1156.491  1156.491
u     7452   9.81  92.79%   2.57%   4.64%   1093.735  1097.564
r     7582  10.03  90.61%   3.00%   6.39%   1108.786  1102.570
u     7594  10.03  90.82%   3.26%   5.92%   1105.128  1101.243
r     7557  10.08  91.76%   2.34%   5.89%   1094.294  1099.848
u     7570  10.12  90.55%   3.88%   5.57%   1087.348  1096.656
r     7498   9.94  93.48%   3.09%   3.43%   1072.966  1093.135
u     7476   9.89  93.67%   2.03%   4.30%   1084.737  1093.721
r     7544  10.03  91.87%   2.81%   5.32%   1090.916  1092.695
u     7559  10.00  93.15%   1.84%   5.01%   1092.855  1093.549
LINPACK benchmark ./linpack-eden-x4, Double precision.
Machine precision:  15 digits.
Array size 200 X 200.
Memory required:  315K.
      Reps Time(s) DGEFA   DGESL  OVERHEAD    MFLOPS
------------------------------------------------------
r      512   0.69  90.99%   6.83%   2.18%   1044.794  1044.794
r     7441   9.86  91.94%   2.68%   5.39%   1095.516  1092.103
u      512   0.67  86.31%   0.00%  13.69%   1212.322  1212.322
u     7619  10.12  93.17%   4.34%   2.50%   1059.910  1068.367
r     7547   9.97  92.43%   3.01%   4.56%   1089.514  1090.841
u     7524  10.02  91.41%   3.44%   5.14%   1087.566  1077.509
r     7571  10.05  90.87%   3.88%   5.25%   1092.175  1091.278
u     7511   9.97  92.25%   3.22%   4.53%   1083.861  1079.560
r     7535  10.00  92.39%   2.93%   4.68%   1085.613  1089.878
u     7534  10.00  92.68%   2.15%   5.17%   1091.078  1082.364
r     7534   9.92  91.68%   3.63%   4.70%   1094.193  1090.728
u     7534   9.97  91.71%   3.63%   4.65%   1088.553  1083.578
LINPACK benchmark ./linpack-generic, Double precision.
Machine precision:  15 digits.
Array size 200 X 200.
Memory required:  315K.
      Reps Time(s) DGEFA   DGESL  OVERHEAD    MFLOPS
------------------------------------------------------
r     2048   0.69  86.32%   0.00%  13.68%   4742.979  4742.979
r    29810  10.11  80.05%   3.25%  16.70%   4861.545  4853.745
u     2048   0.53  71.24%   5.83%  22.93%   6859.967  6859.967
u    38496   9.89  78.65%   2.38%  18.98%   6597.759  6610.522
r    29488   9.92  83.62%   1.84%  14.53%   4775.572  4815.852
u    38924   9.94  74.54%   4.55%  20.91%   6800.970  6702.454
r    29719   9.94  82.36%   2.64%  15.00%   4832.358  4821.226
u    39166  10.06  75.74%   2.75%  21.50%   6809.466  6737.409
r    29907  10.12  80.74%   2.49%  16.77%   4874.469  4834.280
u    38920  10.16  73.13%   3.38%  23.49%   6878.154  6771.638
r    29540   9.91  78.70%   2.18%  19.12%   5063.438  4877.605
u    38318   9.88  74.17%   3.00%  22.84%   6905.956  6797.502
LINPACK benchmark ./linpack-goldmont, Double precision.
Machine precision:  15 digits.
Array size 200 X 200.
Memory required:  315K.
      Reps Time(s) DGEFA   DGESL  OVERHEAD    MFLOPS
------------------------------------------------------
r     2048   0.67  76.49%  14.14%   9.37%   4618.369  4618.369
r    30476  10.09  81.77%   3.10%  15.13%   4886.027  4868.261
u     2048   0.53  73.31%   5.83%  20.86%   6680.728  6680.728
u    38496   9.87  76.72%   2.39%  20.89%   6768.383  6763.900
r    30195  10.02  82.12%   2.23%  15.65%   4908.594  4887.595
u    38987  10.05  74.58%   2.62%  22.80%   6903.320  6831.534
r    30146  10.03  81.53%   2.79%  15.68%   4894.255  4889.755
u    38804  10.06  73.95%   2.50%  23.54%   6927.184  6862.607
r    30049   9.97  80.62%   2.81%  16.57%   4961.800  4907.174
u    38564   9.92  75.73%   2.67%  21.60%   6809.106  6849.379
r    30142   9.94  79.62%   2.34%  18.03%   5081.637  4940.578
u    38871  10.25  73.40%   3.21%  23.39%   6797.764  6839.069
LINPACK benchmark ./linpackC-goldmont, Double precision.
Machine precision:  15 digits.
Array size 200 X 200.
Memory required:  315K.
      Reps Time(s) DGEFA   DGESL  OVERHEAD    MFLOPS
------------------------------------------------------
r     2048   0.52  69.51%   6.02%  24.47%   7230.300  7230.300
r    39766  10.14  77.48%   3.11%  19.42%   6682.816  6707.693
u     2048   0.69  90.99%   0.00%   9.01%   4492.950  4492.950
u    29767   9.94  82.67%   3.62%  13.71%   4767.348  4748.679
r    39213  10.00  79.46%   4.58%  15.96%   6407.963  6559.215
u    29955  10.06  82.91%   3.44%  13.66%   4735.060  4742.065
r    39213   9.97  78.77%   3.78%  17.45%   6543.441  6554.062
u    29770   9.87  82.50%   2.86%  14.64%   4850.989  4776.948
r    39330   9.98  79.04%   3.90%  17.07%   6522.546  6546.266
u    30149   9.97  83.38%   2.49%  14.14%   4837.554  4791.821
r    39389  10.02  79.55%   2.68%  17.77%   6568.022  6550.562
u    30245   9.98  82.43%   2.81%  14.75%   4880.327  4809.183
LINPACK benchmark ./linpack-goldmont-plus, Double precision.
Machine precision:  15 digits.
Array size 200 X 200.
Memory required:  315K.
      Reps Time(s) DGEFA   DGESL  OVERHEAD    MFLOPS
------------------------------------------------------
r     2048   0.70  71.12%   2.13%  26.74%   5461.333  5461.333
r    29132   9.59  82.27%   1.95%  15.78%   4952.091  4982.608
u     2048   0.53  85.31%   0.00%  14.69%   6208.801  6208.801
u    38568   9.91  75.38%   2.89%  21.73%   6830.890  6796.553
r    30367  10.08  79.25%   2.17%  18.58%   5082.137  5031.223
u    38930   9.97  74.20%   3.28%  22.52%   6922.681  6857.701
r    30131   9.94  81.98%   1.39%  16.63%   4994.557  5019.113
u    39054  10.06  74.21%   4.79%  21.00%   6746.435  6820.659
r    30318  10.40  84.34%   2.57%  13.09%   4604.304  4909.200
u    38809  10.03  78.17%   2.03%  19.80%   6624.123  6771.128
r    29137   9.80  77.36%   2.89%  19.75%   5089.648  4942.986
u    38685  11.95  74.59%   3.90%  21.51%   5662.695  6519.377
LINPACK benchmark ./linpackC-goldmont-plus, Double precision.
Machine precision:  15 digits.
Array size 200 X 200.
Memory required:  315K.
      Reps Time(s) DGEFA   DGESL  OVERHEAD    MFLOPS
------------------------------------------------------
r     2048   0.69  84.43%   0.00%  15.57%   4849.287  4849.287
r    29810  10.72  80.43%   2.16%  17.41%   4624.316  4638.148
u     2048   0.94  83.16%   1.71%  15.14%   3533.400  3533.400
u    21833   9.28  85.38%   2.19%  12.44%   3689.883  3675.922
r    27810   8.58  79.57%   4.22%  16.21%   5313.356  4930.152
u    23526  10.47  81.04%   2.97%  15.99%   3673.569  3674.754
r    32416  10.45  78.04%   3.56%  18.41%   5219.601  5028.311
u    22472   9.73  83.60%   2.89%  13.51%   3665.702  3671.838
r    31011   8.08  81.17%   2.10%  16.72%   6330.971  5303.211
u    23086   7.80  80.96%   3.64%  15.40%   4805.938  3900.404
r    38389   9.89  81.10%   3.65%  15.25%   6289.775  5508.616
u    29605   9.97  85.45%   2.21%  12.34%   4652.956  4058.968
LINPACK benchmark ./linpack-ivybridge, Double precision.
Machine precision:  15 digits.
Array size 200 X 200.
Memory required:  315K.
      Reps Time(s) DGEFA   DGESL  OVERHEAD    MFLOPS
------------------------------------------------------
r     2048   0.56  88.99%   0.00%  11.01%   5613.945  5613.945
r    36376  10.33  79.31%   3.33%  17.36%   5853.805  5840.505
u     2048   0.56  60.92%   5.33%  33.75%   7540.447  7540.447
u    36376   9.59  75.27%   3.74%  20.98%   6590.551  6635.101
r    35224  10.02  75.95%   4.96%  19.09%   5969.187  5901.351
u    37919   9.95  76.36%   3.93%  19.71%   6516.760  6575.789
r    35167   9.88  78.89%   3.01%  18.10%   5971.317  5923.783
u    38098   9.98  74.36%   2.98%  22.66%   6775.609  6640.989
r    35608  10.02  76.43%   2.33%  21.25%   6200.286  5989.639
u    38159  10.02  76.16%   3.86%  19.98%   6538.369  6615.027
r    35554   9.98  78.08%   3.47%  18.46%   5996.990  5991.090
u    38098  10.02  74.70%   2.63%  22.68%   6756.360  6642.788
LINPACK benchmark ./linpackC-ivybridge, Double precision.
Machine precision:  15 digits.
Array size 200 X 200.
Memory required:  315K.
      Reps Time(s) DGEFA   DGESL  OVERHEAD    MFLOPS
------------------------------------------------------
r     2048   0.53  79.10%   3.01%  17.89%   6450.887  6450.887
r    38568  10.02  82.60%   2.31%  15.10%   6229.180  6239.994
u     2048   0.70  80.26%   0.00%  19.74%   4978.029  4978.029
u    29090   9.59  85.60%   2.24%  12.16%   4740.746  4755.655
r    38510   9.95  81.62%   2.19%  16.19%   6340.615  6288.563
u    30321   9.92  82.98%   1.88%  15.14%   4945.468  4847.444
r    38695   9.97  79.92%   2.68%  17.40%   6453.866  6341.911
u    30559   9.97  80.65%   2.85%  16.50%   5041.770  4910.296
r    38815  10.56  79.01%   4.00%  16.99%   6079.600  6274.822
u    30654  10.00  86.08%   2.81%  11.11%   4735.984  4865.546
r    36749   9.48  81.51%   3.08%  15.41%   6290.493  6277.794
u    30654  10.06  86.01%   3.00%  10.99%   4700.029  4831.529
LINPACK benchmark ./linpack-k8, Double precision.
Machine precision:  15 digits.
Array size 200 X 200.
Memory required:  315K.
      Reps Time(s) DGEFA   DGESL  OVERHEAD    MFLOPS
------------------------------------------------------
r      512   0.70  93.17%   6.83%   0.00%   1000.209  1000.209
r     7283   9.65  91.82%   2.57%   5.61%   1097.551  1090.580
u      512   0.69  88.50%   2.18%   9.32%   1128.646  1128.646
u     7452   9.92  92.57%   1.75%   5.67%   1093.618  1095.805
r     7543  10.03  91.07%   2.96%   5.97%   1098.172  1094.300
u     7511   9.94  92.28%   3.14%   4.58%   1087.862  1091.935
r     7518  10.00  92.23%   2.81%   4.96%   1086.241  1091.636
u     7558  10.08  90.67%   3.12%   6.21%   1098.144  1093.965
r     7517  10.05  93.27%   2.19%   4.54%   1076.470  1087.843
u     7499   9.89  90.42%   3.49%   6.10%   1108.810  1097.574
r     7482   9.91  93.71%   2.21%   4.08%   1081.267  1086.537
u     7581  10.05  91.75%   2.32%   5.93%   1101.719  1098.396
LINPACK benchmark ./linpackC-k8, Double precision.
Machine precision:  15 digits.
Array size 200 X 200.
Memory required:  315K.
      Reps Time(s) DGEFA   DGESL  OVERHEAD    MFLOPS
------------------------------------------------------
r     2048   0.53  76.50%   3.01%  20.49%   6649.141  6649.141
r    38496  10.02  79.93%   2.62%  17.45%   6395.045  6407.414
u     2048   0.70  88.76%   4.55%   6.69%   4287.480  4287.480
u    29132   9.67  84.53%   2.71%  12.76%   4741.402  4708.658
r    38438  10.08  76.54%   4.04%  19.42%   6500.208  6452.240
u    30119  10.00  83.60%   3.11%  13.29%   4770.318  4738.754
r    38140   9.89  84.63%   2.21%  13.15%   6098.374  6332.581
u    30119   9.98  83.53%   4.11%  12.37%   4727.249  4734.957
r    38564  10.05  81.09%   3.54%  15.37%   6229.267  6306.671
u    30164  10.17  81.75%   3.55%  14.71%   4774.142  4744.618
r    38387   9.83  78.85%   3.35%  17.81%   6526.138  6348.902
u    29651   9.80  85.35%   2.68%  11.96%   4721.241  4740.017
LINPACK benchmark ./linpack-k8-sse3, Double precision.
Machine precision:  15 digits.
Array size 200 X 200.
Memory required:  315K.
      Reps Time(s) DGEFA   DGESL  OVERHEAD    MFLOPS
------------------------------------------------------
r      512   0.67  93.15%   2.38%   4.46%   1095.244  1095.244
r     7619  10.09  90.44%   3.55%   6.01%   1102.923  1102.436
u      512   0.69  90.84%   4.65%   4.51%   1070.238  1070.238
u     7441   9.83  92.07%   2.53%   5.39%   1099.051  1097.149
r     7548   9.92  89.43%   4.11%   6.46%   1116.897  1109.351
u     7571  10.03  92.41%   3.27%   4.32%   1083.299  1090.351
r     7607  10.20  91.63%   3.52%   4.85%   1076.117  1098.270
u     7547  10.50  89.91%   3.13%   6.95%   1060.854  1080.523
r     7455  10.00  92.99%   2.15%   4.86%   1076.119  1092.815
u     7187   9.52  92.16%   2.44%   5.40%   1096.439  1084.261
r     7454   9.89  90.52%   1.74%   7.75%   1121.967  1098.385
u     7552  10.06  93.17%   2.34%   4.49%   1079.231  1083.253
LINPACK benchmark ./linpackC-k8-sse3, Double precision.
Machine precision:  15 digits.
Array size 200 X 200.
Memory required:  315K.
      Reps Time(s) DGEFA   DGESL  OVERHEAD    MFLOPS
------------------------------------------------------
r     2048   0.53  67.11%   9.02%  23.87%   6944.658  6944.658
r    38496   9.92  77.92%   4.60%  17.49%   6457.535  6480.497
u     2048   0.72  84.68%   2.23%  13.09%   4507.350  4507.350
u    28523   9.47  83.44%   3.13%  13.43%   4778.771  4759.571
r    38798  10.09  80.60%   2.64%  16.76%   6341.655  6411.852
u    30122  10.03  82.92%   3.57%  13.51%   4768.044  4763.772
r    38436  10.11  77.55%   4.06%  18.40%   6398.235  6407.402
u    30028   9.88  85.35%   2.35%  12.30%   4761.946  4763.168
r    38017   9.80  80.52%   2.89%  16.59%   6389.672  6403.066
u    30408  10.00  84.53%   3.90%  11.57%   4721.882  4752.735
r    38808   9.95  80.40%   2.22%  17.38%   6482.160  6418.685
u    30404  10.09  83.03%   3.83%  13.14%   4762.184  4754.628
LINPACK benchmark ./linpack-nano, Double precision.
Machine precision:  15 digits.
Array size 200 X 200.
Memory required:  315K.
      Reps Time(s) DGEFA   DGESL  OVERHEAD    MFLOPS
------------------------------------------------------
r      512   0.67  95.24%   2.38%   2.38%   1071.870  1071.870
r     7619  10.14  91.37%   2.31%   6.32%   1101.529  1099.613
u      512   0.70  97.87%   2.13%   0.00%   1000.209  1000.209
u     7283   9.67  92.03%   3.08%   4.89%   1087.291  1081.108
r     7513   9.95  91.83%   2.69%   5.48%   1096.711  1098.217
u     7529   9.97  91.85%   2.34%   5.81%   1101.153  1090.865
r     7548  10.02  92.37%   2.64%   4.99%   1089.315  1095.304
u     7552  10.03  90.83%   2.97%   6.20%   1102.404  1094.647
r     7535  10.00  91.55%   1.84%   6.61%   1107.930  1098.374
u     7529  10.03  92.55%   2.65%   4.80%   1082.704  1091.665
r     7534  10.05  91.46%   3.74%   4.80%   1081.724  1095.055
u     7505   9.92  91.51%   2.99%   5.49%   1099.165  1093.142
LINPACK benchmark ./linpack-nano-1000, Double precision.
Machine precision:  15 digits.
Array size 200 X 200.
Memory required:  315K.
      Reps Time(s) DGEFA   DGESL  OVERHEAD    MFLOPS
------------------------------------------------------
r      512   0.70  91.19%   0.00%   8.81%   1095.244  1095.244
r     7272   9.61  91.21%   2.59%   6.20%   1108.053  1107.201
u      512   0.69  97.67%   0.00%   2.33%   1047.909  1047.909
u     7452   9.86  91.80%   2.50%   5.70%   1100.794  1097.234
r     7567   9.95  90.78%   2.65%   6.57%   1117.421  1112.215
u     7558   9.98  91.59%   4.20%   4.22%   1085.397  1091.438
r     7601  10.09  92.54%   2.50%   4.96%   1088.159  1104.132
u     7570  10.03  91.28%   3.43%   5.29%   1094.330  1092.384
r     7530  10.00  91.20%   2.37%   6.43%   1105.183  1104.391
u     7546  10.02  92.83%   2.95%   4.22%   1080.285  1089.379
r     7529   9.95  91.36%   3.17%   5.47%   1098.929  1103.305
u     7533  10.00  93.43%   1.87%   4.70%   1085.553  1088.622
LINPACK benchmark ./linpack-nano-2000, Double precision.
Machine precision:  15 digits.
Array size 200 X 200.
Memory required:  315K.
      Reps Time(s) DGEFA   DGESL  OVERHEAD    MFLOPS
------------------------------------------------------
r      512   0.69  88.52%   2.33%   9.16%   1125.035  1125.035
r     7441   9.92  90.58%   3.95%   5.47%   1089.675  1091.884
u      512   0.67  88.24%   4.76%   6.99%   1125.035  1125.035
u     7619  10.06  92.01%   1.58%   6.41%   1111.121  1111.987
r     7500   9.95  92.46%   2.99%   4.55%   1084.096  1088.091
u     7572  10.02  91.40%   3.38%   5.21%   1095.426  1103.939
r     7534  10.16  89.81%   2.78%   7.41%   1100.361  1092.082
u     7560  10.06  91.75%   3.12%   5.13%   1087.504  1098.544
r     7418   9.83  92.50%   2.69%   4.81%   1088.978  1091.323
u     7512   9.94  92.43%   2.84%   4.73%   1089.616  1096.351
r     7547  10.05  92.36%   2.50%   5.15%   1087.570  1090.575
u     7558  10.05  91.57%   3.08%   5.35%   1091.561  1095.403
LINPACK benchmark ./linpack-nano-3000, Double precision.
Machine precision:  15 digits.
Array size 200 X 200.
Memory required:  315K.
      Reps Time(s) DGEFA   DGESL  OVERHEAD    MFLOPS
------------------------------------------------------
r      512   0.69  95.34%   0.00%   4.66%   1073.506  1073.506
r     7452   9.84  93.17%   2.57%   4.26%   1085.959  1085.150
u      512   0.67  93.29%   2.24%   4.47%   1096.953  1096.953
u     7630  10.08  91.96%   3.59%   4.44%   1088.001  1088.559
r     7570   9.98  92.01%   2.66%   5.33%   1099.887  1092.282
u     7570  10.00  90.89%   3.43%   5.68%   1102.219  1095.098
r     7582  10.02  92.02%   2.52%   5.46%   1099.653  1094.689
u     7570  10.05  92.54%   2.48%   4.98%   1089.056  1093.126
r     7569  10.06  91.74%   3.10%   5.16%   1089.141  1093.315
u     7535  10.02  93.15%   2.94%   3.91%   1075.347  1088.725
r     7521   9.92  92.25%   1.74%   6.01%   1107.413  1096.062
u     7523   9.95  91.01%   3.34%   5.66%   1100.393  1090.995
LINPACK benchmark ./linpack-nano-x2, Double precision.
Machine precision:  15 digits.
Array size 200 X 200.
Memory required:  315K.
      Reps Time(s) DGEFA   DGESL  OVERHEAD    MFLOPS
------------------------------------------------------
r      512   0.70  93.32%   6.68%   0.00%    998.788   998.788
r     7272   9.62  93.99%   1.78%   4.23%   1083.528  1077.515
u      512   0.67  90.77%   2.23%   6.99%   1125.035  1125.035
u     7619  10.14  91.86%   3.72%   4.42%   1079.483  1082.242
r     7556  10.02  91.58%   2.69%   5.73%   1099.132  1088.056
u     7513   9.94  93.16%   2.02%   4.82%   1090.682  1086.279
r     7544   9.97  91.08%   3.44%   5.48%   1099.600  1091.834
u     7559  10.08  90.73%   3.23%   6.03%   1096.201  1089.492
r     7568  10.06  90.79%   3.74%   5.48%   1092.660  1092.040
u     7500   9.97  92.07%   3.09%   4.84%   1085.811  1088.590
r     7520  10.02  92.02%   1.72%   6.26%   1099.954  1093.598
u     7524  10.00  92.69%   2.32%   4.99%   1087.566  1088.388
LINPACK benchmark ./linpack-nano-x4, Double precision.
Machine precision:  15 digits.
Array size 200 X 200.
Memory required:  315K.
      Reps Time(s) DGEFA   DGESL  OVERHEAD    MFLOPS
------------------------------------------------------
r      512   0.67  81.40%   6.85%  11.76%   1185.745  1185.745
r     7619  10.19  91.65%   3.25%   5.10%   1082.274  1088.254
u      512   0.66  95.27%   2.29%   2.44%   1098.667  1098.667
u     7804  10.47  91.38%   2.41%   6.21%   1091.617  1092.048
r     7478   9.94  91.85%   2.82%   5.33%   1091.601  1089.855
u     7455   9.94  92.28%   2.35%   5.36%   1088.707  1090.466
r     7524   9.95  91.64%   3.14%   5.21%   1095.173  1091.579
u     7502   9.97  92.47%   2.51%   5.03%   1088.165  1089.723
r     7558  10.03  92.05%   2.64%   5.30%   1092.710  1091.857
u     7525   9.97  91.21%   2.98%   5.81%   1100.685  1092.382
r     7534  10.05  91.88%   3.12%   5.01%   1084.104  1090.321
u     7549   9.98  90.93%   3.15%   5.92%   1103.608  1094.573
LINPACK benchmark ./linpack-native, Double precision.
Machine precision:  15 digits.
Array size 200 X 200.
Memory required:  315K.
      Reps Time(s) DGEFA   DGESL  OVERHEAD    MFLOPS
------------------------------------------------------
r     2048   0.58  70.29%   0.00%  29.71%   6910.532  6910.532
r    35371   9.95  77.91%   2.36%  19.73%   6080.382  6120.624
u     2048   0.53  70.68%   6.02%  23.31%   6893.595  6893.595
u    38496  10.09  73.92%   4.36%  21.73%   6691.285  6701.219
r    35538  10.08  75.68%   4.96%  19.36%   6005.355  6063.928
u    38137  10.17  73.13%   2.30%  24.57%   6825.859  6761.059
r    35262   9.97  76.35%   3.28%  20.37%   6100.590  6075.825
u    37492   9.81  76.44%   3.02%  20.54%   6603.695  6709.460
r    35375  10.02  76.56%   2.18%  21.27%   6161.277  6096.656
u    38206  10.06  75.68%   3.67%  20.65%   6571.017  6674.658
r    35322  10.00  81.32%   3.47%  15.21%   5721.061  6018.648
u    37966  10.03  77.10%   4.07%  18.83%   6403.042  6619.235
LINPACK benchmark ./linpack-nehalem, Double precision.
Machine precision:  15 digits.
Array size 200 X 200.
Memory required:  315K.
      Reps Time(s) DGEFA   DGESL  OVERHEAD    MFLOPS
------------------------------------------------------
r     2048   0.73  82.83%   2.18%  14.99%   4507.350  4507.350
r    27901   9.48  80.67%   2.77%  16.55%   4841.720  4817.283
u     2048   0.52  69.57%   0.00%  30.43%   7834.503  7834.503
u    39689  10.22  74.90%   3.37%  21.73%   6814.982  6858.779
r    29419  10.05  83.05%   3.30%  13.65%   4657.302  4736.656
u    38838  10.00  75.35%   4.37%  20.28%   6690.607  6776.675
r    29284   9.97  80.37%   2.71%  16.92%   4855.916  4775.397
u    38838  10.11  75.04%   3.70%  21.26%   6699.852  6751.497
r    29375  10.03  82.05%   3.28%  14.67%   4713.362  4759.805
u    38415   9.91  75.09%   3.60%  21.31%   6766.269  6755.086
r    29287  10.00  79.15%   3.59%  17.26%   4861.696  4779.720
u    38771  10.02  75.86%   2.36%  21.79%   6797.588  6763.426
LINPACK benchmark ./linpackC-nehalem, Double precision.
Machine precision:  15 digits.
Array size 200 X 200.
Memory required:  315K.
      Reps Time(s) DGEFA   DGESL  OVERHEAD    MFLOPS
------------------------------------------------------
r     4096   1.05  73.00%   1.53%  25.48%   7202.527  7202.527
r    39083   9.61  79.32%   2.75%  17.93%   6807.100  6842.737
u     2048   0.69  90.99%   2.18%   6.83%   4387.811  4387.811
u    29767   9.77  84.53%   2.55%  12.92%   4807.716  4778.281
r    40677  10.20  79.21%   2.46%  18.33%   6703.838  6774.648
u    30483  10.23  83.90%   4.44%  11.67%   4630.386  4704.752
r    39867   9.78  80.47%   3.06%  16.47%   6700.609  6750.613
u    29783   9.83  83.72%   3.29%  12.99%   4783.858  4730.051
r    40755  10.00  79.68%   2.79%  17.53%   6786.735  6759.527
u    30307   9.95  83.86%   3.14%  13.00%   4806.191  4748.680
r    40755  10.19  80.23%   3.07%  16.70%   6595.593  6726.328
u    30447  10.02  83.95%   1.71%  14.35%   4873.981  4773.125
LINPACK benchmark ./linpack-nocona, Double precision.
Machine precision:  15 digits.
Array size 200 X 200.
Memory required:  315K.
      Reps Time(s) DGEFA   DGESL  OVERHEAD    MFLOPS
------------------------------------------------------
r     2048   0.72  80.50%   4.46%  15.04%   4610.798  4610.798
r    28523   9.80  85.52%   3.02%  11.45%   4515.977  4522.207
u     2048   0.73  80.79%   2.18%  17.03%   4618.369  4618.369
u    27901   9.86  81.10%   2.06%  16.85%   4673.420  4669.614
r    29116  10.05  79.50%   3.71%  16.79%   4783.011  4645.780
u    28297  10.11  83.00%   2.78%  14.22%   4481.745  4576.416
r    28979  10.06  84.31%   2.96%  12.73%   4531.750  4607.885
u    27991   9.84  84.74%   3.32%  11.94%   4434.815  4529.474
r    28797   9.94  82.14%   2.52%  15.35%   4700.806  4630.324
u    28437  10.16  83.68%   4.01%  12.31%   4385.075  4492.786
r    28976   9.98  83.91%   2.34%  13.74%   4620.728  4628.422
u    28000   9.92  83.45%   4.39%  12.15%   4411.304  4476.558
LINPACK benchmark ./linpackC-nocona, Double precision.
Machine precision:  15 digits.
Array size 200 X 200.
Memory required:  315K.
      Reps Time(s) DGEFA   DGESL  OVERHEAD    MFLOPS
------------------------------------------------------
r     2048   0.53  79.62%   5.85%  14.53%   6208.801  6208.801
r    38641  10.48  77.75%   2.99%  19.26%   6268.246  6265.227
u     2048   0.69  82.10%   2.18%  15.72%   4857.663  4857.663
u    29810   9.88  83.99%   3.04%  12.97%   4763.680  4769.612
r    36853   9.41  78.68%   4.81%  16.51%   6444.856  6349.333
u    30187  10.03  85.39%   2.50%  12.11%   4702.452  4736.698
r    39180  10.03  80.47%   2.16%  17.36%   6490.615  6396.066
u    30093  10.02  86.04%   2.79%  11.17%   4645.130  4706.397
r    39055  10.19  76.85%   4.46%  18.69%   6476.157  6415.959
u    30044  10.05  83.87%   3.12%  13.02%   4721.413  4710.080
r    38341   9.89  77.17%   3.98%  18.85%   6559.733  6443.855
u    29903   9.94  83.72%   3.96%  12.32%   4712.737  4710.602
LINPACK benchmark ./linpack-opteron, Double precision.
Machine precision:  15 digits.
Array size 200 X 200.
Memory required:  315K.
      Reps Time(s) DGEFA   DGESL  OVERHEAD    MFLOPS
------------------------------------------------------
r      512   0.69  86.19%   9.16%   4.65%   1071.870  1071.870
r     7441   9.88  94.32%   1.88%   3.80%   1075.681  1075.435
u      512   0.69  93.31%   0.00%   6.69%   1095.244  1095.244
u     7441   9.88  91.04%   3.45%   5.51%   1095.164  1095.169
r     7535  10.03  91.76%   2.31%   5.93%   1096.658  1085.657
u     7535  10.02  93.93%   2.95%   3.13%   1066.591  1081.077
r     7511   9.92  92.82%   3.60%   3.58%   1078.197  1083.209
u     7523   9.95  91.04%   1.74%   7.22%   1118.742  1093.109
r     7570  10.02  92.08%   2.49%   5.43%   1097.681  1086.757
u     7557   9.98  92.24%   3.42%   4.35%   1086.617  1091.497
r     7558  10.17  92.92%   2.14%   4.94%   1073.387  1084.080
u     7568  10.03  90.79%   2.97%   6.24%   1105.092  1094.168
LINPACK benchmark ./linpackC-opteron, Double precision.
Machine precision:  15 digits.
Array size 200 X 200.
Memory required:  315K.
      Reps Time(s) DGEFA   DGESL  OVERHEAD    MFLOPS
------------------------------------------------------
r     2048   0.53  79.28%   3.01%  17.70%   6436.125  6436.125
r    38568   9.95  80.16%   2.65%  17.19%   6426.440  6426.928
u     2048   0.69  82.12%   4.51%  13.37%   4719.105  4719.105
u    29767   9.89  83.10%   2.98%  13.91%   4801.505  4796.114
r    38750   9.98  81.03%   2.17%  16.80%   6405.473  6416.435
u    30098   9.98  82.77%   3.60%  13.63%   4793.527  4794.856
r    38808  10.11  79.28%   3.06%  17.67%   6402.729  6411.927
u    30146  10.02  85.00%   3.14%  11.86%   4690.213  4760.079
r    38385  10.09  79.20%   2.95%  17.85%   6357.381  6398.467
u    30100  10.05  85.14%   3.73%  11.13%   4630.078  4727.373
r    38027   9.84  80.99%   2.86%  16.14%   6326.317  6384.238
u    29962   9.95  83.68%   2.17%  14.15%   4814.862  4744.353
LINPACK benchmark ./linpack-opteron-sse3, Double precision.
Machine precision:  15 digits.
Array size 200 X 200.
Memory required:  315K.
      Reps Time(s) DGEFA   DGESL  OVERHEAD    MFLOPS
------------------------------------------------------
r      512   0.69  95.49%   0.00%   4.51%   1071.870  1071.870
r     7452   9.86  92.29%   3.13%   4.57%   1087.806  1086.767
u      512   0.69  93.16%   2.33%   4.51%   1071.870  1071.870
u     7452   9.92  90.95%   2.52%   6.53%   1103.524  1101.433
r     7558  10.03  93.75%   2.19%   4.06%   1078.518  1082.735
u     7510   9.94  92.09%   3.60%   4.31%   1084.515  1093.156
r     7534   9.98  92.00%   3.46%   4.55%   1085.583  1083.664
u     7556  10.03  90.93%   2.35%   6.72%   1109.118  1098.342
r     7545   9.95  92.48%   3.11%   4.40%   1088.996  1084.974
u     7533   9.98  92.52%   2.95%   4.53%   1085.211  1095.076
r     7580  10.00  89.53%   5.17%   5.30%   1099.247  1087.778
u     7544   9.97  91.53%   2.82%   5.65%   1101.470  1096.336
LINPACK benchmark ./linpackC-opteron-sse3, Double precision.
Machine precision:  15 digits.
Array size 200 X 200.
Memory required:  315K.
      Reps Time(s) DGEFA   DGESL  OVERHEAD    MFLOPS
------------------------------------------------------
r     2048   0.55  91.41%   0.00%   8.59%   5625.173  5625.173
r    37440  10.64  75.16%   3.52%  21.32%   6141.615  6112.510
u     2048   0.77  87.97%   2.09%   9.93%   4082.129  4082.129
u    26771   8.95  84.41%   3.35%  12.24%   4678.736  4630.642
r    35187   9.23  80.68%   2.18%  17.14%   6315.969  6206.722
u    29898  10.20  83.69%   4.13%  12.18%   4583.092  4606.307
r    38105   9.89  80.23%   3.30%  16.48%   6333.922  6249.124
u    29306   9.75  84.07%   3.42%  12.51%   4718.277  4642.991
r    38521   9.89  77.51%   3.98%  18.50%   6563.545  6326.281
u    30057  10.03  83.34%   3.25%  13.41%   4752.277  4670.330
r    38949   9.94  80.19%   2.54%  17.28%   6506.503  6362.360
u    29964   9.95  81.62%   4.10%  14.28%   4823.085  4700.461
LINPACK benchmark ./linpackC-penryn, Double precision.
Machine precision:  15 digits.
Array size 200 X 200.
Memory required:  315K.
      Reps Time(s) DGEFA   DGESL  OVERHEAD    MFLOPS
------------------------------------------------------
r     2048   0.55  80.04%   0.00%  19.96%   6436.125  6436.125
r    37509   9.27  79.13%   2.54%  18.34%   6807.501  6787.225
u     2048   0.66  87.96%   2.44%   9.60%   4742.979  4742.979
u    31219  10.36  83.22%   3.95%  12.83%   4747.436  4747.161
r    40480   9.94  78.27%   3.30%  18.43%   6858.196  6822.935
u    30134  10.00  81.08%   3.31%  15.61%   4904.483  4820.657
r    40736  10.22  79.72%   2.90%  17.39%   6626.093  6755.247
u    30137  10.50  84.72%   3.56%  11.71%   4464.741  4699.943
r    39859  11.75  83.01%   2.66%  14.32%   5438.078  6372.260
u    28701   9.66  86.99%   3.23%   9.78%   4524.339  4657.499
r    33925   8.39  79.53%   2.43%  18.04%   6774.805  6438.973
u    29723   9.78  85.32%   3.51%  11.17%   4697.846  4665.336
LINPACK benchmark ./linpack-sandybridge, Double precision.
Machine precision:  15 digits.
Array size 200 X 200.
Memory required:  315K.
      Reps Time(s) DGEFA   DGESL  OVERHEAD    MFLOPS
------------------------------------------------------
r     2048   0.59  78.96%   5.39%  15.66%   5613.945  5613.945
r    34478   9.69  79.45%   2.11%  18.45%   5993.644  5971.000
u     2048   0.55  79.89%   2.93%  17.18%   6208.801  6208.801
u    37440   9.80  76.69%   3.16%  20.15%   6572.619  6552.705
r    35592  10.19  75.01%   3.99%  21.01%   6073.519  6021.160
u    38215  10.03  77.06%   1.41%  21.53%   6667.759  6608.789
r    34935  10.17  77.62%   3.37%  19.00%   5823.207  5955.098
u    38096  10.03  76.26%   3.79%  19.95%   6515.381  6577.765
r    34344   9.66  77.81%   2.92%  19.27%   6050.771  5978.057
u    37978   9.94  76.69%   4.11%  19.21%   6496.009  6557.383
r    35567  10.02  79.93%   2.81%  17.26%   5894.213  5961.014
u    38214  10.02  76.81%   3.31%  19.88%   6540.449  6554.005
LINPACK benchmark ./linpackC-sandybridge, Double precision.
Machine precision:  15 digits.
Array size 200 X 200.
Memory required:  315K.
      Reps Time(s) DGEFA   DGESL  OVERHEAD    MFLOPS
------------------------------------------------------
r     2048   0.53  94.16%   0.00%   5.84%   5625.173  5625.173
r    38568  10.02  79.41%   4.06%  16.52%   6334.974  6294.922
u     2048   0.67  83.93%   2.23%  13.84%   4857.663  4857.663
u    30476  10.00  85.15%   1.40%  13.45%   4835.784  4837.155
r    38506   9.92  80.07%   2.67%  17.25%   6441.117  6365.232
u    30476   9.94  83.66%   2.18%  14.16%   4906.073  4870.250
r    38808  10.03  81.95%   2.30%  15.75%   6306.510  6345.788
u    30666  10.06  85.82%   2.04%  12.14%   4764.100  4834.980
r    38688  10.00  80.29%   2.33%  17.38%   6430.830  6366.585
u    30477   9.95  83.45%   2.97%  13.57%   4865.738  4842.495
r    38688   9.98  80.46%   2.79%  16.75%   6391.377  6371.481
u    30620   9.98  84.07%   1.54%  14.38%   4919.451  4857.529
LINPACK benchmark ./linpack-silvermont, Double precision.
Machine precision:  15 digits.
Array size 200 X 200.
Memory required:  315K.
      Reps Time(s) DGEFA   DGESL  OVERHEAD    MFLOPS
------------------------------------------------------
r     2048   0.69  74.96%   2.18%  22.85%   5306.767  5306.767
r    29810   9.83  80.22%   2.40%  17.38%   5041.757  5057.995
u     2048   0.53  64.66%   3.01%  32.33%   7812.741  7812.741
u    38496   9.86  77.32%   1.90%  20.78%   6769.250  6815.230
r    30331  10.05  77.46%   3.40%  19.14%   5127.348  5091.584
u    39046  10.05  76.90%   3.88%  19.22%   6607.908  6711.919
r    30189  10.05  79.99%   2.47%  17.55%   5004.171  5062.684
u    38867  10.03  75.61%   3.10%  21.29%   6760.905  6727.913
r    30044  10.02  79.73%   2.35%  17.92%   5019.517  5052.021
u    38746  10.12  71.40%   3.84%  24.76%   6984.927  6789.487
r    29999   9.89  80.65%   3.20%  16.15%   4967.281  5035.115
u    38267   9.81  76.73%   3.18%  20.09%   6702.378  6772.256
LINPACK benchmark ./linpackC-silvermont, Double precision.
Machine precision:  15 digits.
Array size 200 X 200.
Memory required:  315K.
      Reps Time(s) DGEFA   DGESL  OVERHEAD    MFLOPS
------------------------------------------------------
r     2048   0.55  68.74%   5.67%  25.59%   6910.532  6910.532
r    37440   9.55  78.26%   3.40%  18.33%   6595.382  6611.019
u     2048   0.66  85.39%   4.87%   9.74%   4742.979  4742.979
u    31171  10.16  85.86%   2.93%  11.21%   4746.970  4746.724
r    39220  10.03  77.87%   3.15%  18.98%   6627.554  6619.248
u    30692  10.06  84.46%   1.86%  13.69%   4853.235  4797.284
r    39098   9.97  80.41%   3.45%  16.14%   6422.797  6552.730
u    30502  10.12  85.32%   2.94%  11.73%   4687.190  4761.154
r    39219  10.03  77.93%   4.07%  18.00%   6548.421  6551.653
u    30125   9.86  83.65%   2.68%  13.67%   4860.393  4784.786
r    39097  10.77  80.58%   3.93%  15.49%   5902.299  6411.046
u    30552   9.98  87.02%   1.73%  11.25%   4734.606  4774.817
LINPACK benchmark ./linpack-slm, Double precision.
Machine precision:  15 digits.
Array size 200 X 200.
Memory required:  315K.
      Reps Time(s) DGEFA   DGESL  OVERHEAD    MFLOPS
------------------------------------------------------
r     2048   0.69  74.96%   0.00%  25.04%   5461.333  5461.333
r    29810   9.95  82.28%   2.69%  15.03%   4840.277  4875.923
u     2048   0.51  81.36%   3.11%  15.53%   6465.716  6465.716
u    39766  10.24  73.28%   3.22%  23.50%   6974.709  6947.920
r    29947   9.95  82.94%   2.37%  14.69%   4843.624  4860.219
u    38852  10.02  76.68%   3.29%  20.03%   6661.267  6806.839
r    30088   9.97  80.90%   2.68%  16.42%   4959.296  4892.220
u    38789  10.03  73.25%   3.40%  23.35%   6928.109  6845.749
r    30181  10.01  81.89%   3.75%  14.36%   4832.526  4877.325
u    38669   9.91  75.84%   3.17%  20.99%   6784.902  6830.768
r    30135  10.00  84.12%   2.52%  13.36%   4776.157  4856.956
u    39035  10.03  74.28%   4.23%  21.49%   6807.374  6826.124
LINPACK benchmark ./linpackC-slm, Double precision.
Machine precision:  15 digits.
Array size 200 X 200.
Memory required:  315K.
      Reps Time(s) DGEFA   DGESL  OVERHEAD    MFLOPS
------------------------------------------------------
r     2048   0.53  82.30%   2.82%  14.88%   6222.537  6222.537
r    38568   9.95  80.24%   3.74%  16.03%   6337.248  6331.363
u     2048   0.73  91.43%   2.18%   6.39%   4088.062  4088.062
u    27863   9.11  83.51%   2.09%  14.40%   4908.310  4841.793
r    38750   9.88  78.87%   2.85%  18.29%   6594.382  6457.107
u    30591  10.00  82.19%   2.48%  15.33%   4962.395  4902.030
r    39236   9.95  77.73%   3.48%  18.80%   6666.350  6524.860
u    30594  10.03  83.98%   1.83%  14.18%   4880.446  4894.760
r    39417  10.12  78.95%   4.44%  16.61%   6412.305  6496.416
u    30496  10.02  84.15%   2.49%  13.36%   4826.688  4877.507
r    38934   9.95  78.79%   4.26%  16.95%   6467.807  6490.740
u    30450   9.94  83.94%   3.32%  12.74%   4822.186  4866.327
LINPACK benchmark ./linpack-tremont, Double precision.
Machine precision:  15 digits.
Array size 200 X 200.
Memory required:  315K.
      Reps Time(s) DGEFA   DGESL  OVERHEAD    MFLOPS
------------------------------------------------------
r     2048   0.66  85.95%   0.00%  14.05%   4995.713  4995.713
r    31267  10.34  79.51%   2.55%  17.93%   5058.312  5054.419
u     2048   0.53  64.41%   0.00%  35.59%   8223.938  8223.938
u    38568   9.94  74.22%   4.11%  21.68%   6805.437  6865.145
r    30227  11.05  77.44%   3.98%  18.57%   4614.467  4835.126
u    38812  13.56  78.89%   2.63%  18.48%   4821.076  5686.936
r    27359   9.22  79.98%   2.84%  17.17%   4921.156  4860.701
u    28618   7.66  76.91%   3.71%  19.38%   6366.767  5852.456
r    29679   9.91  82.06%   2.98%  14.96%   4838.457  4855.207
u    37374   9.98  72.24%   5.19%  22.57%   6639.110  6036.274
r    29960  10.22  79.66%   4.31%  16.03%   4795.462  4843.198
u    37430   9.81  75.94%   1.57%  22.49%   6758.331  6171.242
LINPACK benchmark ./linpackC-tremont, Double precision.
Machine precision:  15 digits.
Array size 200 X 200.
Memory required:  315K.
      Reps Time(s) DGEFA   DGESL  OVERHEAD    MFLOPS
------------------------------------------------------
r     2048   0.53  76.27%   5.84%  17.89%   6450.887  6450.887
r    38568   9.98  77.72%   3.28%  19.00%   6548.803  6543.795
u     2048   0.70  84.52%   0.00%  15.48%   4727.036  4727.036
u    29090  10.09  85.15%   2.50%  12.36%   4516.196  4529.483
r    38625   9.97  79.64%   2.37%  18.00%   6488.685  6516.816
u    28821   9.64  84.17%   2.43%  13.40%   4740.788  4628.651
r    38745   9.83  79.28%   3.01%  17.71%   6579.671  6537.324
u    29894   9.91  83.45%   1.91%  14.65%   4855.065  4701.597
r    39427  10.03  79.50%   2.64%  17.85%   6571.167  6545.768
u    30174  10.19  84.78%   3.57%  11.65%   4603.817  4676.627
r    39305  10.02  78.10%   2.99%  18.91%   6646.825  6565.713
u    29617   9.86  83.94%   4.10%  11.97%   4685.946  4678.469
LINPACK benchmark ./linpack-westmere, Double precision.
Machine precision:  15 digits.
Array size 200 X 200.
Memory required:  315K.
      Reps Time(s) DGEFA   DGESL  OVERHEAD    MFLOPS
------------------------------------------------------
r     2048   0.70  77.81%   4.27%  17.92%   4874.500  4874.500
r    29132   9.94  79.87%   3.13%  17.00%   4850.624  4852.185
u     2048   0.53  67.61%  11.86%  20.53%   6664.897  6664.897
u    38568   9.89  74.16%   3.28%  22.57%   6915.618  6902.525
r    29316   9.95  81.31%   2.82%  15.86%   4807.815  4830.582
u    38993  10.03  73.01%   2.63%  24.35%   7057.247  6977.452
r    29454  10.02  80.66%   3.27%  16.06%   4811.486  4824.312
u    38872  10.09  74.30%   4.00%  21.70%   6754.076  6902.554
r    29406  10.02  79.54%   2.80%  17.66%   4897.434  4842.124
u    38510   9.88  73.57%   3.85%  22.58%   6917.864  6906.303
r    29361  10.03  79.84%   3.28%  16.88%   4835.405  4840.796
u    38997  10.05  75.44%   3.70%  20.86%   6735.741  6871.680
LINPACK benchmark ./linpackC-westmere, Double precision.
Machine precision:  15 digits.
Array size 200 X 200.
Memory required:  315K.
      Reps Time(s) DGEFA   DGESL  OVERHEAD    MFLOPS
------------------------------------------------------
r     2048   0.53  76.08%   0.00%  23.92%   6961.848  6961.848
r    38568   9.47  81.06%   2.49%  16.44%   6694.479  6707.468
u     2048   0.67  85.99%   7.15%   6.86%   4500.139  4500.139
u    30521  10.05  83.17%   2.17%  14.66%   4888.676  4862.278
r    40730  10.02  81.61%   2.80%  15.60%   6616.497  6661.608
u    30378  10.02  82.89%   2.80%  14.32%   4861.235  4861.775
r    40664  10.20  79.86%   3.38%  16.76%   6576.216  6632.903
u    30329  12.08  83.65%   3.39%  12.96%   3961.935  4527.428
r    39858  10.09  81.41%   3.09%  15.49%   6417.154  6578.442
u    25108   8.45  83.34%   3.15%  13.51%   4716.407  4566.232
r    39486   9.73  77.19%   3.23%  19.58%   6927.368  6644.069
u    29703   9.73  82.29%   4.72%  13.00%   4816.640  4614.349
LINPACK benchmark ./linpack-x86-64, Double precision.
Machine precision:  15 digits.
Array size 200 X 200.
Memory required:  315K.
      Reps Time(s) DGEFA   DGESL  OVERHEAD    MFLOPS
------------------------------------------------------
r      512   0.69  93.17%   2.33%   4.51%   1070.238  1070.238
r     7441   9.89  91.92%   2.21%   5.86%   1097.634  1095.828
u      512   0.69  93.17%   6.83%   0.00%   1022.016  1022.016
u     7441   9.91  91.27%   2.67%   6.07%   1098.224  1092.977
r     7523   9.98  93.11%   2.22%   4.67%   1085.365  1090.717
u     7511   9.95  90.97%   3.72%   5.31%   1094.557  1093.744
r     7534   9.94  93.09%   1.74%   5.17%   1098.025  1093.099
u     7546  10.00  91.29%   2.91%   5.80%   1100.125  1095.828
r     7581  10.06  91.17%   2.94%   5.89%   1099.392  1094.652
u     7546  10.05  92.09%   2.15%   5.76%   1094.547  1095.512
r     7533  10.09  92.26%   3.27%   4.47%   1072.943  1090.293
u     7510   9.95  91.26%   2.65%   6.09%   1103.309  1097.041
LINPACK benchmark ./linpackC-x86-64, Double precision.
Machine precision:  15 digits.
Array size 200 X 200.
Memory required:  315K.
      Reps Time(s) DGEFA   DGESL  OVERHEAD    MFLOPS
------------------------------------------------------
r     2048   0.53  73.63%   0.00%  26.37%   7193.316  7193.316
r    38568   9.48  81.21%   3.82%  14.97%   6567.479  6596.418
u     2048   0.67  83.33%   4.76%  11.90%   4750.991  4750.991
u    30476  10.03  85.33%   3.28%  11.39%   4709.013  4711.634
r    40662  10.06  78.66%   3.43%  17.91%   6760.591  6677.542
u    30381   9.94  82.05%   4.57%  13.38%   4847.031  4776.069
r    40411  11.42  79.50%   2.74%  17.76%   5907.789  6400.596
u    30570  11.06  83.12%   4.36%  12.52%   4337.962  4623.364
r    35379   9.23  80.42%   2.67%  16.90%   6332.225  6385.067
u    27632   9.77  83.39%   3.20%  13.42%   4488.226  4591.819
r    38313  10.17  81.22%   3.37%  15.41%   6114.645  6330.170
u    28296  10.05  86.60%   3.40%   9.99%   4297.229  4532.965
