
LINPACK benchmark ./linpack-amdfam10, Double precision.
Machine precision:  15 digits.
Array size 200 X 200.
Memory required:  315K.
      Reps Time(s) DGEFA   DGESL  OVERHEAD    MFLOPS
------------------------------------------------------
r     4096   0.70  82.22%   2.28%  15.50%   9469.989  9469.989
r    58264   9.86  79.44%   2.35%  18.21%   9922.606  9891.553
u     4096   0.61  87.05%   0.00%  12.95%  10593.547 10593.547
u    67147  10.16  74.89%   4.01%  21.10%  11506.765 11450.016
r    59097  10.09  71.53%   3.04%  25.42%  10782.500 10305.897
u    66109   9.95  82.14%   2.83%  15.03%  10734.180 11093.929
r    58552   9.89  75.60%   3.28%  21.12%  10307.834 10306.527
u    66414   9.92  77.67%   3.00%  19.32%  11395.372 11190.412
r    59203   9.78  78.44%   2.87%  18.69%  10221.958 10285.467
u    66942  10.02  78.28%   2.05%  19.67%  11427.431 11248.104
r    60522  10.23  73.59%   5.34%  21.06%  10288.016 10285.981
u    66841  10.00  78.43%   2.62%  18.95%  11325.722 11263.389
LINPACK benchmark ./linpackC-amdfam10, Double precision.
Machine precision:  15 digits.
Array size 200 X 200.
Memory required:  315K.
      Reps Time(s) DGEFA   DGESL  OVERHEAD    MFLOPS
------------------------------------------------------
r     4096   0.55  79.71%   0.00%  20.29%  12901.774 12901.774
r    74881  10.12  77.42%   2.80%  19.78%  12661.484 12673.726
u     4096   0.77  89.82%   2.09%   8.09%   7990.303  7990.303
u    53472  10.09  80.94%   3.72%  15.35%   8593.901  8547.957
r    73956  10.00  78.43%   2.52%  19.05%  12546.787 12612.021
u    52974  10.02  83.38%   3.58%  13.04%   8352.579  8453.200
r    73956  10.00  77.17%   3.56%  19.27%  12580.979 12601.886
u    52889   9.98  79.99%   4.08%  15.93%   8653.113  8516.876
r    73956   9.98  76.12%   3.13%  20.76%  12838.610 12659.266
u    52968  10.00  83.84%   2.68%  13.48%   8407.619  8489.872
r    74081  10.02  77.62%   2.36%  20.03%  12701.362 12667.562
u    52968  10.00  82.78%   3.89%  13.33%   8393.068  8470.660
LINPACK benchmark ./linpack-athlon64, Double precision.
Machine precision:  15 digits.
Array size 200 X 200.
Memory required:  315K.
      Reps Time(s) DGEFA   DGESL  OVERHEAD    MFLOPS
------------------------------------------------------
r     1024   0.92  89.70%   0.00%  10.30%   1700.476  1700.476
r    11106   9.95  92.94%   1.88%   5.18%   1616.046  1622.848
u     1024   0.92  93.28%   4.98%   1.73%   1550.489  1550.489
u    11094   9.95  89.53%   4.09%   6.38%   1635.265  1627.744
r    11157  10.00  91.25%   3.28%   5.47%   1620.891  1621.910
u    11147  10.00  90.57%   2.97%   6.46%   1636.403  1631.881
r    11157  10.00  92.61%   1.72%   5.67%   1624.327  1622.692
u    11145  10.02  91.64%   3.34%   5.01%   1608.766  1624.322
r    11157  10.02  92.43%   3.27%   4.30%   1598.735  1616.765
u    11127   9.98  93.60%   2.34%   4.06%   1595.269  1617.126
r    11140   9.97  92.02%   2.82%   5.16%   1618.250  1617.056
u    11144  10.00  93.70%   1.26%   5.04%   1611.501  1616.017
LINPACK benchmark ./linpackC-athlon64, Double precision.
Machine precision:  15 digits.
Array size 200 X 200.
Memory required:  315K.
      Reps Time(s) DGEFA   DGESL  OVERHEAD    MFLOPS
------------------------------------------------------
r     4096   0.55  83.00%   2.93%  14.08%  11968.454 11968.454
r    74881  10.12  79.76%   2.47%  17.77%  12352.742 12332.205
u     4096   0.78  87.98%   3.84%   8.18%   7834.503  7834.503
u    52378   9.91  81.88%   2.52%  15.60%   8603.331  8542.530
r    73963   9.97  74.67%   2.66%  22.67%  13176.268 12726.466
u    52875  10.02  81.09%   3.44%  15.47%   8577.250  8559.283
r    74192  10.00  79.16%   2.20%  18.64%  12523.396 12659.413
u    52795   9.98  84.60%   3.29%  12.11%   8261.752  8460.080
r    74192  10.02  76.40%   1.68%  21.92%  13029.456 12748.561
u    52874  10.00  79.87%   3.58%  16.55%   8702.496  8518.430
r    74073   9.98  78.80%   2.17%  19.03%  12582.179 12715.383
u    52879  10.00  82.43%   2.83%  14.74%   8517.534  8518.253
LINPACK benchmark ./linpack-athlon64-sse3, Double precision.
Machine precision:  15 digits.
Array size 200 X 200.
Memory required:  315K.
      Reps Time(s) DGEFA   DGESL  OVERHEAD    MFLOPS
------------------------------------------------------
r     1024   0.92  91.54%   0.00%   8.46%   1666.224  1666.224
r    11106   9.94  91.02%   2.19%   6.78%   1646.577  1648.217
u     1024   0.91 100.00%   0.00%   0.00%   1552.200  1552.200
u    11302  10.14  91.14%   3.27%   5.58%   1621.035  1615.085
r    11176  10.00  91.37%   3.30%   5.33%   1621.421  1635.258
u    11144  10.00  91.85%   2.38%   5.77%   1624.156  1619.380
r    11177  10.02  92.83%   2.95%   4.21%   1599.765  1623.582
u    11144  10.00  92.40%   1.70%   5.90%   1626.400  1621.633
r    11158   9.97  92.15%   2.68%   5.17%   1621.036  1622.959
u    11144  10.00  91.56%   3.94%   4.50%   1602.558  1616.946
r    11193  10.03  91.40%   3.58%   5.02%   1613.321  1621.052
u    11144  10.00  92.55%   2.33%   5.12%   1613.200  1616.211
LINPACK benchmark ./linpackC-athlon64-sse3, Double precision.
Machine precision:  15 digits.
Array size 200 X 200.
Memory required:  315K.
      Reps Time(s) DGEFA   DGESL  OVERHEAD    MFLOPS
------------------------------------------------------
r     4096   0.56  85.97%   8.53%   5.51%  10573.634 10573.634
r    72753   9.84  76.71%   2.55%  20.74%  12806.219 12663.702
u     4096   0.77  85.88%   2.09%  12.03%   8358.356  8358.356
u    53542  10.09  83.31%   2.18%  14.51%   8521.383  8509.588
r    73913  10.02  73.57%   3.13%  23.31%  13215.361 12928.285
u    53043  10.00  80.92%   3.78%  15.30%   8600.439  8552.887
r    73802   9.97  78.14%   3.40%  18.46%  12468.292 12773.411
u    53043  10.00  81.56%   4.38%  14.06%   8475.360  8527.615
r    74031  10.00  76.57%   2.80%  20.63%  12809.530 12782.347
u    53037  10.00  80.89%   2.82%  16.29%   8701.168  8569.437
r    74031  10.00  76.82%   2.81%  20.37%  12767.706 12779.435
u    53037   9.98  80.09%   3.61%  16.31%   8716.788  8598.009
LINPACK benchmark ./linpack-athlon-fx, Double precision.
Machine precision:  15 digits.
Array size 200 X 200.
Memory required:  315K.
      Reps Time(s) DGEFA   DGESL  OVERHEAD    MFLOPS
------------------------------------------------------
r     1024   0.92  88.29%   4.99%   6.72%   1635.225  1635.225
r    11106   9.95  90.60%   2.67%   6.73%   1643.029  1642.367
u     1024   0.92  98.37%   0.00%   1.63%   1550.489  1550.489
u    11106   9.97  92.68%   2.79%   4.53%   1602.799  1598.247
r    11158   9.98  92.67%   1.85%   5.48%   1623.784  1633.411
u    11141  10.00  92.37%   2.94%   4.69%   1605.320  1601.626
r    11175  10.00  91.91%   2.78%   5.31%   1620.762  1629.288
u    11141  10.00  92.55%   2.01%   5.44%   1617.882  1606.853
r    11175  10.00  91.71%   2.19%   6.10%   1634.398  1630.536
u    11139  10.00  90.42%   3.11%   6.47%   1635.753  1613.825
r    11175  10.03  92.08%   3.56%   4.37%   1599.646  1624.366
u    11140  10.00  92.13%   3.66%   4.21%   1597.299  1610.551
LINPACK benchmark ./linpackC-athlon-fx, Double precision.
Machine precision:  15 digits.
Array size 200 X 200.
Memory required:  315K.
      Reps Time(s) DGEFA   DGESL  OVERHEAD    MFLOPS
------------------------------------------------------
r     4096   0.53  85.31%   2.82%  11.86%  12019.601 12019.601
r    77137  10.41  74.00%   3.88%  22.12%  13071.917 13014.464
u     4096   0.78  82.07%   7.94%   9.99%   8001.669  8001.669
u    52445   9.89  82.54%   4.27%  13.19%   8388.594  8359.311
r    74127  10.00  76.28%   3.29%  20.43%  12793.902 12908.286
u    53022  10.02  84.88%   2.93%  12.19%   8280.291  8320.883
r    74127  10.00  76.53%   4.43%  19.04%  12574.244 12798.463
u    52942  10.02  82.86%   2.47%  14.68%   8507.724  8380.845
r    74127  10.00  74.78%   3.44%  21.78%  13014.712 12850.594
u    52857   9.97  82.02%   3.71%  14.27%   8494.065  8408.353
r    74127  10.02  77.58%   3.13%  19.30%  12594.467 12799.514
u    53026  10.02  82.82%   3.60%  13.58%   8413.908  8409.450
LINPACK benchmark ./linpack-atom, Double precision.
Machine precision:  15 digits.
Array size 200 X 200.
Memory required:  315K.
      Reps Time(s) DGEFA   DGESL  OVERHEAD    MFLOPS
------------------------------------------------------
r     2048   0.64  85.18%   2.50%  12.32%   5004.603  5004.603
r    31950  10.12  87.43%   1.56%  11.01%   4869.922  4877.830
u     4096   0.80  80.40%   3.89%  15.70%   8383.269  8383.269
u    51457  10.14  82.32%   1.54%  16.14%   8308.949  8314.384
r    31555  10.06  86.67%   3.13%  10.20%   4796.407  4838.293
u    50736  10.02  78.51%   2.96%  18.53%   8538.902  8420.064
r    31363   9.97  84.93%   2.36%  12.71%   4949.081  4873.598
u    50654  10.00  78.86%   3.44%  17.70%   8453.619  8430.865
r    31457  10.00  85.56%   3.44%  11.00%   4853.494  4868.656
u    50659   9.97  78.16%   3.79%  18.05%   8516.550  8451.614
r    31453  10.02  88.47%   1.72%   9.81%   4781.961  4851.348
u    50821  10.02  80.40%   2.98%  16.63%   8358.584  8433.156
LINPACK benchmark ./linpackC-atom, Double precision.
Machine precision:  15 digits.
Array size 200 X 200.
Memory required:  315K.
      Reps Time(s) DGEFA   DGESL  OVERHEAD    MFLOPS
------------------------------------------------------
r     4096   0.62  75.00%   0.00%  25.00%  12019.601 12019.601
r    65641   9.94  82.08%   3.92%  14.00%  10547.206 10623.644
u     4096   0.78  90.01%   4.10%   5.89%   7653.297  7653.297
u    52445   9.83  84.47%   1.92%  13.60%   8482.448  8416.393
r    66050  10.02  84.19%   2.82%  13.00%  10409.533 10518.406
u    53362   9.98  82.78%   2.51%  14.70%   8604.416  8506.648
r    65944  10.02  78.64%   2.32%  19.04%  11169.597 10722.758
u    53442   9.98  84.53%   1.55%  13.92%   8540.107  8517.566
r    65845   9.97  78.64%   2.52%  18.84%  11176.262 10830.908
u    53527  10.03  84.28%   2.02%  13.70%   8491.442  8511.103
r    66049  10.00  81.25%   2.67%  16.08%  10808.781 10826.520
u    53361   9.97  83.63%   2.32%  14.05%   8553.039  8519.351
LINPACK benchmark ./linpack-barcelona, Double precision.
Machine precision:  15 digits.
Array size 200 X 200.
Memory required:  315K.
      Reps Time(s) DGEFA   DGESL  OVERHEAD    MFLOPS
------------------------------------------------------
r     4096   0.69  65.79%   9.32%  24.89%  10901.499 10901.499
r    59621  10.08  78.14%   3.71%  18.15%   9924.789  9982.282
u     4096   0.61  82.10%   0.00%  17.90%  11250.347 11250.347
u    67257  10.06  78.99%   1.71%  19.30%  11373.757 11366.599
r    59153  10.00  74.80%   2.35%  22.85%  10531.085 10239.167
u    66835   9.98  78.64%   2.67%  18.69%  11305.177 11336.809
r    59158  10.00  76.30%   4.59%  19.11%  10043.720 10174.819
u    66935  10.02  76.12%   2.99%  20.90%  11602.179 11422.059
r    59158   9.98  78.76%   2.78%  18.46%   9979.567 10126.224
u    66828  10.00  78.65%   2.78%  18.57%  11270.677 11384.484
r    59252  10.02  76.26%   3.60%  20.14%  10172.865 10135.388
u    66828  10.00  75.02%   3.89%  21.09%  11630.607 11432.206
LINPACK benchmark ./linpackC-barcelona, Double precision.
Machine precision:  15 digits.
Array size 200 X 200.
Memory required:  315K.
      Reps Time(s) DGEFA   DGESL  OVERHEAD    MFLOPS
------------------------------------------------------
r     4096   0.55  74.27%   2.92%  22.81%  13298.282 13298.282
r    74744  10.11  78.55%   3.89%  17.56%  12316.826 12364.234
u     4096   0.77  79.50%   6.14%  14.36%   8574.959  8574.959
u    53472  10.08  80.54%   2.81%  16.65%   8742.248  8730.130
r    73938  10.00  76.40%   3.94%  19.66%  12638.974 12495.689
u    53058  10.00  81.49%   2.38%  16.13%   8688.008  8709.876
r    73938   9.98  77.84%   2.64%  19.52%  12635.829 12541.050
u    53058  10.00  80.29%   4.06%  15.65%   8638.568  8686.633
r    74049  10.02  77.19%   3.77%  19.04%  12540.876 12541.007
u    53058  10.00  79.89%   3.41%  16.70%   8748.508  8701.699
r    73930   9.98  77.28%   1.87%  20.84%  12847.088 12600.238
u    53063  10.00  81.12%   1.86%  17.02%   8782.018  8717.379
LINPACK benchmark ./linpack-bonnell, Double precision.
Machine precision:  15 digits.
Array size 200 X 200.
Memory required:  315K.
      Reps Time(s) DGEFA   DGESL  OVERHEAD    MFLOPS
------------------------------------------------------
r     2048   0.66  78.66%   0.00%  21.34%   5450.749  5450.749
r    31219   9.92  88.17%   2.04%   9.80%   4790.401  4826.398
u     4096   0.81  78.84%   5.78%  15.38%   8176.124  8176.124
u    50381   9.91  77.98%   3.92%  18.10%   8528.276  8500.748
r    31464  10.02  87.94%   2.68%   9.38%   4760.970  4794.372
u    50859  10.02  78.98%   4.62%  16.39%   8340.860  8422.791
r    31413   9.98  88.39%   1.87%   9.74%   4787.008  4791.963
u    50777  10.00  78.24%   3.61%  18.15%   8519.700  8454.069
r    31463  10.00  87.18%   2.35%  10.47%   4826.224  4800.366
u    50777  10.00  80.29%   2.52%  17.19%   8420.933  8445.912
r    31462  10.02  88.62%   2.03%   9.36%   4759.094  4792.146
u    50777  10.00  79.50%   2.97%  17.53%   8455.650  8447.829
LINPACK benchmark ./linpackC-bonnell, Double precision.
Machine precision:  15 digits.
Array size 200 X 200.
Memory required:  315K.
      Reps Time(s) DGEFA   DGESL  OVERHEAD    MFLOPS
------------------------------------------------------
r     4096   0.62  87.52%   0.00%  12.48%  10283.681 10283.681
r    65536   9.91  79.52%   3.02%  17.46%  11008.167 10962.736
u     4096   0.77  87.73%   0.00%  12.27%   8370.794  8370.794
u    53472  10.00  85.06%   1.23%  13.71%   8510.242  8500.167
r    66157  10.02  82.19%   3.16%  14.65%  10627.631 10796.871
u    53472   9.98  82.82%   2.03%  15.14%   8666.928  8579.663
r    66051  10.00  78.13%   3.45%  18.42%  11120.515 10900.688
u    53552  10.03  84.73%   2.49%  12.78%   8405.114  8522.081
r    66057  10.09  77.60%   2.31%  20.09%  11246.997 10984.084
u    53381   9.97  85.39%   1.89%  12.72%   8426.426  8498.455
r    65441   9.91  81.35%   2.39%  16.25%  10833.210 10954.133
u    53552  10.02  85.80%   1.59%  12.61%   8402.233  8479.304
LINPACK benchmark ./linpack-broadwell, Double precision.
Machine precision:  15 digits.
Array size 200 X 200.
Memory required:  315K.
      Reps Time(s) DGEFA   DGESL  OVERHEAD    MFLOPS
------------------------------------------------------
r     4096   0.56  75.27%   0.00%  24.73%  13298.282 13298.282
r    72882   9.70  73.12%   1.77%  25.11%  13773.398 13747.263
u     4096   0.55  71.66%   2.93%  25.41%  13787.190 13787.190
u    74881  10.08  66.96%   2.46%  30.58%  14699.339 14649.074
r    75112  10.03  75.08%   1.56%  23.36%  13415.765 13581.525
u    74301  10.00  69.65%   2.84%  27.51%  14078.372 14366.761
r    74872   9.98  73.66%   2.02%  24.32%  13606.486 13589.749
u    74308  10.00  68.17%   2.65%  29.18%  14409.722 14380.760
r    74984  10.02  75.42%   2.19%  22.40%  13249.875 13503.729
u    74308  10.02  71.45%   2.19%  26.37%  13837.241 14243.055
r    74871   9.98  71.98%   2.18%  25.84%  13887.472 13578.278
u    74189  10.02  69.58%   2.66%  27.77%  14082.409 14211.075
LINPACK benchmark ./linpackC-broadwell, Double precision.
Machine precision:  15 digits.
Array size 200 X 200.
Memory required:  315K.
      Reps Time(s) DGEFA   DGESL  OVERHEAD    MFLOPS
------------------------------------------------------
r     8192   0.98  81.00%   0.00%  19.00%  14115.868 14115.868
r    83252   9.94  76.11%   2.18%  21.70%  14693.837 14640.137
u     4096   0.81  76.85%   1.97%  21.18%   8789.333  8789.333
u    50443  10.17  79.44%   3.71%  16.85%   8190.477  8232.604
r    83771  10.00  73.49%   3.76%  22.75%  14894.550 14760.680
u    49590   9.98  79.15%   3.11%  17.74%   8291.161  8260.387
r    83779   9.98  76.58%   3.45%  19.97%  14400.062 14642.067
u    49664   9.98  75.62%   1.73%  22.64%   8830.299  8436.214
r    83913  10.02  73.84%   1.86%  24.30%  15201.229 14775.064
u    49738  10.03  79.48%   4.03%  16.49%   8154.095  8365.484
r    83787  10.02  74.10%   2.93%  22.97%  14914.774 14802.291
u    49584  10.00  77.18%   3.02%  19.80%   8490.693  8389.720
LINPACK benchmark ./linpack-btver1, Double precision.
Machine precision:  15 digits.
Array size 200 X 200.
Memory required:  315K.
      Reps Time(s) DGEFA   DGESL  OVERHEAD    MFLOPS
------------------------------------------------------
r     4096   0.72  78.72%   2.09%  19.19%   9681.882  9681.882
r    56968   9.91  76.91%   2.23%  20.86%   9979.088  9958.583
u     4096   0.64  77.85%   4.68%  17.47%  10633.598 10633.598
u    63900   9.95  71.50%   3.91%  24.59%  11693.005 11623.248
r    57508   9.97  76.14%   3.75%  20.11%   9916.832  9938.290
u    64208  10.00  72.06%   2.82%  25.12%  11776.040 11696.957
r    57686  10.00  74.30%   2.92%  22.78%  10259.273 10041.108
u    64208  10.00  73.86%   3.29%  22.85%  11429.551 11608.174
r    57686   9.98  76.79%   2.06%  21.14%  10062.506 10046.376
u    64208  10.02  70.78%   2.65%  26.58%  11990.616 11700.112
r    57778  10.03  75.67%   3.41%  20.92%  10002.326 10037.620
u    64105   9.98  73.87%   2.80%  23.33%  11502.160 11660.496
LINPACK benchmark ./linpackC-btver1, Double precision.
Machine precision:  15 digits.
Array size 200 X 200.
Memory required:  315K.
      Reps Time(s) DGEFA   DGESL  OVERHEAD    MFLOPS
------------------------------------------------------
r     4096   0.56  86.50%   2.66%  10.83%  11205.525 11205.525
r    72753   9.83  74.66%   2.56%  22.77%  13163.916 13042.424
u     4096   0.77  83.66%   4.18%  12.16%   8370.794  8370.794
u    53542  10.09  81.56%   2.48%  15.96%   8668.044  8646.225
r    74026  10.00  77.16%   3.93%  18.91%  12535.434 12788.647
u    53043   9.97  78.94%   3.27%  17.79%   8889.045  8760.917
r    74018  10.02  77.83%   2.97%  19.21%  12561.961 12713.141
u    53213  10.02  85.35%   3.61%  11.03%   8201.008  8570.926
r    73899  10.00  76.97%   3.17%  19.86%  12665.414 12701.304
u    53127  10.00  81.31%   2.19%  16.50%   8737.854  8611.198
r    73906   9.95  78.49%   2.54%  18.97%  12584.944 12678.059
u    53127  10.02  79.94%   2.76%  17.30%   8808.533  8649.304
LINPACK benchmark ./linpack-btver2, Double precision.
Machine precision:  15 digits.
Array size 200 X 200.
Memory required:  315K.
      Reps Time(s) DGEFA   DGESL  OVERHEAD    MFLOPS
------------------------------------------------------
r     4096   0.70  84.35%   0.00%  15.65%   9485.958  9485.958
r    58264  10.05  77.14%   4.02%  18.84%   9813.085  9790.907
u     4096   0.62  72.48%   2.40%  25.12%  12019.601 12019.601
u    65536   9.88  70.69%   1.74%  27.56%  12582.521 12547.953
r    57991   9.92  78.61%   2.07%  19.32%   9948.904  9866.406
u    66365   9.98  72.71%   1.72%  25.57%  12265.007 12408.266
r    58446  10.09  72.30%   3.08%  24.62%  10548.803 10079.548
u    66471  10.03  71.80%   2.17%  26.03%  12302.809 12373.445
r    57901   9.98  75.12%   2.97%  21.91%  10198.458 10108.379
u    66265   9.98  71.91%   1.56%  26.53%  12405.116 12381.239
r    57993  10.02  78.95%   2.17%  18.88%   9803.511 10046.894
u    66364  10.02  70.51%   2.00%  27.50%  12550.247 12414.348
LINPACK benchmark ./linpackC-btver2, Double precision.
Machine precision:  15 digits.
Array size 200 X 200.
Memory required:  315K.
      Reps Time(s) DGEFA   DGESL  OVERHEAD    MFLOPS
------------------------------------------------------
r     4096   0.50  75.00%   0.00%  25.00%  15000.462 15000.462
r    81920   9.92  75.84%   2.23%  21.93%  14524.073 14546.071
u     4096   0.97  79.03%   1.65%  19.32%   7202.527  7202.527
u    42314  10.05  86.93%   2.79%  10.28%   6446.060  6506.370
r    82563  10.02  74.25%   2.66%  23.10%  14721.698 14631.559
u    42111   9.98  82.53%   4.27%  13.20%   6672.717  6584.458
r    82439  10.02  71.07%   4.41%  24.51%  14975.691 14742.821
u    42174  10.05  83.24%   3.98%  12.78%   6609.490  6592.515
r    82315   9.95  71.38%   2.08%  26.54%  15462.445 14914.228
u    41976   9.98  84.03%   3.62%  12.35%   6587.480  6591.290
r    82703  10.05  73.19%   3.27%  23.54%  14783.130 14887.983
u    42043  10.02  81.08%   3.60%  15.32%   6808.048  6632.640
LINPACK benchmark ./linpack-cannonlake, Double precision.
Machine precision:  15 digits.
Array size 200 X 200.
Memory required:  315K.
      Reps Time(s) DGEFA   DGESL  OVERHEAD    MFLOPS
------------------------------------------------------
r     4096   0.55  71.48%   2.93%  25.59%  13821.065 13821.065
r    74881  10.08  67.58%   3.09%  29.33%  14439.283 14405.864
u     4096   0.55  62.52%   2.93%  34.55%  15712.775 15712.775
u    74881  10.09  70.13%   3.87%  26.00%  13768.453 13857.384
r    74301  10.00  70.26%   2.19%  27.55%  14084.202 14248.124
u    74191   9.98  69.42%   3.29%  27.28%  14032.361 13941.591
r    74300  10.02  68.31%   3.22%  28.46%  14241.265 14245.884
u    74302   9.98  70.18%   2.05%  27.76%  14148.837 14008.616
r    74181   9.98  70.21%   2.63%  27.15%  14007.320 14186.488
u    74421  10.00  68.25%   4.39%  27.36%  14070.050 14023.710
r    74299  10.00  67.58%   2.36%  30.06%  14587.176 14263.899
u    74421  10.00  68.72%   2.34%  28.94%  14382.893 14093.314
LINPACK benchmark ./linpackC-cannonlake, Double precision.
Machine precision:  15 digits.
Array size 200 X 200.
Memory required:  315K.
      Reps Time(s) DGEFA   DGESL  OVERHEAD    MFLOPS
------------------------------------------------------
r     4096   0.64  75.51%   2.50%  22.00%  11250.347 11250.347
r    63900  10.16  75.95%   2.46%  21.59%  11020.470 11034.051
u     2048   0.55  91.41%   0.00%   8.59%   5625.173  5625.173
u    37440   9.97  84.18%   2.68%  13.14%   5938.739  5921.619
r    62918  10.00  73.56%   4.81%  21.63%  11025.569 11029.973
u    37560  10.03  84.50%   2.77%  12.73%   5891.765  5907.028
r    62918   9.98  73.65%   2.59%  23.76%  11351.470 11132.316
u    37440   9.97  84.35%   2.35%  13.30%   5949.734  5920.926
r    63018  10.05  74.84%   3.26%  21.90%  11029.020 11106.794
u    37560  10.02  85.89%   2.98%  11.13%   5795.124  5889.344
r    62723   9.95  73.32%   2.96%  23.71%  11344.605 11152.680
u    37500  10.02  85.20%   2.64%  12.16%   5853.603  5882.239
LINPACK benchmark ./linpack-cascadelake, Double precision.
Machine precision:  15 digits.
Array size 200 X 200.
Memory required:  315K.
      Reps Time(s) DGEFA   DGESL  OVERHEAD    MFLOPS
------------------------------------------------------
r     4096   0.55  80.07%   0.00%  19.93%  12842.861 12842.861
r    74881  10.08  68.05%   2.17%  29.78%  14531.097 14432.701
u     4096   0.56  63.77%   8.35%  27.89%  13855.107 13855.107
u    72753   9.77  67.97%   5.62%  26.41%  13902.062 13899.551
r    74301  10.01  69.82%   2.20%  27.99%  14148.647 14293.596
u    74496  10.00  65.51%   2.33%  32.16%  15080.755 14456.920
r    74189   9.98  71.20%   1.07%  27.72%  14119.488 14236.340
u    74496  10.02  68.83%   2.36%  28.81%  14348.926 14421.117
r    74307  10.03  67.35%   2.35%  30.29%  14592.919 14322.515
u    74376  10.00  71.13%   3.12%  25.75%  13758.491 14251.081
r    74069   9.95  70.37%   2.19%  27.44%  14082.989 14274.668
u    74383  10.02  68.57%   5.04%  26.39%  13854.965 14170.633
LINPACK benchmark ./linpackC-cascadelake, Double precision.
Machine precision:  15 digits.
Array size 200 X 200.
Memory required:  315K.
      Reps Time(s) DGEFA   DGESL  OVERHEAD    MFLOPS
------------------------------------------------------
r     4096   0.66  76.52%   2.44%  21.04%  10859.408 10859.408
r    62439   9.95  73.23%   3.00%  23.77%  11300.680 11272.481
u     2048   0.55  76.74%   0.00%  23.26%   6712.617  6712.617
u    37509   9.97  83.98%   2.82%  13.20%   5953.121  5988.200
r    62727   9.98  73.41%   4.23%  22.37%  11114.060 11195.044
u    37625  10.03  85.04%   3.27%  11.69%   5833.333  5911.691
r    62827  10.00  75.27%   3.27%  21.46%  10985.792 11125.732
u    37508   9.97  83.94%   1.75%  14.31%   6029.613  5949.745
r    62827  10.00  79.54%   2.50%  17.96%  10518.397 10969.626
u    37620  10.02  84.51%   3.58%  11.90%   5855.032  5926.067
r    62833  10.02  75.69%   4.51%  19.80%  10743.358 10924.130
u    37559  10.00  85.86%   3.81%  10.33%   5751.676  5890.736
LINPACK benchmark ./linpack-core2, Double precision.
Machine precision:  15 digits.
Array size 200 X 200.
Memory required:  315K.
      Reps Time(s) DGEFA   DGESL  OVERHEAD    MFLOPS
------------------------------------------------------
r     4096   0.91  89.97%   1.65%   8.38%   6769.162  6769.162
r    45159  10.05  82.20%   2.18%  15.62%   7315.211  7266.466
u     4096   0.81  98.03%   0.00%   1.97%   7057.934  7057.934
u    50381  10.02  80.53%   3.09%  16.39%   8262.468  8157.789
r    44947  10.03  83.81%   1.84%  14.34%   7183.430  7226.609
u    50305  10.02  80.01%   2.65%  17.34%   8345.679  8246.926
r    44803   9.95  83.79%   1.89%  14.32%   7214.992  7222.860
u    50229  10.00  81.23%   2.81%  15.96%   8208.134  8234.316
r    45014  10.00  84.26%   2.96%  12.78%   7086.923  7189.128
u    50229   9.92  81.21%   2.19%  16.60%   8336.092  8258.994
r    45009   9.97  82.78%   3.28%  13.93%   7205.078  7192.257
u    50623   9.83  81.46%   2.52%  16.02%   8422.856  8290.906
LINPACK benchmark ./linpackC-core2, Double precision.
Machine precision:  15 digits.
Array size 200 X 200.
Memory required:  315K.
      Reps Time(s) DGEFA   DGESL  OVERHEAD    MFLOPS
------------------------------------------------------
r     4096   0.55  60.15%   0.00%  39.85%  17097.791 17097.791
r    74881  10.16  77.53%   2.61%  19.86%  12635.038 12808.425
u     4096   0.78  82.20%   4.10%  13.70%   8345.955  8345.954
u    52445   9.89  81.37%   4.09%  14.54%   8520.580  8507.685
r    73730   9.98  75.55%   2.66%  21.78%  12966.560 12884.292
u    53022  10.00  84.12%   2.80%  13.08%   8377.460  8444.162
r    73848  10.00  74.53%   3.26%  22.21%  13037.398 12933.802
u    53022  10.00  80.94%   4.23%  14.83%   8549.593  8478.258
r    73848  10.00  79.83%   2.33%  17.84%  12343.953 12783.635
u    53022  10.00  82.47%   4.08%  13.45%   8413.273  8462.184
r    73848  10.02  80.26%   3.93%  15.81%  12027.742 12627.048
u    53022  10.02  79.97%   3.27%  16.75%   8733.135  8514.324
LINPACK benchmark ./linpack-core-avx2, Double precision.
Machine precision:  15 digits.
Array size 200 X 200.
Memory required:  315K.
      Reps Time(s) DGEFA   DGESL  OVERHEAD    MFLOPS
------------------------------------------------------
r     4096   0.55  68.68%   0.00%  31.32%  15000.462 15000.462
r    75018   9.95  70.41%   2.69%  26.90%  14159.527 14200.744
u     4096   0.55  69.05%   5.49%  25.46%  13821.065 13821.065
u    75018  10.14  66.87%   3.51%  29.62%  14435.298 14402.160
r    75372  10.05  74.33%   2.99%  22.68%  13325.294 13759.697
u    73974   9.97  71.62%   3.30%  25.08%  13603.503 14004.853
r    75019  10.02  72.81%   2.21%  24.98%  13711.218 13743.813
u    74211  10.00  70.50%   3.11%  26.39%  13845.461 13952.411
r    74899   9.98  73.09%   1.86%  25.05%  13744.160 13743.898
u    74211   9.98  69.10%   4.56%  26.34%  13858.640 13929.214
r    75011   9.98  70.34%   2.94%  26.71%  14078.872 13808.853
u    74329  10.02  68.91%   3.73%  27.36%  14029.480 13948.929
LINPACK benchmark ./linpackC-core-avx2, Double precision.
Machine precision:  15 digits.
Array size 200 X 200.
Memory required:  315K.
      Reps Time(s) DGEFA   DGESL  OVERHEAD    MFLOPS
------------------------------------------------------
r     8192   0.98  73.17%   3.25%  23.58%  14960.567 14960.567
r    83252  10.00  73.10%   2.53%  24.37%  15117.380 15103.198
u     4096   0.83  71.50%   7.73%  20.77%   8574.959  8574.959
u    49468   9.95  76.02%   3.95%  20.03%   8535.752  8538.738
r    83252   9.95  75.52%   2.98%  21.50%  14631.782 14874.812
u    49701  10.02  77.78%   3.88%  18.33%   8345.279  8444.520
r    83636  10.00  73.12%   2.05%  24.83%  15280.046 15003.635
u    49626  10.00  75.61%   3.13%  21.26%   8655.453  8511.850
r    83636   9.94  73.99%   3.77%  22.24%  14864.774 14969.434
u    49626   9.97  72.50%   1.27%  26.22%   9266.219  8685.112
r    84166  10.00  71.70%   3.47%  24.83%  15376.876 15048.188
u    49780  10.00  76.92%   2.02%  21.06%   8659.219  8679.991
LINPACK benchmark ./linpack-core-avx-i, Double precision.
Machine precision:  15 digits.
Array size 200 X 200.
Memory required:  315K.
      Reps Time(s) DGEFA   DGESL  OVERHEAD    MFLOPS
------------------------------------------------------
r     4096   0.69  54.94%   2.33%  42.73%  14277.090 14277.090
r    59534   9.95  47.15%   1.09%  51.76%  17029.791 16821.020
u     4096   0.67  72.47%   0.00%  27.53%  11550.664 11550.664
u    60952  10.02  77.57%   1.88%  20.55%  10519.972 10579.416
r    59815  10.00  52.59%   0.95%  46.46%  15340.044 16069.302
u    60860  10.00  80.00%   1.70%  18.30%  10230.241 10407.708
r    59809  10.00  54.31%   1.57%  44.12%  14698.943 15594.797
u    60860   9.98  77.89%   2.82%  19.28%  10371.146 10395.765
r    59809  10.00  53.23%   1.75%  45.02%  14939.559 15428.292
u    60957  10.02  80.03%   2.35%  17.62%  10145.956 10333.161
r    59808  10.00  52.73%   1.57%  45.70%  15129.180 15368.293
u    60859  10.00  77.16%   3.47%  19.37%  10364.545 10339.336
LINPACK benchmark ./linpackC-core-avx-i, Double precision.
Machine precision:  15 digits.
Array size 200 X 200.
Memory required:  315K.
      Reps Time(s) DGEFA   DGESL  OVERHEAD    MFLOPS
------------------------------------------------------
r     4096   0.61  77.18%   0.00%  22.82%  11968.454 11968.454
r    67257  10.16  75.95%   2.91%  21.14%  11532.811 11556.959
u     4096   0.89  87.77%   0.00%  12.23%   7193.316  7193.316
u    45970  10.00  84.54%   1.86%  13.60%   7306.960  7297.528
r    66223   9.95  76.96%   1.90%  21.14%  11586.986 11571.393
u    45970  10.00  85.58%   2.48%  11.94%   7169.218  7235.541
r    66535  10.02  76.45%   0.94%  22.62%  11790.288 11641.849
u    45970   9.98  84.67%   1.58%  13.75%   7330.717  7266.079
r    66435  10.00  77.85%   1.72%  20.43%  11466.306 11598.247
u    46039  10.02  86.56%   3.13%  10.31%   7039.289  7209.214
r    66435  10.00  76.40%   2.35%  21.25%  11585.702 11595.771
u    45970  10.00  85.61%   2.48%  11.91%   7166.776  7200.838
LINPACK benchmark ./linpack-corei7, Double precision.
Machine precision:  15 digits.
Array size 200 X 200.
Memory required:  315K.
      Reps Time(s) DGEFA   DGESL  OVERHEAD    MFLOPS
------------------------------------------------------
r     4096   0.67  74.40%   2.38%  23.21%  10901.499 10901.499
r    60952  10.25  60.98%   4.29%  34.73%  12512.319 12396.973
u     4096   0.58  70.24%   5.54%  24.22%  12842.861 12842.861
u    70865   9.94  74.87%   2.99%  22.14%  12577.057 12591.296
r    59471   9.98  64.36%   2.97%  32.66%  12148.372 12276.983
u    71307   9.86  72.61%   3.50%  23.89%  13050.144 12810.888
r    59566   9.95  64.60%   3.00%  32.39%  12156.929 12237.877
u    72319  10.14  74.56%   2.47%  22.98%  12716.785 12779.600
r    59847  10.06  62.69%   4.52%  32.79%  12151.076 12216.467
u    71320  10.00  76.42%   2.19%  21.39%  12461.340 12699.807
r    59466   9.98  61.09%   2.44%  36.47%  12875.081 12340.192
u    71327   9.98  78.00%   2.97%  19.02%  12115.739 12580.061
LINPACK benchmark ./linpackC-corei7, Double precision.
Machine precision:  15 digits.
Array size 200 X 200.
Memory required:  315K.
      Reps Time(s) DGEFA   DGESL  OVERHEAD    MFLOPS
------------------------------------------------------
r     4096   0.55  71.12%   2.74%  26.14%  13923.696 13923.696
r    74881  10.13  78.92%   2.64%  18.45%  12452.964 12521.559
u     4096   0.77  83.81%   4.05%  12.14%   8358.356  8358.356
u    53472  10.08  83.24%   3.89%  12.87%   8362.929  8362.603
r    73949   9.98  77.95%   3.29%  18.76%  12520.852 12521.217
u    53058  10.00  79.65%   3.60%  16.75%   8752.711  8545.271
r    74067  10.00  79.05%   3.73%  17.22%  12287.833 12444.096
u    53058  10.00  81.53%   3.47%  15.00%   8572.508  8554.081
r    74067  10.02  79.50%   2.35%  18.15%  12407.743 12435.133
u    53058  10.00  85.01%   2.04%  12.95%   8371.590  8508.676
r    73948   9.98  76.38%   2.53%  21.08%  12887.723 12521.846
u    53063  10.02  83.34%   3.57%  13.09%   8371.417  8481.327
LINPACK benchmark ./linpack-corei7-avx, Double precision.
Machine precision:  15 digits.
Array size 200 X 200.
Memory required:  315K.
      Reps Time(s) DGEFA   DGESL  OVERHEAD    MFLOPS
------------------------------------------------------
r     4096   0.69  40.99%   2.18%  56.83%  18939.978 18939.978
r    59534   9.95  46.61%   0.93%  52.45%  17278.112 17376.258
u     4096   0.67  65.18%   2.23%  32.59%  12417.601 12417.601
u    60952   9.99  77.63%   1.88%  20.49%  10543.823 10644.970
r    59821  10.00  48.86%   1.75%  49.39%  16232.795 16802.713
u    61043  10.03  79.82%   3.28%  16.90%  10056.668 10351.804
r    59821  10.03  52.94%   2.03%  45.03%  14899.197 16130.066
u    60854   9.98  77.35%   2.95%  19.69%  10423.151 10374.921
r    59636   9.97  51.22%   0.47%  48.31%  15893.675 16071.381
u    60951  10.00  76.07%   2.51%  21.42%  10652.334 10441.781
r    59821   9.98  44.63%   1.09%  54.28%  17996.533 16418.444
u    60951  10.02  77.08%   3.01%  19.92%  10435.861 10440.612
LINPACK benchmark ./linpackC-corei7-avx, Double precision.
Machine precision:  15 digits.
Array size 200 X 200.
Memory required:  315K.
      Reps Time(s) DGEFA   DGESL  OVERHEAD    MFLOPS
------------------------------------------------------
r     4096   0.61  79.51%   2.46%  18.03%  11250.347 11250.347
r    67147  10.09  77.19%   2.98%  19.83%  11395.849 11387.382
u     4096   0.89  87.77%   0.00%  12.23%   7193.316  7193.316
u    45970   9.98  83.57%   1.59%  14.83%   7424.689  7405.203
r    66528  10.00  76.25%   2.79%  20.96%  11560.815 11470.476
u    46043  10.02  87.74%   2.37%   9.89%   7005.582  7208.219
r    66534  10.03  76.75%   2.63%  20.62%  11476.182 11472.334
u    45964  10.00  85.33%   1.59%  13.08%   7261.462  7225.359
r    66334  10.00  76.52%   2.32%  21.16%  11556.348 11492.813
u    45959  10.02  87.37%   1.40%  11.23%   7098.979  7194.055
r    66340   9.98  76.95%   2.62%  20.42%  11467.204 11487.762
u    45885   9.97  87.03%   1.90%  11.07%   7108.336  7177.078
LINPACK benchmark ./linpack-eden-x2, Double precision.
Machine precision:  15 digits.
Array size 200 X 200.
Memory required:  315K.
      Reps Time(s) DGEFA   DGESL  OVERHEAD    MFLOPS
------------------------------------------------------
r     1024   0.91  86.11%   3.53%  10.36%   1729.758  1729.758
r    11289  10.11  91.31%   2.81%   5.88%   1629.381  1637.282
u     1024   0.92  88.07%   1.74%  10.20%   1698.422  1698.422
u    11106   9.98  91.04%   2.82%   6.14%   1627.600  1633.350
r    11167  10.02  91.40%   1.99%   6.61%   1639.689  1638.426
u    11123  10.00  91.39%   3.46%   5.15%   1610.499  1622.339
r    11150  10.00  91.40%   2.17%   6.43%   1636.493  1637.803
u    11123   9.98  88.58%   3.44%   7.98%   1662.558  1635.138
r    11150   9.99  92.84%   2.79%   4.37%   1603.589  1629.336
u    11139  10.00  92.04%   3.60%   4.36%   1599.494  1626.269
r    11166   9.98  92.00%   2.98%   5.03%   1617.407  1626.983
u    11139  10.02  89.57%   3.89%   6.54%   1634.180  1627.818
LINPACK benchmark ./linpack-eden-x4, Double precision.
Machine precision:  15 digits.
Array size 200 X 200.
Memory required:  315K.
      Reps Time(s) DGEFA   DGESL  OVERHEAD    MFLOPS
------------------------------------------------------
r     1024   0.91  89.75%   1.65%   8.60%   1696.373  1696.373
r    11289  10.12  92.78%   2.75%   4.47%   1602.932  1610.309
u     1024   0.92  93.17%   1.74%   5.10%   1607.192  1607.192
u    11106   9.97  94.70%   1.71%   3.59%   1586.957  1588.645
r    11149   9.98  91.99%   1.90%   6.11%   1633.379  1621.190
u    11140  10.00  90.14%   3.30%   6.56%   1637.300  1611.572
r    11166  10.02  90.63%   2.66%   6.71%   1641.122  1627.564
u    11140  10.00  90.96%   2.83%   6.21%   1631.190  1617.871
r    11148   9.98  90.78%   3.45%   5.78%   1627.330  1627.507
u    11140  10.02  89.27%   4.02%   6.71%   1637.475  1622.622
r    11164  10.00  92.03%   2.19%   5.78%   1627.417  1627.489
u    11123   9.98  91.43%   3.44%   5.14%   1612.710  1620.667
LINPACK benchmark ./linpack-generic, Double precision.
Machine precision:  15 digits.
Array size 200 X 200.
Memory required:  315K.
      Reps Time(s) DGEFA   DGESL  OVERHEAD    MFLOPS
------------------------------------------------------
r     4096   0.70  68.89%   4.40%  26.70%  10901.499 10901.499
r    58181   9.87  75.64%   3.50%  20.85%  10224.172 10266.124
u     4096   0.58  75.43%   8.13%  16.44%  11646.322 11646.322
u    70865  10.05  77.63%   3.12%  19.26%  11997.198 11977.480
r    58923   9.98  75.36%   2.81%  21.82%  10367.831 10315.320
u    70533   9.98  78.62%   2.50%  18.88%  11960.158 11969.076
r    59017  10.02  76.58%   2.63%  20.80%  10216.818 10282.854
u    70646   9.98  77.18%   2.48%  20.34%  12197.700 12042.854
r    58922  10.01  73.87%   4.35%  21.78%  10329.276 10294.253
u    70752  10.02  76.89%   3.40%  19.71%  12082.328 12052.565
r    58833   9.97  74.67%   3.13%  22.20%  10417.396 10318.336
u    70638  10.00  74.21%   2.96%  22.83%  12570.885 12151.555
LINPACK benchmark ./linpack-goldmont, Double precision.
Machine precision:  15 digits.
Array size 200 X 200.
Memory required:  315K.
      Reps Time(s) DGEFA   DGESL  OVERHEAD    MFLOPS
------------------------------------------------------
r     4096   0.62  62.08%   7.52%  30.40%  12931.433 12931.433
r    65536  10.14  68.62%   4.84%  26.54%  12082.531 12129.369
u     4096   0.61  66.83%   0.00%  33.17%  13821.065 13821.065
u    67257   9.89  70.76%   3.66%  25.58%  12549.766 12616.384
r    64631  10.03  70.96%   4.97%  24.07%  11652.869 11895.223
u    68005  10.00  65.42%   4.55%  30.03%  13345.746 12962.072
r    64431   9.97  68.16%   3.46%  28.38%  12392.891 12052.166
u    67998  10.00  71.07%   2.76%  26.17%  12650.219 12858.126
r    64631  10.02  67.84%   3.75%  28.40%  12377.619 12130.451
u    68004  10.02  70.30%   2.96%  26.75%  12728.930 12825.976
r    64527   9.98  67.21%   3.72%  29.08%  12514.769 12204.214
u    67895   9.98  72.66%   3.28%  24.07%  12299.494 12718.293
LINPACK benchmark ./linpackC-goldmont, Double precision.
Machine precision:  15 digits.
Array size 200 X 200.
Memory required:  315K.
      Reps Time(s) DGEFA   DGESL  OVERHEAD    MFLOPS
------------------------------------------------------
r     4096   0.56  66.55%   5.52%  27.94%  13889.317 13889.317
r    72882   9.81  78.13%   3.32%  18.55%  12522.367 12588.289
u     4096   0.77  65.49%   0.00%  34.51%  11227.891 11227.891
u    53542  10.08  81.81%   2.51%  15.68%   8652.743  8796.109
r    74270  10.03  77.02%   2.31%  20.67%  12816.972 12699.555
u    53127  10.02  81.93%   1.57%  16.50%   8724.271  8761.506
r    74040   9.98  76.37%   3.26%  20.37%  12790.138 12729.183
u    53042  10.00  83.93%   1.07%  15.00%   8569.923  8698.539
r    74158  10.02  79.06%   3.31%  17.62%  12343.189 12631.360
u    53042  10.00  81.12%   1.87%  17.01%   8777.485  8717.718
r    74039   9.98  75.53%   2.95%  21.51%  12976.037 12698.225
u    53042   9.98  78.39%   2.48%  19.13%   9020.972  8775.696
LINPACK benchmark ./linpack-goldmont-plus, Double precision.
Machine precision:  15 digits.
Array size 200 X 200.
Memory required:  315K.
      Reps Time(s) DGEFA   DGESL  OVERHEAD    MFLOPS
------------------------------------------------------
r     4096   0.64  70.67%   2.50%  26.83%  11993.973 11993.973
r    63900   9.88  71.74%   4.08%  24.18%  11721.117 11737.201
u     4096   0.61  77.01%   2.46%  20.53%  11622.259 11622.259
u    67257   9.91  68.35%   4.28%  27.37%  12837.565 12760.965
r    64708  10.02  71.42%   1.98%  26.60%  12088.920 11906.110
u    67888   9.95  71.28%   3.33%  25.40%  12554.922 12659.669
r    64611  10.00  68.76%   3.47%  27.77%  12284.707 12027.486
u    68201  10.03  73.06%   2.98%  23.96%  12278.803 12531.871
r    64611  10.00  69.94%   5.30%  24.76%  11793.254 11968.846
u    67990  10.02  69.49%   2.34%  28.18%  12981.083 12639.843
r    64610  10.02  71.92%   3.12%  24.95%  11804.053 11935.875
u    67888   9.98  66.55%   3.12%  30.33%  13401.301 12783.472
LINPACK benchmark ./linpackC-goldmont-plus, Double precision.
Machine precision:  15 digits.
Array size 200 X 200.
Memory required:  315K.
      Reps Time(s) DGEFA   DGESL  OVERHEAD    MFLOPS
------------------------------------------------------
r     4096   0.56  72.65%   0.00%  27.35%  13753.480 13753.480
r    72753   9.77  74.91%   3.15%  21.94%  13106.929 13139.852
u     4096   0.77  83.53%   1.96%  14.51%   8601.182  8601.182
u    53542  10.06  79.28%   2.36%  18.36%   8950.823  8925.041
r    74503  10.05  79.51%   3.60%  16.89%  12253.587 12688.118
u    53206  10.02  80.67%   2.65%  16.68%   8757.140  8843.651
r    74154  10.00  77.51%   1.71%  20.78%  12853.485 12742.025
u    53126  10.00  78.93%   3.73%  17.34%   8827.551  8838.428
r    74146   9.98  73.08%   4.53%  22.39%  13140.686 12838.400
u    53131  10.00  82.02%   2.65%  15.33%   8617.760  8783.386
r    74257   9.97  73.31%   3.79%  22.90%  13268.230 12921.532
u    53131  10.02  80.96%   2.21%  16.83%   8760.544  8778.886
LINPACK benchmark ./linpack-haswell, Double precision.
Machine precision:  15 digits.
Array size 200 X 200.
Memory required:  315K.
      Reps Time(s) DGEFA   DGESL  OVERHEAD    MFLOPS
------------------------------------------------------
r     4096   0.53  73.50%   3.01%  23.50%  13821.065 13821.065
r    76992  10.27  75.66%   1.99%  22.35%  13265.046 13292.057
u     4096   0.55  62.89%   5.85%  31.26%  14960.567 14960.567
u    74881  10.09  71.62%   3.09%  25.29%  13636.994 13699.854
r    75004  10.01  70.34%   2.50%  27.16%  14120.013 13677.429
u    74183  10.00  70.59%   3.74%  25.67%  13706.173 13702.914
r    74891   9.98  75.54%   2.18%  22.27%  13252.198 13536.599
u    74183  10.02  70.34%   3.44%  26.22%  13785.925 13729.891
r    75003  10.00  73.02%   2.66%  24.32%  13612.280 13555.072
u    74064   9.97  68.05%   2.99%  28.96%  14362.406 13880.098
r    75010  10.00  72.33%   2.97%  24.70%  13680.443 13579.572
u    74294  10.02  71.06%   2.32%  26.63%  13883.580 13880.786
LINPACK benchmark ./linpackC-haswell, Double precision.
Machine precision:  15 digits.
Array size 200 X 200.
Memory required:  315K.
      Reps Time(s) DGEFA   DGESL  OVERHEAD    MFLOPS
------------------------------------------------------
r     8192   0.98  71.54%   1.63%  26.83%  15625.481 15625.481
r    83252   9.97  72.29%   3.45%  24.26%  15141.405 15183.544
u     4096   0.81  73.15%   5.67%  21.18%   8789.333  8789.333
u    50443  10.17  82.76%   3.19%  14.06%   7924.394  7983.397
r    83510   9.97  77.00%   2.36%  20.64%  14497.164 14847.989
u    49590   9.98  76.50%   3.46%  20.04%   8531.079  8235.176
r    83769  10.00  73.95%   3.16%  22.89%  14919.305 14871.005
u    49669  10.03  78.31%   3.88%  17.81%   8274.150  8247.722
r    83769  10.00  76.09%   2.02%  21.89%  14726.416 14835.379
u    49515  10.00  77.84%   3.44%  18.72%   8367.245  8276.515
r    83760  10.03  76.55%   2.19%  21.26%  14562.654 14780.984
u    49519   9.98  77.76%   3.00%  19.24%   8435.387  8307.159
LINPACK benchmark ./linpack-icelake-client, Double precision.
Machine precision:  15 digits.
Array size 200 X 200.
Memory required:  315K.
      Reps Time(s) DGEFA   DGESL  OVERHEAD    MFLOPS
------------------------------------------------------
r     4096   0.55  62.52%   5.85%  31.63%  15040.570 15040.570
r    74881  10.08  70.24%   3.74%  26.02%  13792.459 13852.075
u     4096   0.55  53.93%  14.44%  31.63%  15040.570 15040.570
u    74881  10.06  70.85%   3.42%  25.73%  13759.242 13820.304
r    74294   9.98  71.99%   3.14%  24.88%  13604.057 13730.735
u    74412   9.98  70.14%   4.40%  25.46%  13731.857 13777.255
r    74413  10.00  64.17%   2.82%  33.01%  15255.091 14194.291
u    74531  10.00  71.62%   3.41%  24.97%  13641.997 13732.731
r    74413  10.00  70.50%   2.02%  27.48%  14091.817 14168.911
u    74531  10.02  71.09%   3.56%  25.35%  13689.435 13722.036
r    74413  10.00  69.42%   2.18%  28.40%  14272.885 14189.340
u    74411  10.00  70.85%   3.42%  25.73%  13759.406 13729.399
LINPACK benchmark ./linpackC-icelake-client, Double precision.
Machine precision:  15 digits.
Array size 200 X 200.
Memory required:  315K.
      Reps Time(s) DGEFA   DGESL  OVERHEAD    MFLOPS
------------------------------------------------------
r     4096   0.66  83.54%   4.73%  11.74%   9715.325  9715.325
r    62439   9.91  73.88%   2.70%  23.43%  11303.659 11191.027
u     2048   0.55  91.24%   2.92%   5.84%   5450.749  5450.749
u    37372   9.94  85.48%   2.39%  12.14%   5879.062  5855.159
r    63025  10.03  74.62%   4.36%  21.02%  10924.439 11059.738
u    37612  10.02  83.50%   2.48%  14.03%   5998.585  5924.322
r    62823  10.02  73.77%   3.42%  22.81%  11159.865 11092.237
u    37551  10.00  86.56%   2.50%  10.94%   5790.483  5879.784
r    62728   9.97  74.25%   4.88%  20.87%  10921.204 11049.687
u    37551  10.00  84.38%   3.45%  12.17%   5871.575  5877.755
r    62923  10.00  74.23%   4.10%  21.67%  11032.076 11046.199
u    37551  10.00  85.76%   3.30%  10.94%   5790.483  5860.270
LINPACK benchmark ./linpack-icelake-server, Double precision.
Machine precision:  15 digits.
Array size 200 X 200.
Memory required:  315K.
      Reps Time(s) DGEFA   DGESL  OVERHEAD    MFLOPS
------------------------------------------------------
r     4096   0.56  75.13%   2.84%  22.02%  12813.607 12813.607
r    72753   9.87  71.88%   3.83%  24.30%  13366.437 13335.771
u     4096   0.56  66.55%   2.85%  30.60%  14423.521 14423.521
u    72882   9.88  71.67%   3.18%  25.15%  13540.487 13584.741
r    73681  10.00  70.29%   3.73%  25.98%  13672.284 13498.392
u    73797  10.02  69.86%   3.58%  26.56%  13777.580 13678.447
r    73688  10.00  70.12%   1.42%  28.46%  14145.679 13704.484
u    73679  10.00  74.75%   3.91%  21.34%  12863.695 13399.850
r    73688  10.00  75.46%   1.89%  22.65%  13083.153 13545.366
u    73679  10.00  69.19%   3.01%  27.80%  14012.717 13546.269
r    73688  10.03  66.82%   2.65%  30.53%  14523.276 13728.678
u    73671  10.00  71.86%   2.82%  25.32%  13547.783 13546.569
LINPACK benchmark ./linpackC-icelake-server, Double precision.
Machine precision:  15 digits.
Array size 200 X 200.
Memory required:  315K.
      Reps Time(s) DGEFA   DGESL  OVERHEAD    MFLOPS
------------------------------------------------------
r     4096   0.64  68.28%   4.84%  26.87%  12019.601 12019.601
r    64000  10.20  74.59%   3.33%  22.08%  11054.375 11108.030
u     2048   0.55  88.67%   2.93%   8.41%   5613.945  5613.945
u    37440   9.97  85.71%   2.19%  12.11%   5868.249  5854.495
r    62720   9.98  73.83%   2.69%  23.48%  11274.276 11187.121
u    37556  10.00  85.52%   2.50%  11.98%   5859.680  5857.021
r    62820  10.00  75.62%   3.89%  20.49%  10850.560 11075.667
u    37556  10.00  85.70%   2.50%  11.80%   5847.722  5853.971
r    62820  10.02  73.06%   4.82%  22.12%  11060.615 11071.977
u    37556  10.00  83.26%   2.98%  13.76%   5979.931  5884.565
r    62725  10.00  76.21%   3.90%  19.89%  10753.006 11007.808
u    37552   9.98  83.25%   2.50%  14.24%   6023.291  5911.516
LINPACK benchmark ./linpack-ivybridge, Double precision.
Machine precision:  15 digits.
Array size 200 X 200.
Memory required:  315K.
      Reps Time(s) DGEFA   DGESL  OVERHEAD    MFLOPS
------------------------------------------------------
r     4096   0.69  40.99%   0.00%  59.01%  19947.423 19947.423
r    59534   9.97  50.22%   1.24%  48.54%  15937.627 16146.563
u     4096   0.67  83.78%   4.46%  11.76%   9485.958  9485.958
u    60952  10.00  77.61%   2.02%  20.37%  10512.045 10440.929
r    59725   9.98  54.53%   1.26%  44.21%  14723.090 15424.523
u    60951  10.02  76.45%   2.80%  20.76%  10547.636 10492.277
r    59814  10.00  59.29%   1.40%  39.31%  13532.876 14751.193
u    60859  10.00  77.87%   2.02%  20.11%  10463.156 10482.775
r    59808  10.00  50.61%   1.07%  48.32%  15893.251 15016.805
u    60865   9.98  78.27%   2.80%  18.93%  10327.148 10444.104
r    59808  10.02  52.55%   0.31%  47.14%  15512.053 15112.107
u    60962  10.00  79.77%   2.82%  17.41%  10138.187 10382.235
LINPACK benchmark ./linpackC-ivybridge, Double precision.
Machine precision:  15 digits.
Array size 200 X 200.
Memory required:  315K.
      Reps Time(s) DGEFA   DGESL  OVERHEAD    MFLOPS
------------------------------------------------------
r     4096   0.61  77.21%   2.62%  20.16%  11550.664 11550.664
r    67147  10.12  77.02%   2.31%  20.66%  11480.978 11484.961
u     4096   0.89  89.44%   1.69%   8.88%   6936.095  6936.095
u    46022  10.02  87.15%   2.07%  10.78%   7072.913  7061.529
r    66324   9.97  76.06%   3.59%  20.35%  11471.657 11478.543
u    45948   9.98  87.87%   1.42%  10.71%   7078.174  7069.480
r    66530  10.02  76.49%   2.80%  20.72%  11505.839 11487.427
u    46021  10.00  84.57%   1.87%  13.56%   7311.681  7146.152
r    66423  10.00  75.07%   2.32%  22.61%  11787.171 11559.605
u    46021  10.02  83.15%   2.32%  14.54%   7384.294  7202.983
r    66423   9.98  79.38%   1.39%  19.23%  11310.715 11509.677
u    45952  10.00  81.68%   2.68%  15.64%   7480.727  7255.872
LINPACK benchmark ./linpack-k8, Double precision.
Machine precision:  15 digits.
Array size 200 X 200.
Memory required:  315K.
      Reps Time(s) DGEFA   DGESL  OVERHEAD    MFLOPS
------------------------------------------------------
r     1024   0.92  89.70%   3.47%   6.83%   1637.128  1637.128
r    11106   9.94  91.32%   2.84%   5.85%   1630.035  1630.632
u     1024   0.92  90.02%   6.62%   3.36%   1578.331  1578.331
u    11106   9.95  90.89%   2.98%   6.13%   1632.653  1627.923
r    11175  10.02  92.65%   2.19%   5.16%   1615.644  1623.410
u    11159  10.00  91.87%   2.65%   5.48%   1621.353  1624.768
r    11157  10.00  91.57%   2.82%   5.61%   1623.295  1623.373
u    11159  10.02  89.56%   3.88%   6.56%   1637.464  1628.859
r    11157   9.98  91.45%   2.33%   6.22%   1636.471  1626.557
u    11141  10.00  92.82%   2.01%   5.17%   1613.446  1625.065
r    11174  10.00  93.59%   1.26%   5.15%   1617.884  1624.843
u    11141  10.00  94.83%   2.35%   2.82%   1574.430  1614.866
LINPACK benchmark ./linpackC-k8, Double precision.
Machine precision:  15 digits.
Array size 200 X 200.
Memory required:  315K.
      Reps Time(s) DGEFA   DGESL  OVERHEAD    MFLOPS
------------------------------------------------------
r     4096   0.55  83.00%   2.74%  14.26%  11993.973 11993.973
r    74881  10.11  79.50%   1.54%  18.95%  12551.760 12521.559
u     4096   0.77  85.88%   4.18%   9.93%   8164.257  8164.257
u    53542  10.11  82.52%   3.89%  13.59%   8417.975  8399.426
r    74073  10.00  77.21%   2.83%  19.96%  12709.510 12611.824
u    52964  10.00  82.18%   4.02%  13.80%   8438.193  8417.946
r    74073  10.00  78.61%   3.87%  17.52%  12333.526 12519.691
u    52964  10.00  83.84%   2.65%  13.51%   8408.928  8415.024
r    74073  10.00  77.02%   2.33%  20.65%  12821.644 12592.624
u    52958  10.00  81.01%   2.67%  16.32%   8691.322  8480.966
r    74080  10.02  77.39%   3.88%  18.73%  12498.346 12573.901
u    52958  10.00  80.94%   3.58%  15.48%   8605.962  8505.242
LINPACK benchmark ./linpack-k8-sse3, Double precision.
Machine precision:  15 digits.
Array size 200 X 200.
Memory required:  315K.
      Reps Time(s) DGEFA   DGESL  OVERHEAD    MFLOPS
------------------------------------------------------
r     1024   0.91  89.53%   3.53%   6.95%   1666.224  1666.224
r    11289  10.12  91.21%   3.26%   5.53%   1621.033  1624.698
u     1024   0.92  96.64%   1.63%   1.74%   1552.200  1552.200
u    11106   9.97  90.62%   3.12%   6.26%   1632.128  1625.064
r    11150   9.98  91.58%   2.18%   6.24%   1635.794  1629.952
u    11140   9.98  91.19%   2.19%   6.62%   1640.812  1632.565
r    11167  10.00  92.00%   1.91%   6.09%   1633.054  1630.951
u    11156  10.02  90.48%   2.51%   7.01%   1645.110  1636.609
r    11167  10.00  92.16%   2.83%   5.01%   1614.317  1626.864
u    11139   9.98  91.76%   3.26%   4.99%   1612.646  1630.686
r    11165  10.00  91.08%   2.50%   6.42%   1638.520  1629.135
u    11156  10.02  93.31%   2.02%   4.67%   1604.619  1625.492
LINPACK benchmark ./linpackC-k8-sse3, Double precision.
Machine precision:  15 digits.
Array size 200 X 200.
Memory required:  315K.
      Reps Time(s) DGEFA   DGESL  OVERHEAD    MFLOPS
------------------------------------------------------
r     4096   0.55  71.48%   5.67%  22.85%  13329.795 13329.795
r    74881  10.12  77.36%   2.44%  20.20%  12727.299 12757.204
u     4096   0.78  81.95%   6.02%  12.04%   8188.025  8188.025
u    52445   9.88  78.42%   4.29%  17.29%   8817.883  8769.016
r    73956  10.00  78.17%   3.43%  18.40%  12446.843 12605.209
u    53108  10.00  79.91%   3.75%  16.34%   8718.024  8744.244
r    73956  10.00  73.93%   3.57%  22.50%  13105.321 12763.978
u    53108  10.00  82.07%   3.91%  14.02%   8482.785  8657.175
r    73956  10.00  76.77%   2.97%  20.26%  12737.176 12757.379
u    53108  10.00  82.33%   3.28%  14.39%   8519.447  8622.880
r    73956  10.00  76.21%   2.66%  21.13%  12877.677 12780.938
u    53108  10.00  83.25%   3.44%  13.31%   8413.310  8580.678
LINPACK benchmark ./linpack-knl, Double precision.
Machine precision:  15 digits.
Array size 200 X 200.
Memory required:  315K.
      Reps Time(s) DGEFA   DGESL  OVERHEAD    MFLOPS
------------------------------------------------------
r     4096   0.67  69.84%   4.61%  25.56%  11227.891 11227.891
r    60861   9.92  70.38%   1.27%  28.35%  11758.925 11723.960
u     4096   0.66  66.92%   4.73%  28.35%  11968.454 11968.454
u    62439  10.05  66.17%   3.30%  30.53%  12285.037 12265.065
r    61345  10.00  71.10%   1.42%  27.48%  11617.090 11671.809
u    62146  10.00  63.25%   3.73%  33.02%  12742.188 12490.946
r    61345  10.00  68.19%   1.08%  30.73%  12162.138 11827.698
u    62146  10.00  66.20%   3.09%  30.71%  12317.387 12433.889
r    61345  10.00  67.30%   1.53%  31.17%  12239.886 11926.651
u    62146  10.00  64.52%   3.42%  32.06%  12562.139 12465.152
r    61345  10.00  67.30%   2.66%  30.04%  12042.186 11949.313
u    62146  10.00  64.16%   2.63%  33.21%  12778.436 12525.714
LINPACK benchmark ./linpackC-knl, Double precision.
Machine precision:  15 digits.
Array size 200 X 200.
Memory required:  315K.
      Reps Time(s) DGEFA   DGESL  OVERHEAD    MFLOPS
------------------------------------------------------
r     4096   0.67  76.93%   0.00%  23.07%  10880.413 10880.413
r    60952   9.88  77.15%   3.49%  19.35%  10510.725 10533.261
u     2048   0.56  94.32%   0.00%   5.68%   5296.773  5296.773
u    36376   9.77  85.80%   3.34%  10.87%   5739.473  5714.018
r    61723  10.02  79.56%   2.03%  18.41%  10372.767 10454.503
u    37251  10.00  83.99%   2.34%  13.67%   5926.557  5816.701
r    61624  10.48  76.07%   2.50%  21.43%  10273.160 10394.485
u    37254  11.14  84.77%   2.94%  12.30%   5236.123  5611.447
r    58773   9.50  76.81%   2.67%  20.52%  10690.718 10463.428
u    33438   8.97  84.15%   2.60%  13.26%   5902.509  5675.382
r    61872  10.02  80.32%   2.80%  16.88%  10206.712 10411.003
u    37281  10.00  84.64%   2.97%  12.39%   5843.995  5708.819
LINPACK benchmark ./linpack-knm, Double precision.
Machine precision:  15 digits.
Array size 200 X 200.
Memory required:  315K.
      Reps Time(s) DGEFA   DGESL  OVERHEAD    MFLOPS
------------------------------------------------------
r     4096   0.62  77.28%   2.40%  20.32%  11295.529 11295.529
r    65536   9.95  67.05%   1.25%  31.71%  13239.596 13106.901
u     4096   0.61  72.09%   2.46%  25.45%  12390.250 12390.250
u    67257  10.11  66.62%   1.83%  31.55%  13347.728 13288.779
r    65838  10.00  65.66%   1.53%  32.81%  13456.991 13274.739
u    66531  10.00  64.31%   2.18%  33.51%  13739.735 13502.616
r    65838  10.00  67.77%   2.02%  30.21%  12955.656 13168.667
u    66524  10.00  64.34%   1.86%  33.80%  13802.633 13598.814
r    65838  10.00  65.48%   3.14%  31.38%  13176.555 13170.610
u    66530   9.98  67.06%   2.20%  30.74%  13211.085 13501.513
r    65838  10.00  71.51%   1.09%  27.40%  12454.204 13022.498
u    66629  10.02  67.28%   1.24%  31.48%  13334.863 13468.290
LINPACK benchmark ./linpackC-knm, Double precision.
Machine precision:  15 digits.
Array size 200 X 200.
Memory required:  315K.
      Reps Time(s) DGEFA   DGESL  OVERHEAD    MFLOPS
------------------------------------------------------
r     4096   0.67  95.24%   0.00%   4.76%   8789.333  8789.333
r    60952   9.84  73.66%   3.93%  22.41%  10960.772 10792.870
u     2048   0.56  83.30%   2.84%  13.85%   5799.148  5799.148
u    36376   9.73  84.89%   2.70%  12.41%   5859.298  5856.060
r    61924  10.02  79.90%   3.30%  16.79%  10204.259 10497.555
u    37370  10.00  84.04%   3.43%  12.53%   5867.322  5861.608
r    61825  10.00  77.81%   1.85%  20.34%  10658.591 10549.750
u    37370  10.00  83.88%   2.03%  14.09%   5973.864  5898.208
r    61825  10.00  77.95%   2.02%  20.03%  10617.273 10566.327
u    37370  10.02  84.02%   2.98%  13.01%   5890.218  5896.223
r    61825   9.98  75.82%   2.79%  21.38%  10817.471 10615.092
u    37310  10.00  84.20%   2.95%  12.85%   5879.411  5892.876
LINPACK benchmark ./linpack-nano, Double precision.
Machine precision:  15 digits.
Array size 200 X 200.
Memory required:  315K.
      Reps Time(s) DGEFA   DGESL  OVERHEAD    MFLOPS
------------------------------------------------------
r     1024   0.91  93.16%   0.00%   6.84%   1664.252  1664.252
r    11289  10.11  91.82%   3.55%   4.63%   1608.086  1612.612
u     1024   0.92  93.38%   0.00%   6.62%   1633.326  1633.326
u    11106   9.95  91.20%   2.98%   5.82%   1627.079  1627.605
r    11167  10.00  90.94%   2.50%   6.56%   1641.269  1626.115
u    11158  10.00  90.96%   2.82%   6.22%   1634.000  1630.663
r    11166  10.00  92.03%   1.26%   6.71%   1643.760  1631.761
u    11158  10.00  90.77%   3.61%   5.62%   1623.612  1628.372
r    11166  10.00  91.09%   3.32%   5.59%   1624.260  1629.926
u    11158  10.00  92.35%   1.39%   6.26%   1634.697  1629.915
r    11166  10.00  91.40%   2.35%   6.25%   1635.695  1631.053
u    11158  10.00  91.42%   2.00%   6.58%   1640.297  1631.946
LINPACK benchmark ./linpack-nano-1000, Double precision.
Machine precision:  15 digits.
Array size 200 X 200.
Memory required:  315K.
      Reps Time(s) DGEFA   DGESL  OVERHEAD    MFLOPS
------------------------------------------------------
r     1024   0.92  89.90%   3.37%   6.73%   1637.128  1637.128
r    11118   9.95  92.30%   2.02%   5.68%   1626.408  1627.307
u     1024   0.92  93.38%   1.63%   4.99%   1605.358  1605.358
u    11106   9.95  92.13%   3.16%   4.70%   1608.038  1607.811
r    11170  10.00  91.85%   3.45%   4.70%   1609.668  1618.807
u    11158  10.00  92.04%   3.29%   4.67%   1607.432  1607.630
r    11170  10.00  91.73%   2.64%   5.63%   1625.358  1620.923
u    11158  10.00  91.24%   3.61%   5.15%   1615.737  1610.247
r    11168  10.00  92.03%   1.89%   6.08%   1633.027  1623.868
u    11159  10.00  90.95%   3.91%   5.14%   1615.541  1611.539
r    11167  10.00  92.33%   2.65%   5.02%   1614.657  1622.049
u    11159  10.02  91.41%   4.05%   4.53%   1602.701  1609.794
LINPACK benchmark ./linpack-nano-2000, Double precision.
Machine precision:  15 digits.
Array size 200 X 200.
Memory required:  315K.
      Reps Time(s) DGEFA   DGESL  OVERHEAD    MFLOPS
------------------------------------------------------
r     1024   0.91  94.82%   0.00%   5.18%   1635.225  1635.225
r    11289  10.11  91.97%   2.93%   5.10%   1616.133  1617.703
u     1024   0.92  89.91%   3.47%   6.62%   1633.326  1633.326
u    11106   9.95  91.97%   1.89%   6.14%   1632.827  1632.869
r    11167  10.00  92.50%   2.80%   4.70%   1609.235  1613.665
u    11159  10.00  91.28%   3.73%   4.99%   1612.991  1623.284
r    11166  10.00  91.89%   2.51%   5.60%   1624.260  1617.065
u    11159  10.00  91.90%   2.65%   5.45%   1620.838  1622.491
r    11164  10.00  91.58%   3.11%   5.31%   1619.167  1617.576
u    11159  10.00  91.56%   3.27%   5.17%   1616.053  1620.911
r    11164  10.00  91.37%   2.82%   5.81%   1627.762  1619.562
u    11159  10.00  90.94%   2.67%   6.39%   1637.289  1624.104
LINPACK benchmark ./linpack-nano-3000, Double precision.
Machine precision:  15 digits.
Array size 200 X 200.
Memory required:  315K.
      Reps Time(s) DGEFA   DGESL  OVERHEAD    MFLOPS
------------------------------------------------------
r     1024   0.92  91.54%   0.00%   8.46%   1666.224  1666.224
r    11106   9.94  91.96%   2.37%   5.67%   1626.906  1630.153
u     1024   0.92  94.90%   3.47%   1.63%   1550.489  1550.489
u    11106   9.95  91.68%   3.14%   5.17%   1616.046  1610.298
r    11175  10.00  90.78%   3.29%   5.93%   1631.445  1630.772
u    11158  10.00  91.06%   4.70%   4.24%   1600.214  1605.451
r    11174  10.02  91.11%   2.51%   6.38%   1636.518  1632.630
u    11158  10.00  92.22%   2.46%   5.32%   1618.639  1609.699
r    11156   9.99  90.91%   3.28%   5.81%   1629.017  1631.745
u    11159  10.00  91.23%   2.83%   5.94%   1629.282  1614.447
r    11172  10.00  91.57%   2.66%   5.77%   1628.237  1631.054
u    11159  10.02  90.94%   3.88%   5.17%   1613.500  1614.261
LINPACK benchmark ./linpack-nano-x2, Double precision.
Machine precision:  15 digits.
Array size 200 X 200.
Memory required:  315K.
      Reps Time(s) DGEFA   DGESL  OVERHEAD    MFLOPS
------------------------------------------------------
r     1024   0.92  93.17%   1.63%   5.21%   1609.031  1609.031
r    11106   9.94  92.47%   2.20%   5.32%   1621.027  1620.007
u     1024   0.92  91.76%   3.36%   4.88%   1603.527  1603.527
u    11106   9.97  91.50%   3.29%   5.21%   1613.994  1613.105
r    11175  10.00  91.10%   3.11%   5.79%   1629.020  1624.317
u    11140  10.00  91.54%   2.98%   5.48%   1618.592  1615.727
r    11174  10.03  91.61%   2.48%   5.91%   1625.941  1624.842
u    11140  10.00  92.53%   2.80%   4.67%   1604.839  1612.186
r    11139   9.98  92.49%   1.73%   5.78%   1626.189  1625.171
u    11140   9.98  92.15%   2.37%   5.48%   1620.993  1614.331
r    11156  10.02  92.18%   2.66%   5.16%   1612.897  1622.744
u    11156  10.00  92.48%   2.67%   4.85%   1610.354  1613.547
LINPACK benchmark ./linpack-nano-x4, Double precision.
Machine precision:  15 digits.
Array size 200 X 200.
Memory required:  315K.
      Reps Time(s) DGEFA   DGESL  OVERHEAD    MFLOPS
------------------------------------------------------
r     1024   0.92  89.80%   3.36%   6.83%   1637.128  1637.128
r    11106   9.95  92.33%   2.97%   4.69%   1607.868  1610.298
u     1024   0.91  94.70%   3.53%   1.77%   1580.105  1580.105
u    11302  10.14  91.99%   3.23%   4.77%   1607.271  1604.978
r    11158  10.00  92.47%   2.20%   5.33%   1618.810  1614.365
u    11144  10.00  92.03%   3.11%   4.86%   1608.622  1606.706
r    11159  10.02  92.07%   1.88%   6.05%   1628.589  1618.946
u    11144  10.00  91.81%   2.95%   5.24%   1615.072  1609.390
r    11141   9.97  91.23%   3.49%   5.28%   1620.280  1619.272
u    11144  10.00  91.94%   2.48%   5.58%   1620.888  1612.175
r    11175   9.98  91.56%   3.29%   5.16%   1620.762  1619.565
u    11144  10.00  91.76%   3.01%   5.23%   1614.732  1612.675
LINPACK benchmark ./linpack-native, Double precision.
Machine precision:  15 digits.
Array size 200 X 200.
Memory required:  315K.
      Reps Time(s) DGEFA   DGESL  OVERHEAD    MFLOPS
------------------------------------------------------
r     4096   0.70  49.08%   6.54%  44.38%  14386.633 14386.633
r    58264   9.94  78.62%   2.16%  19.22%   9967.102 10172.356
u     4096   0.55  77.70%   2.74%  19.56%  12784.485 12784.485
u    74881  10.20  75.54%   2.01%  22.45%  12997.545 12986.320
r    58627  10.00  83.72%   3.13%  13.15%   9270.514  9714.422
u    73391  10.05  71.54%   2.92%  25.54%  13472.839 13216.197
r    58627   9.98  80.83%   2.03%  17.14%   9731.014  9719.832
u    73047   9.95  75.00%   2.36%  22.64%  13029.988 13155.275
r    58715  10.05  80.61%   2.33%  17.06%   9676.619  9709.150
u    73399  10.02  70.96%   2.35%  26.70%  13729.405 13291.806
r    58440   9.97  76.98%   3.42%  19.60%  10014.674  9767.831
u    73281   9.97  75.05%   3.32%  21.63%  12880.998 13208.842
LINPACK benchmark ./linpack-nehalem, Double precision.
Machine precision:  15 digits.
Array size 200 X 200.
Memory required:  315K.
      Reps Time(s) DGEFA   DGESL  OVERHEAD    MFLOPS
------------------------------------------------------
r     4096   0.69  68.60%   2.18%  29.22%  11550.664 11550.664
r    59534   9.98  64.88%   2.83%  32.28%  12094.679 12058.121
u     4096   0.56  80.46%   2.84%  16.70%  11993.973 11993.973
u    72753  10.20  75.23%   3.05%  21.72%  12509.593 12480.995
r    59635  10.03  63.84%   2.98%  33.18%  12218.221 12135.049
u    71305   9.98  75.56%   2.35%  22.09%  12588.448 12532.481
r    59444   9.98  65.83%   4.53%  29.65%  11622.498 11963.400
u    71419  10.00  73.44%   2.33%  24.23%  12944.713 12663.654
r    59539  10.00  67.11%   4.20%  28.69%  11464.792 11836.877
u    71419   9.98  74.32%   2.65%  23.03%  12762.797 12687.844
r    59533  10.00  63.93%   3.61%  32.46%  12107.012 11889.208
u    71533  10.02  75.61%   3.43%  20.96%  12408.571 12631.747
LINPACK benchmark ./linpackC-nehalem, Double precision.
Machine precision:  15 digits.
Array size 200 X 200.
Memory required:  315K.
      Reps Time(s) DGEFA   DGESL  OVERHEAD    MFLOPS
------------------------------------------------------
r     4096   0.56  80.64%   0.00%  19.36%  12390.250 12390.250
r    72753   9.83  77.54%   3.23%  19.23%  12586.813 12576.179
u     4096   0.77  83.66%   4.18%  12.16%   8370.794  8370.794
u    53542  10.11  82.22%   3.73%  14.06%   8462.540  8455.954
r    74026  10.02  76.85%   2.64%  20.52%  12770.051 12670.560
u    52959  10.00  79.68%   2.94%  17.38%   8802.997  8618.654
r    73907  10.00  78.49%   2.54%  18.97%  12526.095 12622.694
u    52959   9.98  84.02%   2.06%  13.91%   8461.938  8567.278
r    73907  10.00  77.05%   3.47%  19.48%  12605.433 12618.419
u    53043  10.00  85.44%   2.67%  11.89%   8267.588  8491.896
r    73907   9.98  78.46%   3.28%  18.26%  12435.548 12581.719
u    53043  10.00  79.75%   3.31%  16.94%   8770.253  8545.249
LINPACK benchmark ./linpack-nocona, Double precision.
Machine precision:  15 digits.
Array size 200 X 200.
Memory required:  315K.
      Reps Time(s) DGEFA   DGESL  OVERHEAD    MFLOPS
------------------------------------------------------
r     4096   0.64  73.32%   4.99%  21.68%  11205.525 11205.525
r    63900  10.16  76.44%   2.96%  20.60%  10882.440 10901.374
u     4096   0.80  78.29%   2.01%  19.70%   8789.333  8789.333
u    51392   9.91  79.02%   3.62%  17.35%   8619.730  8632.025
r    62918   9.98  82.05%   2.99%  14.97%  10178.747 10541.692
u    51874  10.00  81.53%   3.60%  14.87%   8368.412  8502.613
r    63025  10.00  81.39%   2.63%  15.98%  10301.635 10462.462
u    51874  10.00  84.36%   3.11%  12.53%   8143.609  8382.234
r    63025  10.00  80.04%   2.95%  17.01%  10429.489 10454.356
u    51868   9.98  83.01%   2.66%  14.32%   8327.338  8368.679
r    63025  10.00  82.00%   2.51%  15.49%  10241.904 10411.817
u    51951  10.05  83.02%   4.08%  12.90%   8152.901  8325.165
LINPACK benchmark ./linpackC-nocona, Double precision.
Machine precision:  15 digits.
Array size 200 X 200.
Memory required:  315K.
      Reps Time(s) DGEFA   DGESL  OVERHEAD    MFLOPS
------------------------------------------------------
r     4096   0.56  86.32%   2.84%  10.83%  11205.525 11205.525
r    72753   9.80  77.33%   3.37%  19.30%  12639.357 12553.740
u     4096   0.78  81.95%   2.05%  16.01%   8574.959  8574.959
u    52445   9.86  80.37%   3.76%  15.87%   8682.877  8674.968
r    74268  10.02  77.45%   3.00%  19.56%  12659.144 12605.322
u    53189  10.02  82.76%   4.16%  13.08%   8391.295  8535.108
r    74149   9.98  77.64%   4.17%  18.20%  12467.103 12559.488
u    53109  10.02  80.33%   4.88%  14.79%   8546.562  8538.840
r    74260  10.02  77.83%   2.83%  19.35%  12624.874 12575.636
u    53029   9.98  81.82%   1.74%  16.44%   8729.053  8584.795
r    74141   9.98  75.01%   3.13%  21.85%  13048.867 12666.782
u    53113  10.00  80.60%   3.28%  16.12%   8697.014  8606.724
LINPACK benchmark ./linpack-opteron, Double precision.
Machine precision:  15 digits.
Array size 200 X 200.
Memory required:  315K.
      Reps Time(s) DGEFA   DGESL  OVERHEAD    MFLOPS
------------------------------------------------------
r     1024   0.92  91.33%   0.00%   8.67%   1668.201  1668.201
r    11094   9.94  92.79%   2.19%   5.01%   1614.129  1618.562
u     1024   0.92  89.59%   5.21%   5.21%   1609.031  1609.031
u    11106   9.95  92.14%   2.51%   5.34%   1618.790  1617.962
r    11164  10.00  92.30%   1.73%   5.97%   1630.532  1624.280
u    11157  10.05  92.32%   2.50%   5.19%   1608.469  1613.400
r    11163   9.98  92.69%   2.31%   5.00%   1616.121  1621.627
u    11104   9.95  90.92%   2.94%   6.14%   1632.359  1619.473
r    11179  10.02  91.74%   3.27%   4.99%   1613.504  1619.629
u    11156  10.02  91.67%   2.21%   6.12%   1629.364  1621.884
r    11162  10.00  91.22%   2.52%   6.26%   1635.283  1622.682
u    11138   9.98  90.77%   3.77%   5.47%   1620.702  1621.652
LINPACK benchmark ./linpackC-opteron, Double precision.
Machine precision:  15 digits.
Array size 200 X 200.
Memory required:  315K.
      Reps Time(s) DGEFA   DGESL  OVERHEAD    MFLOPS
------------------------------------------------------
r     4096   0.56  83.13%   5.68%  11.19%  11250.347 11250.347
r    72753   9.81  76.73%   3.85%  19.42%  12636.160 12553.740
u     4096   0.78  69.95%   2.05%  28.01%   9991.427  9991.427
u    52378   9.88  82.77%   3.14%  14.09%   8478.601  8572.745
r    74146  10.00  78.70%   2.49%  18.81%  12543.382 12548.652
u    53041   9.98  81.95%   4.23%  13.82%   8465.192  8520.315
r    74153  10.00  78.56%   2.34%  19.10%  12586.428 12561.068
u    53120  10.06  80.10%   3.58%  16.32%   8665.099  8567.069
r    74145  10.00  78.11%   2.31%  19.58%  12660.177 12585.476
u    52797   9.95  80.95%   2.80%  16.25%   8698.162  8598.830
r    74137  10.00  77.87%   3.60%  18.53%  12497.215 12567.854
u    53046  10.02  81.77%   3.27%  14.96%   8552.458  8589.628
LINPACK benchmark ./linpack-opteron-sse3, Double precision.
Machine precision:  15 digits.
Array size 200 X 200.
Memory required:  315K.
      Reps Time(s) DGEFA   DGESL  OVERHEAD    MFLOPS
------------------------------------------------------
r     1024   0.91  96.58%   0.00%   3.42%   1607.192  1607.192
r    11302  10.14  92.01%   3.06%   4.93%   1609.938  1609.710
u     1024   0.92  95.12%   1.63%   3.25%   1576.562  1576.562
u    11106   9.95  91.02%   3.45%   5.54%   1622.234  1618.276
r    11144   9.98  92.32%   2.04%   5.64%   1624.501  1616.699
u    11158  10.02  91.39%   2.81%   5.80%   1624.129  1621.075
r    11161  10.00  91.54%   2.83%   5.63%   1624.393  1619.171
u    11140   9.98  92.04%   3.43%   4.54%   1605.008  1615.841
r    11162  10.00  91.69%   2.83%   5.48%   1621.789  1619.808
u    11156  10.00  91.36%   2.95%   5.69%   1624.526  1617.958
r    11161   9.98  92.02%   2.66%   5.32%   1621.472  1620.134
u    11156  10.00  92.05%   1.57%   6.38%   1636.325  1621.536
LINPACK benchmark ./linpackC-opteron-sse3, Double precision.
Machine precision:  15 digits.
Array size 200 X 200.
Memory required:  315K.
      Reps Time(s) DGEFA   DGESL  OVERHEAD    MFLOPS
------------------------------------------------------
r     4096   0.55  77.33%   8.41%  14.26%  11993.973 11993.973
r    74881  10.12  76.00%   3.40%  20.60%  12792.210 12748.207
u     4096   0.77  73.46%   8.10%  18.43%   9014.701  9014.701
u    53542  10.09  79.84%   3.25%  16.91%   8767.260  8784.395
r    73956   9.98  77.82%   3.44%  18.74%  12518.950 12636.303
u    53043   9.98  82.48%   2.94%  14.57%   8539.944  8665.521
r    74074  10.00  72.92%   5.01%  22.07%  13055.479 12770.093
u    53122  10.00  79.35%   3.43%  17.22%   8813.024  8712.813
r    74081   9.98  78.11%   3.63%  18.27%  12466.353 12693.995
u    53122  10.00  80.31%   4.69%  15.00%   8583.858  8680.877
r    74192  10.02  77.90%   4.06%  18.04%  12410.517 12636.930
u    53127  10.02  80.49%   4.40%  15.11%   8581.637  8661.173
LINPACK benchmark ./linpackC-penryn, Double precision.
Machine precision:  15 digits.
Array size 200 X 200.
Memory required:  315K.
      Reps Time(s) DGEFA   DGESL  OVERHEAD    MFLOPS
------------------------------------------------------
r     4096   0.55  71.30%   5.67%  23.03%  13361.457 13361.457
r    74881  10.14  77.13%   3.27%  19.59%  12611.795 12648.600
u     4096   0.77  87.86%   0.00%  12.14%   8358.356  8358.356
u    53472  10.08  82.42%   2.81%  14.77%   8549.875  8535.959
r    73839  10.02  73.94%   2.83%  23.23%  13188.394 12903.794
u    53058  10.00  81.36%   4.87%  13.77%   8451.209  8495.100
r    73721   9.97  78.45%   2.69%  18.86%  12516.196 12775.051
u    53063  10.00  83.85%   3.93%  12.22%   8301.798  8431.459
r    73950  10.00  78.76%   2.50%  18.74%  12496.370 12705.321
u    53063  10.00  83.21%   3.25%  13.54%   8428.543  8430.745
r    73942  10.00  75.94%   2.85%  21.21%  12889.948 12741.360
u    53063  10.00  83.41%   3.12%  13.47%   8421.725  8428.970
LINPACK benchmark ./linpack-sandybridge, Double precision.
Machine precision:  15 digits.
Array size 200 X 200.
Memory required:  315K.
      Reps Time(s) DGEFA   DGESL  OVERHEAD    MFLOPS
------------------------------------------------------
r     8192   1.37  26.13%   3.42%  70.45%  27710.213 27710.213
r    59621   9.95  31.47%   2.49%  66.04%  24224.706 24598.482
u     4096   0.67  69.35%  11.76%  18.90%  10321.419 10321.419
u    60952  10.02  76.57%   2.81%  20.63%  10530.559 10517.140
r    59902  10.02  28.57%   2.20%  69.23%  26692.217 25538.041
u    60860   9.97  78.80%   2.66%  18.54%  10291.967 10407.081
r    59806   9.98  28.74%   0.95%  70.31%  27701.037 26190.261
u    61049  10.00  74.36%   3.55%  22.09%  10762.596 10520.561
r    59895  10.00  28.33%   1.10%  70.57%  27949.643 26595.542
u    61055  10.02  78.99%   3.69%  17.31%  10124.229 10420.141
r    59895  10.00  25.91%   2.35%  71.74%  29106.794 27050.406
u    60957   9.98  77.32%   2.83%  19.85%  10460.362 10428.052
LINPACK benchmark ./linpackC-sandybridge, Double precision.
Machine precision:  15 digits.
Array size 200 X 200.
Memory required:  315K.
      Reps Time(s) DGEFA   DGESL  OVERHEAD    MFLOPS
------------------------------------------------------
r     4096   0.62  77.44%   2.56%  20.00%  11250.347 11250.347
r    65536   9.84  76.34%   3.50%  20.15%  11450.735 11438.750
u     4096   0.89  87.87%   1.80%  10.34%   7049.089  7049.089
u    46022   9.98  85.65%   1.57%  12.78%   7258.101  7240.555
r    66574  10.00  77.72%   1.71%  20.57%  11510.549 11473.731
u    46095  10.02  85.68%   1.11%  13.21%   7282.158  7260.427
r    66574  10.02  76.53%   2.33%  21.15%  11576.132 11507.150
u    46021  10.00  84.37%   2.35%  13.28%   7288.914  7269.620
r    66467   9.98  78.91%   2.50%  18.59%  11230.481 11437.591
u    46025  10.02  84.94%   2.49%  12.58%   7217.959  7256.922
r    66573  10.00  77.32%   2.50%  20.18%  11455.572 11441.151
u    45946   9.98  84.50%   1.26%  14.24%   7368.816  7278.605
LINPACK benchmark ./linpack-silvermont, Double precision.
Machine precision:  15 digits.
Array size 200 X 200.
Memory required:  315K.
      Reps Time(s) DGEFA   DGESL  OVERHEAD    MFLOPS
------------------------------------------------------
r     4096   0.62  82.88%   2.56%  14.56%  10534.032 10534.032
r    65536  10.12  68.76%   4.13%  27.11%  12195.498 12083.390
u     4096   0.61  74.43%   0.00%  25.57%  12390.250 12390.250
u    67147   9.86  71.61%   3.17%  25.22%  12507.150 12500.369
r    64726  10.02  70.64%   1.90%  27.47%  12235.426 12156.158
u    68107  10.02  69.78%   2.34%  27.89%  12951.206 12716.725
r    64622   9.98  66.32%   4.74%  28.94%  12508.463 12268.379
u    68004   9.98  71.33%   2.01%  26.65%  12753.265 12728.686
r    64719  10.00  73.14%   2.18%  24.68%  11800.420 12150.125
u    68112  10.00  72.11%   3.26%  24.63%  12410.837 12648.589
r    64719   9.98  66.67%   4.21%  29.13%  12560.876 12228.930
u    68112  10.00  70.43%   2.99%  26.58%  12740.463 12666.697
LINPACK benchmark ./linpackC-silvermont, Double precision.
Machine precision:  15 digits.
Array size 200 X 200.
Memory required:  315K.
      Reps Time(s) DGEFA   DGESL  OVERHEAD    MFLOPS
------------------------------------------------------
r     4096   0.55  80.07%   0.00%  19.93%  12842.861 12842.861
r    74881  10.09  74.99%   2.82%  22.19%  13093.529 13080.288
u     4096   0.77  81.72%   2.09%  16.19%   8761.952  8761.952
u    53472  10.00  80.36%   2.20%  17.44%   8894.729  8885.149
r    74183   9.92  76.06%   3.79%  20.15%  12858.512 12971.923
u    53472   9.97  84.78%   1.24%  13.97%   8562.836  8726.962
r    74766  10.02  74.90%   2.95%  22.16%  13170.682 13036.457
u    53638  10.00  83.60%   2.36%  14.04%   8568.437  8674.688
r    74654   9.98  74.95%   3.42%  21.63%  13103.889 13053.030
u    53632  10.00  83.58%   2.35%  14.07%   8572.464  8649.349
r    74773  10.02  73.73%   3.92%  22.34%  13202.398 13082.358
u    53637  10.00  85.43%   2.34%  12.23%   8392.558  8597.465
LINPACK benchmark ./linpackC-skx, Double precision.
Machine precision:  15 digits.
Array size 200 X 200.
Memory required:  315K.
      Reps Time(s) DGEFA   DGESL  OVERHEAD    MFLOPS
------------------------------------------------------
r     4096   0.64  70.78%   2.34%  26.87%  12019.601 12019.601
r    64000  10.19  73.12%   3.66%  23.22%  11236.683 11280.881
u     2048   0.55  91.59%   0.00%   8.41%   5613.945  5613.945
u    37440   9.94  84.35%   2.52%  13.13%   5956.627  5937.828
r    62819  10.00  75.86%   4.69%  19.45%  10710.295 10999.690
u    37677  10.02  85.67%   2.65%  11.68%   5849.319  5894.280
r    62819  10.00  75.84%   2.95%  21.21%  10949.540 10983.378
u    37616   9.98  84.06%   3.25%  12.69%   5925.591  5904.505
r    62819  10.00  75.52%   3.27%  21.21%  10950.930 10975.415
u    37672  10.00  83.95%   3.71%  12.34%   5901.245  5903.699
r    62825   9.98  73.57%   3.47%  22.97%  11218.264 11022.352
u    37668  10.02  83.56%   3.11%  13.33%   5959.760  5914.722
LINPACK benchmark ./linpack-skylake, Double precision.
Machine precision:  15 digits.
Array size 200 X 200.
Memory required:  315K.
      Reps Time(s) DGEFA   DGESL  OVERHEAD    MFLOPS
------------------------------------------------------
r     4096   0.55  65.81%   2.74%  31.44%  15000.462 15000.462
r    74881  10.05  65.62%   3.13%  31.25%  14888.747 14894.500
u     4096   0.55  77.01%   2.74%  20.26%  12872.250 12872.250
u    74744  10.02  66.71%   3.70%  29.59%  14555.931 14457.685
r    74530   9.98  65.86%   3.66%  30.49%  14746.367 14822.209
u    74632  10.02  68.98%   2.36%  28.66%  14344.942 14402.639
r    74641   9.98  69.67%   3.92%  26.41%  13952.222 14525.881
u    74512  10.00  66.83%   3.93%  29.24%  14461.534 14421.834
r    74760  10.03  64.94%   2.33%  32.73%  15214.938 14690.079
u    74512   9.98  67.53%   2.81%  29.66%  14570.670 14458.213
r    74528   9.98  65.07%   3.76%  31.18%  14894.032 14729.907
u    74631  10.00  68.37%   3.45%  28.18%  14272.837 14421.147
LINPACK benchmark ./linpackC-skylake, Double precision.
Machine precision:  15 digits.
Array size 200 X 200.
Memory required:  315K.
      Reps Time(s) DGEFA   DGESL  OVERHEAD    MFLOPS
------------------------------------------------------
r     4096   0.52  84.69%   3.10%  12.21%  12417.601 12417.601
r    79379   9.72  75.44%   2.09%  22.47%  14469.581 14353.199
u     4096   0.94  81.77%   3.30%  14.93%   7049.089  7049.089
u    43667  10.12  83.05%   3.89%  13.06%   6812.376  6832.051
r    81682  10.05  72.73%   2.32%  24.95%  14877.535 14607.819
u    43127   9.98  84.53%   4.48%  11.00%   6665.288  6751.894
r    81299  10.00  77.97%   2.80%  19.23%  13823.279 14339.359
u    43196  10.02  84.05%   2.49%  13.47%   6844.641  6781.497
r    81299   9.98  71.77%   2.81%  25.41%  14992.699 14496.051
u    43126  10.02  82.60%   4.07%  13.33%   6822.529  6791.437
r    81429  10.02  75.66%   1.24%  23.11%  14521.382 14501.085
u    43057   9.98  81.09%   3.77%  15.14%   6978.828  6827.272
LINPACK benchmark ./linpack-skylake-avx512, Double precision.
Machine precision:  15 digits.
Array size 200 X 200.
Memory required:  315K.
      Reps Time(s) DGEFA   DGESL  OVERHEAD    MFLOPS
------------------------------------------------------
r     4096   0.55  79.89%   5.67%  14.44%  12019.601 12019.601
r    74881  10.06  67.87%   3.69%  28.44%  14282.857 14144.724
u     4096   0.56  63.94%   2.66%  33.39%  15000.462 15000.462
u    72753   9.78  68.68%   2.42%  28.89%  14365.797 14398.266
r    74419  10.00  71.59%   3.26%  25.15%  13654.254 13902.451
u    74381  10.00  67.60%   2.66%  29.74%  14538.842 14467.066
r    74419  10.02  70.16%   2.33%  27.52%  14077.423 13959.128
u    74381   9.97  67.81%   2.68%  29.51%  14538.842 14490.651
r    74300   9.95  69.77%   3.43%  26.80%  14004.758 13970.322
u    74619  10.03  65.84%   3.40%  30.76%  14755.473 14555.578
r    74643  10.03  72.63%   2.64%  24.72%  13575.648 13890.317
u    74388  10.02  68.18%   4.37%  27.45%  14058.005 14453.992
LINPACK benchmark ./linpackC-skylake-avx512, Double precision.
Machine precision:  15 digits.
Array size 200 X 200.
Memory required:  315K.
      Reps Time(s) DGEFA   DGESL  OVERHEAD    MFLOPS
------------------------------------------------------
r     4096   0.66  80.82%   9.59%   9.59%   9469.989  9469.989
r    62343   9.92  74.83%   3.17%  21.99%  11061.721 10948.271
u     2048   0.55  94.33%   2.74%   2.93%   5296.773  5296.773
u    37440   9.90  83.58%   2.84%  13.58%   6006.729  5965.261
r    62833   9.98  75.79%   3.15%  21.05%  10946.423 10947.373
u    37799  10.06  85.28%   2.20%  12.52%   5896.925  5931.643
r    62927  10.00  74.65%   4.40%  20.95%  10932.289 10942.430
u    37562  10.00  84.76%   3.44%  11.80%   5849.319  5904.464
r    62927  10.00  75.86%   2.80%  21.34%  10985.096 10952.923
u    37565   9.98  83.90%   2.93%  13.16%   5950.319  5915.700
r    62920  10.03  73.43%   3.75%  22.83%  11161.216 10993.511
u    37625  10.00  85.29%   1.88%  12.83%   5928.369  5918.204
LINPACK benchmark ./linpack-slm, Double precision.
Machine precision:  15 digits.
Array size 200 X 200.
Memory required:  315K.
      Reps Time(s) DGEFA   DGESL  OVERHEAD    MFLOPS
------------------------------------------------------
r     4096   0.62  72.64%   5.12%  22.24%  11574.431 11574.431
r    65536  10.14  66.42%   3.08%  30.50%  12769.974 12692.852
u     4096   0.61  69.13%   0.00%  30.87%  13361.457 13361.457
u    67257   9.88  71.81%   2.20%  25.99%  12639.064 12678.413
r    64624   9.98  68.96%   4.82%  26.22%  12050.277 12375.209
u    68108  10.00  71.38%   2.82%  25.80%  12604.095 12642.009
r    64734  10.00  66.08%   4.05%  29.87%  12676.652 12471.687
u    68101  10.00  67.67%   4.71%  27.62%  12923.224 12732.917
r    64734   9.98  67.18%   3.14%  29.67%  12660.404 12517.487
u    68107  10.00  71.83%   4.20%  23.97%  12302.198 12623.722
r    64831  10.02  68.48%   3.73%  27.79%  12311.197 12476.236
u    68107  10.00  72.31%   3.61%  24.08%  12318.400 12562.037
LINPACK benchmark ./linpackC-slm, Double precision.
Machine precision:  15 digits.
Array size 200 X 200.
Memory required:  315K.
      Reps Time(s) DGEFA   DGESL  OVERHEAD    MFLOPS
------------------------------------------------------
r     4096   0.55  74.41%   0.00%  25.59%  13821.065 13821.065
r    74881  10.08  74.73%   3.56%  21.71%  13033.786 13072.405
u     2048   0.52  81.98%   3.10%  14.92%   6406.803  6406.803
u    39689   7.64  83.24%   1.83%  14.93%   8385.573  8260.385
r    74301  10.08  77.71%   2.79%  19.50%  12577.350 12827.653
u    51942   9.73  86.39%   1.12%  12.49%   8374.463  8323.251
r    73725   9.94  79.70%   2.66%  17.64%  12370.067 12675.373
u    53361   9.98  84.14%   1.89%  13.96%   8531.134  8397.510
r    74184   9.97  74.70%   3.59%  21.71%  13053.089 12766.363
u    53446  10.00  84.86%   2.20%  12.94%   8430.872  8406.378
r    74414  10.02  76.67%   3.24%  20.09%  12768.019 12766.691
u    53446  10.00  82.21%   1.23%  16.56%   8797.695  8485.821
LINPACK benchmark ./linpack-tremont, Double precision.
Machine precision:  15 digits.
Array size 200 X 200.
Memory required:  315K.
      Reps Time(s) DGEFA   DGESL  OVERHEAD    MFLOPS
------------------------------------------------------
r     4096   0.66  71.04%   2.44%  26.52%  11670.484 11670.484
r    62439   9.64  70.83%   2.74%  26.43%  12089.322 12062.671
u     4096   0.61  74.55%   5.09%  20.36%  11598.296 11598.296
u    67257   9.89  74.07%   2.70%  23.23%  12164.662 12130.658
r    64764  10.02  69.28%   3.42%  27.30%  12215.707 12137.675
u    67998  10.00  75.65%   2.34%  22.01%  11973.833 12053.623
r    64666  10.00  69.33%   3.08%  27.59%  12264.601 12179.267
u    67998  10.00  75.04%   3.73%  21.23%  11855.265 11987.846
r    64666  10.03  68.93%   3.59%  27.48%  12208.960 12186.621
u    67998  10.05  73.34%   3.62%  23.04%  12077.589 12009.884
r    64466   9.95  68.23%   3.49%  28.28%  12403.097 12228.945
u    67679   9.95  73.42%   1.72%  24.87%  12429.236 12090.366
LINPACK benchmark ./linpackC-tremont, Double precision.
Machine precision:  15 digits.
Array size 200 X 200.
Memory required:  315K.
      Reps Time(s) DGEFA   DGESL  OVERHEAD    MFLOPS
------------------------------------------------------
r     4096   0.56  66.43%   2.84%  30.73%  14423.521 14423.521
r    72753   9.81  77.19%   2.70%  20.11%  12744.148 12823.729
u     4096   0.77  85.51%   4.05%  10.44%   8199.961  8199.961
u    53472  10.06  80.96%   2.62%  16.42%   8731.853  8691.738
r    74139   9.98  76.14%   2.68%  21.17%  12937.428 12879.308
u    53142  10.00  80.83%   2.16%  17.01%   8794.033  8740.542
r    74257  10.00  77.56%   3.59%  18.85%  12566.804 12774.580
u    53142   9.98  80.95%   2.19%  16.86%   8790.855  8756.797
r    74257   9.98  77.00%   3.77%  19.23%  12646.281 12742.529
u    53221  10.02  83.01%   1.89%  15.11%   8596.821  8717.026
r    74376  10.02  75.29%   4.54%  20.17%  12772.670 12748.513
u    53141   9.98  80.28%   1.56%  18.16%   8931.625  8758.411
LINPACK benchmark ./linpack-westmere, Double precision.
Machine precision:  15 digits.
Array size 200 X 200.
Memory required:  315K.
      Reps Time(s) DGEFA   DGESL  OVERHEAD    MFLOPS
------------------------------------------------------
r     4096   0.69  63.37%   2.18%  34.45%  12472.668 12472.668
r    59534   9.98  64.57%   3.91%  31.52%  11958.465 11990.285
u     4096   0.56  77.94%   2.85%  19.22%  12390.250 12390.250
u    72882  10.20  74.55%   3.36%  22.09%  12590.098 12579.302
r    59629  10.00  64.49%   4.83%  30.68%  11813.401 11904.057
u    71424  10.00  74.86%   2.19%  22.95%  12730.559 12651.649
r    59628  10.00  67.86%   4.20%  27.94%  11365.596 11722.978
u    71424  10.02  76.22%   2.35%  21.43%  12463.654 12589.948
r    59633  10.00  63.06%   4.22%  32.72%  12172.412 11830.384
u    71302   9.98  74.71%   2.47%  22.82%  12707.165 12618.456
r    59633  10.00  63.44%   3.60%  32.96%  12217.811 11904.888
u    71416  10.00  75.63%   2.20%  22.17%  12599.945 12614.806
LINPACK benchmark ./linpackC-westmere, Double precision.
Machine precision:  15 digits.
Array size 200 X 200.
Memory required:  315K.
      Reps Time(s) DGEFA   DGESL  OVERHEAD    MFLOPS
------------------------------------------------------
r     4096   0.55  77.19%   0.00%  22.81%  13298.282 13298.282
r    74744  10.12  77.40%   2.00%  20.60%  12770.394 12796.785
u     4096   0.78  89.90%   0.00%  10.10%   8001.669  8001.669
u    52378   9.87  83.01%   4.11%  12.88%   8362.294  8335.049
r    73828  10.02  77.26%   4.68%  18.06%  12354.143 12578.837
u    53046  10.00  82.19%   1.58%  16.23%   8696.412  8506.247
r    73710   9.97  77.62%   2.51%  19.87%  12674.145 12609.712
u    53046  10.00  80.15%   4.21%  15.64%   8634.567  8547.697
r    73946  10.00  80.24%   2.50%  17.26%  12273.689 12525.280
u    53040   9.98  83.88%   4.08%  12.04%   8294.420  8483.966
r    73946  10.02  77.21%   2.96%  19.83%  12648.214 12549.379
u    53125  10.02  80.92%   3.56%  15.52%   8621.878  8510.879
LINPACK benchmark ./linpack-x86-64, Double precision.
Machine precision:  15 digits.
Array size 200 X 200.
Memory required:  315K.
      Reps Time(s) DGEFA   DGESL  OVERHEAD    MFLOPS
------------------------------------------------------
r     1024   0.92  94.90%   0.00%   5.10%   1607.192  1607.192
r    11106   9.95  91.23%   2.82%   5.95%   1629.339  1627.446
u     1024   0.91  91.18%   3.53%   5.29%   1637.128  1637.128
u    11289  10.12  91.55%   3.44%   5.02%   1612.099  1614.152
r    11158  10.00  92.05%   2.04%   5.91%   1628.617  1628.006
u    11149  10.00  91.74%   2.80%   5.46%   1619.728  1616.797
r    11158  10.02  92.32%   1.87%   5.81%   1624.129  1626.748
u    11150  10.02  91.82%   2.05%   6.13%   1628.834  1620.655
r    11139   9.97  91.84%   3.15%   5.01%   1615.541  1623.995
u    11133   9.97  91.63%   2.52%   5.85%   1628.949  1622.666
r    11174  10.00  92.65%   2.49%   4.86%   1612.952  1621.809
u    11167  10.03  91.31%   3.27%   5.42%   1616.359  1621.425
LINPACK benchmark ./linpackC-x86-64, Double precision.
Machine precision:  15 digits.
Array size 200 X 200.
Memory required:  315K.
      Reps Time(s) DGEFA   DGESL  OVERHEAD    MFLOPS
------------------------------------------------------
r     4096   0.56  78.11%   5.52%  16.37%  11968.454 11968.454
r    72882   9.89  76.46%   2.36%  21.18%  12838.799 12789.312
u     4096   0.77  92.03%   2.09%   5.88%   7812.741  7812.741
u    53542  10.08  82.79%   2.18%  15.02%   8586.059  8526.086
r    73685  10.00  79.38%   3.45%  17.17%  12217.079 12502.902
u    53127  10.02  82.33%   4.23%  13.44%   8415.349  8472.611
r    73685  10.00  78.89%   3.12%  17.99%  12339.235 12448.670
u    53042   9.97  81.86%   3.15%  14.99%   8595.203  8511.923
r    73685  10.00  75.33%   3.29%  21.38%  12872.925 12550.938
u    53206  10.02  80.81%   4.25%  14.94%   8576.241  8527.603
r    73692  10.00  76.59%   3.11%  20.30%  12698.078 12579.836
u    53121  10.00  80.18%   3.77%  16.05%   8690.035  8559.063
LINPACK benchmark ./linpack-znver1, Double precision.
Machine precision:  15 digits.
Array size 200 X 200.
Memory required:  315K.
      Reps Time(s) DGEFA   DGESL  OVERHEAD    MFLOPS
------------------------------------------------------
r     4096   0.69  88.65%   2.33%   9.02%   9000.277  9000.277
r    59621  10.16  77.58%   1.98%  20.44%  10133.602 10052.232
u     4096   0.56  75.44%   2.85%  21.71%  12784.485 12784.485
u    72882   9.95  72.78%   2.80%  24.41%  13302.935 13274.291
r    58705  10.00  80.52%   3.10%  16.38%   9642.571  9851.530
u    73218   9.98  71.68%   3.93%  24.40%  13320.005 13296.537
r    58710  10.02  77.47%   3.42%  19.11%   9951.666  9883.766
u    73327  10.00  73.86%   3.11%  23.03%  13085.033 13226.403
r    58616  10.00  81.99%   2.49%  15.52%   9527.673  9794.268
u    73334  10.00  72.94%   2.19%  24.87%  13406.819 13270.519
r    58610  10.00  73.27%   4.06%  22.67%  10408.776  9909.190
u    73341   9.98  73.50%   2.05%  24.45%  13351.225 13286.430
LINPACK benchmark ./linpackC-znver1, Double precision.
Machine precision:  15 digits.
Array size 200 X 200.
Memory required:  315K.
      Reps Time(s) DGEFA   DGESL  OVERHEAD    MFLOPS
------------------------------------------------------
r     8192   0.95  73.77%   3.15%  23.08%  15348.358 15348.358
r    85960  10.02  74.84%   1.74%  23.42%  15391.360 15387.609
u     4096   0.81  73.06%   0.00%  26.94%   9469.989  9469.989
u    50381  10.11  62.61%   2.98%  34.41%  10435.883 10356.462
r    85822  10.02  74.74%   3.27%  21.98%  15083.467 15241.061
u    49837  10.00  65.20%   2.66%  32.14%  10085.885 10225.403
r    85684  10.02  73.75%   3.18%  23.08%  15274.233 15251.745
u    49837   9.98  61.38%   3.27%  35.36%  10604.712 10345.031
r    85555   9.98  73.78%   2.69%  23.53%  15387.053 15284.486
u    49916  10.00  55.07%   2.03%  42.90%  12005.483 10707.267
r    85683  10.00  75.19%   2.22%  22.59%  15201.049 15268.050
u    49916  10.00  59.34%   3.60%  37.06%  10889.802 10742.657
LINPACK benchmark ./linpack-znver2, Double precision.
Machine precision:  15 digits.
Array size 200 X 200.
Memory required:  315K.
      Reps Time(s) DGEFA   DGESL  OVERHEAD    MFLOPS
------------------------------------------------------
r     4096   0.55  66.18%   0.00%  33.82%  15539.153 15539.153
r    74881  10.12  69.65%   3.07%  27.28%  13968.565 14042.173
u     4096   0.55  59.96%   0.00%  40.04%  17149.919 17149.919
u    74881  10.03  66.13%   2.48%  31.38%  14940.662 15041.152
r    73963  10.00  69.83%   2.96%  27.21%  13956.561 14000.640
u    74649  10.00  67.12%   4.38%  28.50%  14338.176 14691.157
r    73970  10.00  70.52%   2.04%  27.44%  13998.273 13999.868
u    74649  10.00  68.15%   3.46%  28.39%  14318.151 14567.059
r    73962  10.02  70.84%   1.87%  27.30%  13948.706 13987.257
u    74656   9.98  66.80%   2.83%  30.37%  14745.804 14610.706
r    73843   9.98  70.33%   2.82%  26.84%  13884.317 13966.850
u    74768  10.00  68.27%   3.15%  28.58%  14377.119 14563.865
