
LINPACK benchmark ./linpack-nocona, Double precision.
Machine precision:  15 digits.
Array size 200 X 200.
Memory required:  315K.
      Reps Time(s) DGEFA   DGESL  OVERHEAD    MFLOPS
------------------------------------------------------
r     2048   0.59  79.66%   3.39%  16.95%   5739.973  5739.973
r    34711  10.03  79.16%   3.89%  16.95%   5722.662  5723.624
u     2048   0.68  82.35%   0.00%  17.65%   5022.476  5022.476
u    30117  10.02  82.24%   2.89%  14.87%   4848.849  4859.545
r    34607  10.00  78.20%   3.70%  18.10%   5803.046  5761.864
u    30056   9.99  79.48%   3.90%  16.62%   4955.211  4905.291
r    34606  10.00  78.50%   4.70%  16.80%   5712.208  5745.554
u    30086  10.00  82.80%   2.90%  14.30%   4821.249  4877.579
r    34606   9.99  80.68%   3.00%  16.32%   5684.877  5730.497
u    30086  10.01  82.12%   3.10%  14.79%   4843.858  4869.246
r    34640  10.00  77.00%   4.90%  18.10%   5808.580  5745.767
u    30055  10.00  82.70%   3.50%  13.80%   4788.345  4853.081
LINPACK benchmark ./linpack-core2, Double precision.
Machine precision:  15 digits.
Array size 200 X 200.
Memory required:  315K.
      Reps Time(s) DGEFA   DGESL  OVERHEAD    MFLOPS
------------------------------------------------------
r     1024   0.62  85.48%   3.23%  11.29%   2556.897  2556.897
r    16516   6.08  82.73%   2.63%  14.64%   4370.322  4196.562
u     2048   0.69  82.61%   5.80%  11.59%   4610.798  4610.798
u    29681   9.93  82.18%   3.83%  14.00%   4773.057  4762.240
r    27164   9.99  82.78%   3.40%  13.81%   4332.779  4278.292
u    29890   9.99  81.38%   3.50%  15.12%   4840.676  4799.967
r    27191  10.01  82.92%   3.60%  13.49%   4312.045  4290.995
u    29919  10.01  82.72%   4.20%  13.09%   4722.846  4774.485
r    27163  10.00  82.30%   3.70%  14.00%   4337.657  4303.690
u    29889  10.00  82.50%   2.80%  14.70%   4812.141  4783.699
r    27162   9.99  83.18%   3.10%  13.71%   4327.434  4308.778
u    29889  10.00  82.40%   3.20%  14.40%   4795.276  4785.981
LINPACK benchmark ./linpack-nehalem, Double precision.
Machine precision:  15 digits.
Array size 200 X 200.
Memory required:  315K.
      Reps Time(s) DGEFA   DGESL  OVERHEAD    MFLOPS
------------------------------------------------------
r     2048   0.59  86.44%   3.39%  10.17%   5306.767  5306.767
r    34711   9.86  81.03%   1.72%  17.24%   5841.884  5809.247
u     4096   0.95  87.37%   2.11%  10.53%   6617.851  6617.851
u    43115   9.92  78.33%   3.83%  17.84%   7265.186  7204.049
r    35203  10.00  82.00%   2.50%  15.50%   5721.355  5765.917
u    43462  10.00  76.00%   3.50%  20.50%   7507.901  7346.564
r    35203  10.26  78.95%   4.00%  17.06%   5681.017  5737.749
u    43462  10.02  77.25%   3.59%  19.16%   7368.866  7353.775
r    34310   9.76  80.74%   3.18%  16.09%   5753.244  5741.499
u    43375   9.98  77.86%   4.31%  17.84%   7264.431  7331.741
r    35153   9.99  79.18%   4.50%  16.32%   5774.735  5748.083
u    43461  10.01  76.02%   2.80%  21.18%   7564.821  7376.442
LINPACK benchmark ./linpack-corei7, Double precision.
Machine precision:  15 digits.
Array size 200 X 200.
Memory required:  315K.
      Reps Time(s) DGEFA   DGESL  OVERHEAD    MFLOPS
------------------------------------------------------
r     2048   0.58  74.14%   5.17%  20.69%   6114.319  6114.319
r    35310  10.00  80.40%   3.40%  16.20%   5786.683  5803.732
u     4096   0.94  76.60%   2.13%  21.28%   7601.586  7601.586
u    43574   9.96  78.41%   3.31%  18.27%   7351.551  7372.387
r    35310  10.01  79.72%   3.90%  16.38%   5793.596  5798.802
u    43748   9.99  75.58%   4.00%  20.42%   7557.306  7459.738
r    35274  10.00  80.80%   2.20%  17.00%   5836.501  5811.068
u    43791  10.01  77.42%   3.70%  18.88%   7406.360  7442.366
r    35274  10.00  79.30%   3.10%  17.60%   5879.000  5827.654
u    43747   9.99  76.08%   3.80%  20.12%   7528.723  7463.293
r    35274  10.00  81.50%   2.30%  16.20%   5780.783  5818.331
u    43790  10.01  74.33%   3.50%  22.18%   7719.932  7512.390
LINPACK benchmark ./linpack-westmere, Double precision.
Machine precision:  15 digits.
Array size 200 X 200.
Memory required:  315K.
      Reps Time(s) DGEFA   DGESL  OVERHEAD    MFLOPS
------------------------------------------------------
r     2048   0.69  75.36%   2.90%  21.74%   5208.494  5208.494
r    29681   8.41  81.21%   3.45%  15.34%   5724.987  5688.576
u     4096   0.94  76.60%   2.13%  21.28%   7601.586  7601.586
u    43574   9.97  76.63%   4.01%  19.36%   7442.988  7456.355
r    35292  10.00  79.30%   4.30%  16.40%   5797.569  5745.454
u    43705  10.00  76.80%   4.00%  19.20%   7428.408  7442.962
r    35292  10.00  80.00%   2.80%  17.20%   5853.585  5782.298
u    43705  10.01  75.62%   4.50%  19.88%   7483.982  7456.184
r    35292  10.00  80.80%   2.90%  16.30%   5790.643  5784.436
u    43661  10.00  77.20%   2.70%  20.10%   7504.519  7467.933
r    35292  10.00  81.00%   3.30%  15.70%   5749.428  5777.256
u    43661   9.99  75.18%   3.80%  21.02%   7599.633  7493.427
LINPACK benchmark ./linpack-bonnell, Double precision.
Machine precision:  15 digits.
Array size 200 X 200.
Memory required:  315K.
      Reps Time(s) DGEFA   DGESL  OVERHEAD    MFLOPS
------------------------------------------------------
r     1024   0.67  94.03%   1.49%   4.48%   2197.333  2197.333
r    15283   9.88  90.18%   1.52%   8.30%   2316.628  2308.757
u     2048   0.69  82.61%   4.35%  13.04%   4687.644  4687.644
u    29681   9.99  80.88%   3.40%  15.72%   4841.082  4830.875
r    15468   9.99  90.99%   1.70%   7.31%   2294.030  2301.565
u    29710  10.02  82.14%   2.99%  14.87%   4783.322  4807.762
r    15483  10.00  90.90%   2.20%   6.90%   2283.923  2295.755
u    29650   9.98  82.46%   3.21%  14.33%   4762.495  4792.933
r    15483  10.02  90.22%   2.10%   7.68%   2298.737  2296.490
u    29709  10.00  81.90%   3.20%  14.90%   4794.402  4793.294
r    15452   9.99  88.89%   2.30%   8.81%   2329.390  2302.918
u    29709  10.01  82.12%   3.10%  14.79%   4783.161  4791.291
LINPACK benchmark ./linpack-atom, Double precision.
Machine precision:  15 digits.
Array size 200 X 200.
Memory required:  315K.
      Reps Time(s) DGEFA   DGESL  OVERHEAD    MFLOPS
------------------------------------------------------
r      512   0.58  89.66%   1.72%   8.62%   1326.692  1326.692
r     8827   5.68  89.79%   1.41%   8.80%   2340.234  2246.158
u     2048   0.68  79.41%   1.47%  19.12%   5113.794  5113.794
u    30117  10.07  80.54%   3.38%  16.09%   4894.755  4908.141
r    15540  10.00  90.30%   1.10%   8.60%   2334.967  2300.819
u    29907   9.99  81.48%   1.80%  16.72%   4936.572  4921.798
r    15540  10.00  90.50%   2.20%   7.30%   2302.222  2301.358
u    29936  10.01  82.32%   3.00%  14.69%   4814.064  4886.220
r    15540  10.00  90.20%   2.60%   7.20%   2299.741  2300.909
u    29906  10.00  83.20%   3.30%  13.50%   4748.082  4851.595
r    15540  10.00  91.30%   0.90%   7.80%   2314.707  2303.894
u    29906   9.99  82.88%   2.40%  14.71%   4820.529  4845.444
LINPACK benchmark ./linpack-silvermont, Double precision.
Machine precision:  15 digits.
Array size 200 X 200.
Memory required:  315K.
      Reps Time(s) DGEFA   DGESL  OVERHEAD    MFLOPS
------------------------------------------------------
r     2048   0.59  71.19%   1.69%  27.12%   6540.899  6540.899
r    34711   8.34  78.06%   2.64%  19.30%   7083.176  7050.609
u     4096   0.92  73.91%   0.00%  26.09%   8272.314  8272.314
u    44521  10.06  75.65%   3.08%  21.27%   7719.971  7763.645
r    41619  10.01  77.32%   4.00%  18.68%   7021.715  7035.237
u    44255  10.03  76.57%   3.09%  20.34%   7606.617  7688.018
r    41577  10.00  78.00%   2.90%  19.10%   7057.983  7043.104
u    44122   9.96  75.80%   3.21%  20.98%   7699.392  7691.677
r    41577  10.00  75.90%   3.00%  21.10%   7236.892  7091.985
u    44299   9.99  77.18%   2.70%  20.12%   7623.721  7674.961
r    41576  10.00  77.60%   3.20%  19.20%   7066.548  7086.763
u    44343   9.99  76.38%   2.90%  20.72%   7689.106  7677.736
LINPACK benchmark ./linpack-slm, Double precision.
Machine precision:  15 digits.
Array size 200 X 200.
Memory required:  315K.
      Reps Time(s) DGEFA   DGESL  OVERHEAD    MFLOPS
------------------------------------------------------
r     2048   0.62  80.65%   1.61%  17.74%   5514.876  5514.876
r    33032   8.00  76.50%   2.87%  20.62%   7143.929  7022.818
u     4096   0.93  75.27%   6.45%  18.28%   7401.544  7401.544
u    44043   9.95  75.08%   3.62%  21.31%   7724.868  7696.262
r    41290   9.94  75.65%   3.72%  20.62%   7186.937  7110.608
u    44264  10.02  76.15%   3.39%  20.46%   7627.256  7663.051
r    41539  10.00  78.60%   3.30%  18.10%   6965.433  7058.778
u    44175   9.99  77.48%   4.30%  18.22%   7425.581  7584.598
r    41539  10.01  78.62%   4.00%  17.38%   6898.052  7016.189
u    44219   9.95  77.39%   3.62%  18.99%   7534.420  7572.264
r    41497  10.00  78.00%   3.90%  18.10%   6958.390  7004.174
u    44441  10.03  74.98%   2.79%  22.23%   7824.655  7620.765
LINPACK benchmark ./linpack-goldmont, Double precision.
Machine precision:  15 digits.
Array size 200 X 200.
Memory required:  315K.
      Reps Time(s) DGEFA   DGESL  OVERHEAD    MFLOPS
------------------------------------------------------
r     2048   0.56  73.21%   3.57%  23.21%   6540.899  6540.899
r    36571   8.75  78.06%   3.09%  18.86%   7073.827  7043.394
u     4096   0.93  80.65%   4.30%  15.05%   7120.473  7120.473
u    44043   9.91  74.87%   3.94%  21.19%   7744.650  7687.313
r    41795  10.00  76.00%   3.70%  20.30%   7201.815  7124.853
u    44442   9.97  76.03%   4.01%  19.96%   7648.331  7668.551
r    41795  10.00  77.10%   3.30%  19.60%   7139.113  7129.724
u    44575   9.98  76.15%   3.81%  20.04%   7671.220  7669.418
r    41795  10.00  77.80%   3.80%  18.40%   7034.126  7105.115
u    44664  10.11  75.77%   3.76%  20.47%   7629.174  7659.493
r    41795  10.00  77.60%   3.00%  19.40%   7121.398  7108.416
u    44178   9.98  75.15%   4.91%  19.94%   7593.382  7646.479
LINPACK benchmark ./linpack-goldmont-plus, Double precision.
Machine precision:  15 digits.
Array size 200 X 200.
Memory required:  315K.
      Reps Time(s) DGEFA   DGESL  OVERHEAD    MFLOPS
------------------------------------------------------
r     2048   0.51  76.47%   3.92%  19.61%   6859.967  6859.967
r    40156   9.65  75.65%   4.66%  19.69%   7115.816  7102.961
u     4096   0.93  78.49%   2.15%  19.35%   7500.231  7500.231
u    44043   9.98  77.15%   3.21%  19.64%   7541.860  7538.300
r    41612  10.01  75.42%   3.00%  21.58%   7279.891  7189.713
u    44131   9.96  74.50%   3.21%  22.29%   7830.307  7675.195
r    41570  10.00  76.20%   4.40%  19.40%   7083.060  7154.000
u    44308  10.03  73.48%   4.69%  21.83%   7761.435  7702.962
r    41570   9.99  76.58%   3.20%  20.22%   7163.045  7156.250
u    44175  10.02  76.55%   2.40%  21.06%   7669.659  7694.796
r    41611  10.00  78.60%   2.10%  19.30%   7081.261  7141.162
u    44086   9.95  77.19%   3.32%  19.50%   7558.648  7667.715
LINPACK benchmark ./linpack-tremont, Double precision.
Machine precision:  15 digits.
Array size 200 X 200.
Memory required:  315K.
      Reps Time(s) DGEFA   DGESL  OVERHEAD    MFLOPS
------------------------------------------------------
r     4096   0.98  76.53%   0.00%  23.47%   7500.231  7500.231
r    41795  10.05  77.01%   3.18%  19.80%   7121.398  7153.648
u     4096   0.92  81.52%   5.43%  13.04%   7031.467  7031.467
u    44521  10.02  75.35%   4.69%  19.96%   7623.712  7569.994
r    41587  10.08  78.08%   2.98%  18.95%   6990.552  7075.174
u    44432  10.04  75.90%   3.98%  20.12%   7608.472  7588.319
r    41256   9.87  78.32%   3.65%  18.03%   7003.491  7052.042
u    44254  10.00  76.60%   4.70%  18.70%   7475.460  7551.573
r    41799  10.00  77.60%   2.40%  20.00%   7175.495  7081.907
u    44254  10.02  75.85%   3.29%  20.86%   7663.997  7578.671
r    41799  10.00  76.40%   3.90%  19.70%   7148.687  7094.954
u    44165   9.94  75.05%   3.12%  21.83%   7806.083  7622.118
LINPACK benchmark ./linpack-x86-64, Double precision.
Machine precision:  15 digits.
Array size 200 X 200.
Memory required:  315K.
      Reps Time(s) DGEFA   DGESL  OVERHEAD    MFLOPS
------------------------------------------------------
r      512   0.58  87.93%   5.17%   6.90%   1302.123  1302.123
r     8827   9.24  91.23%   3.68%   5.09%   1382.259  1377.611
u      512   0.54  90.74%   0.00%   9.26%   1434.993  1434.993
u     9481   9.91  91.12%   2.52%   6.36%   1403.079  1404.680
r     9553   9.98  92.48%   2.51%   5.01%   1383.909  1380.788
u     9567   9.99  92.79%   2.90%   4.30%   1374.339  1389.674
r     9572   9.99  91.19%   3.80%   5.01%   1385.200  1382.269
u     9576  10.00  92.20%   3.30%   4.50%   1377.072  1385.507
r     9581  10.01  93.21%   2.60%   4.20%   1372.044  1379.680
u     9576  10.00  91.70%   3.20%   5.10%   1385.779  1385.574
r     9571  10.02  90.62%   2.79%   6.59%   1404.292  1384.557
u     9576   9.99  92.99%   2.20%   4.80%   1382.864  1385.036
LINPACK benchmark ./linpack-eden-x2, Double precision.
Machine precision:  15 digits.
Array size 200 X 200.
Memory required:  315K.
      Reps Time(s) DGEFA   DGESL  OVERHEAD    MFLOPS
------------------------------------------------------
r      512   0.53  86.79%   3.77%   9.43%   1464.889  1464.889
r     9660  10.04  90.94%   3.88%   5.18%   1393.529  1396.955
u      512   0.54  90.74%   5.56%   3.70%   1352.205  1352.205
u     9481   9.86  91.89%   3.14%   4.97%   1389.602  1387.636
r     9621  10.01  91.11%   3.30%   5.59%   1398.184  1397.552
u     9615  10.01  91.41%   3.30%   5.29%   1392.890  1390.208
r     9611   9.99  90.69%   3.00%   6.31%   1410.161  1401.649
u     9605  10.01  91.21%   3.40%   5.39%   1392.911  1391.095
r     9620  10.00  91.10%   3.90%   5.00%   1390.681  1398.929
u     9595   9.99  91.99%   2.20%   5.81%   1400.333  1393.368
r     9620  10.00  91.50%   3.10%   5.40%   1396.561  1398.460
u     9604  10.00  91.80%   2.80%   5.40%   1394.238  1393.540
LINPACK benchmark ./linpack-nano, Double precision.
Machine precision:  15 digits.
Array size 200 X 200.
Memory required:  315K.
      Reps Time(s) DGEFA   DGESL  OVERHEAD    MFLOPS
------------------------------------------------------
r      256   0.52  92.31%   3.85%   3.85%    703.147   703.147
r     4923   5.11  91.39%   3.72%   4.89%   1391.136  1326.958
u      512   0.53  92.45%   0.00%   7.55%   1434.993  1434.993
u     9660  10.05  91.04%   3.08%   5.87%   1402.368  1403.975
r     9634  10.02  92.12%   3.19%   4.69%   1385.413  1364.399
u     9611  10.00  91.90%   3.20%   4.90%   1387.919  1396.128
r     9614  10.00  91.70%   2.50%   5.80%   1401.616  1378.809
u     9611  10.01  92.11%   2.30%   5.59%   1396.731  1396.325
r     9614  10.00  90.60%   3.50%   5.90%   1403.106  1385.585
u     9601   9.98  92.89%   2.61%   4.51%   1383.565  1393.162
r     9613  10.00  91.60%   2.60%   5.80%   1401.471  1389.052
u     9620  10.01  91.11%   2.90%   5.99%   1403.982  1395.289
LINPACK benchmark ./linpack-nano-1000, Double precision.
Machine precision:  15 digits.
Array size 200 X 200.
Memory required:  315K.
      Reps Time(s) DGEFA   DGESL  OVERHEAD    MFLOPS
------------------------------------------------------
r      512   0.53  92.45%   0.00%   7.55%   1434.993  1434.993
r     9660  10.05  92.24%   2.29%   5.47%   1396.463  1398.353
u      512   0.53  90.57%   0.00%   9.43%   1464.889  1464.889
u     9660  10.06  91.45%   2.88%   5.67%   1397.935  1401.158
r     9611  10.00  91.90%   3.00%   5.10%   1390.844  1394.695
u     9602   9.99  91.89%   3.70%   4.40%   1380.811  1391.204
r     9611  10.00  92.80%   2.00%   5.20%   1392.311  1393.914
u     9611   9.99  91.49%   3.30%   5.21%   1393.781  1392.046
r     9611  10.00  91.50%   3.40%   5.10%   1390.844  1393.156
u     9620  10.02  91.62%   3.09%   5.29%   1392.146  1392.070
r     9611   9.99  91.39%   3.20%   5.41%   1396.731  1393.862
u     9600  10.00  92.20%   2.70%   5.10%   1389.252  1391.513
LINPACK benchmark ./linpack-nano-2000, Double precision.
Machine precision:  15 digits.
Array size 200 X 200.
Memory required:  315K.
      Reps Time(s) DGEFA   DGESL  OVERHEAD    MFLOPS
------------------------------------------------------
r      256   0.51  96.08%   1.96%   1.96%    703.147   703.147
r     5019   5.21  91.94%   1.92%   6.14%   1409.562  1344.032
u      512   0.53  90.57%   3.77%   5.66%   1406.293  1406.293
u     9660  10.05  91.84%   2.39%   5.77%   1400.887  1401.158
r     9633  10.02  91.82%   3.29%   4.89%   1388.176  1372.229
u     9611  10.00  92.00%   3.30%   4.70%   1385.006  1393.264
r     9613  10.00  91.20%   3.30%   5.50%   1397.022  1381.843
u     9610  10.01  91.51%   3.30%   5.19%   1390.699  1392.425
r     9613   9.99  92.89%   2.50%   4.60%   1385.294  1382.813
u     9600  10.00  91.90%   2.70%   5.40%   1393.658  1392.728
r     9622  10.00  92.60%   2.90%   4.50%   1383.687  1383.005
u     9600   9.99  91.79%   2.80%   5.41%   1395.132  1393.202
LINPACK benchmark ./linpack-nano-3000, Double precision.
Machine precision:  15 digits.
Array size 200 X 200.
Memory required:  315K.
      Reps Time(s) DGEFA   DGESL  OVERHEAD    MFLOPS
------------------------------------------------------
r      512   0.53  90.57%   1.89%   7.55%   1434.993  1434.993
r     9660  10.05  91.74%   2.39%   5.87%   1402.368  1403.975
u      512   0.53  92.45%   3.77%   3.77%   1378.719  1378.719
u     9660  10.05  91.74%   2.99%   5.27%   1393.529  1392.776
r     9611  10.00  92.00%   2.40%   5.60%   1398.210  1401.168
u     9611  10.01  91.61%   3.30%   5.09%   1389.380  1391.124
r     9611  10.01  92.71%   2.30%   5.00%   1387.919  1396.808
u     9601   9.99  92.69%   2.70%   4.60%   1383.565  1388.645
r     9601  10.00  91.50%   2.90%   5.60%   1396.756  1396.795
u     9610  10.00  91.40%   3.20%   5.40%   1395.109  1390.233
r     9601   9.99  93.59%   2.50%   3.90%   1373.476  1392.126
u     9610  10.01  91.41%   3.00%   5.59%   1396.586  1391.484
LINPACK benchmark ./linpack-nano-x2, Double precision.
Machine precision:  15 digits.
Array size 200 X 200.
Memory required:  315K.
      Reps Time(s) DGEFA   DGESL  OVERHEAD    MFLOPS
------------------------------------------------------
r      256   0.51  90.20%   0.00%   9.80%    764.290   764.290
r     5019   5.30  93.96%   0.94%   5.09%   1370.330  1319.551
u      512   0.54  90.74%   5.56%   3.70%   1352.205  1352.205
u     9481   9.95  92.46%   2.51%   5.03%   1377.838  1376.502
r     9469   9.94  92.25%   2.52%   5.23%   1380.477  1358.043
u     9528  10.01  92.91%   2.40%   4.70%   1371.606  1374.108
r     9526  10.00  91.60%   2.80%   5.60%   1385.845  1368.821
u     9518  10.02  91.62%   3.09%   5.29%   1377.385  1375.180
r     9526  10.02  92.81%   2.79%   4.39%   1365.592  1367.910
u     9499   9.99  91.39%   3.10%   5.51%   1381.917  1376.835
r     9506   9.98  91.18%   2.61%   6.21%   1394.755  1373.714
u     9508   9.98  91.98%   2.81%   5.21%   1380.302  1377.519
LINPACK benchmark ./linpack-eden-x4, Double precision.
Machine precision:  15 digits.
Array size 200 X 200.
Memory required:  315K.
      Reps Time(s) DGEFA   DGESL  OVERHEAD    MFLOPS
------------------------------------------------------
r      512   0.53  88.68%   7.55%   3.77%   1378.719  1378.719
r     9660  10.06  91.75%   2.78%   5.47%   1394.995  1394.166
u      512   0.53  88.68%   3.77%   7.55%   1434.993  1434.993
u     9660  10.06  91.75%   2.88%   5.37%   1393.529  1395.559
r     9602   9.99  92.49%   2.60%   4.90%   1388.079  1391.204
u     9602  10.01  91.41%   3.40%   5.19%   1389.541  1392.630
r     9611   9.99  91.09%   3.20%   5.71%   1401.179  1394.451
u     9592   9.99  91.89%   3.00%   5.11%   1389.558  1391.625
r     9620  10.02  92.22%   2.20%   5.59%   1396.561  1394.970
u     9601  10.01  92.11%   3.10%   4.80%   1383.565  1389.631
r     9600   9.99  91.79%   3.20%   5.01%   1389.252  1393.837
u     9591   9.99  91.79%   2.80%   5.41%   1393.824  1390.457
LINPACK benchmark ./linpack-nano-x4, Double precision.
Machine precision:  15 digits.
Array size 200 X 200.
Memory required:  315K.
      Reps Time(s) DGEFA   DGESL  OVERHEAD    MFLOPS
------------------------------------------------------
r      512   0.53  92.45%   0.00%   7.55%   1434.993  1434.993
r     9660  10.06  91.05%   2.68%   6.26%   1406.829  1408.220
u      512   0.53  92.45%   3.77%   3.77%   1378.719  1378.719
u     9660  10.06  91.05%   2.78%   6.16%   1405.339  1403.975
r     9602   9.99  91.79%   2.50%   5.71%   1399.867  1404.152
u     9602  10.01  92.21%   2.40%   5.39%   1392.476  1398.367
r     9611  10.00  92.50%   2.20%   5.30%   1393.781  1400.743
u     9592   9.99  91.59%   4.00%   4.40%   1379.373  1392.106
r     9611   9.99  91.59%   2.90%   5.51%   1398.210  1400.118
u     9601  10.01  91.21%   3.40%   5.39%   1392.331  1392.161
r     9620  10.01  92.01%   3.30%   4.70%   1384.850  1397.070
u     9591   9.99  91.19%   3.70%   5.11%   1389.414  1391.618
LINPACK benchmark ./linpack-k8, Double precision.
Machine precision:  15 digits.
Array size 200 X 200.
Memory required:  315K.
      Reps Time(s) DGEFA   DGESL  OVERHEAD    MFLOPS
------------------------------------------------------
r      512   0.53  94.34%   1.89%   3.77%   1378.719  1378.719
r     9660  10.04  91.93%   2.89%   5.18%   1393.529  1392.776
u      512   0.53  92.45%   1.89%   5.66%   1406.293  1406.293
u     9660  10.05  92.54%   3.28%   4.18%   1377.612  1379.027
r     9621  10.01  90.91%   3.00%   6.09%   1405.621  1398.991
u     9611  10.00  92.40%   2.70%   4.90%   1387.919  1383.333
r     9611  10.01  91.11%   2.80%   6.09%   1404.160  1400.676
u     9611  10.01  91.01%   3.80%   5.19%   1390.844  1385.780
r     9601   9.98  91.18%   2.61%   6.21%   1408.694  1402.641
u     9601   9.99  92.39%   2.60%   5.01%   1389.397  1386.668
r     9620  10.02  91.02%   3.49%   5.49%   1395.086  1401.140
u     9610  10.00  91.40%   3.10%   5.50%   1396.586  1388.618
LINPACK benchmark ./linpack-k8-sse3, Double precision.
Machine precision:  15 digits.
Array size 200 X 200.
Memory required:  315K.
      Reps Time(s) DGEFA   DGESL  OVERHEAD    MFLOPS
------------------------------------------------------
r      512   0.53  96.23%   1.89%   1.89%   1352.205  1352.205
r     9660  10.04  91.83%   2.69%   5.48%   1397.935  1395.559
u      512   0.54  92.59%   3.70%   3.70%   1352.205  1352.205
u     9481   9.87  90.58%   2.74%   6.69%   1413.743  1410.454
r     9621  10.01  91.31%   3.00%   5.69%   1399.665  1397.552
u     9605  10.01  91.61%   3.20%   5.19%   1389.975  1400.343
r     9611   9.99  92.29%   2.70%   5.01%   1390.844  1395.352
u     9595   9.99  92.09%   3.00%   4.90%   1387.067  1395.951
r     9620  10.01  92.81%   1.80%   5.39%   1395.086  1395.287
u     9604  10.00  91.10%   3.00%   5.90%   1401.646  1397.357
r     9610   9.99  92.49%   2.90%   4.60%   1384.862  1393.214
u     9604  10.01  91.41%   2.20%   6.39%   1407.630  1399.383
LINPACK benchmark ./linpack-opteron, Double precision.
Machine precision:  15 digits.
Array size 200 X 200.
Memory required:  315K.
      Reps Time(s) DGEFA   DGESL  OVERHEAD    MFLOPS
------------------------------------------------------
r      512   0.60  93.33%   1.67%   5.00%   1233.591  1233.591
r     8533   8.88  92.34%   2.03%   5.63%   1398.407  1387.911
u      512   0.54  92.59%   5.56%   1.85%   1326.692  1326.692
u     9481   9.86  92.39%   2.74%   4.87%   1388.121  1384.836
r     9609  10.01  91.91%   3.50%   4.60%   1381.818  1384.765
u     9615  10.01  92.51%   2.50%   5.00%   1388.496  1386.628
r     9599   9.98  91.88%   2.91%   5.21%   1393.512  1387.725
u     9605  10.01  91.41%   2.50%   6.09%   1403.284  1392.061
r     9618  10.01  93.01%   3.00%   4.00%   1374.477  1384.336
u     9595   9.99  91.99%   3.30%   4.70%   1384.153  1390.097
r     9608  10.01  91.61%   2.80%   5.59%   1396.295  1386.740
u     9604  10.00  92.70%   2.80%   4.50%   1381.099  1388.303
LINPACK benchmark ./linpack-opteron-sse3, Double precision.
Machine precision:  15 digits.
Array size 200 X 200.
Memory required:  315K.
      Reps Time(s) DGEFA   DGESL  OVERHEAD    MFLOPS
------------------------------------------------------
r      512   0.59  91.53%   5.08%   3.39%   1233.591  1233.591
r     8677   9.04  91.70%   3.54%   4.76%   1384.020  1374.680
u      512   0.53  92.45%   3.77%   3.77%   1378.719  1378.719
u     9660  10.05  90.85%   3.28%   5.87%   1402.368  1401.158
r     9598   9.99  91.89%   2.80%   5.31%   1393.367  1384.164
u     9611  10.00  91.50%   2.90%   5.60%   1398.210  1399.725
r     9607   9.99  92.99%   2.00%   5.01%   1390.265  1386.222
u     9611  10.02  92.42%   2.59%   4.99%   1386.461  1395.360
r     9616   9.99  92.59%   1.80%   5.61%   1400.421  1389.787
u     9591   9.99  92.29%   3.90%   3.80%   1370.618  1389.190
r     9625  10.01  91.81%   3.00%   5.19%   1392.870  1390.409
u     9600   9.99  92.49%   2.90%   4.60%   1383.421  1388.047
LINPACK benchmark ./linpack-athlon64, Double precision.
Machine precision:  15 digits.
Array size 200 X 200.
Memory required:  315K.
      Reps Time(s) DGEFA   DGESL  OVERHEAD    MFLOPS
------------------------------------------------------
r      512   0.53  92.45%   5.66%   1.89%   1352.205  1352.205
r     9660  10.04  92.23%   2.59%   5.18%   1393.529  1391.389
u      512   0.53  94.34%   0.00%   5.66%   1406.293  1406.293
u     9660  10.06  91.95%   3.18%   4.87%   1386.249  1387.244
r     9621  10.00  90.50%   3.30%   6.20%   1408.618  1399.711
u     9602  10.00  92.40%   2.90%   4.70%   1383.709  1385.525
r     9621  10.00  91.70%   2.70%   5.60%   1399.665  1399.696
u     9602  10.00  92.50%   2.80%   4.70%   1383.709  1384.931
r     9621  10.00  93.30%   2.50%   4.20%   1379.211  1394.591
u     9602  10.00  91.40%   2.70%   5.90%   1401.355  1388.941
r     9620  10.01  91.31%   3.00%   5.69%   1399.520  1395.563
u     9602   9.99  90.69%   3.90%   5.41%   1395.423  1390.217
LINPACK benchmark ./linpack-athlon64-sse3, Double precision.
Machine precision:  15 digits.
Array size 200 X 200.
Memory required:  315K.
      Reps Time(s) DGEFA   DGESL  OVERHEAD    MFLOPS
------------------------------------------------------
r      256   0.52  98.08%   0.00%   1.92%    689.359   689.359
r     4923   5.12  91.80%   2.34%   5.86%   1402.680  1334.427
u      512   0.53  90.57%   3.77%   5.66%   1406.293  1406.293
u     9660  10.06  92.05%   2.29%   5.67%   1397.935  1398.353
r     9615  10.00  92.20%   2.50%   5.30%   1394.361  1372.777
u     9602  10.01  90.51%   3.00%   6.49%   1408.840  1403.426
r     9615  10.00  91.30%   2.50%   6.20%   1407.740  1386.340
u     9592   9.99  92.69%   2.70%   4.60%   1382.268  1396.444
r     9615  10.01  91.61%   2.70%   5.69%   1398.792  1389.836
u     9601  10.00  91.60%   3.00%   5.40%   1393.803  1395.792
r     9605   9.98  92.38%   2.40%   5.21%   1394.383  1390.835
u     9601  10.01  92.21%   2.90%   4.90%   1385.018  1393.649
LINPACK benchmark ./linpack-athlon-fx, Double precision.
Machine precision:  15 digits.
Array size 200 X 200.
Memory required:  315K.
      Reps Time(s) DGEFA   DGESL  OVERHEAD    MFLOPS
------------------------------------------------------
r      512   0.53  92.45%   5.66%   1.89%   1352.205  1352.205
r     9660  10.05  92.24%   2.69%   5.07%   1390.608  1388.623
u      512   0.54  94.44%   1.85%   3.70%   1352.205  1352.205
u     9481   9.87  91.59%   4.15%   4.26%   1377.838  1376.502
r     9611  10.01  91.21%   2.40%   6.39%   1408.656  1398.284
u     9605  10.01  91.91%   2.50%   5.59%   1395.859  1385.921
r     9601   9.99  91.19%   3.80%   5.01%   1389.397  1395.367
u     9595  10.00  90.90%   3.60%   5.50%   1394.406  1388.698
r     9610  10.00  90.50%   2.90%   6.60%   1413.034  1399.680
u     9595  10.00  92.50%   2.10%   5.40%   1392.932  1389.743
r     9610  10.00  90.70%   3.40%   5.90%   1402.522  1400.241
u     9595   9.99  92.09%   2.90%   5.01%   1388.528  1389.502
LINPACK benchmark ./linpack-amdfam10, Double precision.
Machine precision:  15 digits.
Array size 200 X 200.
Memory required:  315K.
      Reps Time(s) DGEFA   DGESL  OVERHEAD    MFLOPS
------------------------------------------------------
r     2048   0.59  81.36%   5.08%  13.56%   5514.876  5514.876
r    34711  10.08  81.05%   3.08%  15.87%   5621.436  5615.390
u     2048   0.52  73.08%   3.85%  23.08%   7031.467  7031.467
u    39384  10.06  76.94%   2.98%  20.08%   6727.284  6741.700
r    34435   9.99  81.18%   3.00%  15.82%   5623.155  5619.143
u    39149  10.00  77.60%   3.80%  18.60%   6604.991  6674.582
r    34469  10.01  82.72%   2.70%  14.59%   5536.541  5591.928
u    39149  10.00  79.10%   3.00%  17.90%   6548.676  6632.884
r    34434   9.99  81.28%   3.30%  15.42%   5596.374  5593.020
u    39149  10.00  78.60%   3.80%  17.60%   6524.833  6605.929
r    34468  10.01  79.82%   3.00%  17.18%   5710.018  5615.740
u    39149  10.01  79.22%   3.10%  17.68%   6524.833  6589.737
LINPACK benchmark ./linpack-barcelona, Double precision.
Machine precision:  15 digits.
Array size 200 X 200.
Memory required:  315K.
      Reps Time(s) DGEFA   DGESL  OVERHEAD    MFLOPS
------------------------------------------------------
r     2048   0.59  84.75%   0.00%  15.25%   5625.173  5625.173
r    34711  10.10  83.17%   2.38%  14.46%   5517.335  5523.234
u     2048   0.52  69.23%   0.00%  30.77%   7812.741  7812.741
u    39384  10.11  77.25%   3.36%  19.39%   6636.486  6686.245
r    34367  10.00  79.80%   2.40%  17.80%   5741.770  5626.711
u    38955  10.00  78.70%   2.90%  18.40%   6556.152  6622.564
r    34366  10.01  79.62%   4.00%  16.38%   5638.706  5630.613
u    38955  10.00  72.90%   3.90%  23.20%   6965.911  6730.856
r    34331   9.98  80.66%   2.30%  17.03%   5694.192  5646.092
u    38955  10.01  76.62%   3.20%  20.18%   6695.645  6722.157
r    34399  10.02  79.74%   2.79%  17.47%   5712.369  5659.056
u    38916   9.99  76.38%   2.90%  20.72%   6748.061  6727.253
LINPACK benchmark ./linpack-btver1, Double precision.
Machine precision:  15 digits.
Array size 200 X 200.
Memory required:  315K.
      Reps Time(s) DGEFA   DGESL  OVERHEAD    MFLOPS
------------------------------------------------------
r     2048   0.59  83.05%   1.69%  15.25%   5625.173  5625.173
r    34711  10.07  81.93%   2.98%  15.09%   5575.412  5578.161
u     2048   0.52  78.85%   3.85%  17.31%   6540.899  6540.899
u    39384   9.93  79.25%   3.32%  17.42%   6596.020  6593.273
r    34469  10.00  80.10%   3.20%  16.70%   5682.764  5628.296
u    39661  10.00  79.20%   3.40%  17.40%   6594.161  6593.708
r    34469  10.00  80.10%   2.70%  17.20%   5717.081  5656.945
u    39661  10.00  79.60%   2.80%  17.60%   6610.167  6599.104
r    34469   9.99  80.98%   3.00%  16.02%   5642.125  5653.293
u    39661  10.00  76.10%   4.20%  19.70%   6783.035  6643.645
r    34503  10.02  81.24%   3.49%  15.27%   5581.168  5638.899
u    39661   9.99  77.78%   4.10%  18.12%   6658.652  6646.614
LINPACK benchmark ./linpack-generic, Double precision.
Machine precision:  15 digits.
Array size 200 X 200.
Memory required:  315K.
      Reps Time(s) DGEFA   DGESL  OVERHEAD    MFLOPS
------------------------------------------------------
r     2048   0.58  77.59%   3.45%  18.97%   5984.227  5984.227
r    35310  10.03  81.66%   3.29%  15.05%   5691.596  5706.895
u     4096   0.94  74.47%   0.00%  25.53%   8035.962  8035.962
u    43574   9.97  76.93%   2.41%  20.66%   7565.313  7603.577
r    35204  10.00  80.40%   4.10%  15.50%   5721.518  5713.980
u    43705  10.01  74.03%   4.40%  21.58%   7646.055  7623.836
r    35204  10.00  80.80%   2.10%  17.10%   5831.945  5751.988
u    43661   9.99  75.38%   4.30%  20.32%   7532.802  7594.162
r    35204  10.01  80.62%   2.80%  16.58%   5790.039  5761.311
u    43704  10.00  74.80%   3.10%  22.10%   7704.770  7620.913
r    35168   9.99  79.68%   3.10%  17.22%   5840.071  5776.691
u    43704   9.99  76.78%   3.60%  19.62%   7474.491  7591.694
LINPACK benchmark ./linpack-native, Double precision.
Machine precision:  15 digits.
Array size 200 X 200.
Memory required:  315K.
      Reps Time(s) DGEFA   DGESL  OVERHEAD    MFLOPS
------------------------------------------------------
r     2048   0.58  84.48%   1.72%  13.79%   5625.173  5625.173
r    35310  10.08  77.88%   2.88%  19.25%   5957.297  5938.077
u     4096   0.94  77.66%   4.26%  18.09%   7305.420  7305.420
u    43574  10.04  75.20%   3.29%  21.51%   7594.115  7568.416
r    35029   9.99  80.08%   3.60%  16.32%   5754.365  5847.734
u    43400   9.99  75.28%   4.60%  20.12%   7469.006  7520.714
r    35064  10.00  81.50%   3.50%  15.00%   5665.242  5786.904
u    43443  10.01  78.52%   3.60%  17.88%   7258.117  7433.851
r    35064   9.98  78.56%   2.91%  18.54%   5923.070  5819.822
u    43399   9.99  77.18%   3.00%  19.82%   7440.861  7435.559
r    35134  10.02  80.64%   3.49%  15.87%   5723.688  5800.554
u    43442   9.99  77.68%   3.60%  18.72%   7347.333  7418.078
LINPACK benchmark ./linpackC-nocona, Double precision.
Machine precision:  15 digits.
Array size 200 X 200.
Memory required:  315K.
      Reps Time(s) DGEFA   DGESL  OVERHEAD    MFLOPS
------------------------------------------------------
r     4096   0.95  81.05%   4.21%  14.74%   6944.658  6944.658
r    43115  10.03  83.05%   3.19%  13.76%   6845.233  6853.746
u     2048   0.69  86.96%   2.90%  10.14%   4536.430  4536.430
u    29681  10.16  85.43%   3.94%  10.63%   4489.197  4492.216
r    42986  10.03  80.76%   3.29%  15.95%   7002.860  6924.010
u    29213  10.01  87.61%   3.40%   8.99%   4403.862  4449.425
r    42857   9.97  80.74%   3.11%  16.15%   7040.305  6961.047
u    29183   9.98  85.87%   3.31%  10.82%   4503.145  4466.679
r    42985  10.02  81.54%   3.39%  15.07%   6936.866  6955.127
u    29241   9.99  86.69%   3.40%   9.91%   4461.960  4465.522
r    42899   9.97  80.54%   2.41%  17.05%   7123.897  6987.563
u    29270  10.03  85.94%   2.59%  11.47%   4526.742  4477.446
LINPACK benchmark ./linpackC-core2, Double precision.
Machine precision:  15 digits.
Array size 200 X 200.
Memory required:  315K.
      Reps Time(s) DGEFA   DGESL  OVERHEAD    MFLOPS
------------------------------------------------------
r     4096   0.97  84.54%   1.03%  14.43%   6777.317  6777.317
r    42226   9.98  80.96%   3.61%  15.43%   6870.897  6862.519
u     2048   0.70  85.71%   1.43%  12.86%   4610.798  4610.798
u    29257   9.98  84.77%   3.41%  11.82%   4565.865  4568.778
r    42310  10.01  81.62%   2.90%  15.48%   6868.290  6865.272
u    29315  10.01  85.11%   3.40%  11.49%   4543.935  4556.731
r    42267   9.99  80.38%   4.40%  15.22%   6853.209  6861.373
u    29285   9.99  88.49%   2.20%   9.31%   4439.080  4517.729
r    42309  10.01  79.52%   3.40%  17.08%   7000.525  6894.850
u    29314  10.00  85.70%   3.30%  11.00%   4523.359  4519.112
r    42266   9.99  81.58%   3.00%  15.42%   6869.267  6889.817
u    29314  10.01  86.61%   2.40%  10.99%   4518.282  4518.948
LINPACK benchmark ./linpackC-penryn, Double precision.
Machine precision:  15 digits.
Array size 200 X 200.
Memory required:  315K.
      Reps Time(s) DGEFA   DGESL  OVERHEAD    MFLOPS
------------------------------------------------------
r     4096   0.97  80.41%   4.12%  15.46%   6859.967  6859.967
r    42226  10.00  80.10%   3.60%  16.30%   6928.360  6922.258
u     2048   0.70  90.00%   2.86%   7.14%   4327.056  4327.056
u    29257  10.00  85.00%   3.20%  11.80%   4555.512  4539.831
r    42226   9.99  80.28%   3.90%  15.82%   6895.407  6909.427
u    29257  10.00  85.20%   3.60%  11.20%   4524.731  4532.524
r    42268  10.00  80.80%   3.50%  15.70%   6885.890  6901.805
u    29257  10.00  86.70%   3.20%  10.10%   4469.367  4511.757
r    42268  10.01  79.92%   3.80%  16.28%   6926.975  6907.935
u    29257  10.00  86.50%   2.80%  10.70%   4499.397  4508.714
r    42225  10.00  80.30%   3.60%  16.10%   6911.681  6908.669
u    29257   9.99  84.18%   3.50%  12.31%   4586.714  4523.887
LINPACK benchmark ./linpackC-bonnell, Double precision.
Machine precision:  15 digits.
Array size 200 X 200.
Memory required:  315K.
      Reps Time(s) DGEFA   DGESL  OVERHEAD    MFLOPS
------------------------------------------------------
r     2048   0.50  80.00%   4.00%  16.00%   6696.635  6696.635
r    40960  10.11  81.60%   3.76%  14.64%   6518.161  6526.444
u     2048   0.62  93.55%   1.61%   4.84%   4767.096  4767.096
u    33032  10.20  82.45%   2.45%  15.10%   5238.331  5208.274
r    40514   9.99  82.98%   3.20%  13.81%   6462.163  6495.105
u    32384   9.98  84.47%   2.71%  12.83%   5111.957  5161.591
r    40554  10.01  83.02%   3.40%  13.59%   6438.631  6476.538
u    32448  10.01  84.52%   2.50%  12.99%   5116.179  5146.755
r    40513   9.99  80.78%   3.60%  15.62%   6599.983  6506.493
u    32415  10.00  84.50%   3.20%  12.30%   5076.009  5129.243
r    40553  10.00  81.50%   3.30%  15.20%   6567.546  6518.472
u    32415  10.00  86.90%   2.80%  10.30%   4962.832  5095.623
LINPACK benchmark ./linpackC-atom, Double precision.
Machine precision:  15 digits.
Array size 200 X 200.
Memory required:  315K.
      Reps Time(s) DGEFA   DGESL  OVERHEAD    MFLOPS
------------------------------------------------------
r     2048   0.50  90.00%   0.00%  10.00%   6250.193  6250.193
r    40960  10.09  80.28%   2.48%  17.24%   6736.735  6711.855
u     2048   0.62  87.10%   1.61%  11.29%   5113.794  5113.794
u    33032  10.19  84.69%   2.45%  12.86%   5108.553  5108.858
r    40594  10.00  82.50%   3.70%  13.80%   6467.412  6590.896
u    32416  10.00  86.60%   2.20%  11.20%   5013.285  5062.507
r    40594  10.00  80.90%   1.70%  17.40%   6749.285  6641.842
u    32416  10.00  85.00%   2.10%  12.90%   5111.134  5078.182
r    40594   9.99  83.28%   3.30%  13.41%   6444.982  6592.240
u    32416  10.00  85.00%   2.30%  12.70%   5099.424  5083.369
r    40634  10.00  80.30%   3.60%  16.10%   6651.255  6603.830
u    32416  10.01  83.72%   3.20%  13.09%   5117.008  5089.953
LINPACK benchmark ./linpackC-silvermont, Double precision.
Machine precision:  15 digits.
Array size 200 X 200.
Memory required:  315K.
      Reps Time(s) DGEFA   DGESL  OVERHEAD    MFLOPS
------------------------------------------------------
r     2048   0.69  81.16%   1.45%  17.39%   4934.363  4934.363
r    29681   7.03  83.50%   2.56%  13.94%   6737.505  6582.250
u     2048   0.62  90.32%   1.61%   8.06%   4934.363  4934.363
u    33032  10.12  85.38%   2.67%  11.96%   5091.352  5081.913
r    42220  10.00  81.10%   4.10%  14.80%   6805.415  6707.835
u    32640   9.97  87.66%   1.71%  10.63%   5030.932  5057.212
r    42220   9.98  82.46%   4.11%  13.43%   6710.895  6708.947
u    32738  10.02  83.83%   3.79%  12.38%   5120.750  5077.745
r    42304  10.03  82.45%   2.89%  14.66%   6787.090  6729.631
u    32672  10.00  86.20%   2.30%  11.50%   5070.005  5075.843
r    42177   9.98  81.96%   2.71%  15.33%   6854.802  6755.561
u    32672   9.98  87.88%   1.90%  10.22%   5007.762  5062.281
LINPACK benchmark ./linpackC-slm, Double precision.
Machine precision:  15 digits.
Array size 200 X 200.
Memory required:  315K.
      Reps Time(s) DGEFA   DGESL  OVERHEAD    MFLOPS
------------------------------------------------------
r     2048   0.62  77.42%   6.45%  16.13%   5408.821  5408.821
r    33032   7.83  79.57%   3.07%  17.37%   7011.429  6892.208
u     2048   0.63  90.48%   1.59%   7.94%   4849.287  4849.287
u    32507   9.95  83.12%   2.51%  14.37%   5239.782  5214.894
r    42186  10.24  81.74%   2.83%  15.43%   6690.005  6780.318
u    32670   9.96  86.55%   1.31%  12.15%   5127.634  5172.120
r    41197   9.74  79.88%   3.59%  16.53%   6959.067  6841.429
u    32801  10.02  86.13%   2.30%  11.58%   5084.278  5142.982
r    42296   9.98  82.26%   2.30%  15.43%   6882.288  6852.132
u    32735  10.00  85.00%   2.60%  12.40%   5131.971  5140.262
r    42380  10.03  80.66%   2.99%  16.35%   6937.052  6869.676
u    32735   9.99  83.98%   3.00%  13.01%   5173.310  5146.766
LINPACK benchmark ./linpackC-goldmont, Double precision.
Machine precision:  15 digits.
Array size 200 X 200.
Memory required:  315K.
      Reps Time(s) DGEFA   DGESL  OVERHEAD    MFLOPS
------------------------------------------------------
r     4096   0.96  83.33%   3.12%  13.54%   6777.317  6777.317
r    42666   9.99  79.88%   3.80%  16.32%   7008.928  6988.010
u     2048   0.68  94.12%   0.00%   5.88%   4394.667  4394.667
u    30117  10.08  85.42%   4.27%  10.32%   4575.296  4563.354
r    42708   9.99  79.98%   3.50%  16.52%   7032.652  7009.249
u    29877  10.00  85.00%   3.10%  11.90%   4657.330  4608.131
r    42750  10.00  78.70%   3.30%  18.00%   7159.756  7057.215
u    29877  10.04  86.55%   2.29%  11.16%   4599.897  4605.452
r    42750  10.25  80.78%   3.41%  15.80%   6803.013  6993.368
u    29757   9.96  84.94%   3.51%  11.55%   4638.624  4613.520
r    41707   9.73  80.88%   2.47%  16.65%   7062.591  7006.587
u    29876   9.98  84.97%   2.81%  12.22%   4683.756  4627.199
LINPACK benchmark ./linpackC-goldmont-plus, Double precision.
Machine precision:  15 digits.
Array size 200 X 200.
Memory required:  315K.
      Reps Time(s) DGEFA   DGESL  OVERHEAD    MFLOPS
------------------------------------------------------
r     4096   0.96  82.29%   0.00%  17.71%   7120.473  7120.473
r    42666  10.17  80.83%   3.05%  16.13%   6869.243  6890.538
u     2048   0.69  76.81%   8.70%  14.49%   4767.096  4767.096
u    29681   9.94  84.10%   4.02%  11.87%   4653.186  4660.374
r    41952   9.76  82.17%   3.69%  14.14%   6875.189  6883.271
u    29860   9.99  85.69%   3.60%  10.71%   4597.280  4629.569
r    42983  10.00  81.80%   3.60%  14.60%   6912.176  6892.678
u    29889   9.98  86.17%   3.01%  10.82%   4612.085  4623.842
r    42983  10.00  82.20%   2.00%  15.80%   7010.687  6921.346
u    29948  10.03  85.74%   2.59%  11.67%   4642.053  4628.320
r    42983   9.98  81.66%   2.40%  15.93%   7035.755  6943.644
u    29858   9.99  87.09%   2.40%  10.51%   4586.688  4620.044
LINPACK benchmark ./linpackC-tremont, Double precision.
Machine precision:  15 digits.
Array size 200 X 200.
Memory required:  315K.
      Reps Time(s) DGEFA   DGESL  OVERHEAD    MFLOPS
------------------------------------------------------
r     4096   0.96  83.33%   0.00%  16.67%   7031.467  7031.467
r    42666   9.92  80.14%   2.92%  16.94%   7111.000  7103.962
u     2048   0.69  78.26%   5.80%  15.94%   4849.287  4849.287
u    29681   9.91  86.78%   3.03%  10.19%   4579.990  4596.466
r    43010  10.01  81.32%   2.80%  15.88%   7015.091  7061.104
u    29950  10.00  86.00%   2.90%  11.10%   4626.697  4611.096
r    42967   9.99  82.68%   2.80%  14.51%   6909.603  7011.342
u    29950  10.02  86.13%   3.49%  10.38%   4580.327  4600.993
r    43010   9.99  79.78%   3.70%  16.52%   7082.382  7028.595
u    29890   9.99  84.98%   3.70%  11.31%   4633.062  4608.840
r    43053  10.00  78.80%   3.60%  17.60%   7175.500  7057.024
u    29919  10.00  86.20%   2.20%  11.60%   4648.050  4616.534
LINPACK benchmark ./linpackC-nehalem, Double precision.
Machine precision:  15 digits.
Array size 200 X 200.
Memory required:  315K.
      Reps Time(s) DGEFA   DGESL  OVERHEAD    MFLOPS
------------------------------------------------------
r     2048   0.52  78.85%   1.92%  19.23%   6696.635  6696.635
r    39384   9.40  83.30%   3.83%  12.87%   6604.073  6608.588
u     2048   0.71  91.55%   1.41%   7.04%   4261.495  4261.495
u    28845   9.95  86.03%   2.61%  11.36%   4491.361  4475.357
r    41897  10.02  81.74%   2.40%  15.87%   6825.450  6715.874
u    28989  10.04  84.96%   3.59%  11.45%   4478.241  4476.753
r    41813   9.97  81.04%   2.81%  16.15%   6868.802  6766.208
u    28873   9.96  85.14%   2.81%  12.05%   4526.513  4492.820
r    41938  10.01  82.22%   3.40%  14.39%   6720.520  6754.682
u    28988  10.00  86.50%   3.20%  10.30%   4438.148  4479.235
r    41896  10.00  81.20%   3.10%  15.70%   6825.287  6768.719
u    28988  10.02  87.52%   3.19%   9.28%   4379.558  4459.185
LINPACK benchmark ./linpackC-corei7, Double precision.
Machine precision:  15 digits.
Array size 200 X 200.
Memory required:  315K.
      Reps Time(s) DGEFA   DGESL  OVERHEAD    MFLOPS
------------------------------------------------------
r     4096   0.97  84.54%   3.09%  12.37%   6617.851  6617.851
r    42226  10.03  79.26%   2.99%  17.75%   7029.136  6990.719
u     2048   0.70  88.57%   1.43%  10.00%   4464.423  4464.423
u    29257  10.05  85.77%   4.58%   9.65%   4425.068  4427.621
r    42099   9.98  80.66%   3.81%  15.53%   6858.358  6927.068
u    29111  10.01  84.52%   3.40%  12.09%   4543.080  4482.513
r    42183  10.02  80.24%   3.39%  16.37%   6913.045  6922.533
u    29081   9.98  85.97%   4.21%   9.82%   4437.545  4467.801
r    42098   9.99  80.08%   3.70%  16.22%   6907.358  6918.828
u    29139  10.01  84.12%   4.20%  11.69%   4526.873  4482.167
r    42140  10.00  79.20%   3.80%  17.00%   6972.562  6929.302
u    29109  10.01  85.21%   3.40%  11.39%   4506.918  4487.022
LINPACK benchmark ./linpackC-westmere, Double precision.
Machine precision:  15 digits.
Array size 200 X 200.
Memory required:  315K.
      Reps Time(s) DGEFA   DGESL  OVERHEAD    MFLOPS
------------------------------------------------------
r     4096   0.97  82.47%   1.03%  16.49%   6944.658  6944.658
r    42226  10.06  80.72%   2.88%  16.40%   6895.407  6899.734
u     2048   0.71  87.32%   4.23%   8.45%   4327.056  4327.056
u    28845   9.96  87.05%   3.82%   9.14%   4377.215  4373.854
r    41974   9.99  79.68%   4.70%  15.62%   6837.994  6870.246
u    28960  10.01  86.41%   3.20%  10.39%   4433.861  4402.685
r    42016   9.99  80.38%   3.40%  16.22%   6893.904  6877.856
u    28931  10.00  86.60%   3.90%   9.50%   4390.266  4398.630
r    42058  10.02  81.44%   2.40%  16.17%   6876.149  6877.439
u    28931   9.99  85.19%   3.80%  11.01%   4469.281  4415.786
r    41974  10.02  81.24%   3.49%  15.27%   6789.669  6860.074
u    28959  10.01  86.31%   3.00%  10.69%   4448.586  4422.224
LINPACK benchmark ./linpackC-k8, Double precision.
Machine precision:  15 digits.
Array size 200 X 200.
Memory required:  315K.
      Reps Time(s) DGEFA   DGESL  OVERHEAD    MFLOPS
------------------------------------------------------
r     4096   0.94  85.11%   3.19%  11.70%   6777.317  6777.317
r    43574  10.09  81.37%   2.87%  15.76%   7040.191  7016.806
u     2048   0.70  82.86%   4.29%  12.86%   4610.798  4610.798
u    29257  10.05  86.07%   3.38%  10.55%   4469.367  4478.354
r    43185   9.98  81.16%   2.71%  16.13%   7085.711  7049.390
u    29111   9.99  85.29%   4.10%  10.61%   4476.944  4477.674
r    43271  10.01  82.12%   2.20%  15.68%   7040.937  7046.661
u    29140  10.00  84.90%   3.60%  11.50%   4521.913  4491.974
r    43227  10.00  80.50%   2.40%  17.10%   7161.047  7074.202
u    29140   9.99  85.79%   3.80%  10.41%   4471.389  4486.903
r    43227  10.00  80.60%   2.80%  16.60%   7118.115  7082.765
u    29169  10.01  85.91%   3.80%  10.29%   4460.886  4481.746
LINPACK benchmark ./linpackC-athlon64, Double precision.
Machine precision:  15 digits.
Array size 200 X 200.
Memory required:  315K.
      Reps Time(s) DGEFA   DGESL  OVERHEAD    MFLOPS
------------------------------------------------------
r     2048   0.73  82.19%   1.37%  16.44%   4610.798  4610.798
r    28054   6.49  80.74%   3.70%  15.56%   7030.564  6788.190
u     2048   0.69  86.96%   5.80%   7.25%   4394.667  4394.667
u    29681  10.19  85.87%   2.55%  11.58%   4524.074  4515.492
r    43226  10.00  81.00%   3.40%  15.60%   7033.615  6930.749
u    29127  10.00  86.10%   2.80%  11.10%   4499.559  4507.852
r    43226  10.01  81.62%   3.20%  15.18%   6992.192  6953.410
u    29127  10.00  87.00%   3.50%   9.50%   4420.009  4479.038
r    43182   9.99  82.58%   2.70%  14.71%   6960.479  6955.319
u    29127  10.00  86.60%   3.50%   9.90%   4439.632  4469.337
r    43225  10.00  79.90%   3.30%  16.80%   7134.896  6992.802
u    29127  10.00  85.40%   3.80%  10.80%   4484.426  4472.294
LINPACK benchmark ./linpackC-athlon-fx, Double precision.
Machine precision:  15 digits.
Array size 200 X 200.
Memory required:  315K.
      Reps Time(s) DGEFA   DGESL  OVERHEAD    MFLOPS
------------------------------------------------------
r     4096   0.94  79.79%   3.19%  17.02%   7211.761  7211.761
r    43574  10.06  80.82%   2.88%  16.30%   7107.082  7115.957
u     2048   0.70  87.14%   2.86%  10.00%   4464.423  4464.423
u    29257  10.02  85.93%   2.79%  11.28%   4519.642  4515.987
r    43314  10.00  81.50%   4.00%  14.50%   6957.258  7039.513
u    29198  10.00  85.50%   3.90%  10.60%   4485.301  4501.126
r    43314  10.00  83.30%   3.20%  13.50%   6876.828  6986.209
u    29198  10.00  85.70%   2.20%  12.10%   4561.841  4520.711
r    43314  10.00  79.90%   3.50%  16.60%   7132.441  7021.315
u    29198   9.99  87.19%   3.40%   9.41%   4430.783  4498.291
r    43314  10.00  79.60%   3.80%  16.60%   7132.441  7042.828
u    29227  10.00  85.40%   3.30%  11.30%   4525.188  4503.573
LINPACK benchmark ./linpackC-opteron, Double precision.
Machine precision:  15 digits.
Array size 200 X 200.
Memory required:  315K.
      Reps Time(s) DGEFA   DGESL  OVERHEAD    MFLOPS
------------------------------------------------------
r     4096   0.95  81.05%   3.16%  15.79%   7031.467  7031.467
r    43115  10.00  79.40%   4.50%  16.10%   7057.362  7055.108
u     2048   0.70  91.43%   1.43%   7.14%   4327.056  4327.056
u    29257  10.06  84.89%   2.78%  12.33%   4555.512  4539.831
r    43115   9.99  80.58%   3.60%  15.82%   7040.579  7048.165
u    29082  10.01  85.91%   3.30%  10.79%   4472.484  4507.146
r    43158  10.00  80.80%   3.50%  15.70%   7030.880  7042.567
u    29052   9.99  86.29%   3.90%   9.81%   4428.200  4481.195
r    43158  10.00  80.20%   3.80%  16.00%   7055.990  7045.842
u    29081  10.00  85.80%   3.40%  10.80%   4477.344  4480.250
r    43158  10.01  81.62%   2.70%  15.68%   7022.550  7041.257
u    29081  10.00  87.00%   3.20%   9.80%   4427.706  4469.799
LINPACK benchmark ./linpackC-k8-sse3, Double precision.
Machine precision:  15 digits.
Array size 200 X 200.
Memory required:  315K.
      Reps Time(s) DGEFA   DGESL  OVERHEAD    MFLOPS
------------------------------------------------------
r     4096   0.95  78.95%   3.16%  17.89%   7211.761  7211.761
r    43115   9.99  81.08%   3.40%  15.52%   7015.553  7032.152
u     2048   0.70  92.86%   2.86%   4.29%   4197.891  4197.891
u    29257  10.03  84.55%   3.99%  11.47%   4524.731  4501.801
r    43158  10.01  81.52%   2.70%  15.78%   7030.880  7031.544
u    29169   9.99  85.99%   3.70%  10.31%   4470.844  4486.816
r    43114  10.00  81.10%   3.60%  15.30%   6990.542  7018.249
u    29198  10.01  85.01%   3.70%  11.29%   4515.607  4496.150
r    43114   9.99  80.68%   3.00%  16.32%   7082.523  7033.833
u    29168  10.01  86.31%   4.00%   9.69%   4431.127  4480.015
r    43157  10.00  81.60%   3.00%  15.40%   7005.786  7028.307
u    29138  10.00  85.60%   3.10%  11.30%   4511.408  4486.162
LINPACK benchmark ./linpackC-athlon64-sse3, Double precision.
Machine precision:  15 digits.
Array size 200 X 200.
Memory required:  315K.
      Reps Time(s) DGEFA   DGESL  OVERHEAD    MFLOPS
------------------------------------------------------
r     4096   0.95  84.21%   3.16%  12.63%   6777.317  6777.317
r    43115   9.96  81.33%   3.31%  15.36%   7023.875  7001.775
u     2048   0.71  91.55%   0.00%   8.45%   4327.056  4327.056
u    28845   9.84  86.48%   4.27%   9.25%   4436.036  4428.642
r    43288  10.00  80.20%   4.30%  15.50%   7035.367  7017.803
u    29314  10.01  85.91%   3.80%  10.29%   4483.062  4454.972
r    43288  10.00  79.30%   3.20%  17.50%   7205.922  7077.587
u    29284  10.00  85.60%   3.60%  10.80%   4508.598  4472.379
r    43288   9.99  80.98%   3.00%  16.02%   7085.680  7079.563
u    29284  10.02  85.83%   2.79%  11.38%   4528.907  4486.184
r    43331  10.00  80.00%   3.10%  16.90%   7161.000  7095.427
u    29225   9.98  87.07%   2.61%  10.32%   4484.432  4485.838
LINPACK benchmark ./linpackC-opteron-sse3, Double precision.
Machine precision:  15 digits.
Array size 200 X 200.
Memory required:  315K.
      Reps Time(s) DGEFA   DGESL  OVERHEAD    MFLOPS
------------------------------------------------------
r     2048   0.66  72.73%   4.55%  22.73%   5514.876  5514.876
r    31030   7.19  80.25%   2.92%  16.83%   7126.176  6999.556
u     2048   0.69  86.96%   4.35%   8.70%   4464.423  4464.423
u    29681  10.17  83.97%   4.23%  11.80%   4544.248  4539.010
r    43157  10.01  80.52%   3.80%  15.68%   7022.387  7012.463
u    29184   9.99  87.19%   3.00%   9.81%   4448.320  4495.102
r    43113  10.00  80.00%   3.10%  16.90%   7124.972  7052.693
u    29213  10.01  86.41%   3.50%  10.09%   4457.687  4482.906
r    43113  10.00  82.00%   3.20%  14.80%   6949.357  7024.972
u    29183   9.99  84.08%   4.10%  11.81%   4549.147  4498.930
r    43113   9.99  82.08%   2.30%  15.62%   7023.549  7024.673
u    29212  10.01  86.61%   2.30%  11.09%   4507.619  4500.636
LINPACK benchmark ./linpackC-amdfam10, Double precision.
Machine precision:  15 digits.
Array size 200 X 200.
Memory required:  315K.
      Reps Time(s) DGEFA   DGESL  OVERHEAD    MFLOPS
------------------------------------------------------
r     2048   0.69  81.16%   2.90%  15.94%   4849.287  4849.287
r    29681   6.86  82.80%   3.06%  14.14%   6920.527  6734.852
u     2048   0.70  87.14%   1.43%  11.43%   4536.430  4536.430
u    29257  10.00  85.20%   4.00%  10.80%   4504.441  4506.520
r    43266  10.02  80.94%   3.39%  15.67%   7031.792  6903.025
u    29257  10.00  87.60%   2.50%   9.90%   4459.447  4483.656
r    43179   9.99  82.08%   2.90%  15.02%   6984.589  6932.605
u    29257  10.01  85.71%   4.30%   9.99%   4459.447  4475.741
r    43222  10.00  81.40%   3.70%  14.90%   6975.113  6943.938
u    29227   9.99  84.48%   3.80%  11.71%   4550.841  4493.948
r    43222  10.00  80.60%   2.70%  16.70%   7125.836  6981.583
u    29256  10.01  84.82%   3.70%  11.49%   4534.790  4501.947
LINPACK benchmark ./linpackC-barcelona, Double precision.
Machine precision:  15 digits.
Array size 200 X 200.
Memory required:  315K.
      Reps Time(s) DGEFA   DGESL  OVERHEAD    MFLOPS
------------------------------------------------------
r     4096   0.95  84.21%   2.11%  13.68%   6859.967  6859.967
r    43115   9.96  81.12%   3.11%  15.76%   7057.362  7039.787
u     2048   0.71  87.32%   1.41%  11.27%   4464.423  4464.423
u    28845   9.86  84.99%   4.16%  10.85%   4506.689  4503.863
r    43288  10.02  80.44%   3.89%  15.67%   7035.367  7037.672
u    29254  10.01  85.71%   4.20%  10.09%   4463.944  4484.358
r    43201   9.98  79.46%   4.41%  16.13%   7088.336  7053.963
u    29224  10.00  86.60%   3.10%  10.30%   4474.280  4481.058
r    43287  10.02  79.74%   3.59%  16.67%   7119.459  7069.870
u    29224   9.99  87.19%   3.10%   9.71%   4449.478  4473.234
r    43200   9.99  81.18%   3.40%  15.42%   7021.065  7060.242
u    29253  10.01  85.01%   3.90%  11.09%   4513.946  4481.231
LINPACK benchmark ./linpackC-btver1, Double precision.
Machine precision:  15 digits.
Array size 200 X 200.
Memory required:  315K.
      Reps Time(s) DGEFA   DGESL  OVERHEAD    MFLOPS
------------------------------------------------------
r     2048   0.54  75.93%   7.41%  16.67%   6250.193  6250.193
r    37925   8.77  82.21%   2.96%  14.82%   6972.378  6931.345
u     2048   0.70  90.00%   0.00%  10.00%   4464.423  4464.423
u    29257   9.99  86.89%   2.90%  10.21%   4479.333  4478.354
r    43244  10.00  80.80%   3.10%  16.10%   7078.478  7007.031
u    29286   9.99  86.99%   3.50%   9.51%   4449.053  4464.144
r    43244  10.00  82.70%   3.90%  13.40%   6857.786  6955.271
u    29315  10.01  85.01%   4.20%  10.79%   4508.317  4478.451
r    43244  10.00  80.90%   3.40%  15.70%   7044.890  6977.890
u    29285  10.00  84.90%   4.10%  11.00%   4518.884  4488.318
r    43244  10.00  80.10%   3.70%  16.20%   7086.924  6999.760
u    29285  10.00  88.10%   2.90%   9.00%   4419.568  4474.589
LINPACK benchmark ./linpackC-x86-64, Double precision.
Machine precision:  15 digits.
Array size 200 X 200.
Memory required:  315K.
      Reps Time(s) DGEFA   DGESL  OVERHEAD    MFLOPS
------------------------------------------------------
r     2048   0.54  79.63%   1.85%  18.52%   6392.242  6392.242
r    37925   8.96  80.02%   2.90%  17.08%   7009.915  6975.382
u     2048   0.70  84.29%   4.29%  11.43%   4536.430  4536.430
u    29257   9.99  85.79%   2.50%  11.71%   4555.512  4554.258
r    42327  10.01  81.02%   3.10%  15.88%   6903.691  6938.326
u    29286  10.00  86.20%   4.10%   9.70%   4453.980  4505.232
r    42284   9.99  80.68%   4.60%  14.71%   6815.731  6896.226
u    29286  10.00  86.10%   2.90%  11.00%   4519.038  4509.722
r    42326  10.01  80.62%   3.90%  15.48%   6870.887  6889.783
u    29286  10.00  87.50%   3.80%   8.70%   4405.196  4483.576
r    42283   9.99  80.88%   4.10%  15.02%   6839.653  6879.591
u    29286  10.00  86.20%   3.60%  10.20%   4478.780  4482.629
