
LINPACK benchmark ./linpack-amdfam10, Double precision.
Machine precision:  15 digits.
Array size 200 X 200.
Memory required:  315K.
      Reps Time(s) DGEFA   DGESL  OVERHEAD    MFLOPS
------------------------------------------------------
r     2048   0.55  83.00%   2.93%  14.08%   5984.227  5984.227
r    37440   9.94  82.52%   2.04%  15.44%   6118.958  6111.821
u     4096   0.95  80.27%   1.57%  18.15%   7211.761  7211.761
u    42980  10.28  79.31%   2.43%  18.26%   7022.709  7038.763
r    37677  10.00  82.65%   2.80%  14.55%   6056.072  6084.473
u    41801   9.98  81.41%   3.14%  15.45%   6800.937  6924.869
r    37680   9.98  82.30%   1.41%  16.29%   6191.338  6119.126
u    41867   9.89  81.04%   1.74%  17.22%   7022.148  6955.725
r    37740   9.95  82.65%   2.06%  15.29%   6147.503  6126.120
u    42328   9.94  78.74%   2.20%  19.06%   7226.561  7020.070
r    37918  10.02  80.38%   1.70%  17.92%   6334.272  6166.453
u    42592   9.98  80.23%   1.88%  17.89%   7135.035  7042.481
LINPACK benchmark ./linpackC-amdfam10, Double precision.
Machine precision:  15 digits.
Array size 200 X 200.
Memory required:  315K.
      Reps Time(s) DGEFA   DGESL  OVERHEAD    MFLOPS
------------------------------------------------------
r     4096   0.72  73.71%   2.23%  24.06%  10302.515 10302.515
r    56968  10.12  77.63%   3.71%  18.66%   9500.431  9550.305
u     4096   0.98  76.04%   1.62%  22.34%   7353.168  7353.168
u    41583   9.91  82.00%   2.20%  15.80%   6846.580  6889.138
r    56270   9.98  77.46%   3.59%  18.96%   9549.860  9550.091
u    41977  10.00  82.98%   2.15%  14.87%   6772.605  6832.836
r    56354   9.98  75.76%   2.20%  22.03%   9941.275  9673.596
u    41981  10.00  82.47%   2.03%  15.50%   6822.948  6829.631
r    56438  10.00  79.23%   2.97%  17.80%   9429.220  9612.498
u    41981   9.98  82.22%   1.88%  15.89%   6865.195  6838.296
r    56438  10.02  76.96%   4.38%  18.65%   9513.709  9592.880
u    42044  10.00  81.99%   3.61%  14.40%   6745.377  6819.810
LINPACK benchmark ./linpack-athlon64, Double precision.
Machine precision:  15 digits.
Array size 200 X 200.
Memory required:  315K.
      Reps Time(s) DGEFA   DGESL  OVERHEAD    MFLOPS
------------------------------------------------------
r     2048   0.61  76.68%   5.09%  18.23%   5647.764  5647.764
r    33628   9.94  82.81%   1.57%  15.62%   5507.090  5514.975
u     2048   0.73  80.65%   0.00%  19.35%   4750.991  4750.991
u    27901  10.17  78.64%   2.31%  19.05%   4653.555  4660.091
r    33837   9.98  83.37%   1.11%  15.51%   5509.126  5512.127
u    27429  10.03  85.60%   2.36%  12.03%   4268.944  4464.539
r    33891  10.02  81.96%   2.17%  15.88%   5524.468  5516.165
u    27344   9.97  78.24%   2.50%  19.26%   4665.477  4527.474
r    33840   9.99  83.03%   3.93%  13.04%   5352.252  5474.824
u    27429   9.98  77.96%   2.52%  19.51%   4687.551  4565.606
r    33890   9.98  84.97%   1.88%  13.15%   5366.959  5453.120
u    27472  10.31  82.71%   2.02%  15.27%   4318.211  4514.714
LINPACK benchmark ./linpackC-athlon64, Double precision.
Machine precision:  15 digits.
Array size 200 X 200.
Memory required:  315K.
      Reps Time(s) DGEFA   DGESL  OVERHEAD    MFLOPS
------------------------------------------------------
r     4096   0.73  72.24%   2.18%  25.58%  10283.681 10283.681
r    55727   9.89  72.13%   4.26%  23.61%  10129.947 10140.326
u     4096   0.98  87.21%   0.00%  12.79%   6548.514  6548.514
u    41583   9.89  83.27%   1.89%  14.84%   6779.926  6758.510
r    56346  10.02  77.59%   3.38%  19.02%   9541.534  9840.782
u    42041  10.00  82.52%   2.35%  15.13%   6802.911  6779.717
r    56261  10.00  76.67%   3.27%  20.06%   9665.387  9782.858
u    42041  10.02  83.00%   2.48%  14.53%   6744.108  6768.139
r    56261  10.03  77.11%   2.79%  20.10%   9640.063  9747.338
u    41973   9.98  82.10%   2.64%  15.25%   6811.974  6778.800
r    56087   9.97  70.22%   2.52%  27.26%  10622.831  9908.166
u    42036  10.00  81.31%   3.60%  15.09%   6798.898  6782.743
LINPACK benchmark ./linpack-athlon64-sse3, Double precision.
Machine precision:  15 digits.
Array size 200 X 200.
Memory required:  315K.
      Reps Time(s) DGEFA   DGESL  OVERHEAD    MFLOPS
------------------------------------------------------
r     2048   0.61  84.59%   0.00%  15.41%   5450.749  5450.749
r    33573   9.92  84.53%   2.53%  12.94%   5337.685  5344.058
u     2048   0.73  87.19%   2.18%  10.63%   4287.480  4287.480
u    27901  10.20  82.78%   2.15%  15.07%   4422.086  4412.612
r    33836  10.02  80.95%   2.05%  17.00%   5589.812  5461.019
u    27345   9.98  83.90%   2.63%  13.47%   4346.505  4380.812
r    33781   9.97  81.99%   2.22%  15.79%   5526.873  5482.394
u    27386   9.97  78.32%   1.09%  20.58%   4750.550  4493.928
r    33889   9.98  83.88%   1.56%  14.55%   5455.503  5475.723
u    27471  10.00  80.52%   3.27%  16.21%   4502.547  4496.036
r    33943  10.03  82.42%   1.69%  15.88%   5524.420  5485.317
u    27471  10.02  81.71%   3.13%  15.16%   4439.496  4484.798
LINPACK benchmark ./linpackC-athlon64-sse3, Double precision.
Machine precision:  15 digits.
Array size 200 X 200.
Memory required:  315K.
      Reps Time(s) DGEFA   DGESL  OVERHEAD    MFLOPS
------------------------------------------------------
r     4096   0.72  71.91%   2.23%  25.87%  10553.796 10553.796
r    56968  10.12  79.79%   1.55%  18.66%   9499.278  9563.374
u     4096   0.97  80.91%   0.00%  19.09%   7174.966  7174.966
u    42270  10.06  80.10%   2.77%  17.13%   6961.362  6979.719
r    56264   9.97  75.87%   2.35%  21.78%   9910.123  9726.576
u    42005  10.00  83.88%   2.21%  13.91%   6700.763  6844.284
r    56444  10.02  76.89%   2.19%  20.92%   9787.428  9746.258
u    42005  10.00  81.73%   3.76%  14.51%   6747.002  6812.636
r    56359   9.98  79.00%   1.41%  19.59%   9640.017  9720.024
u    42000  10.00  82.67%   2.64%  14.69%   6762.016  6800.233
r    56443  10.03  76.07%   2.34%  21.59%   9854.444  9746.208
u    42004  10.05  84.16%   3.12%  12.72%   6578.343  6755.586
LINPACK benchmark ./linpack-athlon-fx, Double precision.
Machine precision:  15 digits.
Array size 200 X 200.
Memory required:  315K.
      Reps Time(s) DGEFA   DGESL  OVERHEAD    MFLOPS
------------------------------------------------------
r     2048   0.61  76.56%   5.08%  18.36%   5647.764  5647.764
r    33573   9.91  84.01%   1.76%  14.23%   5426.897  5439.127
u     2048   0.73  82.83%   4.36%  12.81%   4394.667  4394.667
u    27901  10.17  76.46%   2.44%  21.10%   4774.156  4746.130
r    33891  10.00  83.49%   2.01%  14.50%   5443.701  5441.356
u    27429   9.98  80.53%   2.21%  17.26%   4559.879  4655.232
r    33891  10.02  83.07%   2.85%  14.09%   5409.535  5430.885
u    27472  10.00  81.59%   1.74%  16.67%   4527.567  4613.117
r    33840   9.99  83.45%   3.47%  13.09%   5355.335  5412.060
u    27472  10.05  81.49%   2.49%  16.02%   4471.757  4577.723
r    33890  10.02  80.50%   2.04%  17.46%   5629.886  5453.848
u    27343  10.00  78.46%   2.80%  18.74%   4621.099  4586.151
LINPACK benchmark ./linpackC-athlon-fx, Double precision.
Machine precision:  15 digits.
Array size 200 X 200.
Memory required:  315K.
      Reps Time(s) DGEFA   DGESL  OVERHEAD    MFLOPS
------------------------------------------------------
r     4096   0.73  57.22%   4.22%  38.56%  12472.668 12472.668
r    55803   9.92  72.46%   3.93%  23.61%  10111.640 10244.246
u     4096   0.97  82.33%   3.10%  14.57%   6801.902  6801.902
u    42314  10.06  82.15%   2.61%  15.23%   6811.772  6810.900
r    56247  10.02  76.33%   2.80%  20.88%   9748.344  9997.942
u    42044  10.02  80.47%   3.41%  16.12%   6873.042  6840.297
r    56162   9.98  71.31%   4.58%  24.12%  10179.378 10056.365
u    41981   9.98  82.80%   3.28%  13.92%   6708.623  6797.356
r    56246  10.00  75.61%   3.60%  20.79%   9751.863  9979.678
u    42048  10.00  81.79%   3.27%  14.94%   6788.846  6795.280
r    56246  10.00  72.28%   4.06%  23.66%  10117.159 10006.532
u    42048  10.00  84.28%   1.57%  14.15%   6727.158  6781.819
LINPACK benchmark ./linpack-atom, Double precision.
Machine precision:  15 digits.
Array size 200 X 200.
Memory required:  315K.
      Reps Time(s) DGEFA   DGESL  OVERHEAD    MFLOPS
------------------------------------------------------
r     2048   1.01  92.32%   1.58%   6.11%   2951.298  2951.298
r    20177   9.92  87.88%   1.88%  10.24%   3111.357  3095.885
u     2048   0.53  70.68%   0.00%  29.32%   7480.284  7480.284
u    38496   9.89  74.37%   3.14%  22.49%   6896.405  6923.704
r    20335   9.98  87.36%   2.04%  10.60%   3128.695  3111.475
u    38924   9.98  79.19%   4.08%  16.74%   6429.592  6672.539
r    20367  10.03  87.08%   2.66%  10.26%   3107.163  3110.078
u    38982  10.00  75.90%   1.55%  22.55%   6912.238  6749.568
r    20304  10.00  88.79%   1.56%   9.65%   3086.238  3104.229
u    38982  10.02  77.87%   2.65%  19.49%   6638.800  6721.797
r    20303   9.98  87.78%   2.35%   9.87%   3098.432  3103.090
u    38919  10.00  77.68%   3.26%  19.06%   6603.504  6698.015
LINPACK benchmark ./linpackC-atom, Double precision.
Machine precision:  15 digits.
Array size 200 X 200.
Memory required:  315K.
      Reps Time(s) DGEFA   DGESL  OVERHEAD    MFLOPS
------------------------------------------------------
r     4096   0.92  82.86%   1.63%  15.51%   7221.018  7221.018
r    44425   9.91  81.08%   2.37%  16.55%   7379.985  7366.295
u     4096   0.98  85.89%   3.05%  11.07%   6421.431  6421.431
u    41583   9.94  83.62%   2.06%  14.32%   6708.249  6681.488
r    44846   9.98  83.40%   1.55%  15.05%   7261.083  7315.382
u    41850  10.00  82.82%   1.58%  15.60%   6809.716  6742.189
r    44913  10.00  83.30%   2.66%  14.04%   7174.656  7269.073
u    41850  10.00  80.41%   1.59%  18.00%   7009.879  6826.513
r    44908  10.06  82.01%   2.49%  15.49%   7253.164  7265.167
u    41854  10.02  82.39%   2.50%  15.12%   6760.703  6810.309
r    44631   9.97  81.40%   2.54%  16.06%   7324.718  7276.757
u    41787   9.97  85.25%   1.72%  13.03%   6619.087  6771.932
LINPACK benchmark ./linpack-barcelona, Double precision.
Machine precision:  15 digits.
Array size 200 X 200.
Memory required:  315K.
      Reps Time(s) DGEFA   DGESL  OVERHEAD    MFLOPS
------------------------------------------------------
r     2048   0.55  80.07%   2.74%  17.18%   6208.801  6208.801
r    37440   9.89  81.99%   2.08%  15.92%   6182.973  6184.307
u     4096   0.97  78.82%   1.65%  19.52%   7221.018  7221.018
u    42314   9.97  81.40%   1.89%  16.71%   6998.823  7017.882
r    37852  10.02  82.73%   1.25%  16.03%   6181.143  6182.758
u    42445   9.97  80.11%   2.19%  17.70%   7105.209  7059.327
r    37795  10.00  83.33%   2.35%  14.32%   6058.022  6141.249
u    42576  10.00  81.01%   2.05%  16.94%   7039.615  7052.930
r    37795  10.05  80.93%   2.37%  16.70%   6202.071  6156.169
u    42576  10.11  80.49%   2.34%  17.16%   6982.450  7035.554
r    37618   9.95  82.16%   1.88%  15.97%   6176.716  6160.215
u    42116  10.02  79.18%   2.21%  18.61%   7095.106  7047.080
LINPACK benchmark ./linpackC-barcelona, Double precision.
Machine precision:  15 digits.
Array size 200 X 200.
Memory required:  315K.
      Reps Time(s) DGEFA   DGESL  OVERHEAD    MFLOPS
------------------------------------------------------
r     4096   0.73  82.86%   4.35%  12.79%   8775.621  8775.621
r    55727   9.88  77.64%   1.42%  20.94%   9802.965  9725.014
u     4096   0.97  78.95%   3.10%  17.96%   7075.690  7075.690
u    42270  10.09  83.38%   2.00%  14.62%   6735.994  6764.684
r    56432  10.02  77.16%   1.87%  20.97%   9791.528  9757.188
u    41876   9.98  82.76%   2.36%  14.87%   6765.848  6765.236
r    56347   9.98  77.66%   3.94%  18.40%   9498.369  9671.158
u    41938   9.98  82.36%   2.35%  15.28%   6809.512  6779.437
r    56437  10.02  77.37%   1.85%  20.79%   9768.945  9695.071
u    42005  10.06  78.85%   3.27%  17.88%   6980.502  6827.412
r    56346  10.00  77.56%   3.60%  18.84%   9535.655  9663.175
u    41742   9.92  81.97%   1.71%  16.32%   6904.213  6842.263
LINPACK benchmark ./linpack-bdver1, Double precision.
Machine precision:  15 digits.
Array size 200 X 200.
Memory required:  315K.
      Reps Time(s) DGEFA   DGESL  OVERHEAD    MFLOPS
------------------------------------------------------
r     2048   0.56  69.45%   5.68%  24.87%   6649.141  6649.141
r    36376  10.05  73.10%   1.69%  25.20%   6648.439  6648.477
u     2048   0.53  70.43%   6.03%  23.54%   6927.553  6927.553
u    38568   9.86  72.21%   2.54%  25.26%   7187.776  7174.187
r    36209  10.02  75.29%   1.55%  23.16%   6461.412  6556.386
u    39119   9.97  76.62%   1.56%  21.82%   6892.921  7033.383
r    36151  10.03  73.01%   2.03%  24.96%   6595.028  6568.946
u    39240  10.00  73.58%   1.56%  24.86%   7171.892  7078.470
r    36035   9.97  74.59%   1.08%  24.33%   6560.794  6566.943
u    39240   9.97  72.70%   1.25%  26.05%   7310.038  7134.524
r    36150   9.98  75.07%   1.89%  23.03%   6460.117  6545.558
u    39362   9.98  73.53%   2.33%  24.14%   7137.199  7135.057
LINPACK benchmark ./linpackC-bdver1, Double precision.
Machine precision:  15 digits.
Array size 200 X 200.
Memory required:  315K.
      Reps Time(s) DGEFA   DGESL  OVERHEAD    MFLOPS
------------------------------------------------------
r     4096   0.72  71.49%   0.00%  28.51%  10943.917 10943.917
r    56968   9.92  78.45%   3.02%  18.52%   9677.889  9753.574
u     2048   0.52  82.14%   5.83%  12.04%   6208.801  6208.801
u    39766  10.27  84.13%   2.88%  12.98%   6113.509  6118.108
r    57415  10.00  78.11%   1.91%  19.98%   9853.778  9801.877
u    38735   9.97  83.38%   2.81%  13.81%   6191.349  6153.111
r    57415  10.00  77.31%   3.28%  19.41%   9785.298  9796.459
u    38855  10.02  84.25%   3.22%  12.53%   6090.728  6132.671
r    57420  10.00  78.31%   2.19%  19.50%   9795.876  9796.316
u    38792   9.98  82.97%   4.39%  12.64%   6107.342  6126.441
r    57420  10.00  77.64%   2.82%  19.54%   9800.746  9797.190
u    38850  10.00  82.71%   4.04%  13.25%   6151.026  6131.272
LINPACK benchmark ./linpackC-bdver2, Double precision.
Machine precision:  15 digits.
Array size 200 X 200.
Memory required:  315K.
      Reps Time(s) DGEFA   DGESL  OVERHEAD    MFLOPS
------------------------------------------------------
r     4096   0.72  73.99%   0.00%  26.01%  10573.634 10573.634
r    56968   9.94  77.59%   2.77%  19.64%   9797.878  9846.334
u     2048   0.53  82.30%   0.00%  17.70%   6436.125  6436.125
u    38568   9.95  82.72%   3.76%  13.52%   6153.912  6167.548
r    57329   9.98  78.89%   2.80%  18.31%   9653.240  9751.877
u    38750  10.00  84.19%   3.29%  12.52%   6083.295  6126.123
r    57420  10.03  76.46%   2.17%  21.37%   9997.059  9830.620
u    38750   9.98  84.32%   2.66%  13.01%   6127.423  6126.549
r    57236   9.98  78.02%   1.23%  20.74%   9933.541  9855.699
u    38812  10.00  87.25%   2.62%  10.13%   5930.991  6076.992
r    57327  10.02  79.27%   1.72%  19.01%   9705.261  9825.631
u    38812  10.00  83.40%   3.28%  13.32%   6149.263  6091.187
LINPACK benchmark ./linpackC-bdver3, Double precision.
Machine precision:  15 digits.
Array size 200 X 200.
Memory required:  315K.
      Reps Time(s) DGEFA   DGESL  OVERHEAD    MFLOPS
------------------------------------------------------
r     4096   0.72  84.56%   2.09%  13.35%   9029.171  9029.171
r    56968   9.91  77.39%   2.54%  20.07%   9880.785  9818.666
u     2048   0.53  82.14%   5.83%  12.03%   6009.801  6009.801
u    38496   9.89  84.17%   2.69%  13.14%   6153.863  6146.421
r    57508  10.05  77.06%   1.41%  21.53%  10017.460  9914.087
u    38920  10.02  83.35%   2.96%  13.69%   6183.495  6164.524
r    57238   9.97  74.15%   2.04%  23.82%  10351.179 10052.281
u    38861   9.97  86.38%   2.66%  10.96%   6012.743  6113.837
r    57421  10.02  76.48%   3.27%  20.25%   9870.844 10006.995
u    38981  10.00  85.16%   2.47%  12.37%   6109.782  6112.831
r    57323  10.02  76.57%   2.96%  20.48%   9883.689  9982.425
u    38984  10.03  83.35%   2.31%  14.34%   6230.423  6135.831
LINPACK benchmark ./linpackC-bdver4, Double precision.
Machine precision:  15 digits.
Array size 200 X 200.
Memory required:  315K.
      Reps Time(s) DGEFA   DGESL  OVERHEAD    MFLOPS
------------------------------------------------------
r     4096   0.72  61.00%   6.41%  32.59%  11622.259 11622.259
r    57047   9.92  77.61%   1.59%  20.80%   9968.768 10064.691
u     2048   0.55  82.60%   2.93%  14.47%   6022.670  6022.670
u    37509  10.03  82.11%   4.20%  13.70%   5949.684  5953.419
r    57489  10.02  81.28%   1.54%  17.18%   9519.117  9792.708
u    37389   9.98  84.48%   3.63%  11.90%   5836.940  5896.245
r    57402   9.98  74.61%   3.15%  22.23%  10152.232  9907.113
u    37445  10.03  85.42%   3.55%  11.04%   5762.491  5851.783
r    57488  10.00  83.94%   2.66%  13.40%   9116.650  9700.065
u    37329   9.98  87.76%   2.98%   9.25%   5658.406  5802.989
r    57488  10.00  71.96%   2.19%  25.85%  10647.362  9873.601
u    37388   9.98  78.93%   4.69%  16.39%   6150.717  5868.584
LINPACK benchmark ./linpack-bonnell, Double precision.
Machine precision:  15 digits.
Array size 200 X 200.
Memory required:  315K.
      Reps Time(s) DGEFA   DGESL  OVERHEAD    MFLOPS
------------------------------------------------------
r     2048   1.00  89.10%   0.00%  10.90%   3156.663  3156.663
r    20479  10.09  86.80%   1.85%  11.34%   3142.753  3144.012
u     2048   0.52  66.67%   8.91%  24.42%   7211.761  7211.761
u    39689  10.22  81.40%   2.15%  16.45%   6383.957  6420.118
r    20288   9.97  88.08%   1.74%  10.18%   3112.050  3128.786
u    38838   9.98  74.98%   3.60%  21.42%   6798.919  6597.289
r    20353  10.06  88.38%   1.52%  10.10%   3089.583  3116.046
u    38900  10.05  76.56%   2.96%  20.48%   6687.028  6626.242
r    20225   9.94  88.52%   2.19%   9.29%   3081.392  3107.570
u    38718   9.94  75.29%   3.47%  21.23%   6793.499  6666.413
r    20353  10.02  87.80%   2.04%  10.16%   3106.407  3107.342
u    38963  10.00  75.37%   2.19%  22.44%   6899.070  6711.139
LINPACK benchmark ./linpackC-bonnell, Double precision.
Machine precision:  15 digits.
Array size 200 X 200.
Memory required:  315K.
      Reps Time(s) DGEFA   DGESL  OVERHEAD    MFLOPS
------------------------------------------------------
r     4096   0.92  86.12%   3.47%  10.41%   6810.137  6810.137
r    44425   9.91  81.88%   3.79%  14.33%   7189.528  7155.875
u     4096   0.98  85.77%   1.63%  12.60%   6540.899  6540.899
u    41626  10.00  84.85%   1.73%  13.42%   6602.723  6597.137
r    44846   9.98  82.76%   2.67%  14.56%   7219.377  7186.236
u    41626   9.94  83.70%   1.87%  14.43%   6723.083  6656.563
r    44913  10.03  82.67%   2.95%  14.38%   7181.339  7184.645
u    41889  10.00  83.68%   2.35%  13.97%   6687.696  6666.622
r    44769   9.97  81.10%   2.53%  16.37%   7374.686  7230.214
u    41893  10.00  84.07%   1.88%  14.05%   6693.782  6673.250
r    44908  10.00  80.60%   2.35%  17.05%   7435.040  7269.667
u    41893  10.02  85.23%   1.56%  13.21%   6618.320  6662.376
LINPACK benchmark ./linpack-broadwell, Double precision.
Machine precision:  15 digits.
Array size 200 X 200.
Memory required:  315K.
      Reps Time(s) DGEFA   DGESL  OVERHEAD    MFLOPS
------------------------------------------------------
r     4096   0.86  74.62%   8.96%  16.41%   7834.503  7834.503
r    47683  10.09  77.94%   3.11%  18.95%   8005.459  7991.664
u     4096   0.72  67.32%   0.00%  32.68%  11622.259 11622.259
u    56968  10.03  72.69%   3.93%  23.38%  10179.034 10264.532
r    47243  10.00  74.10%   2.51%  23.39%   8468.919  8212.465
u    56791  10.11  76.06%   3.11%  20.83%   9745.467 10007.679
r    47243  10.06  77.56%   2.33%  20.11%   8070.704  8166.135
u    56178   9.98  70.70%   4.13%  25.17%  10326.746 10108.498
r    46947  10.00  78.33%   2.21%  19.46%   8005.200  8126.439
u    56268   9.94  74.35%   3.46%  22.19%   9992.851 10079.996
r    46947   9.92  78.24%   3.96%  17.80%   7905.086  8082.199
u    56619   9.95  73.56%   2.05%  24.39%  10333.124 10128.960
LINPACK benchmark ./linpackC-broadwell, Double precision.
Machine precision:  15 digits.
Array size 200 X 200.
Memory required:  315K.
      Reps Time(s) DGEFA   DGESL  OVERHEAD    MFLOPS
------------------------------------------------------
r     4096   0.73  76.29%   0.00%  23.71%  10044.952 10044.952
r    55803   9.98  78.65%   3.42%  17.94%   9352.712  9396.995
u     2048   0.55  85.90%   2.75%  11.36%   5811.129  5811.129
u    37509   9.98  83.60%   3.90%  12.51%   5896.561  5892.077
r    55886  10.00  79.22%   2.62%  18.16%   9379.214  9388.404
u    37565  10.00  82.30%   4.24%  13.46%   5961.320  5925.602
r    55891  10.00  77.89%   1.71%  20.40%   9642.836  9469.750
u    37565   9.98  82.76%   3.27%  13.96%   6005.036  5951.388
r    55891  10.02  78.91%   2.64%  18.45%   9398.429  9452.134
u    37621  10.03  84.14%   2.34%  13.52%   5955.068  5952.297
r    55807   9.98  78.48%   1.86%  19.66%   9555.119  9472.240
u    37500   9.98  83.90%   4.84%  11.27%   5812.641  5924.176
LINPACK benchmark ./linpack-btver1, Double precision.
Machine precision:  15 digits.
Array size 200 X 200.
Memory required:  315K.
      Reps Time(s) DGEFA   DGESL  OVERHEAD    MFLOPS
------------------------------------------------------
r     2048   0.52  87.98%   2.91%   9.11%   5996.986  5996.986
r    39689  10.00  80.17%   2.67%  17.16%   6579.699  6548.476
u     4096   1.03  77.21%   3.01%  19.79%   6801.902  6801.902
u    39728   9.36  79.24%   3.02%  17.74%   7086.607  7058.991
r    39689  10.02  79.89%   1.42%  18.69%   6692.808  6618.041
u    42448  10.03  79.19%   1.73%  19.08%   7180.987  7118.494
r    39625   9.98  83.35%   1.10%  15.54%   6453.787  6563.361
u    42312   9.98  78.20%   2.94%  18.86%   7173.001  7136.338
r    39688   9.98  81.09%   2.03%  16.88%   6566.850  6564.222
u    42379   9.98  79.82%   2.50%  17.68%   7081.213  7122.594
r    39747  10.02  82.27%   2.01%  15.73%   6467.521  6544.822
u    42446  10.00  77.77%   2.34%  19.89%   7275.650  7152.521
LINPACK benchmark ./linpackC-btver1, Double precision.
Machine precision:  15 digits.
Array size 200 X 200.
Memory required:  315K.
      Reps Time(s) DGEFA   DGESL  OVERHEAD    MFLOPS
------------------------------------------------------
r     4096   0.72  78.44%   4.31%  17.25%   9454.073  9454.073
r    56968  10.11  77.03%   3.53%  19.44%   9606.588  9596.204
u     4096   0.98  82.93%   1.52%  15.55%   6769.162  6769.162
u    41626   9.92  84.71%   2.99%  12.30%   6569.337  6586.756
r    56353  10.02  76.89%   1.85%  21.26%   9813.778  9699.409
u    41953  10.00  82.22%   2.52%  15.26%   6799.086  6686.677
r    56268   9.98  75.74%   2.19%  22.07%   9931.207  9773.310
u    41953   9.98  83.04%   2.97%  13.98%   6708.051  6693.580
r    56358   9.98  74.53%   2.93%  22.54%  10007.541  9829.674
u    42016   9.98  84.55%   1.73%  13.72%   6698.627  6694.815
r    56448  10.02  75.64%   1.26%  23.10%  10065.167  9875.198
u    42083  10.02  83.15%   1.24%  15.62%   6837.907  6722.514
LINPACK benchmark ./linpack-btver2, Double precision.
Machine precision:  15 digits.
Array size 200 X 200.
Memory required:  315K.
      Reps Time(s) DGEFA   DGESL  OVERHEAD    MFLOPS
------------------------------------------------------
r     2048   0.52  72.87%   6.20%  20.93%   6893.595  6893.595
r    39689  10.08  79.83%   2.30%  17.87%   6585.264  6599.748
u     4096   0.95  78.70%   1.68%  19.62%   7343.568  7343.568
u    42980   9.98  78.22%   1.41%  20.37%   7424.637  7417.513
r    39381   9.91  81.77%   1.77%  16.46%   6534.949  6568.130
u    43048   9.91  74.61%   1.59%  23.79%   7831.402  7609.609
r    39750  10.02  79.92%   2.67%  17.41%   6599.371  6578.372
u    43456  10.14  78.10%   1.86%  20.04%   7359.671  7526.457
r    39686   9.95  82.24%   2.35%  15.41%   6473.703  6552.186
u    42851   9.97  78.32%   1.90%  19.78%   7359.768  7485.282
r    39873  10.03  82.66%   1.56%  15.78%   6481.880  6538.078
u    42988   9.91  77.62%   2.39%  19.99%   7447.566  7477.863
LINPACK benchmark ./linpackC-btver2, Double precision.
Machine precision:  15 digits.
Array size 200 X 200.
Memory required:  315K.
      Reps Time(s) DGEFA   DGESL  OVERHEAD    MFLOPS
------------------------------------------------------
r     4096   0.72  82.75%   0.00%  17.25%   9454.073  9454.073
r    56968   9.95  77.31%   1.57%  21.12%   9965.107  9929.106
u     2048   0.53  79.47%   3.01%  17.51%   6421.431  6421.431
u    38568  10.20  82.68%   3.24%  14.07%   6041.601  6059.675
r    57237  10.00  77.68%   1.88%  20.44%   9880.025  9905.299
u    37800   9.95  85.53%   3.15%  11.31%   5881.047  5972.233
r    57237   9.97  80.71%   2.67%  16.62%   9456.867  9754.479
u    37978  10.06  81.73%   4.03%  14.24%   6044.322  5995.565
r    57414  10.03  78.70%   2.95%  18.35%   9627.419  9722.853
u    37743   9.98  84.02%   3.77%  12.22%   5913.716  5975.314
r    57236  10.00  77.88%   2.19%  19.93%   9816.924  9741.264
u    37799   9.95  84.50%   3.81%  11.69%   5906.318  5961.599
LINPACK benchmark ./linpack-core2, Double precision.
Machine precision:  15 digits.
Array size 200 X 200.
Memory required:  315K.
      Reps Time(s) DGEFA   DGESL  OVERHEAD    MFLOPS
------------------------------------------------------
r     2048   0.64  77.97%   4.84%  17.19%   5306.767  5306.767
r    32000  10.05  83.98%   3.44%  12.58%   5003.605  5020.858
u     2048   0.55  85.35%   5.86%   8.79%   5647.764  5647.764
u    37509   9.83  79.26%   2.38%  18.36%   6419.786  6374.671
r    31850  10.02  83.53%   1.85%  14.62%   5115.269  5066.050
u    38165   9.98  79.94%   3.31%  16.75%   6304.976  6340.256
r    31802  10.00  84.18%   2.83%  12.99%   5019.509  5050.806
u    38222   9.98  80.41%   3.14%  16.44%   6291.687  6324.162
r    31802  10.02  84.28%   0.31%  15.42%   5155.187  5076.046
u    38279  10.02  80.39%   2.81%  16.80%   6309.389  6320.489
r    31751   9.98  82.10%   1.73%  16.17%   5209.642  5101.807
u    38221  10.00  79.38%   3.15%  17.47%   6360.132  6328.323
LINPACK benchmark ./linpackC-core2, Double precision.
Machine precision:  15 digits.
Array size 200 X 200.
Memory required:  315K.
      Reps Time(s) DGEFA   DGESL  OVERHEAD    MFLOPS
------------------------------------------------------
r     4096   0.72  78.41%   2.09%  19.50%   9732.134  9732.134
r    57047   9.91  79.19%   2.19%  18.61%   9717.756  9718.718
u     4096   0.95  80.17%   4.93%  14.90%   6936.095  6936.095
u    42980  10.19  83.77%   1.39%  14.84%   6803.350  6814.698
r    57588  10.02  79.40%   2.51%  18.09%   9640.117  9680.435
u    42186   9.94  85.23%   2.05%  12.72%   6679.977  6750.357
r    57496  10.00  78.85%   2.17%  18.98%   9745.887  9701.692
u    42453  10.17  82.87%   1.67%  15.45%   6779.316  6759.664
r    57496  10.03  78.51%   2.94%  18.55%   9664.770  9692.583
u    41735  10.00  82.05%   2.35%  15.60%   6791.003  6767.178
r    57318   9.95  78.43%   2.04%  19.53%   9828.533  9719.059
u    41735   9.84  82.57%   3.47%  13.96%   6766.950  6767.134
LINPACK benchmark ./linpack-core-avx2, Double precision.
Machine precision:  15 digits.
Array size 200 X 200.
Memory required:  315K.
      Reps Time(s) DGEFA   DGESL  OVERHEAD    MFLOPS
------------------------------------------------------
r     4096   0.86  78.11%   1.86%  20.02%   8188.025  8188.025
r    47683  10.08  77.06%   1.54%  21.40%   8267.220  8260.900
u     4096   0.72  76.08%   6.68%  17.25%   9454.073  9454.073
u    56968  10.01  72.69%   1.09%  26.22%  10588.179 10503.661
r    47313  10.02  80.24%   1.55%  18.21%   7932.672  8100.860
u    56882  10.05  71.06%   3.13%  25.81%  10478.598 10491.559
r    47242  10.02  78.29%   1.91%  19.80%   8077.566  8093.325
u    56610   9.95  72.70%   3.59%  23.71%  10238.957 10408.283
r    47171   9.97  80.41%   1.73%  17.87%   7911.762  8048.301
u    56877  10.02  72.21%   3.60%  24.18%  10285.894 10377.936
r    47317   9.98  78.11%   1.55%  20.33%   8169.728  8071.874
u    56786  10.00  70.22%   3.15%  26.63%  10629.155 10426.488
LINPACK benchmark ./linpackC-core-avx2, Double precision.
Machine precision:  15 digits.
Array size 200 X 200.
Memory required:  315K.
      Reps Time(s) DGEFA   DGESL  OVERHEAD    MFLOPS
------------------------------------------------------
r     4096   0.75  81.20%   4.13%  14.67%   8789.333  8789.333
r    54613   9.75  77.08%   2.87%  20.05%   9621.790  9558.628
u     2048   0.53  88.51%   8.66%   2.82%   5450.749  5450.749
u    38568  10.25  85.48%   3.53%  10.99%   5805.208  5786.235
r    56013  10.06  79.32%   2.34%  18.35%   9362.770  9461.987
u    37627  10.00  83.13%   1.88%  14.99%   6078.628  5923.252
r    55667   9.97  80.40%   2.19%  17.41%   9285.722  9403.669
u    37627  10.00  83.87%   2.99%  13.14%   5949.161  5931.641
r    55840   9.95  79.93%   2.05%  18.02%   9399.060  9402.531
u    37627  10.00  82.85%   2.93%  14.22%   6024.063  5954.033
r    56103  10.00  78.20%   1.90%  19.90%   9618.991  9444.765
u    37627  10.02  83.95%   2.78%  13.27%   5949.161  5953.073
LINPACK benchmark ./linpack-core-avx-i, Double precision.
Machine precision:  15 digits.
Array size 200 X 200.
Memory required:  315K.
      Reps Time(s) DGEFA   DGESL  OVERHEAD    MFLOPS
------------------------------------------------------
r     4096   0.95  83.63%   1.68%  14.69%   6919.032  6919.032
r    42980  10.09  79.87%   3.70%  16.44%   6997.732  6990.813
u     4096   0.91  77.70%   1.66%  20.64%   7823.607  7823.607
u    45209  10.03  78.83%   2.52%  18.65%   7607.772  7625.248
r    42579   9.88  78.83%   2.88%  18.30%   7247.789  7110.545
u    45064  10.25  81.07%   1.82%  17.10%   7283.499  7458.140
r    43117  10.05  81.94%   2.16%  15.90%   7007.576  7076.776
u    43964   9.84  78.76%   3.03%  18.22%   7500.277  7471.480
r    42915  10.03  77.72%   3.10%  19.18%   7268.944  7122.773
u    44665   9.89  75.80%   3.02%  21.17%   7868.129  7564.556
r    42778   9.92  78.46%   1.72%  19.81%   7384.170  7172.490
u    45161  10.31  77.53%   2.12%  20.34%   7549.739  7561.619
LINPACK benchmark ./linpackC-core-avx-i, Double precision.
Machine precision:  15 digits.
Array size 200 X 200.
Memory required:  315K.
      Reps Time(s) DGEFA   DGESL  OVERHEAD    MFLOPS
------------------------------------------------------
r     4096   0.84  83.29%   1.90%  14.81%   7823.607  7823.607
r    48530  10.17  82.17%   2.62%  15.21%   7727.289  7734.700
u     4096   0.98  90.45%   3.25%   6.30%   6101.056  6101.056
u    41626   9.94  84.26%   1.58%  14.16%   6701.802  6643.202
r    47709  10.03  80.27%   2.02%  17.70%   7936.090  7829.170
u    41889  10.03  85.35%   1.11%  13.55%   6633.713  6638.662
r    47556   9.95  81.07%   2.66%  16.27%   7836.602  7831.559
u    41759   9.97  83.08%   1.89%  15.04%   6770.841  6680.760
r    47780  10.02  78.81%   3.55%  17.63%   7954.645  7861.262
u    41888  10.00  82.01%   2.53%  15.46%   6803.807  6710.443
r    47708  10.08  80.77%   3.12%  16.12%   7750.974  7839.396
u    41883  10.06  81.54%   3.44%  15.03%   6726.619  6713.616
LINPACK benchmark ./linpack-corei7, Double precision.
Machine precision:  15 digits.
Array size 200 X 200.
Memory required:  315K.
      Reps Time(s) DGEFA   DGESL  OVERHEAD    MFLOPS
------------------------------------------------------
r     2048   0.52  78.68%   0.00%  21.32%   6927.553  6927.553
r    39689  10.05  81.49%   2.02%  16.49%   6496.571  6516.464
u     4096   0.73  78.78%   0.00%  21.22%   9715.325  9715.325
u    55727  10.03  74.68%   2.81%  22.51%   9845.844  9836.796
r    39503   9.95  78.90%   2.35%  18.75%   6708.395  6608.399
u    55554  10.02  69.45%   1.08%  29.47%  10800.419 10278.352
r    39689  10.00  80.79%   2.64%  16.57%   6533.169  6583.518
u    55465   9.92  72.77%   3.75%  23.48%  10033.184 10197.454
r    39689   9.92  82.61%   2.08%  15.32%   6486.520  6559.281
u    55906   9.94  73.26%   3.57%  23.17%  10056.002 10162.210
r    39996   9.98  81.55%   2.34%  16.11%   6557.765  6558.979
u    56260  10.05  72.42%   2.20%  25.38%  10304.579 10190.197
LINPACK benchmark ./linpackC-corei7, Double precision.
Machine precision:  15 digits.
Array size 200 X 200.
Memory required:  315K.
      Reps Time(s) DGEFA   DGESL  OVERHEAD    MFLOPS
------------------------------------------------------
r     4096   0.70  73.26%   0.00%  26.74%  10922.667 10922.667
r    58264  10.11  78.68%   2.00%  19.32%   9809.476  9875.584
u     4096   0.98  87.11%   4.77%   8.12%   6215.661  6215.661
u    41583   9.83  82.99%   2.70%  14.32%   6781.537  6726.624
r    57630  10.00  77.82%   1.40%  20.78%   9990.558  9930.473
u    42310  10.00  84.55%   3.81%  11.64%   6576.022  6653.355
r    57630  10.00  77.65%   2.82%  19.53%   9835.367  9899.414
u    42310  10.00  84.03%   2.95%  13.02%   6680.356  6662.098
r    57630  10.00  77.46%   1.72%  20.82%   9995.605  9922.807
u    42310  10.09  82.14%   2.45%  15.42%   6805.544  6696.697
r    57630  10.02  79.46%   2.01%  18.53%   9700.355  9878.232
u    41915   9.92  81.97%   2.84%  15.19%   6840.555  6724.327
LINPACK benchmark ./linpack-corei7-avx, Double precision.
Machine precision:  15 digits.
Array size 200 X 200.
Memory required:  315K.
      Reps Time(s) DGEFA   DGESL  OVERHEAD    MFLOPS
------------------------------------------------------
r     4096   0.94  78.34%   5.02%  16.65%   7202.527  7202.527
r    43713  10.14  82.59%   1.09%  16.32%   7074.301  7085.108
u     4096   0.91  84.11%   0.00%  15.89%   7382.117  7382.117
u    45209  10.03  77.04%   2.66%  20.30%   7765.732  7732.351
r    43105  10.00  79.22%   1.41%  19.37%   7340.964  7204.156
u    45069  10.00  78.07%   2.18%  19.75%   7712.743  7722.975
r    43100   9.98  77.25%   3.48%  19.27%   7343.755  7248.470
u    45069   9.97  78.50%   2.65%  18.85%   7650.774  7699.490
r    43169  10.00  78.84%   2.63%  18.53%   7276.964  7255.391
u    45209  10.02  77.65%   2.34%  20.01%   7750.222  7711.849
r    43169  10.02  80.00%   1.89%  18.11%   7228.167  7250.042
u    45141  10.08  79.10%   2.01%  18.89%   7583.320  7686.258
LINPACK benchmark ./linpackC-corei7-avx, Double precision.
Machine precision:  15 digits.
Array size 200 X 200.
Memory required:  315K.
      Reps Time(s) DGEFA   DGESL  OVERHEAD    MFLOPS
------------------------------------------------------
r     4096   0.86  85.35%   3.60%  11.05%   7353.168  7353.168
r    47627   9.97  79.89%   2.68%  17.44%   7947.478  7896.934
u     4096   0.98  84.26%   1.62%  14.11%   6649.141  6649.141
u    41583   9.94  84.96%   1.58%  13.46%   6641.158  6641.873
r    47779  10.00  81.23%   2.02%  16.75%   7880.914  7889.233
u    41846  10.00  83.77%   1.88%  14.35%   6709.691  6674.125
r    47774  10.02  80.80%   2.68%  16.52%   7847.103  7875.517
u    41846  10.00  86.74%   1.72%  11.54%   6496.553  6615.635
r    47697  10.02  82.42%   1.71%  15.88%   7774.941  7850.673
u    41846   9.98  81.71%   1.40%  16.89%   6925.585  6688.798
r    47625   9.98  81.89%   2.03%  16.07%   7804.893  7841.644
u    41913  10.00  84.81%   2.20%  12.99%   6615.391  6674.234
LINPACK benchmark ./linpack-eden-x2, Double precision.
Machine precision:  15 digits.
Array size 200 X 200.
Memory required:  315K.
      Reps Time(s) DGEFA   DGESL  OVERHEAD    MFLOPS
------------------------------------------------------
r     2048   0.61  72.09%   5.09%  22.82%   5984.227  5984.227
r    33628   9.94  85.34%   3.03%  11.63%   5258.763  5295.616
u     2048   0.73  93.60%   4.36%   2.04%   3911.803  3911.803
u    27901  10.25  78.98%   3.08%  17.94%   4555.626  4504.924
r    33837  10.00  83.79%   2.97%  13.24%   5355.478  5324.587
u    27220   9.94  83.40%   2.05%  14.55%   4402.560  4455.598
r    33833   9.98  85.30%   2.31%  12.39%   5311.991  5320.457
u    27392   9.97  81.20%   2.33%  16.47%   4517.635  4475.506
r    33887  10.02  82.68%   1.25%  16.07%   5536.301  5372.175
u    27477  10.00  76.24%   2.83%  20.93%   4772.364  4544.839
r    33832  10.00  83.28%   2.19%  14.53%   5436.131  5384.704
u    27477  10.00  79.58%   2.20%  18.22%   4614.783  4558.446
LINPACK benchmark ./linpack-eden-x4, Double precision.
Machine precision:  15 digits.
Array size 200 X 200.
Memory required:  315K.
      Reps Time(s) DGEFA   DGESL  OVERHEAD    MFLOPS
------------------------------------------------------
r     2048   0.61  84.89%   0.00%  15.11%   5440.206  5440.206
r    33628   9.92  82.73%   2.22%  15.05%   5479.646  5477.366
u     2048   0.74  80.82%   4.35%  14.83%   4492.950  4492.950
u    27863  10.28  80.57%   1.97%  17.46%   4508.682  4507.602
r    33895   9.98  84.74%   2.97%  12.29%   5316.256  5397.671
u    27098   9.97  81.82%   2.02%  16.16%   4452.571  4481.275
r    33952  10.02  83.60%   1.58%  14.83%   5465.645  5419.777
u    27182   9.89  79.16%   2.68%  18.16%   4612.052  4522.680
r    33897  10.00  84.63%   2.51%  12.86%   5341.581  5400.277
u    27484  10.00  80.25%   1.24%  18.51%   4631.819  4549.060
r    33893   9.98  81.54%   2.65%  15.81%   5537.281  5426.841
u    27484  10.02  78.82%   2.64%  18.54%   4626.142  4564.079
LINPACK benchmark ./linpack-generic, Double precision.
Machine precision:  15 digits.
Array size 200 X 200.
Memory required:  315K.
      Reps Time(s) DGEFA   DGESL  OVERHEAD    MFLOPS
------------------------------------------------------
r     2048   0.50  81.20%   3.20%  15.60%   6664.897  6664.897
r    40960   9.66  79.37%   4.21%  16.41%   6969.611  6954.471
u     4096   0.72  69.36%   2.23%  28.41%  10943.917 10943.917
u    57047  10.08  71.33%   3.58%  25.08%  10376.761 10412.912
r    42419  10.09  81.43%   2.49%  16.08%   6877.042  6915.807
u    56605  10.02  67.81%   4.06%  28.13%  10798.379 10594.723
r    42023  10.00  81.25%   0.31%  18.44%   7075.967  6967.808
u    56514  10.05  72.19%   2.17%  25.64%  10389.901 10527.419
r    42023  10.00  82.00%   2.34%  15.66%   6841.919  6936.162
u    56255   9.97  73.26%   3.15%  23.59%  10142.690 10430.863
r    42018   9.95  81.73%   2.06%  16.21%   6919.861  6932.917
u    56429  10.02  75.03%   1.72%  23.25%  10081.414 10360.242
LINPACK benchmark ./linpack-goldmont, Double precision.
Machine precision:  15 digits.
Array size 200 X 200.
Memory required:  315K.
      Reps Time(s) DGEFA   DGESL  OVERHEAD    MFLOPS
------------------------------------------------------
r     4096   0.80  76.79%   2.01%  21.20%   8957.282  8957.282
r    51392   9.95  77.79%   3.13%  19.08%   8763.142  8777.185
u     4096   0.72  67.32%   6.54%  26.15%  10593.547 10593.547
u    56968   9.83  72.91%   2.83%  24.26%  10509.948 10515.514
r    51634   9.97  78.41%   3.13%  18.46%   8723.175  8751.069
u    57964  10.02  71.79%   1.73%  26.48%  10811.340 10657.525
r    51794  10.00  75.49%   3.31%  21.20%   9026.704  8839.036
u    57877  10.02  72.88%   2.50%  24.62%  10527.737 10614.712
r    51794  10.02  73.00%   1.72%  25.28%   9504.333  8993.786
u    57784   9.98  72.54%   2.21%  25.25%  10633.350 10619.295
r    51711  10.02  73.47%   3.13%  23.39%   9255.368  9044.155
u    57876  10.00  73.69%   1.71%  24.60%  10541.517 10603.818
LINPACK benchmark ./linpackC-goldmont, Double precision.
Machine precision:  15 digits.
Array size 200 X 200.
Memory required:  315K.
      Reps Time(s) DGEFA   DGESL  OVERHEAD    MFLOPS
------------------------------------------------------
r     4096   0.72  75.80%   2.23%  21.97%  10027.047 10027.047
r    56968   9.98  74.88%   3.77%  21.35%   9963.838  9968.053
u     4096   0.97  96.70%   0.00%   3.30%   6003.387  6003.387
u    42270  10.02  82.55%   2.95%  14.51%   6780.051  6703.440
r    57059   9.98  78.03%   2.21%  19.75%   9780.458  9876.545
u    42206  10.00  80.77%   2.81%  16.42%   6935.021  6811.832
r    57150   9.98  78.82%   2.03%  19.15%   9722.036  9825.629
u    42206  10.03  80.70%   2.50%  16.80%   6944.992  6854.245
r    57235  10.03  78.46%   1.69%  19.85%   9775.244  9813.178
u    42075  10.00  83.52%   3.62%  12.86%   6631.053  6798.545
r    57052   9.98  78.71%   2.64%  18.65%   9646.813  9779.946
u    42075   9.98  83.66%   1.73%  14.60%   6777.270  6794.369
LINPACK benchmark ./linpack-goldmont-plus, Double precision.
Machine precision:  15 digits.
Array size 200 X 200.
Memory required:  315K.
      Reps Time(s) DGEFA   DGESL  OVERHEAD    MFLOPS
------------------------------------------------------
r     4096   0.78  87.85%   0.00%  12.15%   8188.025  8188.025
r    52378  10.17  76.84%   3.69%  19.48%   8781.889  8735.935
u     4096   0.70  82.36%   0.00%  17.64%   9715.325  9715.325
u    58264  10.06  71.77%   2.68%  25.55%  10680.178 10610.961
r    51492   9.95  69.86%   3.45%  26.70%   9692.390  9167.386
u    57899  10.03  71.42%   4.19%  24.39%  10484.524 10549.709
r    51735  10.00  74.51%   3.77%  21.72%   9077.475  9138.065
u    57720   9.95  76.39%   3.15%  20.45%  10011.215 10368.833
r    51740  10.00  73.93%   3.72%  22.35%   9150.839  9141.188
u    57986  10.00  73.45%   2.47%  24.08%  10489.213 10398.158
r    51739  10.00  75.47%   2.64%  21.89%   9096.773  9132.422
u    57986  10.03  72.01%   2.19%  25.80%  10699.195 10456.193
LINPACK benchmark ./linpackC-goldmont-plus, Double precision.
Machine precision:  15 digits.
Array size 200 X 200.
Memory required:  315K.
      Reps Time(s) DGEFA   DGESL  OVERHEAD    MFLOPS
------------------------------------------------------
r     4096   0.72  84.98%   0.00%  15.02%   9206.503  9206.503
r    56968   9.98  77.79%   2.47%  19.73%   9762.422  9723.041
u     4096   0.97  87.10%   0.00%  12.90%   6664.897  6664.897
u    42270  10.03  82.57%   1.71%  15.71%   6865.855  6847.615
r    57059   9.98  77.34%   3.61%  19.06%   9695.747  9709.837
u    42139  10.02  78.33%   2.35%  19.32%   7162.239  6993.893
r    57144  10.02  79.45%   3.76%  16.78%   9415.448  9611.853
u    42075   9.98  80.77%   2.21%  17.02%   6974.412  6987.604
r    57052   9.98  80.74%   3.91%  15.35%   9270.162  9525.629
u    42142  10.00  85.32%   2.20%  12.48%   6613.531  6892.485
r    57137  10.00  76.59%   2.96%  20.45%   9862.764  9590.340
u    42146  10.00  81.88%   1.54%  16.58%   6938.445  6901.452
LINPACK benchmark ./linpack-haswell, Double precision.
Machine precision:  15 digits.
Array size 200 X 200.
Memory required:  315K.
      Reps Time(s) DGEFA   DGESL  OVERHEAD    MFLOPS
------------------------------------------------------
r     4096   0.86  72.76%   1.75%  25.49%   8789.333  8789.333
r    47683  10.08  76.33%   2.20%  21.46%   8273.487  8312.078
u     4096   0.72  82.48%   4.45%  13.07%   9000.277  9000.277
u    56968  10.02  70.72%   3.57%  25.71%  10514.185 10396.879
r    47313  10.00  77.21%   1.56%  21.23%   8248.892  8281.788
u    56876  10.05  75.61%   2.52%  21.87%   9951.549 10177.250
r    47313  10.00  74.82%   2.03%  23.15%   8454.980  8336.977
u    56615   9.97  76.15%   2.83%  21.03%   9875.685 10077.442
r    47313   9.97  79.43%   1.57%  19.00%   8046.628  8264.146
u    56791  10.09  80.22%   1.71%  18.07%   9430.831  9910.636
r    47460  10.03  79.30%   2.48%  18.21%   7944.710  8199.272
u    56262   9.94  75.72%   3.94%  20.34%   9759.565  9880.717
LINPACK benchmark ./linpackC-haswell, Double precision.
Machine precision:  15 digits.
Array size 200 X 200.
Memory required:  315K.
      Reps Time(s) DGEFA   DGESL  OVERHEAD    MFLOPS
------------------------------------------------------
r     4096   0.73  78.61%   6.40%  14.99%   9014.701  9014.701
r    55803   9.97  79.56%   2.80%  17.64%   9334.485  9311.896
u     2048   0.55  85.92%   0.00%  14.08%   5984.227  5984.227
u    37440   9.95  84.77%   2.85%  12.38%   5896.514  5901.000
r    55976  10.00  80.91%   1.40%  17.69%   9338.400  9324.681
u    37620  10.00  81.92%   5.14%  12.94%   5934.390  5917.243
r    55970  10.02  79.44%   2.18%  18.38%   9402.504  9349.886
u    37620  10.00  84.38%   2.51%  13.11%   5946.685  5926.865
r    55880   9.98  77.80%   1.85%  20.34%   9649.424  9421.653
u    37623  10.00  84.75%   4.05%  11.20%   5818.572  5899.749
r    55969  10.02  81.07%   2.34%  16.59%   9199.772  9377.035
u    37623  10.00  84.92%   2.53%  12.55%   5908.396  5901.460
LINPACK benchmark ./linpack-ivybridge, Double precision.
Machine precision:  15 digits.
Array size 200 X 200.
Memory required:  315K.
      Reps Time(s) DGEFA   DGESL  OVERHEAD    MFLOPS
------------------------------------------------------
r     4096   0.94  81.66%   3.41%  14.93%   7049.089  7049.089
r    43667  10.14  77.97%   2.00%  20.03%   7395.406  7364.379
u     4096   0.91  79.60%   3.31%  17.09%   7480.284  7480.284
u    45159  10.03  77.60%   2.60%  19.80%   7709.891  7690.261
r    43064  10.00  81.29%   1.87%  16.84%   7111.740  7242.394
u    45023  10.00  76.94%   2.98%  20.08%   7735.717  7711.902
r    43063   9.98  77.49%   3.30%  19.21%   7331.993  7270.972
u    45018   9.97  78.97%   3.14%  17.89%   7552.495  7659.653
r    43132   9.98  80.65%   2.52%  16.83%   7133.263  7236.931
u    45157  10.02  79.87%   2.53%  17.60%   7514.312  7623.554
r    43201  10.02  77.89%   2.81%  19.31%   7340.927  7257.099
u    45084   9.98  79.29%   3.62%  17.10%   7480.411  7595.008
LINPACK benchmark ./linpackC-ivybridge, Double precision.
Machine precision:  15 digits.
Array size 200 X 200.
Memory required:  315K.
      Reps Time(s) DGEFA   DGESL  OVERHEAD    MFLOPS
------------------------------------------------------
r     4096   0.86  85.33%   0.00%  14.67%   7674.179  7674.179
r    47683  10.06  80.93%   2.46%  16.61%   7803.224  7792.858
u     2048   0.50  75.60%   3.00%  21.40%   7156.709  7156.709
u    40960   9.80  82.11%   3.06%  14.83%   6741.579  6760.252
r    47384   9.92  80.36%   2.79%  16.85%   7887.761  7837.920
u    41808  10.02  84.26%   2.17%  13.58%   6633.124  6696.984
r    47756  10.06  79.84%   2.33%  17.84%   7933.338  7868.683
u    41741   9.98  85.84%   1.74%  12.42%   6555.845  6649.766
r    47461   9.98  81.72%   1.88%  16.39%   7807.831  7853.737
u    41807  10.00  84.21%   2.17%  13.62%   6647.557  6649.218
r    47532   9.95  79.28%   3.01%  17.70%   7968.418  7876.009
u    41811  10.03  84.39%   1.07%  14.54%   6698.605  6658.984
LINPACK benchmark ./linpack-k8, Double precision.
Machine precision:  15 digits.
Array size 200 X 200.
Memory required:  315K.
      Reps Time(s) DGEFA   DGESL  OVERHEAD    MFLOPS
------------------------------------------------------
r     2048   0.61  87.19%   0.00%  12.81%   5296.773  5296.773
r    33628   9.98  82.47%   1.87%  15.66%   5484.201  5473.083
u     2048   0.75  89.47%   4.27%   6.27%   4000.835  4000.835
u    27306  10.03  78.03%   4.69%  17.28%   4519.190  4478.705
r    33681   9.98  83.17%   2.37%  14.45%   5415.670  5445.051
u    27218   9.89  79.31%   2.51%  18.18%   4619.301  4545.265
r    33734   9.97  83.74%   1.43%  14.83%   5456.133  5448.673
u    27520  10.00  80.99%   2.95%  16.06%   4502.518  4531.186
r    33838  10.00  83.13%   3.43%  13.44%   5368.629  5428.671
u    27520  10.05  79.61%   3.11%  17.29%   4548.030  4535.328
r    33838  10.08  83.85%   2.81%  13.35%   5321.293  5407.051
u    27391  10.00  78.06%   3.27%  18.67%   4625.227  4552.765
LINPACK benchmark ./linpackC-k8, Double precision.
Machine precision:  15 digits.
Array size 200 X 200.
Memory required:  315K.
      Reps Time(s) DGEFA   DGESL  OVERHEAD    MFLOPS
------------------------------------------------------
r     4096   0.73  91.42%   4.22%   4.36%   8013.067  8013.067
r    55803   9.91  80.28%   2.51%  17.20%   9343.589  9238.690
u     2048   0.50  87.60%   3.00%   9.40%   6208.801  6208.801
u    40960   9.84  80.29%   3.38%  16.32%   6829.153  6796.815
r    56332  10.02  74.25%   2.81%  22.94%  10023.661  9603.171
u    41609   9.92  81.15%   2.07%  16.78%   6921.394  6857.509
r    56242  10.14  76.57%   1.83%  21.60%   9714.377  9639.154
u    41940  10.09  82.70%   2.37%  14.93%   6708.316  6807.338
r    55460   9.89  80.14%   1.90%  17.96%   9385.714  9576.236
u    41553   9.94  82.73%   2.18%  15.09%   6762.991  6796.322
r    56065  10.05  77.68%   1.26%  21.05%   9708.225  9602.007
u    41816   9.95  81.74%   2.68%  15.58%   6834.143  6803.823
LINPACK benchmark ./linpack-k8-sse3, Double precision.
Machine precision:  15 digits.
Array size 200 X 200.
Memory required:  315K.
      Reps Time(s) DGEFA   DGESL  OVERHEAD    MFLOPS
------------------------------------------------------
r     2048   0.61  92.61%   0.00%   7.39%   4986.856  4986.856
r    33628   9.92  81.98%   2.85%  15.17%   5486.807  5455.410
u     2048   0.75  70.67%   4.27%  25.07%   5004.603  5004.603
u    27306   9.97  79.45%   3.62%  16.93%   4528.468  4558.727
r    33892  10.05  83.70%   1.87%  14.43%   5414.099  5435.206
u    27390   9.97  80.88%   2.18%  16.94%   4542.947  4551.097
r    33733   9.95  79.99%   2.36%  17.65%   5652.349  5504.256
u    27475  10.06  82.51%   2.18%  15.31%   4427.638  4510.071
r    33892  10.02  82.41%   2.33%  15.27%   5484.918  5499.466
u    27302   9.95  81.33%   3.28%  15.39%   4452.529  4495.846
r    33841   9.97  82.92%   2.39%  14.70%   5465.715  5492.755
u    27430   9.97  80.39%   2.98%  16.63%   4532.611  4503.057
LINPACK benchmark ./linpackC-k8-sse3, Double precision.
Machine precision:  15 digits.
Array size 200 X 200.
Memory required:  315K.
      Reps Time(s) DGEFA   DGESL  OVERHEAD    MFLOPS
------------------------------------------------------
r     4096   0.73  76.43%   4.36%  19.21%   9485.958  9485.958
r    55803  10.03  79.02%   2.17%  18.81%   9408.977  9414.202
u     4096   0.98  82.52%   1.63%  15.85%   6793.688  6793.688
u    41626  10.03  82.33%   2.67%  14.99%   6704.160  6712.084
r    55625   9.89  75.78%   3.00%  21.22%   9803.859  9597.880
u    41497   9.91  82.15%   3.15%  14.70%   6744.286  6727.366
r    56237  10.08  79.54%   3.72%  16.74%   9204.165  9465.315
u    41890   9.98  81.30%   2.31%  16.38%   6890.518  6779.448
r    55801   9.92  75.91%   2.66%  21.43%   9829.832  9552.174
u    41952  10.03  80.65%   1.58%  17.77%   6985.218  6828.782
r    56239  10.08  75.34%   3.56%  21.10%   9712.637  9583.549
u    41822  10.00  82.87%   2.18%  14.95%   6753.151  6813.791
LINPACK benchmark ./linpack-nano, Double precision.
Machine precision:  15 digits.
Array size 200 X 200.
Memory required:  315K.
      Reps Time(s) DGEFA   DGESL  OVERHEAD    MFLOPS
------------------------------------------------------
r     2048   0.61  79.47%   0.00%  20.53%   5811.129  5811.129
r    33628   9.97  82.87%   1.85%  15.29%   5468.615  5487.181
u     2048   0.75  74.93%   2.13%  22.93%   4866.067  4866.067
u    27306  10.22  80.55%   4.14%  15.31%   4333.284  4366.641
r    33732   9.95  84.33%   2.22%  13.45%   5377.906  5433.524
u    26720   9.70  81.18%   3.85%  14.96%   4447.396  4404.753
r    33891  10.03  82.90%   1.41%  15.69%   5503.564  5456.306
u    27537  10.01  78.80%   3.90%  17.29%   4565.674  4456.484
r    33786  10.00  79.95%   2.66%  17.39%   5616.686  5494.977
u    27495  10.12  76.43%   3.38%  20.19%   4672.664  4508.097
r    33785   9.97  83.25%   3.14%  13.61%   5387.606  5473.409
u    27155   9.89  76.89%   2.52%  20.59%   4748.264  4553.331
LINPACK benchmark ./linpack-nano-1000, Double precision.
Machine precision:  15 digits.
Array size 200 X 200.
Memory required:  315K.
      Reps Time(s) DGEFA   DGESL  OVERHEAD    MFLOPS
------------------------------------------------------
r     2048   0.59  78.79%   2.69%  18.52%   5811.129  5811.129
r    34478  10.17  83.62%   2.48%  13.90%   5406.461  5427.653
u     2048   0.75  81.20%   0.00%  18.80%   4618.369  4618.369
u    27306   9.94  81.86%   2.84%  15.31%   4455.827  4466.795
r    33895  10.00  83.69%   2.04%  14.27%   5429.737  5428.656
u    27479  10.00  74.35%   2.97%  22.68%   4880.733  4657.794
r    33894  10.03  83.93%   2.52%  13.55%   5366.973  5408.459
u    27479  10.00  76.62%   3.09%  20.29%   4734.390  4682.485
r    33785   9.97  84.04%   2.98%  12.98%   5349.097  5393.815
u    27479   9.98  78.39%   3.94%  17.68%   4591.535  4659.796
r    33893  10.03  83.52%   2.46%  14.02%   5396.683  5394.380
u    27523  10.11  84.84%   3.13%  12.04%   4250.338  4572.767
LINPACK benchmark ./linpack-nano-2000, Double precision.
Machine precision:  15 digits.
Array size 200 X 200.
Memory required:  315K.
      Reps Time(s) DGEFA   DGESL  OVERHEAD    MFLOPS
------------------------------------------------------
r     2048   0.59  86.87%   0.00%  13.13%   5450.749  5450.749
r    34478  10.17  85.12%   1.53%  13.35%   5372.111  5376.460
u     2048   0.75  87.33%   0.00%  12.67%   4294.025  4294.025
u    27306  10.12  83.77%   1.86%  14.37%   4325.287  4323.091
r    33895   9.98  82.66%   2.95%  14.38%   5445.617  5409.526
u    26968  10.30  85.40%   1.52%  13.08%   4138.107  4232.497
r    33949  10.08  79.93%   2.50%  17.57%   5611.855  5473.719
u    26190  10.34  82.37%   3.04%  14.59%   4071.496  4180.032
r    33682   9.94  82.99%   2.98%  14.03%   5414.563  5459.167
u    25321   9.20  81.53%   2.71%  15.76%   4485.254  4247.910
r    33895  10.03  84.24%   2.17%  13.59%   5370.847  5441.528
u    27510  10.02  81.20%   2.34%  16.46%   4515.406  4299.684
LINPACK benchmark ./linpack-nano-3000, Double precision.
Machine precision:  15 digits.
Array size 200 X 200.
Memory required:  315K.
      Reps Time(s) DGEFA   DGESL  OVERHEAD    MFLOPS
------------------------------------------------------
r     2048   0.61  74.55%  10.02%  15.44%   5461.333  5461.333
r    33628   9.92  82.07%   2.37%  15.56%   5512.348  5509.394
u     2048   0.73  85.01%   0.00%  14.99%   4507.350  4507.350
u    27901  10.38  79.33%   3.46%  17.21%   4461.215  4464.340
r    33892  10.02  83.68%   2.96%  13.36%   5364.183  5437.681
u    26892   9.80  77.87%   3.51%  18.62%   4631.512  4541.900
r    33841   9.97  83.29%   2.80%  13.91%   5416.032  5430.577
u    27446  10.00  72.52%   3.61%  23.87%   4951.071  4667.506
r    33949  10.03  82.81%   2.02%  15.16%   5478.648  5442.380
u    27446   9.98  79.17%   3.13%  17.70%   4586.579  4647.364
r    33844   9.98  83.74%   2.81%  13.44%   5378.280  5429.587
u    27487  10.00  81.22%   1.26%  17.52%   4576.723  4633.244
LINPACK benchmark ./linpack-nano-x2, Double precision.
Machine precision:  15 digits.
Array size 200 X 200.
Memory required:  315K.
      Reps Time(s) DGEFA   DGESL  OVERHEAD    MFLOPS
------------------------------------------------------
r     2048   0.59  84.34%   0.00%  15.66%   5613.945  5613.945
r    34478  10.19  84.07%   1.96%  13.97%   5402.760  5414.180
u     2048   0.75  79.20%   0.00%  20.80%   4734.994  4734.994
u    27306   9.94  82.12%   3.62%  14.26%   4401.437  4423.176
r    33845   9.97  84.48%   2.99%  12.53%   5330.329  5373.525
u    27479  10.00  81.66%   3.79%  14.55%   4416.364  4419.880
r    33950  10.03  83.25%   2.96%  13.79%   5390.758  5379.121
u    27479  10.02  86.08%   2.66%  11.26%   4245.930  4361.641
r    33841   9.97  83.25%   2.04%  14.72%   5467.001  5400.384
u    27435  10.00  83.86%   2.22%  13.92%   4377.021  4365.407
r    33949  10.02  85.03%   1.88%  13.09%   5355.921  5391.555
u    27435  10.02  79.18%   2.03%  18.79%   4632.088  4415.516
LINPACK benchmark ./linpack-nano-x4, Double precision.
Machine precision:  15 digits.
Array size 200 X 200.
Memory required:  315K.
      Reps Time(s) DGEFA   DGESL  OVERHEAD    MFLOPS
------------------------------------------------------
r     2048   0.59  79.12%   5.22%  15.66%   5613.945  5613.945
r    34478  10.16  82.13%   1.56%  16.32%   5571.219  5573.597
u     2048   0.75  81.20%   2.13%  16.67%   4500.139  4500.139
u    27306  10.11  83.00%   3.07%  13.94%   4310.372  4323.091
r    33948  10.00  82.86%   3.57%  13.57%   5393.559  5485.394
u    27011   9.83  78.02%   2.20%  19.78%   4705.112  4498.108
r    33944  10.00  82.83%   2.48%  14.69%   5464.357  5478.538
u    27483  10.06  81.05%   2.18%  16.78%   4507.203  4501.085
r    33944  10.02  83.17%   2.18%  14.66%   5453.489  5472.371
u    27313   9.98  80.97%   2.53%  16.50%   4499.203  4500.622
r    33889  10.00  86.39%   2.06%  11.55%   5261.236  5429.504
u    27356   9.97  77.29%   2.95%  19.76%   4697.288  4538.146
LINPACK benchmark ./linpack-native, Double precision.
Machine precision:  15 digits.
Array size 200 X 200.
Memory required:  315K.
      Reps Time(s) DGEFA   DGESL  OVERHEAD    MFLOPS
------------------------------------------------------
r     4096   0.95  75.55%   0.00%  24.45%   7812.741  7812.741
r    42980  10.03  77.73%   2.02%  20.25%   7377.311  7413.260
u     4096   0.69  79.48%   2.33%  18.20%  10009.205 10009.205
u    59621  10.78  72.95%   2.91%  24.13%  10009.720 10009.687
r    42842  10.02  78.50%   1.41%  20.09%   7351.786  7383.843
u    55296   9.22  70.61%   3.20%  26.19%  11161.058 10513.606
r    42777  10.00  73.57%   1.88%  24.55%   7785.195  7508.631
u    59986  10.02  70.73%   1.56%  27.71%  11378.560 10788.436
r    42772  10.00  78.74%   2.66%  18.60%   7215.356  7434.966
u    59896  10.00  71.79%   3.31%  24.90%  10954.478 10829.591
r    42767   9.98  79.97%   2.32%  17.71%   7148.655  7377.065
u    59901  10.05  72.65%   2.95%  24.40%  10829.916 10829.656
LINPACK benchmark ./linpack-nehalem, Double precision.
Machine precision:  15 digits.
Array size 200 X 200.
Memory required:  315K.
      Reps Time(s) DGEFA   DGESL  OVERHEAD    MFLOPS
------------------------------------------------------
r     2048   0.52  85.05%   0.00%  14.95%   6421.431  6421.431
r    39766   9.92  80.69%   3.13%  16.18%   6566.307  6559.059
u     4096   0.74  72.24%   4.35%  23.40%   9991.427  9991.427
u    55727   9.87  72.82%   3.49%  23.69%  10156.834 10145.335
r    40078  10.00  81.21%   2.53%  16.26%   6572.779  6565.766
u    56438   9.98  72.09%   3.58%  24.34%  10259.191 10200.288
r    40078   9.95  80.31%   4.07%  15.62%   6554.776  6562.151
u    56522  10.02  72.53%   2.53%  24.95%  10325.026 10240.760
r    40271  10.05  80.73%   3.26%  16.01%   6554.338  6560.210
u    56426  10.06  74.26%   3.23%  22.51%   9937.382 10164.370
r    40086  10.02  83.44%   2.05%  14.52%   6429.741  6533.942
u    56072   9.94  73.56%   2.18%  24.25%  10230.576 10177.315
LINPACK benchmark ./linpackC-nehalem, Double precision.
Machine precision:  15 digits.
Array size 200 X 200.
Memory required:  315K.
      Reps Time(s) DGEFA   DGESL  OVERHEAD    MFLOPS
------------------------------------------------------
r     4096   0.70  86.63%   4.55%   8.82%   8775.621  8775.621
r    58264  10.11  77.13%   2.61%  20.26%   9925.067  9840.408
u     4096   0.97  87.29%   3.10%   9.61%   6428.770  6428.770
u    42314  10.06  83.46%   2.32%  14.22%   6732.070  6704.155
r    57630  10.00  82.63%   1.54%  15.83%   9403.018  9625.366
u    42049   9.91  83.60%   1.75%  14.66%   6830.766  6763.749
r    57630  10.00  78.81%   1.41%  19.78%   9866.018  9702.150
u    42448  10.14  85.74%   1.71%  12.55%   6574.405  6701.168
r    57630   9.98  81.00%   2.19%  16.81%   9527.531  9658.784
u    41861   9.89  82.64%   1.58%  15.78%   6901.453  6748.622
r    57716  10.03  76.95%   2.19%  20.86%   9985.299  9721.409
u    42322   9.97  80.57%   2.83%  16.60%   6990.884  6794.955
LINPACK benchmark ./linpack-nocona, Double precision.
Machine precision:  15 digits.
Array size 200 X 200.
Memory required:  315K.
      Reps Time(s) DGEFA   DGESL  OVERHEAD    MFLOPS
------------------------------------------------------
r     2048   0.53  64.78%   3.01%  32.20%   7812.741  7812.741
r    38568   9.62  77.83%   1.78%  20.39%   6912.910  6953.292
u     2048   0.58  76.12%   0.00%  23.88%   6392.242  6392.242
u    35432   9.78  77.21%   2.68%  20.11%   6226.481  6235.316
r    40070  10.02  75.99%   2.50%  21.52%   7001.204  6977.004
u    36221  10.00  80.37%   3.06%  16.57%   5962.305  6098.087
r    40009  10.00  78.12%   3.43%  18.45%   6736.843  6895.518
u    36221  10.03  77.83%   3.57%  18.60%   6092.285  6096.174
r    40004  10.02  77.00%   2.67%  20.34%   6885.428  6893.004
u    36109  10.08  78.11%   2.93%  18.96%   6071.960  6090.168
r    39940  10.09  78.01%   2.01%  19.97%   6791.003  6872.455
u    35829  10.02  80.94%   1.85%  17.21%   5934.768  6058.912
LINPACK benchmark ./linpackC-nocona, Double precision.
Machine precision:  15 digits.
Array size 200 X 200.
Memory required:  315K.
      Reps Time(s) DGEFA   DGESL  OVERHEAD    MFLOPS
------------------------------------------------------
r     4096   0.72  82.20%   2.23%  15.58%   9267.172  9267.172
r    56968  10.09  77.16%   2.62%  20.22%   9715.144  9683.744
u     4096   0.98  87.30%   1.63%  11.08%   6428.770  6428.770
u    41626   9.91  82.51%   2.36%  15.13%   6799.854  6764.873
r    56437  10.00  76.55%   1.88%  21.57%   9882.292  9778.103
u    42020   9.98  83.14%   2.01%  14.84%   6786.718  6775.317
r    56437   9.98  77.69%   2.53%  19.77%   9676.256  9744.823
u    42083  10.02  82.70%   2.37%  14.94%   6784.128  6778.171
r    56527  10.00  76.39%   2.49%  21.12%   9840.336  9768.078
u    42019  10.00  81.67%   2.52%  15.81%   6854.269  6796.622
r    56521  10.00  77.42%   2.83%  19.75%   9672.545  9749.114
u    42019   9.98  82.43%   1.73%  15.84%   6867.320  6810.397
LINPACK benchmark ./linpack-opteron, Double precision.
Machine precision:  15 digits.
Array size 200 X 200.
Memory required:  315K.
      Reps Time(s) DGEFA   DGESL  OVERHEAD    MFLOPS
------------------------------------------------------
r     2048   0.61  89.51%   2.62%   7.87%   5004.603  5004.603
r    33573   9.89  85.49%   1.87%  12.64%   5336.449  5316.182
u     2048   0.75  79.07%   4.13%  16.80%   4507.350  4507.350
u    27306   9.92  74.96%   3.93%  21.10%   4790.526  4769.620
r    33946  10.02  83.07%   2.04%  14.90%   5469.166  5389.748
u    27520  10.08  82.35%   3.41%  14.24%   4373.309  4569.262
r    33891  10.10  81.85%   3.21%  14.94%   5420.245  5399.701
u    27309   9.95  76.95%   3.14%  19.92%   4705.691  4612.644
r    33572   9.94  83.55%   2.83%  13.62%   5371.103  5392.666
u    27440   9.92  72.64%   6.44%  20.92%   4802.991  4658.025
r    33781   9.95  83.38%   2.35%  14.27%   5436.842  5401.346
u    27655  10.03  71.93%   5.92%  22.15%   4863.559  4697.441
LINPACK benchmark ./linpackC-opteron, Double precision.
Machine precision:  15 digits.
Array size 200 X 200.
Memory required:  315K.
      Reps Time(s) DGEFA   DGESL  OVERHEAD    MFLOPS
------------------------------------------------------
r     4096   0.73  95.78%   2.04%   2.18%   7823.607  7823.607
r    55727   9.91  84.03%   2.41%  13.56%   8937.492  8851.209
u     4096   0.98  82.74%   3.05%  14.21%   6657.010  6657.010
u    41583   9.89  82.96%   2.20%  14.83%   6779.926  6768.720
r    56255  10.00  75.02%   2.67%  22.31%   9942.969  9348.686
u    42045  10.00  83.16%   2.93%  13.91%   6707.144  6739.067
r    56249  10.00  78.88%   2.19%  18.93%   9528.633  9406.670
u    42045  10.02  81.99%   2.98%  15.04%   6785.170  6753.935
r    56249  10.00  78.88%   3.00%  18.12%   9435.523  9413.754
u    41977   9.98  82.29%   3.11%  14.59%   6759.898  6755.392
r    56254  10.02  78.46%   2.02%  19.52%   9583.860  9446.870
u    42040   9.98  82.98%   2.48%  14.53%   6766.077  6757.490
LINPACK benchmark ./linpack-opteron-sse3, Double precision.
Machine precision:  15 digits.
Array size 200 X 200.
Memory required:  315K.
      Reps Time(s) DGEFA   DGESL  OVERHEAD    MFLOPS
------------------------------------------------------
r     2048   0.61  81.94%   0.00%  18.06%   5636.446  5636.446
r    33628   9.91  81.68%   2.52%  15.80%   5536.801  5542.425
u     2048   0.75  72.80%   4.27%  22.93%   4866.067  4866.067
u    27306   9.92  81.84%   4.89%  13.27%   4357.959  4389.941
r    33947  10.00  83.47%   2.00%  14.53%   5454.609  5499.257
u    27520  10.02  81.59%   3.10%  15.32%   4455.804  4421.566
r    33947  10.00  80.95%   2.97%  16.08%   5555.356  5517.519
u    27476   9.97  76.37%   4.99%  18.65%   4652.738  4494.303
r    33947  10.03  83.47%   2.49%  14.04%   5406.534  5489.701
u    27561  10.06  83.54%   5.30%  11.16%   4234.304  4427.352
r    33842  10.03  81.88%   2.18%  15.94%   5511.247  5493.942
u    27391   9.95  80.25%   4.05%  15.70%   4483.549  4438.291
LINPACK benchmark ./linpackC-opteron-sse3, Double precision.
Machine precision:  15 digits.
Array size 200 X 200.
Memory required:  315K.
      Reps Time(s) DGEFA   DGESL  OVERHEAD    MFLOPS
------------------------------------------------------
r     4096   0.73  76.46%   0.00%  23.54%  10009.205 10009.205
r    55727   9.88  75.71%   3.02%  21.28%   9844.578  9855.677
u     4096   0.98  84.26%   4.67%  11.07%   6421.431  6421.431
u    41583   9.89  80.95%   1.93%  17.12%   6966.856  6914.195
r    56432  10.00  75.49%   3.14%  21.37%   9856.282  9855.971
u    42045  10.02  83.88%   2.33%  13.80%   6687.723  6803.766
r    56432  10.02  77.28%   2.64%  20.08%   9682.652  9798.654
u    41977   9.98  81.86%   3.00%  15.13%   6803.778  6803.770
r    56347  10.00  79.39%   2.84%  17.77%   9410.582  9700.241
u    42044  10.00  82.67%   2.94%  14.39%   6744.589  6789.187
r    56347   9.98  75.08%   2.67%  22.24%   9966.926  9751.760
u    42044  10.00  83.42%   1.39%  15.19%   6808.210  6792.919
LINPACK benchmark ./linpackC-penryn, Double precision.
Machine precision:  15 digits.
Array size 200 X 200.
Memory required:  315K.
      Reps Time(s) DGEFA   DGESL  OVERHEAD    MFLOPS
------------------------------------------------------
r     4096   0.70  75.53%   6.69%  17.78%   9732.134  9732.134
r    58264  10.11  77.28%   3.10%  19.62%   9846.898  9839.277
u     4096   0.97  90.09%   1.65%   8.26%   6327.529  6327.529
u    42270   9.95  83.04%   3.31%  13.65%   6754.806  6714.750
r    57630  10.05  78.27%   2.34%  19.39%   9772.219  9806.955
u    42469  10.14  85.46%   2.31%  12.23%   6552.533  6636.209
r    57360  10.05  78.61%   2.62%  18.77%   9653.725  9756.867
u    41878   9.86  82.55%   3.69%  13.75%   6763.784  6676.554
r    57097   9.92  77.76%   2.85%  19.39%   9802.877  9768.032
u    42476   9.98  79.89%   4.39%  15.73%   6932.934  6737.663
r    57540  10.05  81.24%   1.55%  17.21%   9500.072  9714.038
u    42544  10.09  81.59%   2.76%  15.64%   6862.473  6761.915
LINPACK benchmark ./linpack-sandybridge, Double precision.
Machine precision:  15 digits.
Array size 200 X 200.
Memory required:  315K.
      Reps Time(s) DGEFA   DGESL  OVERHEAD    MFLOPS
------------------------------------------------------
r     4096   0.94  81.88%   3.41%  14.71%   7031.467  7031.467
r    43667  10.11  84.29%   2.35%  13.35%   6845.816  6861.351
u     4096   0.91  82.89%   3.42%  13.69%   7193.316  7193.316
u    45209  10.03  77.88%   3.12%  19.00%   7641.480  7602.133
r    43191  10.03  78.20%   2.34%  19.46%   7341.045  7081.075
u    45069   9.98  77.70%   2.32%  19.97%   7746.528  7670.412
r    43053   9.98  80.08%   2.17%  17.75%   7199.966  7118.841
u    45141  10.03  79.20%   2.47%  18.32%   7566.659  7636.532
r    43121  10.03  80.05%   2.50%  17.45%   7151.251  7126.704
u    45001   9.95  79.28%   2.50%  18.21%   7591.374  7625.469
r    42987   9.97  79.90%   3.57%  16.53%   7094.758  7120.443
u    45208  10.00  76.83%   3.30%  19.87%   7749.083  7649.483
LINPACK benchmark ./linpackC-sandybridge, Double precision.
Machine precision:  15 digits.
Array size 200 X 200.
Memory required:  315K.
      Reps Time(s) DGEFA   DGESL  OVERHEAD    MFLOPS
------------------------------------------------------
r     4096   0.84  81.40%   1.78%  16.82%   8013.067  8013.067
r    48530  10.28  79.54%   1.68%  18.77%   7980.825  7983.325
u     2048   0.50  90.60%   3.20%   6.20%   5996.986  5996.986
u    40960   9.84  81.96%   2.07%  15.97%   6801.080  6757.931
r    47203   9.88  80.91%   2.22%  16.87%   7895.914  7941.754
u    41613   9.94  86.14%   3.00%  10.86%   6452.356  6604.128
r    47795   9.99  80.90%   2.49%  16.60%   7881.660  7922.198
u    41881   9.98  83.43%   2.50%  14.06%   6704.345  6636.973
r    47862  10.05  81.87%   2.49%  15.65%   7755.809  7880.803
u    41952  10.02  86.43%   2.19%  11.38%   6490.996  6600.008
r    47638   9.95  80.14%   2.20%  17.66%   7983.265  7900.672
u    41884  10.00  82.61%   2.17%  15.22%   6784.701  6635.979
LINPACK benchmark ./linpack-silvermont, Double precision.
Machine precision:  15 digits.
Array size 200 X 200.
Memory required:  315K.
      Reps Time(s) DGEFA   DGESL  OVERHEAD    MFLOPS
------------------------------------------------------
r     4096   0.80  80.68%   0.00%  19.32%   8748.326  8748.326
r    51392   9.91  73.76%   2.06%  24.18%   9396.664  9345.538
u     4096   0.72  67.32%   4.45%  28.23%  10901.499 10901.499
u    56968   9.90  74.76%   1.73%  23.51%  10326.829 10363.473
r    51879  10.02  75.96%   2.18%  21.86%   9102.742  9226.624
u    57514   9.98  70.37%   3.58%  26.05%  10698.347 10523.239
r    51790   9.98  76.08%   1.85%  22.07%   9140.847  9198.536
u    57606  10.00  73.68%   2.15%  24.17%  10432.842 10493.510
r    51872  10.02  75.84%   2.35%  21.82%   9096.865  9173.335
u    57606   9.98  72.86%   3.58%  23.57%  10367.218 10462.107
r    51789  10.00  70.47%   2.81%  26.72%   9705.726  9273.573
u    57698  10.00  70.95%   2.51%  26.54%  10785.162 10524.508
LINPACK benchmark ./linpackC-silvermont, Double precision.
Machine precision:  15 digits.
Array size 200 X 200.
Memory required:  315K.
      Reps Time(s) DGEFA   DGESL  OVERHEAD    MFLOPS
------------------------------------------------------
r     4096   0.73  74.66%   0.00%  25.34%  10264.915 10264.915
r    55803   9.88  76.45%   2.54%  21.01%   9825.144  9854.012
u     4096   0.98  77.56%   8.02%  14.42%   6672.803  6672.803
u    41583   9.98  80.94%   2.65%  16.41%   6842.478  6826.912
r    56509  10.00  78.57%   2.65%  18.78%   9554.998  9706.557
u    41649  10.00  84.05%   1.58%  14.37%   6679.664  6755.884
r    56509  10.00  77.58%   2.85%  19.57%   9648.849  9687.622
u    41649  10.00  85.38%   2.32%  12.30%   6522.002  6678.547
r    56509  10.03  75.80%   3.26%  20.94%   9785.108  9711.453
u    41649  10.12  83.72%   1.85%  14.43%   6602.558  6659.837
r    56328   9.97  74.91%   2.05%  23.04%  10083.045  9782.518
u    41138   9.89  84.39%   2.40%  13.22%   6582.336  6644.639
LINPACK benchmark ./linpack-skylake, Double precision.
Machine precision:  15 digits.
Array size 200 X 200.
Memory required:  315K.
      Reps Time(s) DGEFA   DGESL  OVERHEAD    MFLOPS
------------------------------------------------------
r     4096   0.78  58.08%   4.10%  37.82%  11598.296 11598.296
r    52512  10.14  76.56%   3.71%  19.73%   8858.430  9012.480
u     4096   0.73  76.70%   2.04%  21.25%   9732.134  9732.134
u    55803   9.91  76.71%   3.49%  19.80%   9645.830  9651.683
r    51776   9.98  77.79%   2.21%  19.99%   8901.566  8959.153
u    56332  10.00  71.85%   1.89%  26.26%  10489.846 10040.502
r    51858  10.00  66.41%   4.53%  29.06%  10039.233  9282.338
u    56326  10.00  76.39%   2.02%  21.59%   9865.371  9982.656
r    51858  10.02  76.01%   1.71%  22.28%   9149.322  9249.460
u    56326  10.00  72.51%   2.95%  24.54%  10252.402 10047.713
r    51775  10.00  78.90%   1.56%  19.54%   8836.129  9165.339
u    56331  10.02  71.00%   2.34%  26.66%  10532.504 10139.892
LINPACK benchmark ./linpackC-skylake, Double precision.
Machine precision:  15 digits.
Array size 200 X 200.
Memory required:  315K.
      Reps Time(s) DGEFA   DGESL  OVERHEAD    MFLOPS
------------------------------------------------------
r     4096   0.73  80.65%   4.22%  15.12%   9029.171  9029.171
r    55803   9.97  81.35%   1.88%  16.77%   9237.719  9223.152
u     2048   0.81  92.37%   1.85%   5.78%   3671.784  3671.784
u    25190  10.06  87.00%   5.57%   7.43%   3714.222  3710.997
r    55982  10.02  80.34%   1.87%  17.79%   9337.132  9277.866
u    25034  10.02  86.35%   5.62%   8.03%   3732.091  3721.070
r    55892  10.03  80.71%   1.26%  18.03%   9335.727  9296.614
u    24994   9.98  84.86%   4.68%  10.47%   3839.925  3758.704
r    55719  10.06  78.75%   3.00%  18.25%   9301.174  9297.731
u    25034  10.02  85.48%   6.56%   7.96%   3729.258  3751.455
r    55370   9.90  81.86%   2.05%  16.09%   9149.497  9268.337
u    24994   9.98  85.64%   6.83%   7.53%   3717.653  3744.770
LINPACK benchmark ./linpack-slm, Double precision.
Machine precision:  15 digits.
Array size 200 X 200.
Memory required:  315K.
      Reps Time(s) DGEFA   DGESL  OVERHEAD    MFLOPS
------------------------------------------------------
r     4096   0.80  76.41%   3.89%  19.70%   8789.333  8789.333
r    51392   9.92  77.38%   3.27%  19.35%   8820.088  8817.811
u     4096   0.72  73.68%   6.41%  19.92%   9782.910  9782.910
u    57047   9.91  73.68%   1.90%  24.43%  10464.077 10415.495
r    51796   9.98  75.53%   2.67%  21.79%   9110.294  8956.638
u    57582  10.00  71.10%   2.65%  26.25%  10722.614 10562.221
r    51879  10.00  74.55%   2.95%  22.50%   9193.182  9032.391
u    57582  10.00  69.04%   2.51%  28.45%  11050.766 10716.960
r    51879  10.02  75.85%   2.20%  21.96%   9115.553  9052.693
u    57576  10.02  70.66%   3.30%  26.04%  10673.737 10706.287
r    51801   9.98  74.98%   2.81%  22.21%   9159.269  9073.500
u    57484  10.00  71.87%   4.23%  23.90%  10373.810 10639.016
LINPACK benchmark ./linpackC-slm, Double precision.
Machine precision:  15 digits.
Array size 200 X 200.
Memory required:  315K.
      Reps Time(s) DGEFA   DGESL  OVERHEAD    MFLOPS
------------------------------------------------------
r     4096   0.72  82.59%   0.00%  17.41%   9485.958  9485.958
r    57047  10.09  75.27%   3.40%  21.33%   9865.829  9839.433
u     4096   0.98  83.94%   1.52%  14.53%   6688.672  6688.672
u    41626  10.02  83.52%   2.66%  13.83%   6623.378  6629.175
r    56515  10.00  74.67%   3.77%  21.56%   9895.950  9866.499
u    41559  10.00  80.63%   2.50%  16.87%   6865.675  6739.719
r    56520  10.03  77.52%   1.98%  20.49%   9731.795  9822.381
u    41559  10.03  82.99%   2.01%  14.99%   6693.369  6724.698
r    56339  10.06  74.18%   2.98%  22.84%   9965.511  9856.982
u    41430   9.97  81.73%   2.50%  15.77%   6775.896  6737.085
r    55991   9.91  75.55%   2.86%  21.59%   9898.855  9865.137
u    41558  10.17  86.03%   1.38%  12.59%   6419.186  6672.258
LINPACK benchmark ./linpack-tremont, Double precision.
Machine precision:  15 digits.
Array size 200 X 200.
Memory required:  315K.
      Reps Time(s) DGEFA   DGESL  OVERHEAD    MFLOPS
------------------------------------------------------
r     4096   0.80  66.62%   2.01%  31.37%  10283.681 10283.681
r    51392  10.03  76.80%   2.96%  20.24%   8821.191  8914.778
u     4096   0.72  78.44%   0.00%  21.56%   9973.712  9973.712
u    56968   9.92  71.56%   3.00%  25.44%  10576.728 10534.007
r    51233   9.91  77.17%   1.71%  21.13%   9005.502  8958.102
u    57421   9.91  72.83%   3.66%  23.51%  10406.199 10471.678
r    51719  10.03  76.77%   2.65%  20.58%   8915.204  8944.053
u    57960  10.11  71.83%   3.87%  24.30%  10400.941 10448.336
r    51559  10.00  76.39%   2.03%  21.58%   9029.290  8964.831
u    57329   9.97  75.16%   2.81%  22.03%  10128.885 10368.146
r    51559  10.00  72.20%   2.85%  24.95%   9435.993  9053.948
u    57507   9.92  73.53%   3.50%  22.97%  10333.152 10361.218
LINPACK benchmark ./linpackC-tremont, Double precision.
Machine precision:  15 digits.
Array size 200 X 200.
Memory required:  315K.
      Reps Time(s) DGEFA   DGESL  OVERHEAD    MFLOPS
------------------------------------------------------
r     4096   0.72  73.68%   2.09%  24.23%  10340.392 10340.392
r    57047   9.95  78.33%   2.07%  19.60%   9789.397  9824.467
u     4096   0.97  79.13%   6.20%  14.67%   6810.137  6810.137
u    42314  10.09  82.81%   1.70%  15.48%   6811.772  6811.628
r    57310  10.12  79.32%   2.32%  18.36%   9521.623  9675.576
u    41919   9.94  85.62%   2.18%  12.20%   6597.383  6708.243
r    56602   9.89  80.00%   3.28%  16.72%   9438.248  9597.543
u    42180  10.02  81.92%   2.84%  15.25%   6824.599  6745.413
r    57231  10.02  76.73%   2.37%  20.90%   9920.136  9675.061
u    42116   9.97  89.19%   2.00%   8.82%   6363.660  6648.112
r    57133  10.00  78.78%   2.97%  18.25%   9597.878  9659.726
u    42251  10.05  81.81%   1.72%  16.47%   6914.288  6698.819
LINPACK benchmark ./linpack-westmere, Double precision.
Machine precision:  15 digits.
Array size 200 X 200.
Memory required:  315K.
      Reps Time(s) DGEFA   DGESL  OVERHEAD    MFLOPS
------------------------------------------------------
r     2048   0.52  81.40%   0.00%  18.60%   6696.635  6696.635
r    39689   9.91  79.94%   2.06%  18.00%   6710.110  6709.448
u     4096   0.73  83.24%   4.09%  12.67%   8775.621  8775.621
u    55803   9.89  72.06%   3.19%  24.75%  10296.402 10175.816
r    40065   9.98  82.02%   2.03%  15.95%   6556.554  6633.683
u    56417  10.00  73.90%   2.06%  24.04%  10201.362 10188.191
r    40129  10.02  80.78%   1.24%  17.98%   6708.520  6658.128
u    56422  10.03  72.92%   2.19%  24.88%  10283.505 10219.129
r    40064  10.00  82.84%   1.87%  15.29%   6494.479  6616.892
u    56247   9.97  74.58%   2.66%  22.76%  10033.235 10172.831
r    40059   9.97  80.54%   2.37%  17.09%   6656.305  6624.669
u    56427  10.02  72.18%   4.01%  23.80%  10155.036 10169.308
LINPACK benchmark ./linpackC-westmere, Double precision.
Machine precision:  15 digits.
Array size 200 X 200.
Memory required:  315K.
      Reps Time(s) DGEFA   DGESL  OVERHEAD    MFLOPS
------------------------------------------------------
r     4096   0.72  78.16%   2.23%  19.61%   9732.134  9732.134
r    56968   9.89  78.82%   2.71%  18.47%   9703.095  9705.037
u     2048   0.50  78.20%   6.20%  15.60%   6664.897  6664.897
u    40960   9.73  82.92%   2.27%  14.81%   6783.856  6778.095
r    57601  10.08  79.26%   2.48%  18.26%   9602.497  9654.991
u    42079  10.14  81.98%   2.46%  15.56%   6748.627  6763.490
r    57155  10.03  76.26%   2.03%  21.70%   9995.271  9763.038
u    41493   9.98  84.95%   2.49%  12.56%   6526.597  6683.964
r    56984   9.89  76.99%   3.49%  19.52%   9832.646  9779.985
u    41555   9.78  83.87%   3.03%  13.11%   6713.984  6691.359
r    57617   9.98  77.79%   1.55%  20.65%   9988.304  9820.620
u    42481  10.03  84.61%   1.54%  13.86%   6750.818  6703.267
LINPACK benchmark ./linpack-x86-64, Double precision.
Machine precision:  15 digits.
Array size 200 X 200.
Memory required:  315K.
      Reps Time(s) DGEFA   DGESL  OVERHEAD    MFLOPS
------------------------------------------------------
r     2048   0.61  79.84%   0.00%  20.16%   5775.332  5775.332
r    33573   9.89  82.34%   2.67%  14.99%   5484.349  5500.282
u     2048   0.73  70.03%   2.18%  27.79%   5306.767  5306.767
u    27901  10.11  83.51%   3.68%  12.81%   4347.331  4401.751
r    33946  10.02  82.93%   2.68%  14.40%   5437.272  5469.354
u    27600  10.05  80.44%   2.46%  17.10%   4550.846  4472.017
r    33891   9.98  83.20%   2.69%  14.10%   5427.197  5455.472
u    27470  10.05  82.39%   2.34%  15.27%   4431.513  4458.849
r    33945  10.00  83.44%   2.32%  14.24%   5435.844  5450.610
u    27341  10.06  80.52%   1.86%  17.62%   4529.896  4475.931
r    33944  10.00  82.80%   3.58%  13.62%   5396.669  5439.839
u    27172   9.89  77.36%   4.72%  17.92%   4596.159  4498.848
LINPACK benchmark ./linpackC-x86-64, Double precision.
Machine precision:  15 digits.
Array size 200 X 200.
Memory required:  315K.
      Reps Time(s) DGEFA   DGESL  OVERHEAD    MFLOPS
------------------------------------------------------
r     4096   0.70  79.80%   0.00%  20.20%  10027.047 10027.047
r    58264  10.12  80.19%   1.99%  17.83%   9617.295  9643.178
u     4096   0.97  77.27%   1.65%  21.07%   7362.792  7362.792
u    42314   9.97  84.11%   2.05%  13.84%   6765.773  6814.541
r    57544  10.00  76.67%   1.88%  21.45%  10060.738  9839.159
u    42445   9.98  82.59%   2.51%  14.89%   6859.394  6835.893
r    57544  10.00  80.30%   0.78%  18.92%   9748.007  9809.413
u    42508  10.05  82.12%   2.47%  15.41%   6868.767  6846.497
r    57549  10.05  81.21%   2.17%  16.62%   9433.512  9714.615
u    42309  10.00  81.87%   2.95%  15.18%   6850.314  6847.426
r    57274   9.97  79.05%   2.83%  18.12%   9636.890  9699.285
u    42309   9.97  83.45%   1.73%  14.83%   6843.053  6846.569
LINPACK benchmark ./linpack-znver1, Double precision.
Machine precision:  15 digits.
Array size 200 X 200.
Memory required:  315K.
      Reps Time(s) DGEFA   DGESL  OVERHEAD    MFLOPS
------------------------------------------------------
r     4096   0.95  75.45%   1.68%  22.88%   7653.297  7653.297
r    42980  10.03  79.28%   2.01%  18.70%   7237.997  7272.333
u     4096   0.69  70.78%   0.00%  29.22%  11550.664 11550.664
u    59534   9.94  73.25%   2.05%  24.70%  10926.103 10964.266
r    42847  10.00  80.60%   2.83%  16.57%   7052.159  7165.734
u    59911   9.98  71.17%   2.20%  26.62%  11230.927 11091.983
r    42842  10.02  82.84%   3.27%  13.90%   6823.188  7051.499
u    60007  10.02  71.74%   2.97%  25.30%  11014.383 11066.493
r    42777   9.99  80.72%   2.37%  16.91%   7080.521  7058.549
u    59911  10.02  71.75%   2.52%  25.73%  11061.814 11065.342
r    42841  10.02  76.29%   2.34%  21.38%   7472.057  7136.020
u    59821   9.98  71.34%   3.40%  25.27%  11009.672 11054.316
LINPACK benchmark ./linpackC-znver1, Double precision.
Machine precision:  15 digits.
Array size 200 X 200.
Memory required:  315K.
      Reps Time(s) DGEFA   DGESL  OVERHEAD    MFLOPS
------------------------------------------------------
r     4096   0.72  80.36%   0.00%  19.64%   9749.001  9749.001
r    57047   9.95  79.46%   1.58%  18.97%   9712.937  9715.344
u     2048   0.56  86.30%   2.67%  11.03%   5625.173  5625.173
u    36441   9.86  83.49%   3.32%  13.20%   5847.820  5835.530
r    57310  10.00  78.42%   2.19%  19.39%   9762.557  9738.130
u    36962  10.00  84.07%   1.71%  14.22%   5918.287  5875.780
r    57304   9.98  79.23%   2.48%  18.29%   9645.483  9707.728
u    36965  10.11  82.32%   4.63%  13.05%   5774.686  5842.149
r    57390  10.02  80.09%   2.50%  17.41%   9529.150  9663.152
u    36562   9.92  85.49%   1.43%  13.08%   5822.335  5837.274
r    57304   9.98  77.98%   3.11%  18.90%   9719.340  9674.186
u    36849  10.12  85.05%   3.06%  11.89%   5672.678  5803.880
LINPACK benchmark ./linpack-znver2, Double precision.
Machine precision:  15 digits.
Array size 200 X 200.
Memory required:  315K.
      Reps Time(s) DGEFA   DGESL  OVERHEAD    MFLOPS
------------------------------------------------------
r     4096   0.78  71.87%   0.00%  28.13%  10009.205 10009.205
r    52378  10.12  74.61%   2.14%  23.24%   9256.525  9307.287
u     4096   0.73  70.07%   2.18%  27.76%  10593.547 10593.547
u    55727   9.78  73.39%   2.73%  23.88%  10278.236 10299.225
r    51736   9.98  75.02%   1.85%  23.13%   9257.430  9283.383
u    56968  10.09  71.97%   2.47%  25.56%  10413.424 10354.614
r    51818   9.98  75.03%   3.08%  21.88%   9123.511  9231.006
u    56443   9.92  75.16%   2.39%  22.45%  10074.740 10261.733
r    51895  10.20  74.66%   1.95%  23.39%   9117.198  9202.875
u    56892  10.14  71.83%   4.00%  24.17%  10158.845 10236.104
r    50862   9.80  74.29%   2.74%  22.98%   9257.850  9213.464
u    56095   9.89  73.61%   1.89%  24.50%  10315.631 10251.593
