
LINPACK benchmark ./linpack-amdfam10, Double precision.
Machine precision:  15 digits.
Array size 200 X 200.
Memory required:  315K.
      Reps Time(s) DGEFA   DGESL  OVERHEAD    MFLOPS
------------------------------------------------------
r      128   0.55  91.58%   2.75%   5.68%    341.333   341.333
r     2344  10.61  84.75%   3.09%  12.16%    345.470   345.254
u      128   0.61  85.06%   0.00%  14.94%    339.356   339.356
u     2101   9.64  86.97%   3.86%   9.17%    329.493   330.044
r     2209   9.48  85.82%   2.31%  11.87%    362.925   353.374
u     2179  10.03  86.90%   2.99%  10.11%    331.909   330.963
r     2328   9.97  84.18%   3.17%  12.65%    367.147   357.832
u     2172   9.94  87.11%   3.13%   9.76%    332.688   331.531
r     2335  10.08  86.95%   2.77%  10.28%    354.649   357.032
u     2185  10.05  87.72%   2.97%   9.32%    329.353   330.985
r     2316  10.00  85.51%   3.71%  10.78%    356.494   356.925
u     2174  10.00  86.55%   2.82%  10.63%    334.075   331.595
LINPACK benchmark ./linpackC-amdfam10, Double precision.
Machine precision:  15 digits.
Array size 200 X 200.
Memory required:  315K.
      Reps Time(s) DGEFA   DGESL  OVERHEAD    MFLOPS
------------------------------------------------------
r      128   0.51  87.74%   3.11%   9.14%    376.417   376.417
r     2490  10.16  88.49%   3.53%   7.98%    365.889   366.390
u      256   1.03  90.97%   2.91%   6.12%    363.571   363.571
u     2485   9.87  88.78%   3.14%   8.08%    376.017   374.819
r     2451  10.02  88.50%   3.77%   7.73%    364.211   365.333
u     2516  10.02  88.16%   2.94%   8.91%    378.747   376.689
r     2447   9.98  88.89%   2.48%   8.62%    368.400   366.326
u     2512  10.00  88.31%   3.13%   8.56%    377.276   376.878
r     2451   9.97  87.02%   3.28%   9.70%    373.921   368.165
u     2512  10.00  89.38%   2.66%   7.96%    374.857   376.383
r     2458  10.06  89.50%   2.61%   7.89%    364.227   367.379
u     2512  10.05  87.42%   2.96%   9.62%    379.935   377.075
LINPACK benchmark ./linpack-athlon64, Double precision.
Machine precision:  15 digits.
Array size 200 X 200.
Memory required:  315K.
      Reps Time(s) DGEFA   DGESL  OVERHEAD    MFLOPS
------------------------------------------------------
r      128   0.53  85.28%   2.83%  11.89%    376.417   376.417
r     2415   9.10  86.23%   2.57%  11.19%    410.623   408.753
u      128   0.51  75.88%   2.92%  21.21%    434.041   434.041
u     2490   9.63  87.04%   2.10%  10.87%    398.555   400.154
r     2655  10.02  86.51%   3.43%  10.05%    404.774   406.711
u     2586  10.03  88.66%   1.40%   9.95%    393.163   396.649
r     2651  10.01  86.12%   1.73%  12.15%    413.811   409.081
u     2578  10.00  87.99%   2.81%   9.20%    389.918   394.394
r     2647   9.98  86.58%   2.61%  10.81%    408.222   408.864
u     2578   9.97  87.62%   3.57%   8.81%    389.489   393.162
r     2651   9.97  86.84%   2.49%  10.67%    408.838   408.859
u     2586  10.06  86.67%   2.14%  11.19%    397.431   394.007
LINPACK benchmark ./linpackC-athlon64, Double precision.
Machine precision:  15 digits.
Array size 200 X 200.
Memory required:  315K.
      Reps Time(s) DGEFA   DGESL  OVERHEAD    MFLOPS
------------------------------------------------------
r      128   0.53  94.15%   0.00%   5.85%    352.278   352.278
r     2415   9.86  89.20%   3.34%   7.47%    363.543   362.958
u      128   0.52  84.66%   6.21%   9.13%    375.613   375.613
u     2485   9.88  89.24%   3.20%   7.56%    373.875   373.960
r     2449  10.00  87.98%   3.00%   9.02%    369.674   366.222
u     2516  10.05  88.70%   3.86%   7.44%    371.578   372.788
r     2449  10.00  87.99%   3.12%   8.89%    369.146   367.180
u     2504   9.98  87.48%   3.11%   9.41%    380.191   375.184
r     2449  10.00  88.92%   2.32%   8.76%    368.620   367.535
u     2508  10.05  87.28%   3.13%   9.60%    379.247   376.181
r     2449  10.06  90.29%   2.02%   7.69%    362.112   366.446
u     2496   9.95  88.70%   2.70%   8.60%    376.810   376.305
LINPACK benchmark ./linpack-athlon64-sse3, Double precision.
Machine precision:  15 digits.
Array size 200 X 200.
Memory required:  315K.
      Reps Time(s) DGEFA   DGESL  OVERHEAD    MFLOPS
------------------------------------------------------
r      256   0.97  85.64%   1.55%  12.81%    416.556   416.556
r     2644   9.97  87.18%   2.83%   9.99%    404.714   405.732
u      128   0.53  88.30%   2.83%   8.87%    363.948   363.948
u     2415   9.39  86.22%   2.31%  11.47%    398.870   396.952
r     2652  10.00  86.70%   2.48%  10.82%    408.397   407.000
u     2571   9.95  84.62%   3.12%  12.26%    404.356   400.640
r     2652  10.00  85.19%   3.22%  11.59%    411.953   408.588
u     2583  10.02  88.61%   2.83%   8.57%    387.347   396.079
r     2652   9.98  85.93%   3.29%  10.79%    408.901   408.665
u     2578  10.02  88.01%   2.31%   9.69%    391.427   394.901
r     2656  10.00  87.40%   2.48%  10.12%    405.827   408.104
u     2574  10.00  86.30%   2.20%  11.50%    399.476   395.809
LINPACK benchmark ./linpackC-athlon64-sse3, Double precision.
Machine precision:  15 digits.
Array size 200 X 200.
Memory required:  315K.
      Reps Time(s) DGEFA   DGESL  OVERHEAD    MFLOPS
------------------------------------------------------
r      128   0.51  88.13%   2.92%   8.95%    375.613   375.613
r     2490  10.16  89.43%   2.02%   8.55%    368.174   368.531
u      256   1.03  87.77%   4.56%   7.67%    369.688   369.688
u     2485   9.89  87.67%   3.04%   9.28%    380.376   379.352
r     2451  10.00  88.63%   2.66%   8.71%    368.719   368.622
u     2512   9.95  87.15%   2.98%   9.87%    384.552   381.821
r     2451  10.00  88.46%   3.73%   7.81%    365.120   367.473
u     2523  10.03  89.41%   2.48%   8.11%    375.927   379.888
r     2451  10.09  88.23%   2.78%   8.99%    366.392   367.207
u     2515  10.00  88.13%   3.25%   8.62%    378.016   379.429
r     2428   9.92  88.21%   2.31%   9.48%    371.320   368.005
u     2515   9.98  88.17%   2.78%   9.04%    380.305   379.601
LINPACK benchmark ./linpack-athlon-fx, Double precision.
Machine precision:  15 digits.
Array size 200 X 200.
Memory required:  315K.
      Reps Time(s) DGEFA   DGESL  OVERHEAD    MFLOPS
------------------------------------------------------
r      256   0.98  85.66%   0.00%  14.34%    417.546   417.546
r     2604   9.80  87.17%   2.23%  10.61%    408.331   409.139
u      256   0.98  84.23%   4.78%  10.99%    401.798   401.798
u     2604  10.08  88.71%   2.33%   8.96%    389.772   390.819
r     2657  10.01  87.50%   3.01%   9.50%    402.576   405.952
u     2583  10.03  85.27%   2.79%  11.94%    401.599   395.862
r     2653   9.97  87.05%   3.11%   9.84%    405.414   405.777
u     2575  10.00  85.04%   2.02%  12.94%    406.242   399.137
r     2661  10.00  86.52%   2.35%  11.13%    411.212   407.099
u     2575  10.00  86.90%   3.63%   9.47%    390.626   397.034
r     2661  10.02  85.98%   2.65%  11.37%    411.721   408.002
u     2575   9.97  85.47%   3.45%  11.07%    398.910   397.399
LINPACK benchmark ./linpackC-athlon-fx, Double precision.
Machine precision:  15 digits.
Array size 200 X 200.
Memory required:  315K.
      Reps Time(s) DGEFA   DGESL  OVERHEAD    MFLOPS
------------------------------------------------------
r      128   0.51  84.82%   3.11%  12.06%    388.909   388.909
r     2490  10.19  89.36%   3.78%   6.86%    360.375   361.673
u      128   0.52  90.87%   6.21%   2.91%    351.573   351.573
u     2485   9.89  89.71%   3.04%   7.25%    372.041   370.983
r     2444  10.00  89.05%   1.58%   9.37%    370.344   365.808
u     2512  10.02  86.46%   3.62%   9.92%    382.378   376.482
r     2444   9.98  88.78%   3.29%   7.93%    365.147   365.592
u     2508   9.97  87.76%   3.33%   8.91%    379.330   377.413
r     2447  10.00  88.80%   3.58%   7.62%    363.774   365.144
u     2516  10.03  87.38%   3.75%   8.87%    378.001   377.559
r     2447  10.02  88.18%   2.95%   8.88%    368.239   365.750
u     2508   9.98  88.55%   2.82%   8.62%    377.542   377.556
LINPACK benchmark ./linpack-atom, Double precision.
Machine precision:  15 digits.
Array size 200 X 200.
Memory required:  315K.
      Reps Time(s) DGEFA   DGESL  OVERHEAD    MFLOPS
------------------------------------------------------
r      128   0.62  87.34%   0.00%  12.66%    322.544   322.544
r     2051  10.06  89.19%   1.84%   8.97%    307.534   308.377
u      256   0.94  83.44%   6.62%   9.94%    417.050   417.050
u     2735  10.06  86.35%   2.63%  11.01%    419.485   419.275
r     2038  10.08  89.64%   2.01%   8.34%    303.005   305.757
u     2718  10.70  83.98%   3.78%  12.23%    397.436   408.586
r     2022   9.97  90.16%   2.34%   7.50%    301.147   304.248
u     2539   9.38  87.24%   3.83%   8.93%    408.397   408.528
r     2028   9.97  88.45%   2.06%   9.49%    308.669   305.321
u     2708   9.98  86.55%   3.44%  10.02%    413.957   409.856
r     2034  10.08  89.67%   1.98%   8.34%    302.410   304.741
u     2712  10.00  86.45%   2.47%  11.08%    418.857   411.612
LINPACK benchmark ./linpackC-atom, Double precision.
Machine precision:  15 digits.
Array size 200 X 200.
Memory required:  315K.
      Reps Time(s) DGEFA   DGESL  OVERHEAD    MFLOPS
------------------------------------------------------
r      128   0.55  85.90%   8.24%   5.86%    341.997   341.997
r     2344   9.75  88.94%   3.19%   7.87%    358.394   357.506
u      256   0.95  91.90%   3.36%   4.73%    388.050   388.050
u     2691   9.97  88.40%   2.17%   9.43%    409.308   407.369
r     2404  10.03  87.52%   3.73%   8.75%    360.701   359.074
u     2699  10.03  86.61%   3.61%   9.78%    409.572   408.419
r     2396   9.95  88.04%   2.82%   9.13%    363.873   360.641
u     2690  10.02  88.00%   2.66%   9.35%    406.858   407.914
r     2407  10.05  89.30%   4.33%   6.37%    351.437   358.308
u     2685  10.03  89.12%   2.48%   8.39%    401.284   406.279
r     2395  10.12  89.19%   3.57%   7.25%    350.243   356.678
u     2676  10.00  87.00%   2.98%  10.02%    408.429   406.697
LINPACK benchmark ./linpack-barcelona, Double precision.
Machine precision:  15 digits.
Array size 200 X 200.
Memory required:  315K.
      Reps Time(s) DGEFA   DGESL  OVERHEAD    MFLOPS
------------------------------------------------------
r      128   0.55  88.64%   2.93%   8.42%    351.573   351.573
r     2344  10.08  87.94%   2.63%   9.43%    352.700   352.642
u      128   0.58  80.94%   5.55%  13.52%    352.278   352.278
u     2218  10.14  86.61%   2.63%  10.76%    336.618   337.436
r     2326   9.95  84.62%   2.21%  13.17%    369.634   360.679
u     2187  10.00  86.66%   3.79%   9.55%    332.060   334.821
r     2336  10.06  87.30%   1.06%  11.64%    360.826   360.728
u     2187  10.05  87.29%   2.97%   9.74%    331.217   333.639
r     2321   9.97  84.69%   3.44%  11.87%    362.835   361.243
u     2176   9.98  85.31%   4.40%  10.30%    333.673   333.648
r     2328  10.01  86.15%   2.80%  11.05%    358.904   360.778
u     2179   9.97  87.27%   2.20%  10.53%    335.557   334.021
LINPACK benchmark ./linpackC-barcelona, Double precision.
Machine precision:  15 digits.
Array size 200 X 200.
Memory required:  315K.
      Reps Time(s) DGEFA   DGESL  OVERHEAD    MFLOPS
------------------------------------------------------
r      128   0.55  88.46%   5.86%   5.68%    341.333   341.333
r     2344   9.53  88.95%   2.59%   8.46%    368.951   367.411
u      128   0.52  84.66%   2.91%  12.43%    389.771   389.771
u     2485   9.92  87.70%   3.00%   9.29%    379.235   379.738
r     2459  10.05  89.45%   2.65%   7.90%    364.966   366.188
u     2504   9.98  88.26%   2.82%   8.91%    378.142   378.955
r     2447   9.95  90.28%   3.29%   6.43%    360.845   364.398
u     2508   9.98  87.79%   3.44%   8.77%    378.164   378.695
r     2458  10.02  89.41%   2.66%   7.94%    366.083   364.818
u     2512  10.02  86.04%   3.09%  10.87%    386.490   380.597
r     2454  10.03  89.74%   3.25%   7.01%    361.334   364.117
u     2508  10.00  87.36%   3.90%   8.74%    377.418   379.962
LINPACK benchmark ./linpack-bonnell, Double precision.
Machine precision:  15 digits.
Array size 200 X 200.
Memory required:  315K.
      Reps Time(s) DGEFA   DGESL  OVERHEAD    MFLOPS
------------------------------------------------------
r      128   0.64  95.31%   2.34%   2.34%    281.259   281.259
r     2000   9.86  88.12%   3.01%   8.86%    305.695   304.105
u      256   0.95  86.87%   0.00%  13.13%    425.119   425.119
u     2689   9.95  86.34%   2.53%  11.13%    417.512   418.162
r     2028  10.00  88.76%   2.50%   8.74%    305.219   304.648
u     2701   9.98  87.17%   3.45%   9.39%    410.011   414.223
r     2028  10.00  88.46%   2.35%   9.19%    306.731   305.328
u     2705   9.95  84.90%   2.67%  12.43%    426.163   418.017
r     2028  10.02  90.53%   1.37%   8.10%    302.599   304.649
u     2717  10.17  86.45%   2.66%  10.88%    411.667   416.440
r     2024   9.98  89.33%   2.50%   8.16%    303.155   304.353
u     2671   9.86  87.36%   2.20%  10.44%    415.375   416.232
LINPACK benchmark ./linpackC-bonnell, Double precision.
Machine precision:  15 digits.
Array size 200 X 200.
Memory required:  315K.
      Reps Time(s) DGEFA   DGESL  OVERHEAD    MFLOPS
------------------------------------------------------
r      128   0.55  91.39%   2.93%   5.68%    341.333   341.333
r     2344   9.77  89.45%   3.01%   7.54%    356.489   355.671
u      256   0.95  86.86%   4.94%   8.20%    402.719   402.719
u     2691  10.02  87.72%   3.70%   8.58%    403.586   403.511
r     2400  10.00  88.65%   4.21%   7.14%    354.981   355.331
u     2686  10.03  88.06%   2.61%   9.33%    405.583   404.496
r     2400  10.00  86.74%   2.82%  10.44%    368.021   359.421
u     2677   9.94  88.67%   3.32%   8.01%    402.189   403.750
r     2400  10.02  88.75%   3.44%   7.81%    356.980   358.813
u     2693  10.02  87.07%   2.50%  10.43%    412.306   405.811
r     2396   9.98  88.29%   4.51%   7.20%    355.116   358.073
u     2688  10.00  85.94%   3.59%  10.47%    412.368   407.082
LINPACK benchmark ./linpack-btver1, Double precision.
Machine precision:  15 digits.
Array size 200 X 200.
Memory required:  315K.
      Reps Time(s) DGEFA   DGESL  OVERHEAD    MFLOPS
------------------------------------------------------
r      128   0.55  88.64%   0.00%  11.36%    363.196   363.196
r     2344  10.06  88.71%   3.26%   8.03%    347.860   348.622
u      128   0.59  92.07%   2.70%   5.23%    312.788   312.788
u     2158   9.81  87.74%   2.70%   9.56%    333.933   332.674
r     2329   9.95  87.00%   2.03%  10.97%    360.963   354.501
u     2199  10.02  87.55%   3.58%   8.87%    330.882   331.793
r     2339   9.97  87.62%   2.53%   9.85%    357.430   355.456
u     2195  10.00  88.11%   2.19%   9.70%    333.865   332.471
r     2346   9.98  85.70%   2.07%  12.23%    367.664   358.399
u     2195  10.02  89.84%   2.51%   7.66%    325.959   330.836
r     2349  10.02  84.30%   4.32%  11.37%    363.447   359.390
u     2191   9.97  88.92%   2.20%   8.89%    331.275   330.923
LINPACK benchmark ./linpackC-btver1, Double precision.
Machine precision:  15 digits.
Array size 200 X 200.
Memory required:  315K.
      Reps Time(s) DGEFA   DGESL  OVERHEAD    MFLOPS
------------------------------------------------------
r      128   0.52  87.77%   0.00%  12.23%    388.909   388.909
r     2485  10.12  89.08%   2.45%   8.47%    368.307   369.265
u      128   0.52  81.94%   6.02%  12.04%    388.050   388.050
u     2485   9.94  86.84%   3.29%   9.87%    381.098   381.433
r     2454  10.03  88.69%   2.78%   8.53%    367.320   368.321
u     2501   9.97  88.41%   2.34%   9.25%    379.651   380.560
r     2446  10.02  88.02%   1.87%  10.11%    373.159   369.882
u     2508  10.03  87.94%   3.77%   8.29%    374.423   378.518
r     2442  10.00  88.60%   2.20%   9.20%    369.348   369.751
u     2500   9.95  87.30%   2.79%   9.91%    382.885   379.588
r     2442   9.95  88.42%   2.03%   9.55%    372.548   370.298
u     2511  10.02  87.53%   3.76%   8.71%    377.167   379.104
LINPACK benchmark ./linpack-core2, Double precision.
Machine precision:  15 digits.
Array size 200 X 200.
Memory required:  315K.
      Reps Time(s) DGEFA   DGESL  OVERHEAD    MFLOPS
------------------------------------------------------
r      256   0.91  84.53%   1.66%  13.81%    450.735   450.735
r     2828  10.12  87.88%   3.24%   8.88%    421.007   423.324
u      256   0.81  78.67%   3.95%  17.39%    524.736   524.736
u     3156  10.05  86.65%   2.97%  10.38%    481.422   484.422
r     2793  10.02  85.15%   4.36%  10.48%    427.807   425.443
u     3141  10.00  85.03%   2.98%  11.99%    490.186   487.168
r     2788   9.97  85.25%   2.82%  11.93%    436.088   428.811
u     3141  10.00  84.85%   2.83%  12.32%    492.031   488.733
r     2796  10.02  85.73%   2.52%  11.75%    434.469   430.178
u     3141  10.00  81.73%   3.30%  14.97%    507.308   493.152
r     2791   9.98  85.40%   2.36%  12.24%    437.454   431.584
u     3141  10.00  85.35%   2.99%  11.66%    488.300   492.190
LINPACK benchmark ./linpackC-core2, Double precision.
Machine precision:  15 digits.
Array size 200 X 200.
Memory required:  315K.
      Reps Time(s) DGEFA   DGESL  OVERHEAD    MFLOPS
------------------------------------------------------
r      128   0.53  91.13%   3.02%   5.85%    352.278   352.278
r     2415   9.81  89.21%   2.07%   8.72%    370.280   369.330
u      128   0.52 100.00%   0.00%   0.00%    341.333   341.333
u     2485   9.83  87.75%   3.66%   8.59%    379.868   377.779
r     2461   9.97  87.94%   3.14%   8.92%    372.263   370.767
u     2528  10.00  83.60%   2.64%  13.76%    402.573   389.577
r     2468   9.97  87.31%   5.17%   7.52%    367.692   369.745
u     2528  10.03  88.04%   3.12%   8.84%    379.679   386.258
r     2475  10.05  88.48%   3.16%   8.36%    369.176   369.604
u     2520   9.95  87.16%   3.59%   9.25%    383.171   385.490
r     2463   9.97  87.95%   3.27%   8.78%    371.992   370.075
u     2531  10.02  88.03%   3.87%   8.10%    377.611   383.896
LINPACK benchmark ./linpack-corei7, Double precision.
Machine precision:  15 digits.
Array size 200 X 200.
Memory required:  315K.
      Reps Time(s) DGEFA   DGESL  OVERHEAD    MFLOPS
------------------------------------------------------
r      128   0.55  94.14%   0.00%   5.86%    341.997   341.997
r     2344   9.98  88.09%   2.20%   9.71%    357.082   356.268
u      128   0.56  85.74%   2.85%  11.41%    353.696   353.696
u     2281   9.89  87.49%   3.50%   9.01%    348.064   348.358
r     2347   9.97  87.28%   2.55%  10.17%    359.934   358.044
u     2306  10.02  87.56%   2.79%   9.66%    350.012   349.165
r     2354  10.03  88.03%   2.16%   9.81%    357.337   357.812
u     2302  10.00  87.33%   3.63%   9.04%    347.561   348.637
r     2346  10.00  88.27%   1.89%   9.84%    357.387   357.707
u     2302   9.97  86.22%   3.10%  10.68%    355.055   350.201
r     2346  10.00  87.96%   2.81%   9.23%    354.985   357.165
u     2309  10.00  86.43%   3.45%  10.12%    352.807   350.715
LINPACK benchmark ./linpack-eden-x2, Double precision.
Machine precision:  15 digits.
Array size 200 X 200.
Memory required:  315K.
      Reps Time(s) DGEFA   DGESL  OVERHEAD    MFLOPS
------------------------------------------------------
r      256   0.97  87.19%   1.65%  11.16%    408.806   408.806
r     2644   9.95  86.85%   1.90%  11.25%    411.129   410.923
u      128   0.51  90.86%   3.11%   6.03%    363.948   363.948
u     2490   9.66  89.70%   2.61%   7.69%    383.621   382.610
r     2656  10.00  86.71%   2.81%  10.48%    407.459   409.260
u     2578  10.00  87.70%   2.78%   9.52%    391.297   386.871
r     2656  10.06  86.19%   2.80%  11.00%    407.368   408.646
u     2578  10.02  88.12%   2.03%   9.86%    392.164   388.610
r     2639   9.94  86.99%   2.94%  10.07%    405.531   407.884
u     2574   9.98  86.08%   1.56%  12.36%    403.995   392.327
r     2655   9.98  86.35%   2.97%  10.68%    408.858   408.075
u     2578  10.02  87.25%   2.02%  10.73%    396.024   393.059
LINPACK benchmark ./linpack-eden-x4, Double precision.
Machine precision:  15 digits.
Array size 200 X 200.
Memory required:  315K.
      Reps Time(s) DGEFA   DGESL  OVERHEAD    MFLOPS
------------------------------------------------------
r      256   0.97  88.83%   3.10%   8.07%    395.471   395.471
r     2647   9.97  86.37%   3.46%  10.17%    405.988   405.038
u      256   1.00  92.18%   0.00%   7.82%    382.145   382.145
u     2565   9.94  85.56%   2.53%  11.91%    402.399   400.473
r     2655  10.01  85.70%   3.12%  11.18%    409.916   407.353
u     2581  10.02  85.95%   3.91%  10.13%    393.798   397.256
r     2651  10.00  85.81%   2.00%  12.19%    414.659   409.684
u     2576  10.00  87.83%   2.67%   9.50%    390.907   395.183
r     2651  10.00  86.81%   3.31%   9.88%    403.984   408.278
u     2576   9.95  89.36%   2.67%   7.97%    386.255   392.966
r     2650   9.98  86.36%   2.82%  10.82%    408.730   408.367
u     2588  10.03  88.14%   2.48%   9.38%    391.000   392.577
LINPACK benchmark ./linpack-generic, Double precision.
Machine precision:  15 digits.
Array size 200 X 200.
Memory required:  315K.
      Reps Time(s) DGEFA   DGESL  OVERHEAD    MFLOPS
------------------------------------------------------
r      128   0.56  83.45%   5.34%  11.21%    352.278   352.278
r     2277   9.67  87.58%   3.22%   9.20%    356.078   355.874
u      128   0.56  88.95%   5.53%   5.53%    331.673   331.673
u     2281   9.91  87.55%   2.34%  10.10%    351.777   350.648
r     2354  10.11  87.09%   1.83%  11.08%    359.643   357.728
u     2302   9.97  87.42%   3.24%   9.34%    349.791   350.229
r     2328   9.94  86.83%   1.73%  11.44%    363.309   359.542
u     2309   9.98  88.09%   2.65%   9.25%    350.003   350.154
r     2342  10.00  86.98%   3.87%   9.15%    354.067   358.167
u     2312  10.05  88.24%   1.55%  10.21%    351.973   350.603
r     2342  10.00  88.26%   2.18%   9.56%    355.633   357.660
u     2301   9.98  87.22%   2.45%  10.33%    352.959   351.067
LINPACK benchmark ./linpack-goldmont, Double precision.
Machine precision:  15 digits.
Array size 200 X 200.
Memory required:  315K.
      Reps Time(s) DGEFA   DGESL  OVERHEAD    MFLOPS
------------------------------------------------------
r      256   0.92  86.52%   1.74%  11.74%    432.972   432.972
r     2782   9.86  85.90%   3.15%  10.94%    435.100   434.920
u      128   0.55  80.40%   8.42%  11.17%    362.447   362.447
u     2344  10.09  88.33%   2.34%   9.33%    351.813   352.349
r     2821   9.95  86.35%   2.85%  10.80%    436.379   435.621
u     2322   9.98  88.63%   1.87%   9.49%    352.869   352.601
r     2834  10.05  85.97%   1.88%  12.14%    440.973   437.352
u     2325  10.02  88.62%   2.93%   8.46%    348.277   351.177
r     2821  10.05  86.22%   1.71%  12.06%    438.503   437.633
u     2321   9.98  86.21%   3.93%   9.87%    354.207   351.917
r     2807   9.98  85.77%   2.65%  11.58%    436.673   437.445
u     2324  10.02  86.61%   3.88%   9.51%    352.160   351.965
LINPACK benchmark ./linpack-goldmont-plus, Double precision.
Machine precision:  15 digits.
Array size 200 X 200.
Memory required:  315K.
      Reps Time(s) DGEFA   DGESL  OVERHEAD    MFLOPS
------------------------------------------------------
r      256   0.91  82.65%   3.54%  13.81%    450.735   450.735
r     2828  10.05  86.48%   2.33%  11.19%    435.304   436.545
u      128   0.55  82.60%   2.93%  14.47%    376.417   376.417
u     2344  10.11  86.45%   3.24%  10.31%    355.034   356.081
r     2815  10.00  85.22%   2.36%  12.42%    441.468   438.880
u     2318   9.97  88.59%   2.79%   8.62%    349.439   352.836
r     2815   9.98  86.06%   2.38%  11.56%    437.818   438.537
u     2325  10.00  87.48%   2.64%   9.88%    354.305   353.315
r     2819   9.98  84.71%   2.95%  12.34%    442.348   439.462
u     2325  10.02  88.74%   2.32%   8.95%    350.148   352.529
r     2823  10.05  85.86%   1.88%  12.26%    439.809   439.530
u     2321   9.98  86.74%   2.67%  10.59%    357.064   353.415
LINPACK benchmark ./linpack-k8, Double precision.
Machine precision:  15 digits.
Array size 200 X 200.
Memory required:  315K.
      Reps Time(s) DGEFA   DGESL  OVERHEAD    MFLOPS
------------------------------------------------------
r      256   0.98  81.18%   1.63%  17.19%    431.908   431.908
r     2604   9.83  86.03%   3.49%  10.48%    406.520   408.671
u      256   1.00  93.69%   1.60%   4.71%    369.688   369.688
u     2565   9.97  85.76%   3.17%  11.07%    397.360   394.679
r     2649   9.98  87.37%   2.01%  10.62%    407.660   408.184
u     2572   9.95  86.08%   2.53%  11.38%    400.478   397.424
r     2653   9.98  87.63%   2.21%  10.16%    406.182   407.531
u     2584  10.03  87.09%   3.27%   9.64%    391.515   395.490
r     2657  10.01  85.67%   3.11%  11.22%    410.409   408.234
u     2576  10.00  86.30%   2.64%  11.06%    397.763   396.043
r     2653  10.00  88.34%   2.20%   9.46%    402.458   407.084
u     2576  10.00  83.62%   2.48%  13.90%    410.883   398.869
LINPACK benchmark ./linpackC-k8, Double precision.
Machine precision:  15 digits.
Array size 200 X 200.
Memory required:  315K.
      Reps Time(s) DGEFA   DGESL  OVERHEAD    MFLOPS
------------------------------------------------------
r      128   0.52  93.79%   3.11%   3.11%    352.278   352.278
r     2485  10.17  88.52%   2.62%   8.86%    368.108   367.300
u      128   0.52  91.07%   0.00%   8.93%    374.812   374.812
u     2485   9.92  88.03%   2.72%   9.25%    379.066   378.856
r     2442  10.00  88.05%   3.25%   8.70%    367.325   367.312
u     2504   9.95  88.08%   4.10%   7.82%    374.845   376.882
r     2442   9.98  89.56%   2.16%   8.27%    366.202   366.950
u     2516  10.12  88.41%   3.07%   8.51%    373.022   375.601
r     2445  10.56  88.67%   2.51%   8.82%    348.717   362.292
u     2484   9.84  87.62%   3.16%   9.22%    381.755   377.094
r     2315   9.48  88.97%   2.83%   8.20%    365.139   362.826
u     2523  10.11  86.13%   4.78%   9.09%    377.032   377.081
LINPACK benchmark ./linpack-k8-sse3, Double precision.
Machine precision:  15 digits.
Array size 200 X 200.
Memory required:  315K.
      Reps Time(s) DGEFA   DGESL  OVERHEAD    MFLOPS
------------------------------------------------------
r      256   0.97  85.63%   1.65%  12.72%    416.556   416.556
r     2647   9.94  87.31%   3.59%   9.10%    402.392   403.603
u      256   0.98  80.98%   3.26%  15.77%    424.605   424.605
u     2604  10.09  84.73%   2.45%  12.82%    406.428   407.991
r     2663  10.03  87.70%   2.19%  10.11%    405.588   404.550
u     2580  10.05  85.26%   3.13%  11.62%    399.009   403.681
r     2654  10.02  86.63%   2.49%  10.88%    408.384   405.780
u     2567   9.95  88.56%   2.52%   8.92%    388.939   398.835
r     2650  10.00  85.70%   3.12%  11.18%    409.743   406.739
u     2579   9.97  87.18%   2.33%  10.49%    396.977   398.381
r     2650   9.97  86.21%   2.83%  10.96%    410.020   407.378
u     2587  10.08  86.82%   2.65%  10.53%    394.013   397.515
LINPACK benchmark ./linpackC-k8-sse3, Double precision.
Machine precision:  15 digits.
Array size 200 X 200.
Memory required:  315K.
      Reps Time(s) DGEFA   DGESL  OVERHEAD    MFLOPS
------------------------------------------------------
r      128   0.53  87.92%   3.02%   9.06%    364.703   364.703
r     2415   9.84  87.84%   2.37%   9.79%    373.491   373.039
u      128   0.52  84.85%   3.11%  12.04%    388.050   388.050
u     2485   9.89  88.34%   2.38%   9.28%    380.418   380.785
r     2453  10.02  88.64%   2.94%   8.43%    367.290   370.194
u     2512  10.02  88.51%   3.12%   8.38%    375.920   378.385
r     2449   9.97  88.57%   2.97%   8.46%    368.580   369.661
u     2507  10.03  89.08%   2.49%   8.42%    374.804   377.201
r     2456  10.03  88.50%   3.75%   7.76%    364.520   368.373
u     2499   9.97  88.04%   3.93%   8.03%    374.341   376.491
r     2448   9.97  88.24%   3.28%   8.48%    368.470   368.392
u     2507   9.94  88.55%   2.67%   8.79%    379.848   377.153
LINPACK benchmark ./linpack-nano, Double precision.
Machine precision:  15 digits.
Array size 200 X 200.
Memory required:  315K.
      Reps Time(s) DGEFA   DGESL  OVERHEAD    MFLOPS
------------------------------------------------------
r      256   0.97  87.07%   3.21%   9.72%    402.719   402.719
r     2647   9.94  86.50%   2.23%  11.27%    412.249   411.391
u      256   1.00  90.69%   3.20%   6.11%    374.812   374.812
u     2562   9.94  86.48%   2.52%  11.00%    397.838   395.630
r     2663  10.05  86.80%   2.63%  10.57%    407.032   409.294
u     2578  10.36  88.11%   3.05%   8.84%    374.969   385.482
r     2650   9.97  86.84%   3.32%   9.84%    404.910   407.870
u     2488   9.67  86.00%   2.54%  11.46%    398.979   389.642
r     2658   9.95  88.45%   1.73%   9.83%    406.721   407.588
u     2572   9.97  86.27%   2.65%  11.08%    398.490   391.781
r     2670  10.06  87.14%   2.47%  10.39%    406.654   407.404
u     2579  10.02  87.83%   2.19%   9.99%    392.881   391.999
LINPACK benchmark ./linpack-nano-1000, Double precision.
Machine precision:  15 digits.
Array size 200 X 200.
Memory required:  315K.
      Reps Time(s) DGEFA   DGESL  OVERHEAD    MFLOPS
------------------------------------------------------
r      256   0.95  86.96%   0.00%  13.04%    425.119   425.119
r     2691  10.16  86.44%   1.55%  12.01%    413.568   414.546
u      128   0.50  93.80%   0.00%   6.20%    374.812   374.812
u     2560   9.95  86.53%   2.96%  10.51%    394.760   393.762
r     2649   9.98  86.52%   2.95%  10.53%    407.250   411.060
u     2572  10.00  89.69%   1.89%   8.42%    385.697   389.777
r     2653  10.00  87.17%   2.50%  10.33%    406.318   409.523
u     2572   9.97  86.68%   2.65%  10.67%    396.700   392.023
r     2653  10.02  85.65%   2.79%  11.56%    411.364   409.969
u     2580  10.02  86.61%   2.80%  10.59%    395.711   392.931
r     2649   9.98  85.74%   2.04%  12.22%    415.103   410.963
u     2576   9.98  86.14%   2.34%  11.52%    400.420   394.394
LINPACK benchmark ./linpack-nano-2000, Double precision.
Machine precision:  15 digits.
Array size 200 X 200.
Memory required:  315K.
      Reps Time(s) DGEFA   DGESL  OVERHEAD    MFLOPS
------------------------------------------------------
r      256   0.95  85.38%   3.15%  11.46%    417.546   417.546
r     2691  10.13  87.69%   3.06%   9.25%    402.181   403.471
u      256   1.00  87.58%   3.11%   9.32%    388.479   388.479
u     2565   9.94  85.42%   2.68%  11.91%    402.399   401.095
r     2657  10.00  86.87%   3.13%  10.00%    405.439   404.401
u     2581  10.00  87.24%   2.34%  10.42%    395.688   398.493
r     2656   9.92  85.05%   3.66%  11.29%    414.450   407.579
u     2581  10.03  85.85%   3.24%  10.91%    396.618   397.885
r     2677  10.08  86.67%   3.07%  10.26%    406.503   407.315
u     2573   9.98  85.83%   3.30%  10.88%    397.121   397.699
r     2656   9.98  86.43%   2.49%  11.08%    410.855   408.002
u     2577   9.98  87.51%   2.67%   9.82%    393.056   396.779
LINPACK benchmark ./linpack-nano-3000, Double precision.
Machine precision:  15 digits.
Array size 200 X 200.
Memory required:  315K.
      Reps Time(s) DGEFA   DGESL  OVERHEAD    MFLOPS
------------------------------------------------------
r      256   0.95  86.86%   4.84%   8.31%    403.180   403.180
r     2691  10.12  87.73%   3.06%   9.21%    402.050   402.148
u      256   1.00  90.69%   1.60%   7.71%    381.316   381.316
u     2562   9.95  86.64%   3.01%  10.35%    394.316   393.098
r     2658  10.00  87.06%   2.80%  10.14%    406.223   404.070
u     2574   9.97  87.27%   1.90%  10.83%    397.723   395.292
r     2658  10.00  87.07%   2.50%  10.43%    407.538   405.179
u     2582  10.00  86.18%   3.84%   9.98%    393.950   394.857
r     2658  10.05  86.81%   2.93%  10.26%    404.871   405.104
u     2582   9.98  86.72%   3.80%   9.49%    392.381   394.248
r     2645   9.98  86.10%   3.24%  10.67%    407.273   405.525
u     2586  10.05  85.74%   3.11%  11.16%    397.920   394.966
LINPACK benchmark ./linpack-nano-x2, Double precision.
Machine precision:  15 digits.
Array size 200 X 200.
Memory required:  315K.
      Reps Time(s) DGEFA   DGESL  OVERHEAD    MFLOPS
------------------------------------------------------
r      256   0.97  93.69%   0.00%   6.31%    388.050   388.050
r     2647   9.95  87.22%   3.11%   9.67%    404.362   402.868
u      128   0.50  90.60%   0.00%   9.40%    388.050   388.050
u     2560   9.91  86.16%   2.49%  11.35%    400.334   399.731
r     2659  10.02  86.78%   2.49%  10.73%    408.421   405.504
u     2584  10.00  87.20%   2.98%   9.82%    393.556   396.681
r     2654   9.97  86.47%   2.81%  10.72%    409.577   406.811
u     2584  10.00  86.43%   3.56%  10.01%    394.343   395.909
r     2662  10.17  86.05%   2.17%  11.78%    407.424   406.961
u     2584  10.02  85.83%   2.37%  11.80%    401.709   397.329
r     2617   9.88  86.35%   2.24%  11.41%    410.838   407.707
u     2579  10.00  85.95%   3.45%  10.60%    396.222   397.109
LINPACK benchmark ./linpack-nano-x4, Double precision.
Machine precision:  15 digits.
Array size 200 X 200.
Memory required:  315K.
      Reps Time(s) DGEFA   DGESL  OVERHEAD    MFLOPS
------------------------------------------------------
r      256   0.97  87.09%   1.55%  11.36%    409.759   409.759
r     2644   9.97  85.88%   2.69%  11.43%    411.269   411.135
u      256   0.98  93.59%   0.00%   6.41%    382.145   382.145
u     2604  10.11  87.81%   2.01%  10.18%    393.850   392.773
r     2652  10.00  86.22%   2.36%  11.42%    411.163   411.148
u     2575  10.05  86.99%   2.78%  10.23%    392.142   392.474
r     2651   9.97  86.57%   2.82%  10.61%    408.609   410.324
u     2563   9.91  85.70%   3.14%  11.16%    399.983   394.849
r     2659  10.02  86.65%   2.78%  10.57%    407.737   409.688
u     2587  10.03  86.37%   2.00%  11.62%    400.723   396.269
r     2655   9.97  87.00%   3.44%   9.56%    404.459   408.650
u     2578   9.98  86.87%   2.37%  10.76%    397.313   396.473
LINPACK benchmark ./linpack-nehalem, Double precision.
Machine precision:  15 digits.
Array size 200 X 200.
Memory required:  315K.
      Reps Time(s) DGEFA   DGESL  OVERHEAD    MFLOPS
------------------------------------------------------
r      128   0.53  93.96%   3.02%   3.02%    341.997   341.997
r     2415  10.31  86.81%   2.43%  10.75%    360.382   359.410
u      128   0.56  88.77%   0.00%  11.23%    352.985   352.985
u     2281   9.87  87.51%   3.33%   9.16%    349.228   349.425
r     2341  10.03  86.92%   2.81%  10.27%    357.140   358.318
u     2310  10.03  88.23%   2.49%   9.28%    348.615   349.028
r     2333   9.95  86.22%   3.28%  10.51%    359.716   358.769
u     2302  10.05  86.22%   3.23%  10.55%    351.815   349.937
r     2344  10.03  87.23%   3.12%   9.65%    355.191   357.885
u     2291   9.92  86.37%   3.12%  10.50%    354.354   351.014
r     2336   9.95  87.90%   2.97%   9.12%    354.683   357.252
u     2309  10.00  87.09%   2.49%  10.42%    353.988   351.601
LINPACK benchmark ./linpack-nocona, Double precision.
Machine precision:  15 digits.
Array size 200 X 200.
Memory required:  315K.
      Reps Time(s) DGEFA   DGESL  OVERHEAD    MFLOPS
------------------------------------------------------
r      256   0.86  83.45%   1.86%  14.69%    480.291   480.291
r     2983  10.11  87.87%   2.16%   9.97%    450.182   452.423
u      256   0.81  92.36%   1.85%   5.80%    460.175   460.175
u     3156   9.98  85.63%   2.61%  11.76%    491.968   489.431
r     2951   9.97  86.26%   4.67%   9.07%    447.072   449.856
u     3161  10.02  88.76%   1.91%   9.34%    478.043   483.887
r     2960  10.02  86.19%   2.93%  10.88%    455.470   451.657
u     3155   9.95  84.67%   3.12%  12.21%    495.865   487.708
r     2955  10.01  85.49%   3.59%  10.91%    454.853   452.433
u     3169  10.02  87.05%   2.80%  10.15%    483.673   486.710
r     2950   9.98  87.39%   3.13%   9.49%    448.305   451.618
u     3164  10.03  88.49%   2.64%   8.87%    475.304   484.420
LINPACK benchmark ./linpackC-nocona, Double precision.
Machine precision:  15 digits.
Array size 200 X 200.
Memory required:  315K.
      Reps Time(s) DGEFA   DGESL  OVERHEAD    MFLOPS
------------------------------------------------------
r      128   0.55  94.32%   2.75%   2.93%    331.673   331.673
r     2344   9.50  88.67%   3.29%   8.03%    368.402   366.301
u      128   0.52  87.77%   2.91%   9.32%    376.417   376.417
u     2485   9.88  85.62%   3.68%  10.70%    387.019   386.486
r     2467  10.03  88.64%   2.48%   8.88%    370.680   368.475
u     2516  10.00  88.92%   2.96%   8.12%    376.067   381.304
r     2459   9.95  87.38%   3.60%   9.02%    372.946   369.949
u     2516  10.02  87.24%   3.71%   9.05%    379.329   380.652
r     2470  10.00  89.26%   2.63%   8.11%    369.192   369.759
u     2512   9.97  89.03%   2.83%   8.15%    376.741   379.677
r     2470  10.05  87.46%   3.85%   8.69%    369.795   369.767
u     2519  10.00  88.46%   3.12%   8.42%    377.749   379.292
LINPACK benchmark ./linpack-opteron, Double precision.
Machine precision:  15 digits.
Array size 200 X 200.
Memory required:  315K.
      Reps Time(s) DGEFA   DGESL  OVERHEAD    MFLOPS
------------------------------------------------------
r      256   0.97  83.97%   4.86%  11.17%    409.282   409.282
r     2647   9.95  87.18%   2.18%  10.64%    408.726   408.775
u      256   0.98  88.81%   1.53%   9.66%    395.916   395.916
u     2604  10.06  88.08%   1.85%  10.07%    395.199   395.263
r     2659  10.03  87.24%   3.72%   9.04%    400.229   404.645
u     2587  10.05  88.20%   2.00%   9.80%    392.056   393.734
r     2650  10.00  84.98%   2.53%  12.49%    415.924   408.217
u     2574   9.98  87.93%   2.38%   9.69%    392.033   393.186
r     2650   9.98  86.10%   3.76%  10.15%    405.678   407.595
u     2578   9.94  85.37%   2.85%  11.78%    403.885   395.736
r     2654   9.97  88.10%   4.04%   7.85%    396.781   405.425
u     2594  10.05  86.83%   1.98%  11.19%    399.286   396.429
LINPACK benchmark ./linpackC-opteron, Double precision.
Machine precision:  15 digits.
Array size 200 X 200.
Memory required:  315K.
      Reps Time(s) DGEFA   DGESL  OVERHEAD    MFLOPS
------------------------------------------------------
r      128   0.53  88.68%   2.83%   8.49%    362.447   362.447
r     2415   9.86  88.97%   2.54%   8.50%    367.613   367.349
u      128   0.52  84.66%   2.91%  12.43%    389.771   389.771
u     2485   9.88  87.72%   3.29%   8.99%    379.741   380.220
r     2449   9.97  88.72%   3.11%   8.18%    367.412   367.380
u     2516  10.05  88.18%   3.27%   8.54%    376.067   378.172
r     2456  10.09  88.16%   2.15%   9.69%    370.039   368.253
u     2504   9.94  88.01%   3.92%   8.06%    376.404   377.590
r     2433   9.89  89.34%   2.05%   8.60%    369.656   368.597
u     2519  10.02  89.25%   2.84%   7.92%    375.087   376.966
r     2460  10.02  87.54%   2.99%   9.48%    372.645   369.397
u     2514   9.98  88.01%   2.78%   9.20%    380.867   377.734
LINPACK benchmark ./linpack-opteron-sse3, Double precision.
Machine precision:  15 digits.
Array size 200 X 200.
Memory required:  315K.
      Reps Time(s) DGEFA   DGESL  OVERHEAD    MFLOPS
------------------------------------------------------
r      256   0.97  91.93%   3.10%   4.96%    382.561   382.561
r     2647   9.94  86.29%   2.52%  11.19%    411.922   409.153
u      256   0.98  85.66%   0.00%  14.34%    417.546   417.546
u     2604  10.08  82.94%   2.80%  14.26%    413.907   414.230
r     2663  10.00  86.08%   3.93%   9.99%    406.309   407.787
u     2584  10.05  87.09%   2.63%  10.28%    393.731   404.240
r     2663  10.00  88.28%   2.50%   9.22%    402.863   406.180
u     2572   9.95  85.86%   2.53%  11.60%    401.479   403.350
r     2663   9.98  85.06%   2.35%  12.59%    419.066   409.257
u     2584  10.00  87.77%   2.35%   9.88%    393.774   400.973
r     2667  10.02  86.61%   3.29%  10.10%    406.829   408.777
u     2584  10.06  87.79%   1.86%  10.36%    393.425   399.471
LINPACK benchmark ./linpackC-opteron-sse3, Double precision.
Machine precision:  15 digits.
Array size 200 X 200.
Memory required:  315K.
      Reps Time(s) DGEFA   DGESL  OVERHEAD    MFLOPS
------------------------------------------------------
r      128   0.55  85.53%   0.00%  14.47%    376.417   376.417
r     2344   9.59  90.51%   1.28%   8.20%    365.515   366.064
u      128   0.52  87.77%   3.11%   9.13%    375.613   375.613
u     2485   9.88  86.92%   3.47%   9.61%    382.336   382.001
r     2443  10.00  87.88%   2.98%   9.14%    369.255   367.643
u     2516  10.02  87.08%   3.54%   9.38%    380.708   381.366
r     2443   9.98  88.68%   2.17%   9.14%    369.825   368.365
u     2512  10.04  87.14%   3.27%   9.60%    379.894   380.881
r     2446   9.95  88.88%   2.05%   9.07%    371.138   369.053
u     2500   9.95  89.36%   2.36%   8.28%    376.091   379.688
r     2457  10.02  88.39%   3.27%   8.35%    367.609   368.763
u     2511  10.02  89.09%   3.24%   7.68%    372.966   378.335
LINPACK benchmark ./linpack-silvermont, Double precision.
Machine precision:  15 digits.
Array size 200 X 200.
Memory required:  315K.
      Reps Time(s) DGEFA   DGESL  OVERHEAD    MFLOPS
------------------------------------------------------
r      256   0.92  83.26%   4.89%  11.85%    433.506   433.506
r     2782   9.83  85.04%   2.22%  12.74%    445.501   444.464
u      128   0.56  86.10%   0.00%  13.90%    363.948   363.948
u     2281   9.78  89.01%   2.09%   8.90%    351.540   352.178
r     2830   9.97  86.13%   2.62%  11.26%    439.355   441.985
u     2331  10.00  89.44%   3.30%   7.26%    345.222   348.722
r     2839  10.05  85.68%   1.73%  12.59%    443.964   442.629
u     2331  10.02  89.28%   3.26%   7.46%    345.371   347.610
r     2825   9.98  85.34%   2.49%  12.17%    442.430   442.580
u     2327  10.03  87.10%   2.00%  10.90%    357.546   350.019
r     2829  10.02  85.19%   3.58%  11.22%    436.977   441.465
u     2319   9.95  89.06%   2.96%   7.98%    347.757   349.569
LINPACK benchmark ./linpack-slm, Double precision.
Machine precision:  15 digits.
Array size 200 X 200.
Memory required:  315K.
      Reps Time(s) DGEFA   DGESL  OVERHEAD    MFLOPS
------------------------------------------------------
r      256   0.91  86.19%   1.66%  12.15%    442.231   442.231
r     2828  10.01  85.84%   3.39%  10.76%    434.574   435.199
u      128   0.55  85.71%   0.00%  14.29%    375.613   375.613
u     2344  10.11  88.08%   2.19%   9.73%    352.777   353.891
r     2823   9.97  86.09%   2.63%  11.29%    438.417   436.731
u     2318   9.98  86.62%   4.98%   8.40%    348.101   351.066
r     2832  10.03  84.90%   3.12%  11.98%    440.512   437.949
u     2321   9.97  87.46%   2.79%   9.75%    354.286   352.110
r     2823  10.83  84.65%   2.88%  12.47%    409.087   430.533
u     2328  10.16  90.02%   1.37%   8.62%    344.480   350.197
r     2607   9.23  86.16%   2.19%  11.65%    438.814   432.033
u     2292   9.80  92.05%   2.08%   5.87%    341.360   348.435
LINPACK benchmark ./linpack-tremont, Double precision.
Machine precision:  15 digits.
Array size 200 X 200.
Memory required:  315K.
      Reps Time(s) DGEFA   DGESL  OVERHEAD    MFLOPS
------------------------------------------------------
r      256   0.91  84.42%   3.54%  12.04%    441.675   441.675
r     2828  10.05  85.60%   3.69%  10.71%    432.927   433.640
u      128   0.55  85.53%   2.93%  11.54%    363.948   363.948
u     2344  10.05  90.21%   2.78%   7.01%    344.620   345.570
r     2814   9.97  86.18%   3.31%  10.51%    433.198   433.429
u     2333  10.03  89.56%   2.93%   7.51%    345.332   345.454
r     2822  10.03  85.07%   3.09%  11.84%    438.262   434.981
u     2325  10.02  88.33%   1.73%   9.95%    354.030   348.205
r     2813  10.02  86.48%   2.04%  11.48%    435.731   435.164
u     2321  10.02  88.50%   2.91%   8.60%    348.209   348.206
r     2808   9.97  86.13%   1.40%  12.47%    441.985   436.483
u     2317   9.94  85.23%   3.01%  11.76%    362.912   351.006
LINPACK benchmark ./linpack-westmere, Double precision.
Machine precision:  15 digits.
Array size 200 X 200.
Memory required:  315K.
      Reps Time(s) DGEFA   DGESL  OVERHEAD    MFLOPS
------------------------------------------------------
r      128   0.55  85.71%   5.68%   8.61%    352.278   352.278
r     2344  10.00  86.79%   2.98%  10.23%    358.633   358.299
u      128   0.56  88.77%   2.85%   8.38%    341.997   341.997
u     2281  10.06  88.27%   2.45%   9.27%    343.145   343.084
r     2344   9.97  87.25%   3.29%   9.46%    356.647   357.493
u     2266   9.77  87.42%   2.72%   9.86%    353.513   348.061
r     2351  10.03  87.95%   3.61%   8.44%    351.596   355.537
u     2320  10.05  87.90%   2.82%   9.29%    349.587   348.566
r     2343  10.00  87.24%   3.12%   9.64%    356.100   355.675
u     2309   9.98  87.01%   2.99%  10.00%    352.885   349.628
r     2343   9.98  88.02%   3.36%   8.62%    352.704   355.084
u     2312  10.02  87.27%   2.50%  10.23%    353.187   350.330
LINPACK benchmark ./linpack-x86-64, Double precision.
Machine precision:  15 digits.
Array size 200 X 200.
Memory required:  315K.
      Reps Time(s) DGEFA   DGESL  OVERHEAD    MFLOPS
------------------------------------------------------
r      256   0.95  87.08%   1.58%  11.34%    416.556   416.556
r     2689  10.06  86.94%   2.49%  10.56%    410.367   410.898
u      256   0.98  90.44%   0.00%   9.56%    395.471   395.471
u     2604  10.09  86.39%   2.49%  11.13%    398.680   398.391
r     2672  10.08  85.62%   2.94%  11.44%    411.154   411.019
u     2580   9.98  87.19%   3.10%   9.71%    393.034   395.832
r     2651   9.94  86.03%   2.69%  11.28%    412.966   411.642
u     2584   9.98  87.85%   2.49%   9.66%    393.425   395.054
r     2667  10.06  86.09%   3.70%  10.22%    405.433   410.110
u     2588  10.02  84.57%   2.96%  12.47%    405.405   397.529
r     2650   9.97  86.24%   2.97%  10.79%    409.236   409.939
u     2583  10.01  86.99%   1.70%  11.31%    399.428   397.899
LINPACK benchmark ./linpackC-x86-64, Double precision.
Machine precision:  15 digits.
Array size 200 X 200.
Memory required:  315K.
      Reps Time(s) DGEFA   DGESL  OVERHEAD    MFLOPS
------------------------------------------------------
r      128   0.52  91.07%   2.91%   6.02%    363.196   363.196
r     2485  10.00  88.99%   2.81%   8.20%    371.798   371.367
u      256   1.01  83.04%   3.16%  13.81%    402.258   402.258
u     2524   9.94  71.26%   9.41%  19.33%    432.368   429.408
r     2485  10.00  88.26%   2.81%   8.93%    374.737   373.002
u     2539  10.00  83.45%   3.75%  12.80%    399.919   414.807
r     2485  10.03  89.29%   2.48%   8.23%    370.748   372.260
u     2539  10.05  86.00%   2.82%  11.19%    390.776   406.726
r     2477  10.03  87.83%   4.06%   8.11%    369.073   371.471
u     2527   9.98  88.88%   2.34%   8.77%    381.029   400.159
r     2469   9.97  89.70%   3.12%   7.18%    366.450   370.470
u     2531  10.03  87.56%   3.38%   9.06%    381.047   396.264
