
LINPACK benchmark ./linpack-amdfam10, Double precision.
Machine precision:  15 digits.
Array size 200 X 200.
Memory required:  315K.
      Reps Time(s) DGEFA   DGESL  OVERHEAD    MFLOPS
------------------------------------------------------
r     4096   0.86  85.78%   1.75%  12.47%   7490.244  7490.244
r    47738  10.02  79.44%   1.73%  18.83%   8064.976  8016.369
u     4096   0.70  86.61%   0.00%  13.39%   9251.930  9251.930
u    58347  10.72  78.77%   3.65%  17.58%   9071.649  9083.260
r    47666  10.37  85.04%   3.43%  11.53%   7132.415  7567.099
u    54443   9.38  74.52%   3.34%  22.14%  10242.245  9588.641
r    45947   9.70  81.01%   1.94%  17.06%   7840.525  7651.391
u    58066  10.30  74.59%   2.84%  22.57%  10003.007  9722.309
r    47353   9.94  80.50%   2.83%  16.68%   7854.040  7700.188
u    56396   9.75  78.11%   1.91%  19.98%   9927.007  9771.426
r    47653  10.08  80.17%   1.39%  18.44%   7961.491  7750.601
u    57842   9.94  77.92%   1.74%  20.34%  10033.642  9822.771
LINPACK benchmark ./linpackC-amdfam10, Double precision.
Machine precision:  15 digits.
Array size 200 X 200.
Memory required:  315K.
      Reps Time(s) DGEFA   DGESL  OVERHEAD    MFLOPS
------------------------------------------------------
r     4096   0.62  87.66%   0.00%  12.34%  10283.681 10283.681
r    65641  10.23  78.81%   2.28%  18.91%  10863.699 10827.829
u     4096   0.81  86.68%   5.80%   7.52%   7500.231  7500.231
u    50505  10.19  83.02%   2.73%  14.25%   7940.492  7905.680
r    64146  10.02  76.34%   2.67%  21.00%  11132.799 10971.834
u    49577   9.98  83.64%   2.65%  13.70%   7902.245  7904.045
r    64043  10.06  79.12%   2.93%  17.95%  10653.148 10866.650
u    49656  10.09  81.76%   2.15%  16.09%   8052.219  7951.274
r    63648   9.91  79.43%   2.49%  18.08%  10771.401 10843.318
u    49198  10.02  82.56%   2.36%  15.09%   7944.180  7949.554
r    64251  10.00  79.73%   2.04%  18.23%  10792.324 10833.224
u    49119   9.88  84.73%   2.21%  13.06%   7857.514  7931.456
LINPACK benchmark ./linpack-athlon64, Double precision.
Machine precision:  15 digits.
Array size 200 X 200.
Memory required:  315K.
      Reps Time(s) DGEFA   DGESL  OVERHEAD    MFLOPS
------------------------------------------------------
r     1024   0.87  92.91%   3.55%   3.55%   1668.201  1668.201
r    11716   9.98  92.30%   2.49%   5.21%   1700.124  1697.513
u     1024   0.87  94.73%   0.00%   5.27%   1700.476  1700.476
u    11729  10.12  91.96%   3.12%   4.92%   1673.193  1675.351
r    11734  10.03  94.75%   1.69%   3.56%   1665.774  1682.146
u    11584   9.91  93.51%   1.91%   4.58%   1683.103  1679.032
r    11697   9.97  92.39%   2.83%   4.79%   1692.538  1685.493
u    11693  10.00  92.55%   3.27%   4.18%   1675.891  1678.011
r    11734  10.02  92.34%   2.68%   4.98%   1693.431  1687.430
u    11693  10.06  92.07%   2.64%   5.29%   1684.859  1679.684
r    11716  10.01  91.27%   2.21%   6.52%   1718.831  1693.510
u    11619   9.92  94.16%   2.22%   3.62%   1668.594  1677.501
LINPACK benchmark ./linpackC-athlon64, Double precision.
Machine precision:  15 digits.
Array size 200 X 200.
Memory required:  315K.
      Reps Time(s) DGEFA   DGESL  OVERHEAD    MFLOPS
------------------------------------------------------
r     4096   0.64  75.31%   4.84%  19.84%  10965.250 10965.250
r    64000  10.20  80.56%   2.14%  17.30%  10417.605 10448.995
u     4096   0.84  87.19%   0.00%  12.81%   7653.297  7653.297
u    48588   9.89  81.25%   3.15%  15.59%   7993.234  7965.726
r    62732   9.95  81.31%   2.53%  16.16%  10323.780 10388.578
u    49128   9.97  83.11%   1.57%  15.33%   7993.972  7979.331
r    63028  10.05  81.37%   3.12%  15.52%  10198.946 10326.154
u    49285   9.98  81.82%   3.15%  15.02%   7976.987  7978.566
r    62739   9.92  80.52%   2.51%  16.97%  10459.039 10358.332
u    49359  10.22  84.94%   1.96%  13.10%   7634.459  7890.988
r    63232  10.06  81.08%   2.49%  16.43%  10326.866 10352.096
u    48305   9.80  80.66%   3.65%  15.69%   8031.340  7917.857
LINPACK benchmark ./linpack-athlon64-sse3, Double precision.
Machine precision:  15 digits.
Array size 200 X 200.
Memory required:  315K.
      Reps Time(s) DGEFA   DGESL  OVERHEAD    MFLOPS
------------------------------------------------------
r     1024   0.86  98.14%   1.86%   0.00%   1637.128  1637.128
r    11920  10.15  92.28%   3.08%   4.64%   1690.431  1686.088
u     1024   0.87  89.47%   3.43%   7.09%   1731.888  1731.888
u    11716  10.02  90.33%   3.58%   6.08%   1710.607  1712.299
r    11738  10.02  91.85%   3.17%   4.98%   1694.009  1689.846
u    11698   9.95  92.45%   2.36%   5.19%   1702.369  1707.531
r    11720   9.95  91.32%   2.36%   6.32%   1726.426  1701.453
u    11752  10.00  92.53%   2.18%   5.29%   1704.088  1706.411
r    11776  10.02  90.76%   4.24%   4.99%   1699.671  1701.017
u    11752  10.03  93.64%   1.87%   4.49%   1684.523  1700.993
r    11758  10.11  92.14%   2.91%   4.95%   1680.647  1696.982
u    11715  10.03  92.29%   3.25%   4.46%   1678.519  1696.532
LINPACK benchmark ./linpackC-athlon64-sse3, Double precision.
Machine precision:  15 digits.
Array size 200 X 200.
Memory required:  315K.
      Reps Time(s) DGEFA   DGESL  OVERHEAD    MFLOPS
------------------------------------------------------
r     4096   0.64  75.31%   2.34%  22.34%  11318.256 11318.256
r    64000  10.40  80.64%   1.91%  17.45%  10233.244 10292.594
u     4096   0.84  90.74%   1.78%   7.48%   7221.018  7221.018
u    48646  10.52  83.30%   1.94%  14.76%   7453.662  7435.059
r    61514  11.08  81.69%   1.83%  16.48%   9131.902  9707.026
u    46263  11.34  81.60%   3.44%  14.96%   6587.984  7013.663
r    55538  10.19  81.74%   2.73%  15.53%   8863.706  9437.678
u    40792  10.05  84.87%   1.69%  13.44%   6442.159  6836.688
r    54518  10.00  78.50%   2.81%  18.69%   9208.140  9384.464
u    40605   9.92  85.55%   3.59%  10.86%   6305.314  6709.421
r    54518  10.05  80.77%   2.16%  17.07%   8987.083  9308.190
u    40924   9.39  82.40%   4.82%  12.78%   6861.469  6737.025
LINPACK benchmark ./linpack-athlon-fx, Double precision.
Machine precision:  15 digits.
Array size 200 X 200.
Memory required:  315K.
      Reps Time(s) DGEFA   DGESL  OVERHEAD    MFLOPS
------------------------------------------------------
r     1024   0.87  96.33%   1.83%   1.83%   1640.949  1640.949
r    11729  10.19  91.10%   2.62%   6.28%   1687.213  1683.403
u     1024   0.89  91.45%   0.00%   8.55%   1729.758  1729.758
u    11518  10.00  92.21%   2.19%   5.60%   1675.819  1680.096
r    11513   9.73  90.86%   2.57%   6.57%   1738.448  1709.078
u    11519   9.87  92.60%   3.78%   3.63%   1662.403  1671.579
r    11826  10.08  92.44%   2.17%   5.39%   1703.308  1707.183
u    11665   9.88  93.05%   2.37%   4.58%   1700.088  1680.782
r    11734  10.02  91.41%   2.05%   6.54%   1721.471  1710.666
u    11812  10.14  91.70%   3.07%   5.24%   1688.365  1682.660
r    11715   9.98  93.44%   2.02%   4.54%   1688.029  1706.165
u    11650   9.91  91.51%   3.92%   4.57%   1692.335  1684.555
LINPACK benchmark ./linpackC-athlon-fx, Double precision.
Machine precision:  15 digits.
Array size 200 X 200.
Memory required:  315K.
      Reps Time(s) DGEFA   DGESL  OVERHEAD    MFLOPS
------------------------------------------------------
r     4096   0.66  78.32%   0.00%  21.68%  10965.250 10965.250
r    62534   9.86  79.68%   3.02%  17.29%  10532.257 10557.886
u     4096   0.83  80.77%   1.81%  17.41%   8235.979  8235.979
u    49528  10.16  82.87%   3.05%  14.08%   7794.918  7826.934
r    63428  11.29  80.36%   2.79%  16.85%   9274.679  9890.525
u    48767  11.40  85.21%   2.06%  12.73%   6730.313  7263.273
r    56155   9.55  78.97%   4.58%  16.45%   9667.736  9822.266
u    42766   9.28  83.74%   3.51%  12.75%   7252.652  7260.141
r    58813  10.12  79.32%   4.22%  16.46%   9549.522  9755.389
u    46079  10.27  85.13%   3.21%  11.66%   6978.587  7190.242
r    58086  10.11  83.41%   1.38%  15.21%   9307.133  9666.175
u    44889  10.87  83.94%   3.27%  12.78%   6500.850  7048.150
LINPACK benchmark ./linpack-atom, Double precision.
Machine precision:  15 digits.
Array size 200 X 200.
Memory required:  315K.
      Reps Time(s) DGEFA   DGESL  OVERHEAD    MFLOPS
------------------------------------------------------
r     2048   0.87  91.07%   0.00%   8.93%   3537.845  3537.845
r    23459  10.44  89.24%   2.52%   8.24%   3364.351  3377.650
u     4096   1.06  80.96%   1.51%  17.53%   6428.770  6428.770
u    38605  10.05  83.80%   3.25%  12.95%   6062.611  6095.915
r    22478   9.22  90.76%   1.18%   8.06%   3641.593  3496.360
u    38428   9.05  80.17%   2.25%  17.57%   7076.221  6524.017
r    24379   9.20  87.91%   2.57%   9.52%   4020.232  3656.899
u    42471   9.52  83.45%   1.63%  14.92%   7204.402  6742.830
r    26487   9.84  86.64%   2.57%  10.79%   4142.050  3775.387
u    44631   9.86  81.02%   2.86%  16.12%   7411.516  6908.182
r    26906  10.02  87.52%   2.18%  10.30%   4112.968  3842.870
u    45269   9.97  79.01%   3.11%  17.88%   7594.604  7043.158
LINPACK benchmark ./linpackC-atom, Double precision.
Machine precision:  15 digits.
Array size 200 X 200.
Memory required:  315K.
      Reps Time(s) DGEFA   DGESL  OVERHEAD    MFLOPS
------------------------------------------------------
r     4096   0.78  80.13%   0.00%  19.87%   9000.277  9000.277
r    52512  10.05  82.39%   3.15%  14.46%   8391.492  8432.764
u     4096   0.84  79.48%   0.00%  20.52%   8395.781  8395.781
u    48588   9.91  83.83%   1.87%  14.30%   7860.469  7899.628
r    52266  10.00  85.20%   2.21%  12.59%   8212.659  8325.647
u    49049  10.00  83.64%   1.88%  14.48%   7876.593  7888.505
r    52271   9.97  80.50%   3.26%  16.24%   8598.096  8412.110
u    49049   9.98  85.92%   1.85%  12.23%   7686.937  7821.785
r    52438  10.03  83.74%   2.15%  14.11%   8358.270  8398.828
u    49127  10.00  84.88%   1.75%  13.37%   7788.035  7813.464
r    52275   9.98  84.12%   2.34%  13.53%   8315.881  8382.388
u    49127  10.06  83.20%   2.35%  14.45%   7837.796  7818.252
LINPACK benchmark ./linpack-barcelona, Double precision.
Machine precision:  15 digits.
Array size 200 X 200.
Memory required:  315K.
      Reps Time(s) DGEFA   DGESL  OVERHEAD    MFLOPS
------------------------------------------------------
r     4096   0.87  74.80%   1.83%  23.37%   8408.331  8408.331
r    46918   9.86  82.87%   2.18%  14.95%   7684.443  7737.931
u     4096   0.70  75.50%   4.42%  20.09%  10027.047 10027.047
u    58347  10.09  78.17%   3.10%  18.73%   9768.363  9784.922
r    47589  10.02  83.04%   2.19%  14.78%   7656.462  7698.396
u    57809  10.03  79.74%   2.78%  17.48%   9590.605  9690.534
r    47512  10.01  81.92%   2.46%  15.63%   7722.785  7706.310
u    57630   9.91  78.95%   2.17%  18.88%   9848.830  9741.258
r    47445   9.97  82.60%   3.75%  13.65%   7569.447  7672.306
u    58176  10.03  78.87%   2.31%  18.82%   9811.499  9758.476
r    47592  10.00  82.19%   1.90%  15.91%   7772.587  7691.891
u    57996  10.05  75.09%   2.49%  22.42%  10219.122  9846.011
LINPACK benchmark ./linpackC-barcelona, Double precision.
Machine precision:  15 digits.
Array size 200 X 200.
Memory required:  315K.
      Reps Time(s) DGEFA   DGESL  OVERHEAD    MFLOPS
------------------------------------------------------
r     4096   0.64  63.22%   7.36%  29.42%  12472.668 12472.668
r    64100   9.97  77.81%   2.80%  19.39%  10955.901 11036.512
u     4096   0.84  77.70%   3.56%  18.74%   8211.932  8211.932
u    48588   9.84  83.75%   2.56%  13.68%   7853.992  7880.699
r    64305  10.08  79.06%   2.80%  18.14%  10704.509 10872.851
u    49362   9.97  84.51%   2.84%  12.65%   7785.745  7834.480
r    63807  10.02  81.41%   2.81%  15.79%  10389.884 10711.018
u    49520  10.14  84.82%   1.69%  13.49%   7752.789  7807.601
r    63711   9.95  80.54%   2.38%  17.08%  10601.774 10684.043
u    48836   9.81  83.70%   3.62%  12.69%   7827.744  7812.500
r    64011   9.95  78.16%   2.85%  18.99%  10902.696 10726.539
u    49766  10.06  80.54%   3.97%  15.49%   8037.787  7856.305
LINPACK benchmark ./linpack-bonnell, Double precision.
Machine precision:  15 digits.
Array size 200 X 200.
Memory required:  315K.
      Reps Time(s) DGEFA   DGESL  OVERHEAD    MFLOPS
------------------------------------------------------
r     2048   0.77  94.12%   1.96%   3.92%   3826.649  3826.649
r    26771  10.11  89.65%   1.55%   8.80%   3988.015  3976.099
u     4096   0.89  84.03%   7.09%   8.89%   6944.658  6944.658
u    46074  10.11  79.19%   2.80%  18.01%   7634.527  7573.108
r    26484   9.87  87.98%   2.22%   9.80%   4083.458  4026.799
u    45577  10.22  77.85%   3.98%  18.16%   7485.340  7531.074
r    26819  10.06  86.76%   2.48%  10.75%   4101.495  4050.892
u    44604   9.83  80.58%   2.86%  16.56%   7470.263  7511.641
r    26653   9.87  89.29%   1.26%   9.46%   4093.888  4061.343
u    45384   9.94  77.95%   2.66%  19.39%   7781.194  7575.767
r    26990   9.98  86.59%   2.02%  11.39%   4189.699  4086.230
u    45671  10.06  81.74%   3.56%  14.70%   7307.644  7521.302
LINPACK benchmark ./linpackC-bonnell, Double precision.
Machine precision:  15 digits.
Array size 200 X 200.
Memory required:  315K.
      Reps Time(s) DGEFA   DGESL  OVERHEAD    MFLOPS
------------------------------------------------------
r     4096   0.78  91.79%   2.05%   6.15%   7684.663  7684.663
r    52512   9.98  82.24%   2.79%  14.96%   8494.285  8430.021
u     4096   0.83  77.51%   0.00%  22.49%   8775.621  8775.621
u    49528  10.09  81.59%   2.95%  15.46%   7971.224  8027.428
r    52596  10.05  83.28%   2.91%  13.82%   8341.822  8387.310
u    49071  10.05  84.14%   2.38%  13.48%   7753.203  7894.015
r    52349   9.95  82.66%   2.32%  15.02%   8500.961  8423.803
u    48846   9.94  81.20%   2.96%  15.84%   8020.306  7934.285
r    52601  10.05  80.56%   3.42%  16.01%   8561.117  8457.121
u    49150  10.09  83.95%   0.78%  15.27%   7892.813  7924.088
r    52354   9.98  82.98%   2.67%  14.34%   8407.331  8447.293
u    48697   9.94  82.28%   2.04%  15.68%   7981.527  7935.239
LINPACK benchmark ./linpack-btver1, Double precision.
Machine precision:  15 digits.
Array size 200 X 200.
Memory required:  315K.
      Reps Time(s) DGEFA   DGESL  OVERHEAD    MFLOPS
------------------------------------------------------
r     4096   0.84  85.17%   1.90%  12.93%   7663.724  7663.724
r    48588  10.29  81.04%   1.66%  17.30%   7837.388  7823.604
u     4096   0.73  89.36%   0.00%  10.64%   8588.051  8588.051
u    55879   9.55  78.16%   2.13%  19.71%  10011.806  9899.720
r    47195  10.73  78.28%   3.35%  18.36%   7397.223  7616.167
u    58530   9.89  73.52%   3.49%  22.99%  10552.869 10211.888
r    43971   9.31  80.22%   1.51%  18.26%   7933.111  7710.327
u    59175   9.95  75.42%   1.89%  22.69%  10562.386 10326.007
r    47214  10.05  79.73%   2.02%  18.25%   7893.908  7754.893
u    59460   9.98  75.46%   2.67%  21.86%  10467.684 10361.169
r    46988   9.95  83.03%   2.52%  14.45%   7579.303  7719.593
u    59555   9.95  75.75%   2.17%  22.08%  10546.598 10397.865
LINPACK benchmark ./linpackC-btver1, Double precision.
Machine precision:  15 digits.
Array size 200 X 200.
Memory required:  315K.
      Reps Time(s) DGEFA   DGESL  OVERHEAD    MFLOPS
------------------------------------------------------
r     4096   0.66  78.47%   0.00%  21.53%  10943.917 10943.917
r    62534   9.75  79.34%   3.35%  17.30%  10652.447 10669.916
u     4096   0.83  82.95%   1.93%  15.11%   8013.067  8013.067
u    49528   9.94  83.81%   2.18%  14.01%   7959.098  7963.195
r    64144   9.98  79.01%   3.28%  17.71%  10723.201 10695.986
u    49836  10.05  85.07%   2.02%  12.91%   7821.879  7894.492
r    64253   9.98  78.56%   3.17%  18.28%  10815.147 10734.953
u    49602  10.00  85.49%   3.12%  11.39%   7687.629  7826.246
r    64355   9.97  77.44%   4.08%  18.48%  10876.307 10769.680
u    49602  10.00  86.13%   2.64%  11.23%   7673.773  7788.371
r    64561  10.08  79.99%   2.94%  17.07%  10609.522 10737.376
u    49602  10.09  84.97%   2.16%  12.87%   7745.319  7779.868
LINPACK benchmark ./linpack-btver2, Double precision.
Machine precision:  15 digits.
Array size 200 X 200.
Memory required:  315K.
      Reps Time(s) DGEFA   DGESL  OVERHEAD    MFLOPS
------------------------------------------------------
r     4096   0.86  78.44%   3.61%  17.95%   7990.303  7990.303
r    47738  10.12  78.76%   1.86%  19.38%   8032.368  8029.028
u     4096   0.67  81.49%   4.48%  14.03%   9765.926  9765.926
u    61134   9.92  75.94%   2.83%  21.23%  10741.730 10674.754
r    47153   9.97  81.57%   2.49%  15.94%   7727.540  7882.532
u    61614  10.11  77.39%   1.67%  20.94%  10587.658 10632.269
r    47299   9.95  81.34%   3.00%  15.65%   7737.617  7835.086
u    60949   9.89  77.95%   2.02%  20.03%  10583.297 10616.325
r    47522  10.02  81.87%   2.35%  15.79%   7738.149  7811.093
u    61626   9.95  75.90%   3.47%  20.64%  10714.399 10640.390
r    47450  10.03  85.10%   1.86%  13.04%   7470.442  7741.662
u    61917  10.11  76.75%   2.60%  20.64%  10599.935 10632.320
LINPACK benchmark ./linpackC-btver2, Double precision.
Machine precision:  15 digits.
Array size 200 X 200.
Memory required:  315K.
      Reps Time(s) DGEFA   DGESL  OVERHEAD    MFLOPS
------------------------------------------------------
r     4096   0.75  89.72%   0.00%  10.28%   8370.794  8370.794
r    54686  10.05  84.40%   2.20%  13.40%   8632.426  8613.666
u     4096   0.94  88.57%   3.21%   8.23%   6548.514  6548.514
u    43760  10.11  83.67%   4.01%  12.33%   6780.669  6760.156
r    54435   9.97  82.57%   2.35%  15.08%   8831.353  8716.975
u    43288  10.03  84.96%   3.39%  11.65%   6708.289  6735.423
r    54609  10.20  83.02%   2.92%  14.06%   8553.417  8663.072
u    43154  10.03  84.22%   3.41%  12.37%   6741.534  6737.385
r    53527   9.88  78.97%   2.83%  18.21%   9101.203  8765.107
u    43016  10.00  84.69%   5.65%   9.66%   6539.943  6688.399
r    54204  10.16  80.80%   3.53%  15.68%   8692.219  8750.673
u    43020   9.98  85.27%   4.26%  10.48%   6610.069  6672.960
LINPACK benchmark ./linpack-core2, Double precision.
Machine precision:  15 digits.
Array size 200 X 200.
Memory required:  315K.
      Reps Time(s) DGEFA   DGESL  OVERHEAD    MFLOPS
------------------------------------------------------
r     2048   0.55  77.66%   2.93%  19.41%   6392.242  6392.242
r    37509   9.81  81.84%   3.33%  14.83%   6163.978  6175.395
u     4096   0.94  84.94%   0.00%  15.06%   7075.690  7075.690
u    43760  10.03  82.67%   2.98%  14.35%   6995.352  7002.156
r    38227  10.05  82.04%   2.51%  15.45%   6179.919  6177.617
u    43629   9.97  82.09%   2.66%  15.25%   7091.627  7044.542
r    38048   9.91  84.47%   1.58%  13.94%   6129.336  6161.674
u    43764  10.01  84.05%   2.17%  13.78%   6960.343  7017.074
r    38409  10.02  83.18%   2.78%  14.05%   6127.830  6153.212
u    43698  10.02  80.88%   3.68%  15.44%   7085.233  7033.597
r    38351   9.98  86.89%   2.34%  10.77%   5911.854  6103.591
u    43628   9.92  80.16%   3.33%  16.51%   7233.585  7071.922
LINPACK benchmark ./linpackC-core2, Double precision.
Machine precision:  15 digits.
Array size 200 X 200.
Memory required:  315K.
      Reps Time(s) DGEFA   DGESL  OVERHEAD    MFLOPS
------------------------------------------------------
r     4096   0.61  84.38%   2.63%  12.99%  10633.598 10633.598
r    67368  10.03  80.08%   1.86%  18.05%  11255.319 11217.727
u     4096   0.83  90.69%   3.75%   5.56%   7202.527  7202.527
u    49528   9.92  86.47%   1.72%  11.80%   7772.649  7725.936
r    67159  10.02  79.78%   2.68%  17.54%  11168.769 11193.955
u    49917   9.98  85.48%   2.53%  11.99%   7800.715  7761.807
r    67058  10.01  79.49%   1.69%  18.82%  11328.944 11237.610
u    49991  10.20  84.99%   2.74%  12.26%   7669.158  7731.395
r    66964  10.36  80.05%   3.00%  16.95%  10689.747 11097.912
u    48996  10.12  84.94%   2.46%  12.60%   7604.864  7700.400
r    64643  10.06  81.38%   2.48%  16.14%  10521.022 10982.499
u    48395  10.48  81.31%   4.16%  14.53%   7416.858  7644.039
LINPACK benchmark ./linpack-core-avx-i, Double precision.
Machine precision:  15 digits.
Array size 200 X 200.
Memory required:  315K.
      Reps Time(s) DGEFA   DGESL  OVERHEAD    MFLOPS
------------------------------------------------------
r     4096   0.80  72.74%   3.89%  23.37%   9221.596  9221.596
r    51457   9.28  77.59%   3.51%  18.90%   9388.550  9376.034
u     4096   0.70  77.64%   0.00%  22.36%  10321.419 10321.419
u    58347   9.92  76.78%   2.49%  20.73%  10189.456 10198.008
r    55443   9.72  78.46%   2.90%  18.64%   9628.442  9500.437
u    58811   9.66  77.20%   2.78%  20.03%  10459.351 10323.114
r    57040   9.98  78.26%   3.13%  18.61%   9638.850  9546.973
u    60906  10.06  80.77%   2.64%  16.59%   9967.140 10201.297
r    57125  10.40  79.82%   2.72%  17.46%   9135.033  9438.984
u    60536   9.98  76.27%   3.43%  20.30%  10448.172 10261.777
r    54901   9.69  77.80%   1.94%  20.26%   9760.178  9500.271
u    60633   9.94  77.88%   2.82%  19.30%  10384.003 10285.978
LINPACK benchmark ./linpackC-core-avx-i, Double precision.
Machine precision:  15 digits.
Array size 200 X 200.
Memory required:  315K.
      Reps Time(s) DGEFA   DGESL  OVERHEAD    MFLOPS
------------------------------------------------------
r     4096   0.64  83.13%   2.34%  14.53%  10283.681 10283.681
r    64000  10.02  81.05%   2.64%  16.32%  10487.213 10474.743
u     4096   0.81  86.56%   3.95%   9.49%   7663.724  7663.724
u    50505  10.06  88.51%   2.45%   9.03%   7577.865  7584.239
r    63904  10.14  77.69%   3.97%  18.33%  10596.655 10533.411
u    50193   9.92  84.01%   2.36%  13.63%   8044.313  7797.849
r    63015   9.88  83.04%   2.05%  14.92%  10300.000 10456.841
u    50592  10.03  86.34%   1.87%  11.78%   7852.586  7815.586
r    63812  10.09  77.58%   2.78%  19.64%  10803.149 10540.142
u    50440  10.02  84.27%   1.10%  14.63%   8101.864  7883.854
r    63217   9.94  80.79%   2.51%  16.71%  10489.068 10530.077
u    50364  10.09  84.35%   2.80%  12.85%   7862.517  7879.650
LINPACK benchmark ./linpack-corei7, Double precision.
Machine precision:  15 digits.
Array size 200 X 200.
Memory required:  315K.
      Reps Time(s) DGEFA   DGESL  OVERHEAD    MFLOPS
------------------------------------------------------
r     4096   0.86  78.32%   3.61%  18.07%   8001.669  8001.669
r    47738   9.94  81.04%   3.43%  15.53%   7810.363  7825.147
u     4096   0.64  77.97%   0.00%  22.03%  11272.892 11272.892
u    63999   9.95  76.36%   2.82%  20.82%  11152.387 11159.562
r    48040  10.00  80.23%   3.11%  16.66%   7917.309  7869.208
u    64301  10.05  73.95%   3.15%  22.90%  11400.298 11275.198
r    48044  10.02  79.75%   3.72%  16.53%   7892.396  7876.724
u    64000   9.95  74.63%   4.07%  21.30%  11219.471 11256.977
r    47972   9.98  81.18%   1.41%  17.41%   7989.516  7904.051
u    64295  10.01  69.91%   2.96%  27.13%  12100.653 11453.935
r    48048  10.00  79.22%   3.10%  17.68%   8015.782  7925.811
u    64205  10.00  76.84%   2.65%  20.51%  11092.573 11380.669
LINPACK benchmark ./linpackC-corei7, Double precision.
Machine precision:  15 digits.
Array size 200 X 200.
Memory required:  315K.
      Reps Time(s) DGEFA   DGESL  OVERHEAD    MFLOPS
------------------------------------------------------
r     4096   0.61  71.55%   2.63%  25.82%  12472.668 12472.668
r    67368  10.09  80.30%   2.16%  17.54%  11116.030 11185.764
u     4096   0.83  92.50%   0.00%   7.50%   7353.168  7353.168
u    49528   9.94  83.48%   3.44%  13.08%   7875.241  7832.762
r    66747   9.97  78.88%   2.79%  18.33%  11259.781 11221.388
u    49842  10.00  86.32%   3.44%  10.24%   7625.856  7731.707
r    66961  10.02  79.29%   3.42%  17.28%  11100.890 11181.775
u    49842  10.12  86.39%   2.64%  10.97%   7593.708  7686.295
r    66860  10.02  80.20%   2.52%  17.28%  11084.146 11157.621
u    49226   9.89  82.76%   2.56%  14.68%   8011.816  7762.955
r    66759  10.02  81.14%   2.33%  16.53%  10966.789 11119.494
u    49773  10.02  85.57%   3.10%  11.33%   7697.626  7749.980
LINPACK benchmark ./linpack-corei7-avx, Double precision.
Machine precision:  15 digits.
Array size 200 X 200.
Memory required:  315K.
      Reps Time(s) DGEFA   DGESL  OVERHEAD    MFLOPS
------------------------------------------------------
r     4096   0.70  84.47%   4.56%  10.97%   9000.277  9000.277
r    58347   9.95  77.99%   2.96%  19.04%   9945.374  9877.339
u     4096   0.64  75.47%   0.00%  24.53%  11646.322 11646.322
u    63999  10.19  75.34%   2.29%  22.37%  11115.715 11146.261
r    58628   9.95  74.96%   2.96%  22.07%  10381.097 10115.029
u    62830   9.98  73.81%   2.99%  23.19%  11251.341 11196.442
r    58904  10.06  76.16%   3.11%  20.73%  10142.280 10123.932
u    62924  10.09  78.22%   2.18%  19.60%  10648.876 11012.629
r    58541   9.98  76.85%   2.64%  20.50%  10129.307 10125.250
u    62344   9.87  77.84%   2.23%  19.93%  10829.635 10967.531
r    58634   9.97  76.52%   2.82%  20.66%  10181.316 10136.264
u    63139  10.06  79.17%   2.63%  18.20%  10533.393 10878.877
LINPACK benchmark ./linpackC-corei7-avx, Double precision.
Machine precision:  15 digits.
Array size 200 X 200.
Memory required:  315K.
      Reps Time(s) DGEFA   DGESL  OVERHEAD    MFLOPS
------------------------------------------------------
r     4096   0.64  82.94%   7.36%   9.70%   9749.001  9749.001
r    64100  10.08  79.32%   3.24%  17.43%  10579.337 10525.493
u     4096   0.81  88.66%   0.00%  11.34%   7823.607  7823.607
u    50505  10.05  85.93%   1.26%  12.80%   7917.831  7910.684
r    63603  10.08  82.15%   2.49%  15.36%  10240.108 10385.814
u    50273  10.08  85.24%   2.01%  12.74%   7851.881  7882.386
r    63110   9.98  80.19%   3.43%  16.38%  10381.012 10384.258
u    49888   9.95  86.00%   1.71%  12.29%   7847.979  7871.262
r    63204  10.00  78.35%   2.65%  19.00%  10717.392 10463.903
u    50123   9.98  85.90%   3.29%  10.81%   7729.125  7836.009
r    63210   9.95  76.06%   2.68%  21.26%  11076.739 10579.042
u    50198   9.98  85.91%   1.87%  12.22%   7867.007  7842.090
LINPACK benchmark ./linpack-eden-x2, Double precision.
Machine precision:  15 digits.
Array size 200 X 200.
Memory required:  315K.
      Reps Time(s) DGEFA   DGESL  OVERHEAD    MFLOPS
------------------------------------------------------
r     1024   0.87  89.24%   1.83%   8.92%   1766.700  1766.700
r    11716   9.94  92.58%   2.72%   4.70%   1699.047  1704.292
u     1024   0.89  91.00%   0.00%   9.00%   1738.311  1738.311
u    11518   9.95  92.66%   3.10%   4.23%   1659.643  1665.798
r    11790  10.14  92.82%   2.15%   5.03%   1681.196  1693.113
u    11573  10.05  92.40%   2.02%   5.57%   1675.478  1670.429
r    11626  10.06  92.87%   2.95%   4.17%   1655.919  1680.972
u    11520   9.88  91.72%   2.72%   5.56%   1696.419  1678.744
r    11554   9.92  91.31%   2.36%   6.33%   1707.467  1687.313
u    11665   9.98  92.69%   2.03%   5.28%   1693.976  1682.475
r    11646  10.02  92.32%   2.63%   5.05%   1681.969  1686.262
u    11683  10.06  91.68%   3.23%   5.09%   1679.893  1681.963
LINPACK benchmark ./linpack-eden-x4, Double precision.
Machine precision:  15 digits.
Array size 200 X 200.
Memory required:  315K.
      Reps Time(s) DGEFA   DGESL  OVERHEAD    MFLOPS
------------------------------------------------------
r     1024   0.87  91.18%   1.83%   6.99%   1731.888  1731.888
r    11729  10.12  92.62%   2.62%   4.76%   1670.590  1675.351
u     1024   0.90  89.72%   3.43%   6.85%   1668.201  1668.201
u    11314   9.72  91.04%   3.67%   5.29%   1687.984  1686.324
r    11585   9.92  91.85%   3.14%   5.01%   1688.250  1681.466
u    11641  10.06  91.48%   2.51%   6.00%   1690.312  1688.258
r    11677  10.06  92.82%   2.34%   4.84%   1674.821  1679.306
u    11569   9.94  92.01%   3.75%   4.24%   1669.443  1682.088
r    11605  10.03  91.45%   3.93%   4.63%   1665.886  1676.016
u    11641  10.00  91.28%   2.17%   6.55%   1710.752  1689.070
r    11569   9.97  91.86%   2.19%   5.95%   1694.730  1679.641
u    11641  10.02  92.55%   2.36%   5.09%   1681.954  1687.657
LINPACK benchmark ./linpack-generic, Double precision.
Machine precision:  15 digits.
Array size 200 X 200.
Memory required:  315K.
      Reps Time(s) DGEFA   DGESL  OVERHEAD    MFLOPS
------------------------------------------------------
r     4096   0.86  77.97%   5.59%  16.43%   7845.430  7845.430
r    47738  10.36  79.41%   2.90%  17.70%   7690.344  7702.376
u     4096   0.64  75.59%   2.50%  21.91%  11272.892 11272.892
u    64100  10.45  74.60%   2.66%  22.74%  10901.631 10923.238
r    46088   9.83  78.33%   2.70%  18.98%   7948.535  7816.306
u    61327   9.94  71.33%   2.22%  26.44%  11521.534 11198.581
r    46894  10.03  81.01%   2.18%  16.81%   7717.327  7783.978
u    61709  10.00  77.35%   1.56%  21.09%  10741.068 11046.744
r    46749   9.91  82.29%   3.81%  13.90%   7527.490  7719.786
u    61715  10.25  77.24%   2.74%  20.02%  10339.791 10865.489
r    47192   9.97  79.78%   1.55%  18.67%   7994.369  7772.554
u    60215   9.78  76.01%   3.06%  20.93%  10691.049 10831.507
LINPACK benchmark ./linpack-goldmont, Double precision.
Machine precision:  15 digits.
Array size 200 X 200.
Memory required:  315K.
      Reps Time(s) DGEFA   DGESL  OVERHEAD    MFLOPS
------------------------------------------------------
r     4096   0.87  91.07%   5.27%   3.67%   6688.672  6688.672
r    46918   9.97  81.36%   2.35%  16.29%   7722.202  7627.570
u     4096   0.65  78.47%   0.00%  21.53%  10943.917 10943.917
u    62534  10.12  75.35%   3.36%  21.30%  10778.116 10788.163
r    47068  10.19  79.65%   2.01%  18.34%   7770.171  7695.343
u    61768  10.19  72.85%   3.06%  24.09%  10969.618 10874.700
r    46203   9.56  78.66%   1.79%  19.56%   8249.106  7864.399
u    60634  10.05  71.55%   2.80%  25.65%  11147.349 10960.690
r    48319  10.08  76.89%   3.10%  20.01%   8231.993  7953.498
u    60350   9.88  73.23%   3.99%  22.78%  10869.596 10938.506
r    47945   9.83  78.92%   1.57%  19.52%   8324.206  8024.728
u    61113   9.56  73.16%   2.59%  24.25%  11585.936 11060.153
LINPACK benchmark ./linpackC-goldmont, Double precision.
Machine precision:  15 digits.
Array size 200 X 200.
Memory required:  315K.
      Reps Time(s) DGEFA   DGESL  OVERHEAD    MFLOPS
------------------------------------------------------
r     4096   0.62  87.34%   0.00%  12.66%  10321.419 10321.419
r    65641  10.16  80.49%   1.83%  17.67%  10781.841 10753.666
u     4096   0.83  81.26%   7.62%  11.12%   7653.297  7653.297
u    49528  10.01  82.89%   2.95%  14.16%   7912.803  7892.362
r    64632   9.95  78.12%   3.46%  18.42%  10931.192 10838.331
u    49458  10.00  82.39%   2.33%  15.28%   8018.217  7952.250
r    64930  10.00  77.93%   2.02%  20.05%  11153.287 10938.970
u    49462   9.95  82.25%   2.37%  15.38%   8065.520  7988.627
r    64930   9.98  79.59%   3.39%  17.03%  10765.488 10895.823
u    49695  10.05  83.52%   3.10%  13.39%   7841.871  7952.059
r    65040  10.06  80.53%   2.76%  16.71%  10658.902 10848.193
u    49457  10.02  82.77%   2.04%  15.20%   7996.344  7960.722
LINPACK benchmark ./linpack-goldmont-plus, Double precision.
Machine precision:  15 digits.
Array size 200 X 200.
Memory required:  315K.
      Reps Time(s) DGEFA   DGESL  OVERHEAD    MFLOPS
------------------------------------------------------
r     4096   0.81  73.65%   0.00%  26.35%   9406.644  9406.644
r    50443  10.20  79.05%   2.15%  18.80%   8362.512  8432.811
u     4096   0.64  70.58%   5.01%  24.41%  11646.322 11646.322
u    64100   9.99  73.37%   3.26%  23.37%  11504.269 11512.703
r    49444  10.00  78.80%   2.78%  18.42%   8323.498  8380.477
u    64196  10.05  70.90%   3.57%  25.52%  11783.281 11642.335
r    49444   9.98  81.90%   2.19%  15.91%   8087.553  8283.787
u    63902   9.94  68.41%   4.70%  26.89%  12078.000 11780.671
r    49523   9.98  80.85%   1.56%  17.59%   8265.871  8279.408
u    64300  10.05  73.40%   2.05%  24.55%  11649.780 11748.102
r    49602  10.02  83.15%   1.90%  14.96%   7998.131  8222.614
u    64005  10.05  71.99%   4.66%  23.35%  11414.128 11680.710
LINPACK benchmark ./linpackC-goldmont-plus, Double precision.
Machine precision:  15 digits.
Array size 200 X 200.
Memory required:  315K.
      Reps Time(s) DGEFA   DGESL  OVERHEAD    MFLOPS
------------------------------------------------------
r     4096   0.62  84.62%   2.56%  12.82%  10340.392 10340.392
r    65641  10.11  78.18%   2.32%  19.50%  11077.288 11031.116
u     4096   0.84  89.09%   1.78%   9.13%   7343.568  7343.568
u    48588  10.12  83.65%   2.50%  13.85%   7649.607  7624.902
r    64933  10.53  79.82%   2.82%  17.36%  10247.604 10638.909
u    47988  10.26  83.87%   2.58%  13.55%   7427.423  7529.475
r    61664   9.88  79.38%   2.35%  18.27%  10492.532 10592.498
u    46753   9.53  82.96%   2.61%  14.43%   7871.454  7634.664
r    62444   9.64  77.95%   2.44%  19.62%  11066.773 10703.182
u    49048  10.06  84.17%   2.35%  13.49%   7737.996  7660.201
r    64775  10.00  77.95%   3.00%  19.05%  10987.854 10758.986
u    48745   9.86  84.42%   2.97%  12.61%   7770.532  7681.883
LINPACK benchmark ./linpack-ivybridge, Double precision.
Machine precision:  15 digits.
Array size 200 X 200.
Memory required:  315K.
      Reps Time(s) DGEFA   DGESL  OVERHEAD    MFLOPS
------------------------------------------------------
r     4096   0.70  75.36%   0.00%  24.64%  10633.598 10633.598
r    58347  10.00  76.36%   3.60%  20.04%  10022.499 10060.424
u     4096   0.66  71.80%   0.00%  28.20%  11943.043 11943.043
u    62439  10.14  76.42%   3.53%  20.05%  10577.225 10652.219
r    58352   9.95  77.57%   2.51%  19.92%  10054.799 10057.706
u    61576   9.74  76.46%   2.58%  20.96%  10989.522 10811.719
r    58633   9.97  74.85%   2.33%  22.83%  10468.364 10188.309
u    63245  10.05  78.18%   2.02%  19.80%  10778.911 10800.854
r    58827  10.08  79.75%   1.73%  18.53%   9840.326 10100.121
u    62949  10.02  75.63%   2.46%  21.91%  11053.569 10862.327
r    58377  10.00  77.04%   3.75%  19.21%   9923.392 10064.845
u    62848   9.92  76.72%   2.36%  20.93%  11002.072 10889.736
LINPACK benchmark ./linpackC-ivybridge, Double precision.
Machine precision:  15 digits.
Array size 200 X 200.
Memory required:  315K.
      Reps Time(s) DGEFA   DGESL  OVERHEAD    MFLOPS
------------------------------------------------------
r     4096   0.66  78.47%   7.33%  14.20%  10009.205 10009.205
r    62534   9.84  80.15%   2.70%  17.15%  10529.675 10496.123
u     4096   0.81  88.29%   0.00%  11.71%   7856.387  7856.387
u    50505  10.03  88.06%   2.35%   9.59%   7648.897  7664.081
r    63524   9.97  76.84%   3.57%  19.59%  10881.829 10680.898
u    50353   9.98  87.57%   2.96%   9.48%   7652.036  7658.298
r    63715  10.00  81.48%   2.81%  15.71%  10381.057 10580.463
u    50438  10.02  86.81%   2.03%  11.16%   7784.692  7698.871
r    63715  10.00  80.48%   2.37%  17.15%  10562.764 10576.079
u    50357  10.00  87.15%   1.56%  11.29%   7795.846  7722.382
r    63721   9.98  78.82%   3.09%  18.09%  10701.990 10600.814
u    50357  10.08  84.79%   2.17%  13.04%   7891.025  7754.970
LINPACK benchmark ./linpack-k8, Double precision.
Machine precision:  15 digits.
Array size 200 X 200.
Memory required:  315K.
      Reps Time(s) DGEFA   DGESL  OVERHEAD    MFLOPS
------------------------------------------------------
r     1024   0.87  98.17%   0.00%   1.83%   1639.037  1639.037
r    11716   9.92  92.94%   2.21%   4.85%   1704.446  1698.997
u     1024   0.87  91.08%   0.00%   8.92%   1766.700  1766.700
u    11716   9.97  93.29%   2.51%   4.20%   1684.990  1691.278
r    11809  10.03  91.47%   3.74%   4.80%   1698.366  1698.693
u    11753   9.98  92.04%   2.33%   5.63%   1712.914  1701.591
r    11773  10.00  91.62%   2.67%   5.71%   1714.919  1703.918
u    11770  10.03  93.93%   2.63%   3.44%   1668.814  1690.812
r    11774   9.98  93.20%   1.84%   4.96%   1704.039  1703.948
u    11733   9.97  92.65%   1.90%   5.46%   1709.817  1695.419
r    11792  10.05  93.61%   2.68%   3.71%   1674.007  1697.968
u    11770  10.02  92.09%   3.10%   4.81%   1695.598  1695.454
LINPACK benchmark ./linpackC-k8, Double precision.
Machine precision:  15 digits.
Array size 200 X 200.
Memory required:  315K.
      Reps Time(s) DGEFA   DGESL  OVERHEAD    MFLOPS
------------------------------------------------------
r     4096   0.64  80.44%   2.50%  17.06%  10613.535 10613.535
r    64100  10.05  77.22%   3.56%  19.21%  10846.558 10832.274
u     4096   0.80  94.09%   2.01%   3.90%   7362.792  7362.792
u    51522  10.39  85.45%   1.80%  12.75%   7805.502  7771.091
r    63806  10.03  80.04%   2.97%  16.99%  10523.226 10680.654
u    49588  10.00  80.99%   1.72%  17.29%   8233.690  7982.481
r    63608  10.02  78.83%   3.90%  17.26%  10542.480 10635.327
u    49588  10.02  82.91%   2.02%  15.08%   8007.155  7990.369
r    63512   9.97  78.82%   1.89%  19.29%  10840.560 10684.909
u    49513   9.97  84.65%   2.36%  12.99%   7840.177  7953.444
r    63709  10.00  80.74%   2.79%  16.47%  10474.523 10642.723
u    49671   9.97  82.98%   2.34%  14.69%   8021.500  7966.663
LINPACK benchmark ./linpack-k8-sse3, Double precision.
Machine precision:  15 digits.
Array size 200 X 200.
Memory required:  315K.
      Reps Time(s) DGEFA   DGESL  OVERHEAD    MFLOPS
------------------------------------------------------
r     1024   0.86  98.25%   1.75%   0.00%   1639.037  1639.037
r    11934  10.11  92.72%   2.17%   5.11%   1708.649  1702.933
u     1024   0.87  89.12%   1.83%   9.05%   1771.150  1771.150
u    11729   9.95  92.17%   2.98%   4.84%   1700.752  1706.198
r    11805  10.02  92.56%   2.64%   4.80%   1700.462  1701.754
u    11784  10.03  91.44%   3.60%   4.96%   1697.615  1702.065
r    11787  10.00  92.43%   1.83%   5.74%   1717.322  1706.744
u    11747   9.98  93.27%   1.72%   5.01%   1701.028  1701.729
r    11787  10.01  91.93%   3.39%   4.67%   1695.557  1704.002
u    11765  10.03  92.00%   2.36%   5.63%   1707.054  1703.030
r    11769  10.00  93.27%   2.50%   4.23%   1687.664  1700.778
u    11729   9.98  93.45%   1.73%   4.82%   1695.025  1701.453
LINPACK benchmark ./linpackC-k8-sse3, Double precision.
Machine precision:  15 digits.
Array size 200 X 200.
Memory required:  315K.
      Reps Time(s) DGEFA   DGESL  OVERHEAD    MFLOPS
------------------------------------------------------
r     4096   0.64  85.60%   4.85%   9.55%   9732.134  9732.134
r    64100   9.92  79.10%   2.36%  18.54%  10892.188 10814.762
u     4096   0.83  86.70%   0.00%  13.30%   7845.430  7845.430
u    49528   9.97  86.11%   1.71%  12.19%   7769.986  7775.697
r    64603  10.05  79.74%   2.47%  17.79%  10742.397 10779.437
u    49682  10.00  85.43%   2.83%  11.74%   7730.563  7753.925
r    64307   9.97  78.42%   4.38%  17.20%  10699.654 10753.277
u    49682   9.98  84.24%   2.04%  13.72%   7919.901  7807.057
r    64513   9.98  79.81%   2.51%  17.68%  10780.951 10760.088
u    49756   9.98  84.50%   2.05%  13.45%   7907.832  7831.550
r    64622  10.05  80.30%   3.57%  16.12%  10531.333 10713.990
u    49835  10.02  84.91%   2.61%  12.48%   7808.336  7826.959
LINPACK benchmark ./linpack-nano, Double precision.
Machine precision:  15 digits.
Array size 200 X 200.
Memory required:  315K.
      Reps Time(s) DGEFA   DGESL  OVERHEAD    MFLOPS
------------------------------------------------------
r     1024   0.87  91.08%   5.26%   3.66%   1670.182  1670.182
r    11716   9.95  94.54%   1.69%   3.77%   1680.064  1679.265
u     1024   0.86  92.77%   1.86%   5.36%   1731.888  1731.888
u    11934  10.17  92.64%   2.44%   4.93%   1694.867  1697.735
r    11772  10.00  91.29%   3.12%   5.59%   1712.412  1695.022
u    11733  10.00  92.51%   3.13%   4.36%   1684.965  1691.642
r    11772   9.98  91.62%   2.76%   5.62%   1715.501  1701.613
u    11734   9.98  92.97%   2.81%   4.22%   1685.109  1689.532
r    11789   9.98  94.07%   2.79%   3.14%   1674.101  1694.783
u    11752   9.98  91.93%   2.17%   5.90%   1718.055  1696.402
r    11807  10.03  92.05%   3.73%   4.22%   1687.651  1693.371
u    11772  10.05  92.86%   2.32%   4.82%   1690.566  1695.253
LINPACK benchmark ./linpack-nano-1000, Double precision.
Machine precision:  15 digits.
Array size 200 X 200.
Memory required:  315K.
      Reps Time(s) DGEFA   DGESL  OVERHEAD    MFLOPS
------------------------------------------------------
r     1024   0.86  96.39%   1.75%   1.86%   1670.182  1670.182
r    11934  10.12  90.29%   3.45%   6.26%   1726.832  1722.216
u     1024   0.87  89.36%   3.55%   7.09%   1731.888  1731.888
u    11716   9.97  92.93%   3.00%   4.07%   1682.700  1686.550
r    11786  10.00  93.19%   1.83%   4.98%   1703.442  1713.222
u    11753  10.02  92.18%   2.84%   4.98%   1696.173  1691.154
r    11786  10.02  93.13%   2.52%   4.35%   1689.749  1705.578
u    11735   9.98  91.52%   2.64%   5.84%   1714.293  1698.580
r    11768  10.00  91.09%   2.05%   6.86%   1735.171  1712.695
u    11753  10.02  92.67%   2.64%   4.69%   1691.020  1696.722
r    11768  10.02  93.02%   2.94%   4.04%   1681.726  1706.538
u    11735  10.00  92.54%   2.80%   4.66%   1690.378  1695.472
LINPACK benchmark ./linpack-nano-2000, Double precision.
Machine precision:  15 digits.
Array size 200 X 200.
Memory required:  315K.
      Reps Time(s) DGEFA   DGESL  OVERHEAD    MFLOPS
------------------------------------------------------
r     1024   0.87  92.68%   0.00%   7.32%   1736.165  1736.165
r    11716   9.94  93.22%   2.22%   4.56%   1696.539  1699.657
u     1024   0.87  87.41%   3.66%   8.92%   1766.700  1766.700
u    11716   9.98  93.27%   2.04%   4.69%   1690.834  1696.690
r    11790  10.02  92.20%   2.49%   5.31%   1707.434  1703.386
u    11734   9.98  91.26%   2.65%   6.09%   1718.717  1707.180
r    11772  10.00  91.65%   2.36%   5.99%   1719.698  1708.642
u    11752  10.02  92.41%   2.81%   4.78%   1692.472  1702.381
r    11772  10.00  92.83%   3.42%   3.75%   1679.676  1701.457
u    11734  10.00  92.80%   2.36%   4.84%   1693.609  1700.226
r    11772   9.98  91.99%   1.74%   6.27%   1727.600  1706.537
u    11735   9.97  92.99%   2.97%   4.04%   1684.724  1697.156
LINPACK benchmark ./linpack-nano-3000, Double precision.
Machine precision:  15 digits.
Array size 200 X 200.
Memory required:  315K.
      Reps Time(s) DGEFA   DGESL  OVERHEAD    MFLOPS
------------------------------------------------------
r     1024   0.87  93.02%   3.55%   3.43%   1666.224  1666.224
r    11716   9.95  92.49%   2.19%   5.31%   1707.340  1703.961
u     1024   0.87  89.12%   3.55%   7.33%   1738.311  1738.311
u    11729   9.97  92.21%   3.11%   4.68%   1695.382  1698.751
r    11771  10.00  92.62%   2.35%   5.03%   1702.170  1703.100
u    11766  10.02  92.66%   3.29%   4.05%   1681.615  1690.484
r    11771  10.00  93.51%   2.14%   4.35%   1690.069  1698.850
u    11748  10.02  90.99%   3.58%   5.42%   1703.328  1694.624
r    11771  10.00  92.37%   2.33%   5.30%   1707.203  1700.889
u    11730   9.97  91.89%   3.60%   4.50%   1692.143  1694.017
r    11772  10.00  91.86%   3.29%   4.85%   1699.273  1700.571
u    11766  10.02  91.27%   4.23%   4.49%   1689.174  1693.061
LINPACK benchmark ./linpack-nano-x2, Double precision.
Machine precision:  15 digits.
Array size 200 X 200.
Memory required:  315K.
      Reps Time(s) DGEFA   DGESL  OVERHEAD    MFLOPS
------------------------------------------------------
r     1024   0.87  94.74%   1.72%   3.55%   1668.201  1668.201
r    11716   9.95  93.73%   2.04%   4.23%   1687.996  1686.387
u     1024   0.87  90.85%   1.83%   7.32%   1736.165  1736.165
u    11716   9.97  91.09%   2.37%   6.54%   1727.133  1727.856
r    11771  10.00  92.98%   1.56%   5.46%   1709.912  1697.603
u    11753  10.02  92.37%   2.83%   4.80%   1692.971  1710.939
r    11771   9.98  91.93%   2.83%   5.24%   1708.647  1701.170
u    11735  10.00  92.63%   2.66%   4.71%   1691.443  1704.574
r    11789  10.00  91.25%   3.15%   5.60%   1715.066  1704.557
u    11736   9.98  92.64%   2.99%   4.37%   1688.044  1700.500
r    11789   9.98  93.19%   2.31%   4.50%   1697.979  1703.258
u    11754   9.98  90.90%   3.31%   5.80%   1716.338  1703.594
LINPACK benchmark ./linpack-nano-x4, Double precision.
Machine precision:  15 digits.
Array size 200 X 200.
Memory required:  315K.
      Reps Time(s) DGEFA   DGESL  OVERHEAD    MFLOPS
------------------------------------------------------
r     1024   0.87  91.08%   1.83%   7.09%   1731.888  1731.888
r    11716   9.95  92.79%   2.62%   4.59%   1694.395  1697.348
u     1024   0.87  85.80%   5.38%   8.82%   1766.700  1766.700
u    11729   9.99  92.49%   3.76%   3.76%   1676.153  1683.079
r    11771  10.00  92.21%   2.20%   5.59%   1712.448  1704.566
u    11746  10.00  93.59%   2.19%   4.22%   1684.190  1683.612
r    11772  10.00  93.16%   2.79%   4.05%   1684.928  1698.144
u    11746  10.02  93.09%   2.04%   4.87%   1693.206  1686.709
r    11772  10.00  91.78%   3.59%   4.63%   1695.175  1697.416
u    11728   9.98  92.03%   3.43%   4.55%   1690.256  1687.575
r    11772  10.02  94.58%   1.41%   4.01%   1681.598  1694.280
u    11747  10.00  93.98%   1.54%   4.48%   1688.918  1687.839
LINPACK benchmark ./linpack-native, Double precision.
Machine precision:  15 digits.
Array size 200 X 200.
Memory required:  315K.
      Reps Time(s) DGEFA   DGESL  OVERHEAD    MFLOPS
------------------------------------------------------
r     4096   0.70  84.33%   2.28%  13.39%   9251.930  9251.930
r    58347   9.95  75.72%   2.96%  21.31%  10232.394 10161.755
u     4096   0.64  82.94%   0.00%  17.06%  10613.535 10613.535
u    64100  10.14  77.01%   1.84%  21.14%  11009.338 10984.734
r    58628   9.98  77.99%   3.75%  18.27%   9865.922 10016.316
u    63214  10.02  76.90%   2.97%  20.13%  10853.093 10921.013
r    58716  10.02  78.19%   2.81%  19.00%   9940.414  9991.400
u    63119  10.00  76.69%   4.71%  18.60%  10649.070 10831.265
r    58628  10.00  76.89%   3.90%  19.21%   9966.059  9985.156
u    63119   9.95  77.79%   4.09%  18.12%  10637.308 10783.098
r    58628  10.00  78.01%   2.03%  19.96%  10060.701  9999.977
u    63423  10.05  76.73%   2.35%  20.92%  10962.986 10818.163
LINPACK benchmark ./linpack-nehalem, Double precision.
Machine precision:  15 digits.
Array size 200 X 200.
Memory required:  315K.
      Reps Time(s) DGEFA   DGESL  OVERHEAD    MFLOPS
------------------------------------------------------
r     4096   0.84  90.84%   3.69%   5.47%   7075.690  7075.690
r    48703  10.14  80.87%   3.82%  15.31%   7788.246  7727.872
u     4096   0.64  68.44%   2.34%  29.22%  12417.601 12417.601
u    63999   9.97  72.50%   2.02%  25.48%  11832.520 11866.151
r    48025   9.98  81.90%   2.78%  15.31%   7799.708  7761.924
u    64204   9.98  78.53%   2.98%  18.49%  10834.787 11342.195
r    48097  10.02  79.13%   2.67%  18.20%   8063.136  7856.716
u    64306  10.00  75.21%   2.49%  22.30%  11367.431 11350.437
r    48024  10.02  82.15%   2.79%  15.07%   7752.787  7831.117
u    64312   9.97  72.72%   3.14%  24.14%  11679.690 11429.857
r    47947   9.97  79.76%   2.03%  18.22%   8077.430  7878.153
u    64511  10.06  73.30%   1.25%  25.45%  11811.106 11503.465
LINPACK benchmark ./linpackC-nehalem, Double precision.
Machine precision:  15 digits.
Array size 200 X 200.
Memory required:  315K.
      Reps Time(s) DGEFA   DGESL  OVERHEAD    MFLOPS
------------------------------------------------------
r     4096   0.64  85.45%   2.50%  12.05%  10009.205 10009.205
r    64100   9.56  79.83%   1.79%  18.39%  11280.198 11194.817
u     4096   0.81  84.59%   5.80%   9.62%   7674.179  7674.179
u    50505  10.39  84.23%   2.57%  13.21%   7691.306  7690.019
r    67036  10.00  79.40%   3.11%  17.49%  11157.772 11176.423
u    48609  10.00  86.13%   3.58%  10.29%   7441.351  7570.865
r    67036  10.14  80.30%   3.37%  16.33%  10851.341 11066.547
u    48609   9.72  85.49%   2.56%  11.95%   7800.463  7642.892
r    66110   9.84  79.42%   4.43%  16.15%  11000.977 11050.322
u    50014  10.02  83.51%   4.51%  11.97%   7791.050  7679.078
r    67164   9.97  80.07%   1.58%  18.35%  11331.518 11105.485
u    49939  10.00  84.89%   1.75%  13.36%   7915.846  7724.908
LINPACK benchmark ./linpack-nocona, Double precision.
Machine precision:  15 digits.
Array size 200 X 200.
Memory required:  315K.
      Reps Time(s) DGEFA   DGESL  OVERHEAD    MFLOPS
------------------------------------------------------
r     4096   0.84  81.49%   3.68%  14.83%   7834.503  7834.503
r    48588  10.17  85.45%   3.84%  10.71%   7347.227  7382.928
u     4096   0.89  85.84%   7.08%   7.08%   6801.902  6801.902
u    46022   9.87  82.69%   2.35%  14.96%   7526.920  7461.917
r    47771   9.95  83.71%   2.81%  13.47%   7617.918  7492.842
u    46609   9.98  82.35%   4.39%  13.26%   7391.420  7427.780
r    47996   9.98  82.29%   3.10%  14.60%   7731.000  7568.220
u    46683  10.02  81.34%   2.65%  16.02%   7622.318  7490.007
r    48072  10.03  81.77%   4.06%  14.18%   7668.589  7592.528
u    46613  10.02  84.61%   2.36%  13.03%   7349.620  7455.076
r    47923  10.03  82.61%   4.05%  13.34%   7570.948  7588.288
u    46543   9.98  86.07%   2.36%  11.57%   7239.671  7411.689
LINPACK benchmark ./linpackC-nocona, Double precision.
Machine precision:  15 digits.
Array size 200 X 200.
Memory required:  315K.
      Reps Time(s) DGEFA   DGESL  OVERHEAD    MFLOPS
------------------------------------------------------
r     4096   0.62  79.97%   0.00%  20.03%  11272.892 11272.892
r    65641  10.12  78.31%   4.77%  16.92%  10717.747 10748.838
u     4096   0.83  90.57%   0.00%   9.43%   7510.245  7510.245
u    49528   9.94  84.42%   2.98%  12.60%   7831.716  7806.193
r    64837   9.98  79.44%   1.87%  18.69%  10968.565 10853.592
u    49842  10.02  86.49%   2.94%  10.57%   7642.885  7726.662
r    64940  10.03  79.52%   3.89%  16.59%  10659.049 10789.495
u    49767   9.98  82.44%   1.85%  15.71%   8121.041  7850.481
r    64739   9.98  79.85%   2.93%  17.22%  10757.196 10781.564
u    49846  10.02  84.52%   2.48%  13.00%   7855.769  7851.778
r    64842  10.00  81.99%   2.49%  15.52%  10542.166 10733.539
u    49766  10.00  83.93%   3.45%  12.62%   7821.619  7845.824
LINPACK benchmark ./linpack-opteron, Double precision.
Machine precision:  15 digits.
Array size 200 X 200.
Memory required:  315K.
      Reps Time(s) DGEFA   DGESL  OVERHEAD    MFLOPS
------------------------------------------------------
r     1024   0.87  91.19%   0.00%   8.81%   1764.483  1764.483
r    11716   9.92  92.56%   2.84%   4.60%   1699.944  1704.957
u     1024   0.87  91.18%   3.55%   5.27%   1700.476  1700.476
u    11729   9.97  92.75%   2.85%   4.40%   1690.223  1691.042
r    11809   9.97  93.24%   2.68%   4.08%   1696.057  1700.664
u    11765  10.00  93.90%   2.02%   4.08%   1684.452  1687.873
r    11845  10.05  91.25%   2.14%   6.61%   1733.866  1711.330
u    11765  10.02  92.94%   2.05%   5.01%   1698.441  1691.285
r    11790  10.00  94.71%   1.56%   3.73%   1682.069  1704.076
u    11747   9.98  91.24%   3.44%   5.33%   1706.606  1695.007
r    11791   9.98  93.81%   1.69%   4.50%   1698.267  1702.931
u    11764  10.02  93.14%   3.60%   3.26%   1667.447  1689.513
LINPACK benchmark ./linpackC-opteron, Double precision.
Machine precision:  15 digits.
Array size 200 X 200.
Memory required:  315K.
      Reps Time(s) DGEFA   DGESL  OVERHEAD    MFLOPS
------------------------------------------------------
r     4096   0.66  76.03%   2.44%  21.53%  10943.917 10943.917
r    62534   9.92  82.05%   1.89%  16.06%  10312.203 10348.926
u     4096   0.83  81.02%   3.75%  15.24%   8024.498  8024.498
u    49528  10.03  80.96%   3.40%  15.64%   8038.106  8037.065
r    63031  10.02  80.92%   2.92%  16.17%  10309.978 10329.956
u    49374  10.05  84.10%   2.14%  13.76%   7825.385  7934.181
r    62936   9.97  79.30%   2.82%  17.88%  10558.528 10403.551
u    49143   9.92  80.90%   3.17%  15.92%   8090.352  7983.963
r    63138  10.02  80.74%   3.55%  15.71%  10271.206 10370.560
u    49529  10.06  81.83%   3.28%  14.89%   7942.530  7973.747
r    63043  10.00  80.30%   2.98%  16.72%  10397.388 10375.855
u    49223   9.98  81.93%   2.81%  15.25%   7988.606  7976.658
LINPACK benchmark ./linpack-opteron-sse3, Double precision.
Machine precision:  15 digits.
Array size 200 X 200.
Memory required:  315K.
      Reps Time(s) DGEFA   DGESL  OVERHEAD    MFLOPS
------------------------------------------------------
r     1024   0.87  92.67%   1.83%   5.50%   1704.598  1704.598
r    11729   9.97  91.52%   3.13%   5.35%   1707.061  1706.863
u     1024   0.87  93.02%   0.00%   6.98%   1729.758  1729.758
u    11716   9.97  93.23%   3.32%   3.45%   1672.033  1676.530
r    11765   9.98  91.26%   2.20%   6.54%   1731.383  1718.542
u    11754   9.98  90.83%   3.43%   5.75%   1715.426  1694.973
r    11782  10.02  93.42%   2.50%   4.08%   1684.428  1707.319
u    11772   9.98  93.41%   2.32%   4.27%   1691.450  1693.828
r    11764   9.98  93.26%   2.34%   4.40%   1692.603  1703.693
u    11790  10.02  91.48%   3.56%   4.95%   1700.977  1695.576
r    11782  10.00  94.27%   1.86%   3.87%   1683.201  1699.620
u    11772  10.02  91.86%   2.97%   5.17%   1702.314  1696.898
LINPACK benchmark ./linpackC-opteron-sse3, Double precision.
Machine precision:  15 digits.
Array size 200 X 200.
Memory required:  315K.
      Reps Time(s) DGEFA   DGESL  OVERHEAD    MFLOPS
------------------------------------------------------
r     4096   0.64  80.59%   4.85%  14.55%  10302.515 10302.515
r    64100   9.97  77.65%   4.07%  18.28%  10805.286 10773.708
u     4096   0.83  84.89%   0.00%  15.11%   8013.067  8013.067
u    49528  10.00  81.44%   2.37%  16.19%   8115.792  8107.853
r    64299   9.98  81.10%   2.96%  15.94%  10521.144 10649.643
u    49528   9.95  84.80%   2.03%  13.17%   7870.684  7992.219
r    64402   9.98  77.65%   4.20%  18.15%  10822.983 10705.725
u    49761   9.95  81.97%   1.42%  16.62%   8234.539  8069.494
r    64505  10.00  81.83%   3.41%  14.76%  10392.640 10626.727
u    49995  10.05  82.26%   2.61%  15.13%   8052.991  8065.422
r    64505  10.02  76.74%   2.02%  21.24%  11230.587 10741.035
u    49766  10.00  81.93%   1.56%  16.51%   8186.047  8088.898
LINPACK benchmark ./linpackC-penryn, Double precision.
Machine precision:  15 digits.
Array size 200 X 200.
Memory required:  315K.
      Reps Time(s) DGEFA   DGESL  OVERHEAD    MFLOPS
------------------------------------------------------
r     4096   0.64  90.47%   0.00%   9.53%   9715.325  9715.325
r    64000   9.98  77.03%   4.36%  18.61%  10817.641 10744.314
u     4096   0.83  79.44%   3.63%  16.93%   8188.025  8188.025
u    49528  10.19  81.74%   5.05%  13.21%   7693.525  7729.180
r    64108  10.02  78.14%   4.04%  17.81%  10696.350 10721.001
u    48618  10.00  85.71%   2.95%  11.34%   7531.723  7634.010
r    64011   9.95  78.16%   2.84%  19.00%  10902.696 10779.606
u    48622  10.03  82.90%   4.69%  12.41%   7600.935  7623.319
r    64306  10.00  79.82%   3.78%  16.40%  10563.825 10725.528
u    48476   9.98  84.25%   4.17%  11.58%   7541.199  7603.185
r    64306  10.02  79.95%   3.15%  16.90%  10612.061 10702.873
u    48553  10.00  82.87%   4.06%  13.07%   7670.477  7616.272
LINPACK benchmark ./linpack-sandybridge, Double precision.
Machine precision:  15 digits.
Array size 200 X 200.
Memory required:  315K.
      Reps Time(s) DGEFA   DGESL  OVERHEAD    MFLOPS
------------------------------------------------------
r     4096   0.70  84.76%   2.14%  13.11%   9221.596  9221.596
r    58347   9.92  77.26%   2.81%  19.93%  10086.843 10025.141
u     4096   0.64  80.47%   0.00%  19.53%  10922.667 10922.667
u    63999  10.09  78.68%   2.16%  19.16%  10772.394 10781.316
r    58811   9.98  75.55%   3.16%  21.29%  10278.329 10146.366
u    63409  10.00  74.08%   3.42%  22.50%  11236.348 10996.032
r    58905  10.01  73.53%   3.11%  23.36%  10540.221 10271.863
u    63409  10.00  71.39%   3.13%  25.48%  11685.681 11211.280
r    58816  10.02  75.38%   3.25%  21.37%  10255.710 10267.883
u    63409  10.00  76.91%   3.15%  19.94%  10878.413 11127.700
r    58722  10.00  74.12%   3.75%  22.13%  10357.678 10285.472
u    63415   9.98  79.19%   1.88%  18.93%  10759.814 11053.212
LINPACK benchmark ./linpackC-sandybridge, Double precision.
Machine precision:  15 digits.
Array size 200 X 200.
Memory required:  315K.
      Reps Time(s) DGEFA   DGESL  OVERHEAD    MFLOPS
------------------------------------------------------
r     4096   0.64  82.94%   4.85%  12.21%  10027.047 10027.047
r    64100  10.03  79.81%   2.78%  17.41%  10625.307 10587.366
u     4096   0.81  90.63%   0.00%   9.37%   7653.297  7653.297
u    50505  10.00  87.11%   1.53%  11.36%   7825.815  7812.604
r    63901   9.98  81.33%   3.88%  14.79%  10314.689 10453.683
u    50510   9.98  87.70%   2.32%   9.98%   7717.742  7766.730
r    63996  10.02  82.62%   2.64%  14.75%  10292.521 10400.535
u    50590  10.02  84.69%   2.49%  12.82%   7957.500  7827.703
r    63893  10.00  77.36%   2.00%  20.64%  11058.146 10554.790
u    50514  10.00  88.93%   2.02%   9.05%   7627.549  7777.709
r    63899   9.95  79.06%   3.28%  17.66%  10708.313 10584.729
u    50514  10.00  87.99%   2.34%   9.67%   7679.903  7758.268
LINPACK benchmark ./linpack-silvermont, Double precision.
Machine precision:  15 digits.
Array size 200 X 200.
Memory required:  315K.
      Reps Time(s) DGEFA   DGESL  OVERHEAD    MFLOPS
------------------------------------------------------
r     4096   0.83  71.58%   1.81%  26.60%   9267.172  9267.172
r    49528  10.01  79.87%   1.08%  19.05%   8390.089  8451.185
u     4096   0.64  75.31%   2.34%  22.34%  11318.256 11318.256
u    64000   9.97  74.72%   3.46%  21.82%  11278.498 11280.881
r    49453  10.00  77.19%   2.20%  20.61%   8554.661  8500.515
u    64205   9.98  74.83%   3.28%  21.90%  11307.369 11293.720
r    49453  10.00  80.12%   1.42%  18.46%   8329.097  8444.170
u    64307   9.95  71.53%   2.64%  25.83%  11963.553 11504.402
r    49453  10.00  80.94%   1.86%  17.20%   8203.340  8383.908
u    64610  10.09  72.65%   3.74%  23.61%  11508.569 11505.433
r    49457  10.02  80.15%   2.18%  17.67%   8236.836  8354.566
u    64014   9.97  72.21%   2.98%  24.81%  11729.494 11548.854
LINPACK benchmark ./linpackC-silvermont, Double precision.
Machine precision:  15 digits.
Array size 200 X 200.
Memory required:  315K.
      Reps Time(s) DGEFA   DGESL  OVERHEAD    MFLOPS
------------------------------------------------------
r     4096   0.62  79.97%   0.00%  20.03%  11272.892 11272.892
r    65641  10.11  79.28%   2.16%  18.56%  10950.799 10969.207
u     4096   0.81  82.64%   0.00%  17.36%   8383.269  8383.269
u    50443  10.05  84.70%   2.50%  12.80%   7908.111  7941.918
r    64939  10.05  80.06%   2.83%  17.11%  10708.801 10842.080
u    50212  10.02  85.69%   2.99%  11.32%   7764.645  7855.944
r    64635   9.98  80.77%   2.64%  16.59%  10659.950 10782.338
u    50136  10.00  86.72%   1.86%  11.42%   7772.146  7828.622
r    64745   9.94  76.78%   2.04%  21.17%  11351.521 10916.551
u    50130   9.97  85.96%   2.69%  11.36%   7791.444  7819.498
r    65155  10.06  79.26%   1.54%  19.20%  11004.739 10933.892
u    50290   9.98  86.54%   2.00%  11.46%   7812.775  7818.173
LINPACK benchmark ./linpack-slm, Double precision.
Machine precision:  15 digits.
Array size 200 X 200.
Memory required:  315K.
      Reps Time(s) DGEFA   DGESL  OVERHEAD    MFLOPS
------------------------------------------------------
r     4096   0.84  83.63%   1.78%  14.59%   7812.741  7812.741
r    48588   9.83  76.76%   2.86%  20.38%   8528.569  8468.246
u     4096   0.64  73.24%   0.00%  26.76%  12019.601 12019.601
u    64100   9.99  73.67%   2.98%  23.35%  11501.263 11531.130
r    49443  10.65  77.52%   1.90%  20.58%   8025.259  8247.834
u    64196  10.11  73.12%   3.41%  23.46%  11394.921 11464.679
r    46407   9.38  81.73%   1.79%  16.48%   8138.460  8213.347
u    63503   9.89  75.76%   2.98%  21.26%  11198.098 11376.882
r    49495  10.02  76.49%   2.21%  21.31%   8624.938  8312.493
u    64202   9.98  70.92%   1.69%  27.39%  12163.160 11561.363
r    49420   9.97  80.98%   2.52%  16.50%   8153.548  8280.255
u    64311  10.02  71.04%   3.29%  25.67%  11864.648 11620.248
LINPACK benchmark ./linpackC-slm, Double precision.
Machine precision:  15 digits.
Array size 200 X 200.
Memory required:  315K.
      Reps Time(s) DGEFA   DGESL  OVERHEAD    MFLOPS
------------------------------------------------------
r     4096   0.61  84.89%   2.46%  12.64%  10573.634 10573.634
r    67257  10.37  78.35%   1.91%  19.74%  11093.716 11062.481
u     4096   0.81  90.26%   1.85%   7.89%   7530.353  7530.353
u    50505  10.09  86.30%   2.16%  11.54%   7768.840  7750.426
r    64832  10.02  79.29%   2.61%  18.10%  10854.071 10962.277
u    50039   9.98  86.46%   2.38%  11.16%   7747.489  7749.021
r    64728   9.97  81.38%   3.78%  14.84%  10470.332 10798.815
u    50119  10.12  83.67%   1.39%  14.93%   7992.347  7826.185
r    64929  10.05  80.16%   3.10%  16.74%  10659.792 10764.526
u    49505   9.86  85.99%   2.20%  11.81%   7819.076  7824.461
r    64625   9.97  78.91%   2.64%  18.45%  10917.907 10794.181
u    50213  10.05  84.87%   1.55%  13.58%   7941.862  7847.350
LINPACK benchmark ./linpack-tremont, Double precision.
Machine precision:  15 digits.
Array size 200 X 200.
Memory required:  315K.
      Reps Time(s) DGEFA   DGESL  OVERHEAD    MFLOPS
------------------------------------------------------
r     4096   0.83  79.44%   1.81%  18.74%   8370.794  8370.794
r    49528  10.01  77.81%   2.48%  19.71%   8458.955  8452.155
u     4096   0.65  73.59%   7.18%  19.24%  10633.598 10633.598
u    62534   9.75  71.82%   4.31%  23.88%  11571.009 11508.640
r    49453   9.99  80.16%   1.87%  17.97%   8291.473  8374.295
u    64137  10.00  75.09%   3.12%  21.79%  11262.176 11386.424
r    49527   9.98  82.93%   1.10%  15.97%   8106.923  8285.608
u    64137  10.00  71.91%   3.30%  24.79%  11712.963 11491.850
r    49606  10.02  80.24%   2.15%  17.61%   8255.644  8278.237
u    64143  10.01  73.30%   3.91%  22.79%  11392.876 11467.183
r    49526  10.02  80.38%   1.24%  18.38%   8319.964  8286.413
u    64053   9.94  73.33%   3.14%  23.53%  11576.013 11488.595
LINPACK benchmark ./linpackC-tremont, Double precision.
Machine precision:  15 digits.
Array size 200 X 200.
Memory required:  315K.
      Reps Time(s) DGEFA   DGESL  OVERHEAD    MFLOPS
------------------------------------------------------
r     4096   0.64  85.29%   0.00%  14.71%  10321.419 10321.419
r    64100   9.91  78.43%   3.18%  18.39%  10888.147 10852.357
u     4096   0.83  83.07%   3.87%  13.06%   7823.607  7823.607
u    49528   9.98  82.71%   2.34%  14.94%   8009.710  7995.183
r    64701   9.97  79.54%   3.02%  17.44%  10796.603 10825.141
u    49607  10.02  84.37%   2.68%  12.95%   7814.516  7907.333
r    64902  10.03  78.37%   2.19%  19.44%  11029.833 10891.462
u    49532  10.00  83.12%   2.21%  14.67%   7972.802  7928.443
r    64701  10.02  80.39%   2.61%  17.00%  10688.805 10840.801
u    49536  10.00  83.17%   2.97%  13.86%   7898.460  7921.080
r    64597   9.98  80.63%   2.51%  16.86%  10687.051 10810.088
u    49540  10.02  80.34%   3.42%  16.24%   8110.017  7957.548
LINPACK benchmark ./linpack-westmere, Double precision.
Machine precision:  15 digits.
Array size 200 X 200.
Memory required:  315K.
      Reps Time(s) DGEFA   DGESL  OVERHEAD    MFLOPS
------------------------------------------------------
r     4096   0.86  76.22%   5.48%  18.30%   8024.498  8024.498
r    47738   9.92  79.84%   2.54%  17.62%   8021.557  8021.789
u     4096   0.64  68.59%   2.50%  28.91%  12363.018 12363.018
u    63999  10.33  75.62%   3.97%  20.41%  10693.753 10781.316
r    48118  10.27  79.69%   3.19%  17.12%   7767.049  7897.101
u    61972   9.64  74.27%   2.41%  23.32%  11513.557 11118.222
r    46871   9.77  78.80%   3.52%  17.67%   8006.158  7931.592
u    64286  10.12  76.34%   3.11%  20.55%  10975.399 11070.570
r    47994  10.02  81.25%   2.79%  15.97%   7831.721  7906.752
u    63498   9.89  75.38%   3.13%  21.48%  11228.936 11109.153
r    47922   9.97  77.88%   3.47%  18.65%   8116.029  7947.209
u    64197   9.91  72.01%   2.51%  25.48%  11943.089 11265.965
LINPACK benchmark ./linpackC-westmere, Double precision.
Machine precision:  15 digits.
Array size 200 X 200.
Memory required:  315K.
      Reps Time(s) DGEFA   DGESL  OVERHEAD    MFLOPS
------------------------------------------------------
r     4096   0.61  81.74%   5.26%  12.99%  10633.598 10633.598
r    67368  10.06  81.81%   2.36%  15.83%  10925.687 10908.513
u     4096   0.83  90.68%   5.57%   3.75%   7075.690  7075.690
u    49588   9.91  83.62%   3.79%  12.60%   7865.656  7799.220
r    66959  10.03  79.56%   2.81%  17.63%  11128.770 11013.958
u    50058  10.02  85.77%   2.19%  12.04%   7803.215  7801.147
r    66752  10.02  81.14%   2.03%  16.83%  11006.453 11011.515
u    49978  10.02  85.94%   3.15%  10.90%   7691.221  7765.064
r    66652   9.94  76.74%   2.51%  20.75%  11623.545 11155.543
u    49898   9.98  86.22%   1.25%  12.53%   7846.855  7784.950
r    67074  10.03  81.06%   3.43%  15.51%  10870.304 11097.907
u    49977  10.00  86.61%   2.36%  11.03%   7714.407  7770.946
LINPACK benchmark ./linpack-x86-64, Double precision.
Machine precision:  15 digits.
Array size 200 X 200.
Memory required:  315K.
      Reps Time(s) DGEFA   DGESL  OVERHEAD    MFLOPS
------------------------------------------------------
r     1024   0.87  96.45%   0.00%   3.55%   1670.182  1670.182
r    11729   9.97  92.28%   2.67%   5.06%   1701.831  1699.245
u     1024   0.87  92.91%   1.72%   5.38%   1700.476  1700.476
u    11716   9.97  91.99%   3.13%   4.88%   1696.897  1697.184
r    11765   9.98  93.58%   2.67%   3.75%   1681.297  1690.585
u    11753  10.00  92.04%   2.19%   5.77%   1712.914  1704.696
r    11783  10.00  93.88%   2.68%   3.44%   1675.848  1685.773
u    11753   9.98  92.19%   3.47%   4.35%   1690.135  1699.947
r    11783   9.98  91.85%   2.67%   5.48%   1714.738  1692.780
u    11771  10.00  91.78%   3.25%   4.97%   1701.274  1700.272
r    11801  10.03  92.78%   2.48%   4.74%   1695.972  1693.408
u    11772  10.03  92.99%   2.14%   4.86%   1694.109  1699.055
LINPACK benchmark ./linpackC-x86-64, Double precision.
Machine precision:  15 digits.
Array size 200 X 200.
Memory required:  315K.
      Reps Time(s) DGEFA   DGESL  OVERHEAD    MFLOPS
------------------------------------------------------
r     4096   0.62  82.69%   5.13%  12.18%  10264.915 10264.915
r    65641   9.76  80.05%   2.22%  17.73%  11222.081 11160.954
u     4096   0.83  88.75%   0.00%  11.25%   7663.724  7663.724
u    49528   9.91  86.01%   2.49%  11.50%   7758.464  7751.145
r    67227  10.02  79.41%   2.49%  18.10%  11255.038 11206.937
u    49997  10.02  85.10%   3.43%  11.46%   7743.605  7747.505
r    67119  10.14  77.80%   3.57%  18.63%  11172.941 11195.733
u    49922  10.05  85.53%   3.45%  11.02%   7668.853  7721.756
r    66198   9.86  80.47%   1.73%  17.80%  11216.770 11200.878
u    49688   9.98  85.31%   3.13%  11.57%   7729.745  7723.708
r    67137  10.02  80.43%   2.95%  16.63%  11042.093 11168.922
u    49772   9.97  86.91%   2.01%  11.08%   7711.366  7721.277
