LINPACK benchmark ./linpack-nocona, Double precision.
Machine precision:  15 digits.
Array size 200 X 200.
Memory required:  315K.
      Reps Time(s) DGEFA   DGESL  OVERHEAD    MFLOPS
------------------------------------------------------
r     4096   0.87  87.41%   1.72%  10.87%   7221.018  7221.018
r    46864   9.75  85.74%   1.62%  12.64%   7556.639  7528.514
u     4096   0.89  79.19%   5.29%  15.52%   7490.244  7490.244
u    46074   9.89  82.56%   3.48%  13.96%   7435.365  7439.816
r    48070  10.03  83.55%   3.36%  13.09%   7572.394  7549.750
u    46581  10.02  85.15%   3.91%  10.93%   7171.664  7308.254
r    47921   9.98  80.61%   4.18%  15.21%   7774.543  7621.614
u    46511  10.02  83.16%   1.40%  15.45%   7543.116  7382.884
r    47997  10.03  82.87%   2.63%  14.50%   7685.191  7637.169
u    46441  10.02  81.77%   3.28%  14.96%   7488.432  7408.447
r    47848   9.97  79.46%   3.78%  16.76%   7918.927  7691.097
u    46371   9.97  84.20%   2.81%  12.99%   7342.654  7395.431
LINPACK benchmark ./linpack-core2, Double precision.
Machine precision:  15 digits.
Array size 200 X 200.
Memory required:  315K.
      Reps Time(s) DGEFA   DGESL  OVERHEAD    MFLOPS
------------------------------------------------------
r     2048   0.53  91.13%   2.83%   6.04%   5647.764  5647.764
r    38641  10.00  85.17%   2.82%  12.01%   6031.023  6010.494
u     4096   0.94  86.97%   3.31%   9.72%   6657.010  6657.010
u    43760   9.94  80.74%   2.95%  16.31%   7226.679  7174.134
r    38641  10.06  85.26%   2.78%  11.96%   5990.176  6000.580
u    44037  10.02  82.95%   1.71%  15.35%   7133.461  7154.585
r    38402   9.97  84.52%   2.19%  13.29%   6101.903  6033.258
u    43971  10.02  84.24%   3.89%  11.87%   6841.151  7050.048
r    38525  10.00  85.48%   3.10%  11.42%   5972.868  6018.256
u    43900   9.98  81.48%   3.10%  15.41%   7139.057  7071.579
r    38525   9.97  84.20%   2.65%  13.15%   6111.547  6036.481
u    43970  10.02  81.50%   2.19%  16.31%   7204.184  7097.253
LINPACK benchmark ./linpack-nehalem, Double precision.
Machine precision:  15 digits.
Array size 200 X 200.
Memory required:  315K.
      Reps Time(s) DGEFA   DGESL  OVERHEAD    MFLOPS
------------------------------------------------------
r     4096   0.86  74.48%   1.86%  23.66%   8588.051  8588.051
r    47738   9.95  80.44%   2.33%  17.23%   7958.265  8004.651
u     4096   0.64  68.70%   0.00%  31.30%  12813.607 12813.607
u    64100   9.99  73.96%   2.51%  23.53%  11528.374 11598.246
r    47963   9.97  81.07%   3.12%  15.81%   7849.045  7929.103
u    64196  10.00  73.27%   2.32%  24.41%  11664.793 11630.419
r    48116   9.98  81.35%   2.67%  15.97%   7875.960  7911.737
u    64202   9.98  73.27%   4.20%  22.54%  11400.407 11554.290
r    48188  10.02  80.35%   2.04%  17.61%   8019.654  7937.986
u    64304   9.97  72.63%   1.86%  25.51%  11893.714 11636.137
r    48111  10.00  80.95%   3.60%  15.45%   7814.600  7913.371
u    64510  10.03  73.69%   1.86%  24.45%  11690.912 11646.955
LINPACK benchmark ./linpack-corei7, Double precision.
Machine precision:  15 digits.
Array size 200 X 200.
Memory required:  315K.
      Reps Time(s) DGEFA   DGESL  OVERHEAD    MFLOPS
------------------------------------------------------
r     4096   0.84  81.59%   0.00%  18.41%   8188.025  8188.025
r    48646  10.12  79.72%   1.70%  18.58%   8104.716  8111.125
u     4096   0.62  85.26%   0.00%  14.74%  10573.634 10573.634
u    65641  10.20  73.72%   2.28%  24.00%  11625.867 11558.309
r    48050  10.00  81.50%   2.67%  15.83%   7839.927  7979.536
u    64341   9.98  73.91%   0.78%  25.31%  11849.489 11696.232
r    48050   9.97  81.55%   2.96%  15.49%   7832.483  7931.464
u    64444  10.02  73.22%   3.24%  23.54%  11558.455 11651.149
r    48199  10.01  81.69%   2.62%  15.70%   7840.021  7908.899
u    64347  10.02  76.23%   2.94%  20.84%  11146.554 11523.454
r    48126   9.97  80.87%   2.65%  16.48%   7939.104  7914.810
u    64250   9.98  74.59%   2.77%  22.63%  11422.222 11503.429
LINPACK benchmark ./linpack-westmere, Double precision.
Machine precision:  15 digits.
Array size 200 X 200.
Memory required:  315K.
      Reps Time(s) DGEFA   DGESL  OVERHEAD    MFLOPS
------------------------------------------------------
r     4096   0.84  85.15%   3.68%  11.16%   7520.285  7520.285
r    48646  10.12  82.53%   2.62%  14.86%   7750.252  7731.890
u     4096   0.62  90.06%   0.00%   9.94%  10009.205 10009.205
u    65641  10.20  73.69%   2.25%  24.05%  11634.870 11524.927
r    48050   9.97  79.97%   3.31%  16.72%   7949.484  7834.117
u    64341  10.02  75.84%   1.73%  22.43%  11373.618 11451.818
r    48204  10.03  82.55%   2.16%  15.28%   7790.087  7819.818
u    64238  10.00  73.16%   1.43%  25.41%  11827.348 11570.821
r    48055  10.00  79.64%   2.78%  17.58%   8008.195  7864.936
u    64238  10.00  75.04%   2.51%  22.45%  11375.911 11522.518
r    48059   9.98  82.13%   3.58%  14.29%   7713.104  7834.696
u    64238   9.98  74.27%   2.49%  23.24%  11510.985 11520.249
LINPACK benchmark ./linpack-sandybridge, Double precision.
Machine precision:  15 digits.
Array size 200 X 200.
Memory required:  315K.
      Reps Time(s) DGEFA   DGESL  OVERHEAD    MFLOPS
------------------------------------------------------
r     4096   0.69  79.74%   4.37%  15.89%   9749.001  9749.001
r    59708  10.17  74.44%   4.01%  21.55%  10276.850 10241.253
u     4096   0.64  85.47%   0.00%  14.53%  10283.681 10283.681
u    64000  10.11  74.17%   2.96%  22.87%  11272.712 11207.875
r    58704   9.97  78.94%   2.67%  18.39%   9909.066 10079.339
u    63309  10.02  75.66%   2.47%  21.88%  11112.520 11161.731
r    58886  10.02  74.48%   3.11%  22.42%  10407.993 10183.731
u    63214   9.98  76.44%   2.50%  21.05%  11014.196 11113.379
r    58797  10.01  75.95%   1.86%  22.20%  10362.921 10227.020
u    63315   9.98  78.34%   2.50%  19.16%  10773.461 11027.968
r    58708   9.98  77.66%   3.41%  18.93%   9961.163 10173.688
u    63416  10.03  77.02%   2.98%  20.00%  10852.499 10992.893
LINPACK benchmark ./linpack-corei7-avx, Double precision.
Machine precision:  15 digits.
Array size 200 X 200.
Memory required:  315K.
      Reps Time(s) DGEFA   DGESL  OVERHEAD    MFLOPS
------------------------------------------------------
r     4096   0.70  84.47%   0.00%  15.53%   9485.958  9485.958
r    58347   9.94  74.55%   2.51%  22.95%  10466.285 10395.812
u     4096   0.64  65.62%   5.00%  29.38%  12445.074 12445.074
u    63999  10.13  78.69%   1.71%  19.60%  10797.538 10884.210
r    58722   9.97  73.79%   3.73%  22.48%  10435.414 10414.967
u    63208   9.97  75.78%   2.20%  22.02%  11167.587 11018.808
r    58904  10.05  75.93%   2.94%  21.13%  10210.126 10347.061
u    63410  10.00  77.15%   2.64%  20.21%  10914.033 10984.467
r    58634   9.98  76.97%   2.35%  20.67%  10167.175 10302.287
u    63410  10.03  75.00%   3.70%  21.31%  11032.949 10996.337
r    58727   9.98  78.42%   3.59%  18.00%   9849.993 10209.721
u    63220   9.97  78.59%   2.65%  18.76%  10721.429 10941.144
LINPACK benchmark ./linpack-ivybridge, Double precision.
Machine precision:  15 digits.
Array size 200 X 200.
Memory required:  315K.
      Reps Time(s) DGEFA   DGESL  OVERHEAD    MFLOPS
------------------------------------------------------
r     4096   0.70  70.94%   4.56%  24.50%  10613.535 10613.535
r    58347   9.90  77.48%   3.27%  19.25%  10018.740 10055.705
u     4096   0.65  76.49%   7.02%  16.49%  10283.681 10283.681
u    62534   9.88  75.29%   2.99%  21.72%  11109.965 11055.358
r    58906  10.00  77.27%   2.80%  19.93%  10104.618 10079.390
u    63325  10.00  76.74%   2.36%  20.90%  10994.480 11025.609
r    58911  10.02  74.82%   2.16%  23.03%  10494.803 10211.486
u    63325  10.02  75.46%   2.32%  22.22%  11163.843 11070.520
r    58822  10.00  76.72%   2.20%  21.08%  10237.259 10217.815
u    63223  10.00  74.01%   3.44%  22.55%  11210.620 11104.726
r    58827  10.02  73.93%   2.33%  23.74%  10578.641 10287.103
u    63223   9.97  76.98%   3.78%  19.24%  10784.530 11039.911
LINPACK benchmark ./linpack-core-avx-i, Double precision.
Machine precision:  15 digits.
Array size 200 X 200.
Memory required:  315K.
      Reps Time(s) DGEFA   DGESL  OVERHEAD    MFLOPS
------------------------------------------------------
r     4096   0.69  79.59%   2.33%  18.08%  10009.205 10009.205
r    59708  10.16  75.06%   2.92%  22.02%  10353.407 10330.601
u     4096   0.65  80.61%   0.00%  19.39%  10653.737 10653.737
u    62534   9.84  76.10%   2.34%  21.57%  11122.915 11092.884
r    58790   9.97  74.16%   3.48%  22.36%  10431.301 10378.648
u    63524  10.03  74.28%   3.75%  21.97%  11147.409 11119.429
r    58972  10.05  77.06%   2.63%  20.31%  10115.940 10291.838
u    63333  10.00  76.90%   2.33%  20.77%  10979.212 11073.140
r    58696   9.98  75.93%   2.98%  21.08%  10230.889 10276.881
u    63339   9.97  74.28%   2.70%  23.02%  11335.100 11136.614
r    58790   9.98  74.69%   3.45%  21.86%  10349.733 10291.122
u    63535  10.02  75.90%   3.08%  21.03%  11030.940 11115.496
LINPACK benchmark ./linpack-bonnell, Double precision.
Machine precision:  15 digits.
Array size 200 X 200.
Memory required:  315K.
      Reps Time(s) DGEFA   DGESL  OVERHEAD    MFLOPS
------------------------------------------------------
r     2048   0.75  83.31%   2.14%  14.55%   4394.667  4394.667
r    27343  10.12  87.55%   2.80%   9.65%   4104.837  4123.788
u     4096   0.90  82.54%   1.77%  15.69%   7372.442  7372.442
u    45259   9.94  81.52%   1.86%  16.61%   7501.291  7490.426
r    27005  10.00  89.35%   2.03%   8.62%   4058.532  4092.281
u    45545   9.98  77.33%   3.43%  19.25%   7757.468  7616.254
r    27004  10.00  88.56%   1.71%   9.73%   4108.741  4097.596
u    45613  10.00  79.27%   3.42%  17.31%   7575.505  7602.978
r    27006   9.98  87.26%   1.88%  10.86%   4167.218  4114.410
u    45613   9.98  79.53%   2.82%  17.65%   7619.736  7607.078
r    27049   9.98  89.65%   2.02%   8.32%   4058.483  4103.283
u    45690  10.03  80.85%   1.27%  17.88%   7617.773  7609.184
LINPACK benchmark ./linpack-atom, Double precision.
Machine precision:  15 digits.
Array size 200 X 200.
Memory required:  315K.
      Reps Time(s) DGEFA   DGESL  OVERHEAD    MFLOPS
------------------------------------------------------
r     2048   0.76  89.92%   0.00%  10.08%   4094.013  4094.013
r    26806   9.89  88.45%   2.06%   9.48%   4112.329  4111.024
u     4096   0.90  79.01%   3.54%  17.46%   7530.353  7530.353
u    45259   9.91  79.21%   3.46%  17.32%   7589.218  7584.297
r    27104  10.02  88.48%   1.72%   9.81%   4120.760  4115.734
u    45688  10.03  80.78%   3.57%  15.65%   7415.773  7502.340
r    27063  10.02  87.44%   2.16%  10.40%   4142.039  4124.272
u    45546  10.00  78.89%   2.81%  18.30%   7656.039  7551.453
r    27022  10.00  85.65%   2.48%  11.87%   4210.849  4145.201
u    45546  10.00  81.58%   2.36%  16.06%   7451.732  7526.806
r    27022   9.98  88.68%   1.39%   9.93%   4126.567  4141.514
u    45546   9.98  80.05%   2.48%  17.47%   7591.000  7539.340
LINPACK benchmark ./linpack-silvermont, Double precision.
Machine precision:  15 digits.
Array size 200 X 200.
Memory required:  315K.
      Reps Time(s) DGEFA   DGESL  OVERHEAD    MFLOPS
------------------------------------------------------
r     4096   0.84  73.90%   3.80%  22.30%   8588.051  8588.051
r    48588   9.83  77.94%   2.72%  19.34%   8417.752  8430.750
u     4096   0.64  63.28%   4.84%  31.88%  12901.774 12901.774
u    63999   9.97  74.08%   2.19%  23.74%  11561.689 11634.378
r    49438  10.00  78.54%   2.95%  18.51%   8331.679  8382.496
u    64204  10.00  69.70%   2.50%  27.80%  12214.087 11908.673
r    49438  10.00  81.27%   1.70%  17.03%   8183.061  8316.382
u    64210  10.00  73.94%   2.82%  23.24%  11487.980 11767.861
r    49438  10.00  77.72%   2.18%  20.10%   8497.479  8360.205
u    64210  10.02  71.30%   3.29%  25.41%  11804.784 11776.933
r    49438  10.00  82.55%   2.05%  15.40%   8025.396  8291.916
u    64113  10.00  72.05%   3.42%  24.53%  11668.237 11755.319
LINPACK benchmark ./linpack-slm, Double precision.
Machine precision:  15 digits.
Array size 200 X 200.
Memory required:  315K.
      Reps Time(s) DGEFA   DGESL  OVERHEAD    MFLOPS
------------------------------------------------------
r     4096   0.84  85.15%   0.00%  14.85%   7845.430  7845.430
r    48646   9.84  81.28%   2.20%  16.52%   8130.361  8107.493
u     4096   0.64  78.12%   0.00%  21.88%  11250.347 11250.347
u    63999  10.03  74.23%   3.10%  22.67%  11332.125 11327.172
r    49421  10.02  80.78%   2.15%  17.07%   8171.383  8138.275
u    63807   9.92  74.87%   3.32%  21.81%  11296.671 11312.397
r    49342   9.97  78.57%   1.41%  20.01%   8497.995  8252.037
u    64315  10.01  72.57%   2.19%  25.24%  11797.240 11466.866
r    49495  10.00  79.62%   2.21%  18.17%   8307.643  8265.661
u    64218  10.02  71.75%   2.49%  25.77%  11861.832 11561.793
r    49499  10.02  79.84%   2.81%  17.35%   8212.955  8255.192
u    64115   9.98  71.86%   2.35%  25.79%  11882.762 11623.819
LINPACK benchmark ./linpack-goldmont, Double precision.
Machine precision:  15 digits.
Array size 200 X 200.
Memory required:  315K.
      Reps Time(s) DGEFA   DGESL  OVERHEAD    MFLOPS
------------------------------------------------------
r     4096   0.84  75.68%   3.80%  20.52%   8395.781  8395.781
r    48588   9.80  81.93%   2.38%  15.69%   8079.370  8103.113
u     4096   0.64  73.28%   0.00%  26.72%  11993.973 11993.973
u    64000  10.02  69.47%   2.80%  27.74%  12144.996 12135.804
r    49599  10.03  81.04%   2.94%  16.02%   8085.940  8094.776
u    63904   9.97  73.90%   2.66%  23.45%  11500.654 11819.782
r    49445   9.97  79.06%   2.05%  18.89%   8398.821  8191.411
u    64109  10.00  71.18%   3.27%  25.55%  11825.793 11821.746
r    49603  10.02  81.52%   2.63%  15.85%   8082.754  8164.371
u    64109  10.00  73.22%   2.37%  24.41%  11647.444 11778.322
r    49523   9.98  79.89%   2.47%  17.64%   8270.897  8185.183
u    64109  10.00  74.11%   4.96%  20.93%  11134.821 11645.291
LINPACK benchmark ./linpack-goldmont-plus, Double precision.
Machine precision:  15 digits.
Array size 200 X 200.
Memory required:  315K.
      Reps Time(s) DGEFA   DGESL  OVERHEAD    MFLOPS
------------------------------------------------------
r     4096   0.83  82.95%   0.00%  17.05%   8199.961  8199.961
r    49528  10.00  80.50%   3.09%  16.41%   8138.126  8142.816
u     4096   0.64  60.88%   7.20%  31.92%  12931.433 12931.433
u    64100  10.02  75.24%   3.11%  21.66%  11219.815 11309.726
r    49532  10.03  79.57%   2.34%  18.09%   8278.441  8207.379
u    64003  10.00  72.69%   3.40%  23.91%  11553.293 11426.351
r    49374   9.97  81.47%   1.91%  16.62%   8158.701  8191.558
u    64009   9.97  72.43%   3.61%  23.95%  11595.527 11480.996
r    49532  10.00  81.27%   0.94%  17.79%   8275.419  8211.958
u    64208  10.03  72.07%   3.91%  24.03%  11570.527 11502.942
r    49536   9.98  80.44%   1.87%  17.69%   8278.102  8224.897
u    64009   9.98  74.32%   3.28%  22.39%  11344.134 11471.258
LINPACK benchmark ./linpack-tremont, Double precision.
Machine precision:  15 digits.
Array size 200 X 200.
Memory required:  315K.
      Reps Time(s) DGEFA   DGESL  OVERHEAD    MFLOPS
------------------------------------------------------
r     4096   0.83  84.89%   1.81%  13.30%   7845.430  7845.430
r    49528  10.00  83.23%   1.74%  15.03%   8005.938  7993.447
u     4096   0.64  77.78%   0.00%  22.22%  11318.256 11318.256
u    64100  10.00  73.30%   2.97%  23.73%  11541.978 11528.291
r    49532  10.00  83.32%   1.55%  15.13%   8015.076  8003.818
u    64099   9.98  70.31%   3.29%  26.40%  11980.034 11742.834
r    49532  10.00  79.54%   1.88%  18.58%   8355.724  8114.683
u    64201  10.02  73.67%   3.25%  23.07%  11443.137 11643.203
r    49536  10.00  80.12%   1.23%  18.65%   8362.562  8174.033
u    64098   9.98  73.03%   3.91%  23.07%  11460.477 11597.719
r    49535   9.98  80.34%   2.17%  17.49%   8257.838  8190.388
u    64200  10.00  71.90%   2.80%  25.30%  11802.945 11637.717
LINPACK benchmark ./linpack-x86-64, Double precision.
Machine precision:  15 digits.
Array size 200 X 200.
Memory required:  315K.
      Reps Time(s) DGEFA   DGESL  OVERHEAD    MFLOPS
------------------------------------------------------
r     1024   0.87  89.47%   3.55%   6.98%   1729.758  1729.758
r    11716   9.94  92.13%   2.68%   5.19%   1708.065  1709.789
u     1024   0.87  92.67%   3.67%   3.67%   1672.168  1672.168
u    11729   9.95  92.47%   1.89%   5.64%   1715.058  1711.533
r    11791   9.99  91.90%   2.79%   5.31%   1712.636  1711.156
u    11784  10.03  93.20%   2.93%   3.87%   1678.250  1695.385
r    11808  10.02  91.43%   2.81%   5.76%   1718.195  1713.437
u    11747   9.95  92.19%   3.60%   4.21%   1692.107  1694.323
r    11790  10.00  93.28%   2.98%   3.74%   1682.069  1705.645
u    11802  10.05  92.22%   2.47%   5.31%   1703.961  1696.678
r    11789   9.98  93.42%   2.51%   4.07%   1690.356  1702.615
u    11749  10.00  93.11%   2.33%   4.56%   1690.622  1695.485
LINPACK benchmark ./linpack-eden-x2, Double precision.
Machine precision:  15 digits.
Array size 200 X 200.
Memory required:  315K.
      Reps Time(s) DGEFA   DGESL  OVERHEAD    MFLOPS
------------------------------------------------------
r     1024   0.87  94.62%   1.83%   3.55%   1668.201  1668.201
r    11716   9.92  92.91%   3.29%   3.80%   1685.873  1684.439
u     1024   0.87  92.91%   0.00%   7.09%   1731.888  1731.888
u    11716   9.95  92.89%   1.99%   5.12%   1704.085  1706.287
r    11809  10.02  93.48%   3.27%   3.24%   1673.480  1679.149
u    11772  10.03  91.67%   2.44%   5.89%   1712.593  1709.310
r    11790  10.00  92.36%   2.81%   4.83%   1701.513  1686.340
u    11735   9.98  91.92%   3.14%   4.95%   1698.216  1705.702
r    11791  10.01  92.09%   3.43%   4.47%   1692.586  1687.866
u    11753   9.98  91.83%   2.98%   5.19%   1705.133  1705.563
r    11773  10.00  91.73%   2.97%   5.30%   1707.313  1691.653
u    11771  10.02  91.33%   2.50%   6.17%   1720.101  1708.406
LINPACK benchmark ./linpack-nano, Double precision.
Machine precision:  15 digits.
Array size 200 X 200.
Memory required:  315K.
      Reps Time(s) DGEFA   DGESL  OVERHEAD    MFLOPS
------------------------------------------------------
r     1024   0.87  87.40%   3.55%   9.05%   1771.150  1771.150
r    11729   9.95  91.81%   3.20%   4.99%   1703.450  1708.695
u     1024   0.87  93.01%   0.00%   6.99%   1731.888  1731.888
u    11729   9.98  90.59%   2.65%   6.75%   1730.164  1730.302
r    11784  10.00  93.90%   2.67%   3.43%   1675.817  1692.745
u    11747  10.00  91.91%   2.96%   5.13%   1700.490  1715.879
r    11784  10.00  92.69%   2.53%   4.78%   1699.576  1694.955
u    11747  10.00  92.99%   3.61%   3.40%   1670.209  1700.807
r    11784  10.02  92.04%   2.21%   5.75%   1714.521  1699.707
u    11748   9.98  92.48%   1.40%   6.12%   1721.319  1705.782
r    11766  10.00  90.88%   2.36%   6.76%   1733.016  1706.151
u    11766   9.98  92.33%   2.96%   4.71%   1698.228  1704.290
LINPACK benchmark ./linpack-nano-1000, Double precision.
Machine precision:  15 digits.
Array size 200 X 200.
Memory required:  315K.
      Reps Time(s) DGEFA   DGESL  OVERHEAD    MFLOPS
------------------------------------------------------
r     1024   0.87  92.78%   1.83%   5.38%   1702.534  1702.534
r    11729   9.97  92.83%   1.56%   5.61%   1711.778  1711.032
u     1024   0.87  89.35%   1.83%   8.82%   1766.700  1766.700
u    11729   9.94  92.78%   3.41%   3.80%   1685.095  1691.368
r    11765  10.00  93.29%   2.65%   4.06%   1684.101  1698.002
u    11803  10.05  92.25%   2.92%   4.84%   1695.550  1693.376
r    11765   9.97  92.62%   3.14%   4.24%   1692.747  1696.295
u    11748   9.99  92.05%   2.79%   5.16%   1703.687  1696.699
r    11802   9.97  91.55%   2.19%   6.26%   1734.598  1705.538
u    11765  10.02  92.53%   3.40%   4.06%   1681.472  1692.947
r    11839  10.06  92.98%   2.97%   4.05%   1684.161  1701.272
u    11746  10.00  92.08%   3.23%   4.69%   1692.495  1692.858
LINPACK benchmark ./linpack-nano-2000, Double precision.
Machine precision:  15 digits.
Array size 200 X 200.
Memory required:  315K.
      Reps Time(s) DGEFA   DGESL  OVERHEAD    MFLOPS
------------------------------------------------------
r     1024   0.87  85.91%   1.72%  12.37%   1838.292  1838.292
r    11729   9.95  92.66%   3.29%   4.06%   1686.860  1698.092
u     1024   0.87  92.78%   0.00%   7.22%   1736.165  1736.165
u    11729   9.98  91.72%   3.11%   5.17%   1701.291  1704.040
r    11784  10.00  92.51%   2.37%   5.12%   1705.846  1701.807
u    11747   9.97  93.86%   2.35%   3.79%   1682.051  1693.425
r    11785  10.02  92.22%   1.85%   5.93%   1717.942  1707.009
u    11783  10.02  92.31%   3.43%   4.25%   1687.381  1691.458
r    11767   9.98  93.08%   2.05%   4.87%   1701.412  1705.636
u    11764  10.02  91.49%   2.61%   5.90%   1714.335  1697.002
r    11785   9.98  91.02%   4.31%   4.68%   1700.613  1704.645
u    11746  10.02  91.29%   4.03%   4.67%   1689.659  1695.555
LINPACK benchmark ./linpack-nano-3000, Double precision.
Machine precision:  15 digits.
Array size 200 X 200.
Memory required:  315K.
      Reps Time(s) DGEFA   DGESL  OVERHEAD    MFLOPS
------------------------------------------------------
r     1024   0.86  94.64%   1.75%   3.61%   1700.476  1700.476
r    11934  10.14  92.80%   2.61%   4.59%   1693.991  1694.501
u     1024   0.87  94.62%   3.55%   1.83%   1640.949  1640.949
u    11729   9.97  91.51%   2.21%   6.28%   1724.053  1717.071
r    11769   9.98  91.02%   3.30%   5.69%   1716.521  1704.911
u    11765  10.01  93.95%   2.15%   3.90%   1679.026  1698.602
r    11787  10.00  92.31%   2.35%   5.34%   1710.065  1706.571
u    11748   9.97  89.20%   3.46%   7.34%   1746.662  1713.878
r    11787  10.02  92.75%   2.01%   5.24%   1705.741  1706.369
u    11784  10.02  91.58%   3.44%   4.97%   1700.469  1710.570
r    11769  10.00  91.47%   1.87%   6.66%   1731.601  1711.254
u    11766  10.02  91.60%   3.73%   4.66%   1692.359  1706.957
LINPACK benchmark ./linpack-nano-x2, Double precision.
Machine precision:  15 digits.
Array size 200 X 200.
Memory required:  315K.
      Reps Time(s) DGEFA   DGESL  OVERHEAD    MFLOPS
------------------------------------------------------
r     1024   0.87  94.74%   1.72%   3.55%   1668.201  1668.201
r    11716   9.95  92.80%   2.36%   4.84%   1699.047  1696.525
u     1024   0.86  92.66%   5.48%   1.86%   1670.182  1670.182
u    11934  10.11  92.66%   2.32%   5.02%   1706.869  1703.912
r    11772   9.97  92.92%   3.00%   4.08%   1690.743  1693.743
u    11805  10.01  92.39%   3.09%   4.52%   1695.659  1699.968
r    11808  10.03  92.73%   2.00%   5.26%   1706.442  1697.851
u    11788  10.03  93.48%   2.31%   4.21%   1684.759  1695.033
r    11771   9.98  91.66%   2.05%   6.29%   1727.822  1705.090
u    11751  10.00  92.82%   2.98%   4.20%   1684.555  1692.472
r    11789  10.02  92.70%   3.26%   4.04%   1684.727  1701.043
u    11751   9.98  93.00%   2.94%   4.06%   1684.555  1690.917
LINPACK benchmark ./linpack-eden-x4, Double precision.
Machine precision:  15 digits.
Array size 200 X 200.
Memory required:  315K.
      Reps Time(s) DGEFA   DGESL  OVERHEAD    MFLOPS
------------------------------------------------------
r     1024   0.87  91.30%   3.43%   5.26%   1698.422  1698.422
r    11716   9.92  91.96%   2.36%   5.68%   1719.565  1717.847
u     1024   0.86  92.66%   5.59%   1.75%   1668.201  1668.201
u    11934  10.14  91.56%   2.60%   5.84%   1716.523  1712.603
r    11809  10.03  91.42%   2.60%   5.98%   1719.615  1718.697
u    11769  10.00  90.49%   3.60%   5.91%   1717.980  1715.158
r    11772   9.97  93.60%   1.88%   4.52%   1698.737  1712.177
u    11770  10.02  91.57%   3.14%   5.28%   1703.819  1711.485
r    11809   9.97  91.55%   3.42%   5.03%   1712.895  1712.353
u    11751  10.00  91.46%   3.40%   5.14%   1701.428  1709.024
r    11845  10.06  93.04%   1.99%   4.97%   1701.227  1710.144
u    11752  10.00  93.47%   2.63%   3.90%   1679.439  1703.148
LINPACK benchmark ./linpack-nano-x4, Double precision.
Machine precision:  15 digits.
Array size 200 X 200.
Memory required:  315K.
      Reps Time(s) DGEFA   DGESL  OVERHEAD    MFLOPS
------------------------------------------------------
r     1024   0.87  94.74%   3.55%   1.72%   1637.128  1637.128
r    11716   9.92  91.86%   2.37%   5.78%   1721.221  1714.144
u     1024   0.87  87.64%   8.92%   3.43%   1666.224  1666.224
u    11716   9.95  91.49%   3.16%   5.36%   1708.246  1704.791
r    11809  10.02  92.66%   2.36%   4.98%   1704.076  1709.286
u    11772   9.98  92.50%   2.01%   5.49%   1713.501  1708.963
r    11790  10.02  92.65%   2.83%   4.52%   1693.151  1704.017
u    11792  10.03  92.48%   2.12%   5.39%   1706.464  1708.150
r    11771  10.00  92.67%   2.33%   5.00%   1701.811  1703.477
u    11755  10.00  91.05%   3.48%   5.47%   1707.768  1708.057
r    11772  10.00  92.80%   2.83%   4.37%   1690.566  1700.923
u    11755  10.00  93.45%   1.70%   4.85%   1696.640  1705.801
LINPACK benchmark ./linpack-k8, Double precision.
Machine precision:  15 digits.
Array size 200 X 200.
Memory required:  315K.
      Reps Time(s) DGEFA   DGESL  OVERHEAD    MFLOPS
------------------------------------------------------
r     1024   0.87  89.36%   3.66%   6.98%   1729.758  1729.758
r    11716   9.95  92.60%   3.31%   4.10%   1685.697  1689.155
u     1024   0.87  91.07%   0.00%   8.93%   1768.922  1768.922
u    11729   9.97  92.55%   1.86%   5.60%   1711.778  1716.229
r    11771  10.00  91.97%   1.57%   6.46%   1728.192  1707.679
u    11766  10.02  91.93%   2.63%   5.44%   1706.298  1711.449
r    11771   9.98  91.92%   2.49%   5.59%   1714.991  1710.045
u    11748   9.98  91.73%   2.49%   5.78%   1715.097  1712.629
r    11789  10.00  92.72%   2.80%   4.48%   1694.957  1706.320
u    11766  10.02  90.70%   3.40%   5.89%   1714.445  1713.073
r    11788  10.02  91.30%   3.25%   5.44%   1709.308  1706.907
u    11748  10.00  92.06%   2.04%   5.90%   1714.550  1713.364
LINPACK benchmark ./linpack-k8-sse3, Double precision.
Machine precision:  15 digits.
Array size 200 X 200.
Memory required:  315K.
      Reps Time(s) DGEFA   DGESL  OVERHEAD    MFLOPS
------------------------------------------------------
r     1024   0.87  94.62%   0.00%   5.38%   1700.476  1700.476
r    11716   9.94  91.95%   3.30%   4.75%   1699.944  1699.987
u     1024   0.87  90.96%   3.55%   5.49%   1702.534  1702.534
u    11716   9.97  93.75%   2.35%   3.90%   1679.713  1681.525
r    11790  10.02  91.65%   3.47%   4.87%   1699.549  1699.776
u    11753  10.00  91.61%   3.73%   4.66%   1693.149  1687.083
r    11772  10.00  92.27%   3.26%   4.47%   1692.335  1697.356
u    11754  10.01  91.86%   3.74%   4.39%   1685.865  1686.688
r    11772   9.97  91.49%   3.13%   5.38%   1713.864  1701.369
u    11736   9.98  90.78%   2.98%   6.24%   1721.765  1695.134
r    11808  10.03  90.98%   3.10%   5.92%   1718.377  1704.696
u    11754   9.98  93.12%   2.97%   3.91%   1682.527  1692.639
LINPACK benchmark ./linpack-opteron, Double precision.
Machine precision:  15 digits.
Array size 200 X 200.
Memory required:  315K.
      Reps Time(s) DGEFA   DGESL  OVERHEAD    MFLOPS
------------------------------------------------------
r     1024   0.87  89.13%   1.83%   9.04%   1768.922  1768.922
r    11716   9.94  93.69%   1.60%   4.71%   1699.226  1704.625
u     1024   0.87  89.12%   5.38%   5.50%   1704.598  1704.598
u    11729   9.98  93.79%   1.55%   4.66%   1692.176  1693.167
r    11790  10.00  93.27%   2.33%   4.40%   1693.859  1699.433
u    11747  10.00  92.49%   2.36%   5.15%   1700.848  1696.841
r    11791  10.00  92.82%   2.96%   4.22%   1690.642  1696.570
u    11747  10.00  92.24%   3.42%   4.34%   1686.446  1693.459
r    11791  10.02  93.46%   2.50%   4.04%   1685.013  1693.723
u    11747   9.98  93.04%   2.33%   4.63%   1694.239  1693.650
r    11773  10.00  92.04%   2.53%   5.43%   1709.660  1696.832
u    11765  10.02  93.98%   1.70%   4.32%   1686.210  1692.180
LINPACK benchmark ./linpack-opteron-sse3, Double precision.
Machine precision:  15 digits.
Array size 200 X 200.
Memory required:  315K.
      Reps Time(s) DGEFA   DGESL  OVERHEAD    MFLOPS
------------------------------------------------------
r     1024   0.87 100.00%   0.00%   0.00%   1609.031  1609.031
r    11716   9.92  89.32%   4.23%   6.45%   1733.647  1722.921
u     1024   0.87  91.08%   1.83%   7.09%   1731.888  1731.888
u    11716   9.97  90.91%   3.13%   5.96%   1716.447  1717.678
r    11809  10.03  92.39%   2.03%   5.57%   1712.353  1717.821
u    11753   9.98  91.57%   3.14%   5.30%   1707.117  1712.594
r    11773  10.00  93.13%   2.96%   3.91%   1682.616  1706.250
u    11771  10.01  92.00%   2.65%   5.35%   1705.402  1710.253
r    11773  10.00  92.36%   2.82%   4.82%   1698.703  1704.396
u    11753  10.00  90.97%   2.19%   6.84%   1732.588  1715.666
r    11773   9.98  92.30%   2.20%   5.50%   1713.646  1706.207
u    11753  10.00  91.57%   3.15%   5.28%   1704.053  1713.370
LINPACK benchmark ./linpack-athlon64, Double precision.
Machine precision:  15 digits.
Array size 200 X 200.
Memory required:  315K.
      Reps Time(s) DGEFA   DGESL  OVERHEAD    MFLOPS
------------------------------------------------------
r     1024   0.86  92.66%   3.61%   3.73%   1702.534  1702.534
r    11934  10.14  92.81%   2.49%   4.70%   1696.094  1696.602
u     1024   0.87  90.95%   1.83%   7.22%   1736.165  1736.165
u    11729   9.97  91.36%   3.62%   5.02%   1701.112  1703.874
r    11769  10.00  92.01%   2.35%   5.64%   1712.883  1704.312
u    11765  10.00  91.76%   3.26%   4.98%   1700.586  1702.295
r    11769   9.98  93.83%   2.49%   3.68%   1680.645  1696.607
u    11766  10.02  92.83%   2.80%   4.37%   1687.058  1697.324
r    11787  10.00  93.43%   2.17%   4.40%   1693.428  1695.830
u    11747   9.98  92.41%   3.26%   4.34%   1689.095  1695.304
r    11788   9.98  92.00%   2.66%   5.34%   1712.925  1699.158
u    11765  10.00  93.74%   1.88%   4.38%   1689.737  1694.206
LINPACK benchmark ./linpack-athlon64-sse3, Double precision.
Machine precision:  15 digits.
Array size 200 X 200.
Memory required:  315K.
      Reps Time(s) DGEFA   DGESL  OVERHEAD    MFLOPS
------------------------------------------------------
r     1024   0.87  94.62%   3.66%   1.72%   1637.128  1637.128
r    11716   9.95  93.12%   2.97%   3.91%   1682.348  1678.621
u     1024   0.86  89.39%   3.50%   7.11%   1764.483  1764.483
u    11934  10.14  92.22%   3.35%   4.43%   1691.194  1696.763
r    11771   9.97  93.75%   1.87%   4.38%   1695.920  1686.884
u    11769  10.01  91.42%   2.95%   5.63%   1710.345  1703.201
r    11807  10.00  93.07%   1.88%   5.05%   1707.735  1693.607
u    11752  10.00  92.81%   2.98%   4.21%   1684.875  1697.253
r    11807  10.02  92.59%   3.38%   4.02%   1686.948  1691.968
u    11752  10.00  92.58%   2.79%   4.63%   1692.295  1696.042
r    11789  10.00  93.15%   2.96%   3.89%   1684.552  1690.504
u    11752  10.00  92.40%   3.09%   4.51%   1690.345  1694.923
LINPACK benchmark ./linpack-athlon-fx, Double precision.
Machine precision:  15 digits.
Array size 200 X 200.
Memory required:  315K.
      Reps Time(s) DGEFA   DGESL  OVERHEAD    MFLOPS
------------------------------------------------------
r     1024   0.87  91.30%   3.55%   5.15%   1696.373  1696.373
r    11716   9.95  91.36%   3.16%   5.48%   1710.244  1709.121
u     1024   0.87  91.19%   3.66%   5.15%   1696.373  1696.373
u    11716   9.97  93.10%   3.30%   3.60%   1674.469  1676.209
r    11771   9.98  94.06%   1.84%   4.10%   1688.304  1699.060
u    11753  10.00  91.32%   2.95%   5.73%   1712.369  1693.368
r    11789  10.02  91.88%   3.12%   5.00%   1701.548  1699.867
u    11754  10.02  92.04%   2.82%   5.14%   1699.175  1695.246
r    11770  10.02  90.95%   2.96%   6.09%   1718.674  1704.434
u    11736   9.98  92.08%   2.48%   5.44%   1707.175  1698.149
r    11752   9.98  94.71%   1.98%   3.31%   1671.785  1697.920
u    11754  10.02  94.08%   3.44%   2.48%   1652.724  1689.015
LINPACK benchmark ./linpack-amdfam10, Double precision.
Machine precision:  15 digits.
Array size 200 X 200.
Memory required:  315K.
      Reps Time(s) DGEFA   DGESL  OVERHEAD    MFLOPS
------------------------------------------------------
r     4096   0.86  79.84%   0.00%  20.16%   8211.932  8211.932
r    47738   9.98  82.86%   1.87%  15.26%   7749.431  7784.074
u     4096   0.70  75.93%   4.27%  19.80%   9991.427  9991.427
u    58347   9.98  74.23%   4.87%  20.90%  10146.876 10136.531
r    47814   9.98  82.48%   1.73%  15.79%   7809.772  7796.384
u    58440  10.02  75.41%   2.66%  21.94%  10265.746 10198.590
r    47890  10.03  82.13%   2.36%  15.51%   7760.346  7784.649
u    58352   9.98  75.95%   2.31%  21.73%  10255.535 10217.060
r    47741   9.98  81.11%   2.79%  16.10%   7826.705  7794.889
u    58445  10.00  77.65%   3.58%  18.77%   9882.352 10132.671
r    47817  10.00  83.42%   1.41%  15.17%   7741.209  7784.272
u    58450  10.02  77.11%   2.70%  20.19%  10042.704 10114.786
LINPACK benchmark ./linpack-barcelona, Double precision.
Machine precision:  15 digits.
Array size 200 X 200.
Memory required:  315K.
      Reps Time(s) DGEFA   DGESL  OVERHEAD    MFLOPS
------------------------------------------------------
r     4096   0.86  83.68%   1.86%  14.45%   7663.724  7663.724
r    47738  10.03  82.21%   3.47%  14.32%   7628.600  7631.364
u     4096   0.70  73.36%   4.56%  22.08%  10283.681 10283.681
u    58347   9.98  76.41%   2.50%  21.08%  10170.057 10177.433
r    47595   9.95  82.82%   3.11%  14.07%   7642.207  7636.551
u    58440  10.01  78.81%   2.98%  18.21%   9798.266  9990.531
r    47819   9.98  82.51%   1.85%  15.64%   7796.679  7687.826
u    58352   9.98  74.66%   4.22%  21.12%  10174.803 10049.786
r    47895  10.02  81.08%   3.43%  15.49%   7771.243  7708.134
u    58439  10.00  78.60%   2.66%  18.74%   9877.689 10006.917
r    47823  10.02  82.15%   3.01%  14.85%   7701.327  7706.793
u    58444  10.00  76.86%   3.45%  19.69%   9992.915 10004.151
LINPACK benchmark ./linpack-btver1, Double precision.
Machine precision:  15 digits.
Array size 200 X 200.
Memory required:  315K.
      Reps Time(s) DGEFA   DGESL  OVERHEAD    MFLOPS
------------------------------------------------------
r     4096   0.87  87.41%   0.00%  12.59%   7362.792  7362.792
r    46864   9.92  80.31%   1.75%  17.93%   7904.679  7858.193
u     4096   0.69  74.93%   6.85%  18.22%  10027.047 10027.047
u    59708  10.02  77.80%   2.03%  20.18%  10256.284 10241.253
r    47237  10.01  82.71%   1.55%  15.75%   7688.095  7775.439
u    59612  10.00  75.70%   2.98%  21.32%  10405.077 10319.734
r    47166  10.00  77.57%   3.58%  18.85%   7983.071  7841.616
u    59612   9.98  79.23%   1.88%  18.89%  10109.551 10250.324
r    47170  10.00  79.48%   2.05%  18.47%   7945.558  7866.829
u    59707  10.02  79.12%   1.98%  18.90%  10095.742 10211.863
r    47170   9.98  84.16%   2.35%  13.48%   7499.437  7791.714
u    59617  10.02  77.68%   2.64%  19.68%  10178.271 10205.222
LINPACK benchmark ./linpack-btver2, Double precision.
Machine precision:  15 digits.
Array size 200 X 200.
Memory required:  315K.
      Reps Time(s) DGEFA   DGESL  OVERHEAD    MFLOPS
------------------------------------------------------
r     4096   0.86  87.30%   1.86%  10.84%   7353.168  7353.168
r    47738  10.06  78.54%   2.78%  18.67%   8011.754  7955.449
u     4096   0.67  88.67%   4.62%   6.71%   8985.900  8985.900
u    61043   9.87  71.06%   3.92%  25.03%  11324.110 11141.806
r    47443   9.99  80.83%   2.35%  16.82%   7844.336  7901.960
u    61821  10.00  76.29%   2.36%  21.35%  10794.767 10970.077
r    47514   9.98  82.38%   3.35%  14.27%   7623.853  7809.746
u    61821  10.01  74.90%   2.80%  22.31%  10912.704 10951.222
r    47590   9.98  77.85%   3.10%  19.05%   8085.727  7875.558
u    61734  10.00  74.56%   2.98%  22.46%  10935.297 10947.294
r    47661  10.03  80.37%   1.84%  17.78%   7935.795  7887.347
u    61740  10.01  77.10%   2.17%  20.73%  10681.481 10893.692
LINPACK benchmark ./linpack-generic, Double precision.
Machine precision:  15 digits.
Array size 200 X 200.
Memory required:  315K.
      Reps Time(s) DGEFA   DGESL  OVERHEAD    MFLOPS
------------------------------------------------------
r     4096   0.84  77.67%   3.80%  18.53%   8199.961  8199.961
r    48646   9.98  79.83%   1.88%  18.29%   8189.161  8189.998
u     4096   0.62  72.76%   0.00%  27.24%  12390.250 12390.250
u    65641  10.17  73.45%   2.63%  23.92%  11648.401 11689.509
r    48723  10.00  79.05%   2.79%  18.16%   8176.065  8183.302
u    64531  10.02  75.60%   2.15%  22.26%  11382.298 11539.816
r    48723  10.00  78.49%   3.42%  18.09%   8170.076  8179.007
u    64434  10.00  72.97%   1.55%  25.48%  11874.579 11646.284
r    48727  10.00  79.48%   2.94%  17.58%   8120.181  8164.518
u    64434  10.02  71.57%   4.04%  24.39%  11684.849 11655.704
r    48731   9.98  80.93%   1.73%  17.34%   8109.040  8153.541
u    64331   9.97  73.81%   4.72%  21.47%  11284.699 11580.907
LINPACK benchmark ./linpack-native, Double precision.
Machine precision:  15 digits.
Array size 200 X 200.
Memory required:  315K.
      Reps Time(s) DGEFA   DGESL  OVERHEAD    MFLOPS
------------------------------------------------------
r     4096   0.69  81.92%   2.33%  15.74%   9732.134  9732.134
r    59708  10.15  77.38%   2.00%  20.62%  10172.309 10142.859
u     4096   0.64  87.50%   0.00%  12.50%  10044.952 10044.952
u    64000  10.11  77.54%   2.46%  19.99%  10867.128 10813.888
r    58796  10.02  74.40%   1.73%  23.87%  10589.706 10352.353
u    63309   9.98  77.58%   1.99%  20.42%  10944.658 10876.499
r    58702   9.98  78.72%   2.35%  18.93%   9960.145 10222.025
u    63416  10.02  76.28%   2.68%  21.05%  11013.064 10920.579
r    58796   9.97  74.38%   3.15%  22.47%  10448.565 10276.588
u    63314  10.00  76.44%   3.42%  20.14%  10889.321 10912.895
r    58984  10.03  74.32%   3.12%  22.56%  10427.999 10306.099
u    63320  10.02  74.30%   3.74%  21.96%  11125.827 10954.191
LINPACK benchmark ./linpackC-nocona, Double precision.
Machine precision:  15 digits.
Array size 200 X 200.
Memory required:  315K.
      Reps Time(s) DGEFA   DGESL  OVERHEAD    MFLOPS
------------------------------------------------------
r     4096   0.62  84.94%   2.56%  12.50%  10302.515 10302.515
r    65641  10.11  80.50%   3.71%  15.79%  10590.575 10573.211
u     4096   0.81  88.42%   0.00%  11.58%   7834.503  7834.503
u    50443  10.14  83.98%   2.31%  13.71%   7917.149  7910.882
r    64939  10.03  78.75%   3.14%  18.11%  10857.426 10708.374
u    49746   9.98  84.58%   2.92%  12.50%   7820.266  7867.395
r    64738   9.95  79.17%   2.99%  17.83%  10871.467 10760.782
u    49825  10.02  82.00%   2.82%  15.19%   8055.843  7927.350
r    65043  10.06  80.62%   1.86%  17.52%  10763.432 10761.433
u    49750  10.00  84.74%   2.65%  12.61%   7818.210  7900.436
r    64642   9.97  76.59%   2.84%  20.58%  11213.214 10847.277
u    49750  10.00  84.54%   1.70%  13.76%   7922.464  7904.747
LINPACK benchmark ./linpackC-core2, Double precision.
Machine precision:  15 digits.
Array size 200 X 200.
Memory required:  315K.
      Reps Time(s) DGEFA   DGESL  OVERHEAD    MFLOPS
------------------------------------------------------
r     4096   0.62  84.94%   2.56%  12.50%  10302.515 10302.515
r    65641   9.84  76.58%   3.96%  19.45%  11369.274 11300.548
u     4096   0.83  75.45%   5.68%  18.86%   8383.269  8383.269
u    49528   9.90  84.61%   2.70%  12.69%   7865.224  7902.525
r    66681  10.00  81.38%   2.36%  16.26%  10935.663 11119.199
u    50003  10.02  86.10%   2.85%  11.05%   7708.889  7807.890
r    66681  10.02  77.86%   2.66%  19.49%  11356.057 11195.867
u    49928   9.98  87.43%   3.58%   8.99%   7546.532  7720.946
r    66574   9.98  75.47%   3.44%  21.09%  11605.521 11294.286
u    50008  10.02  85.58%   2.14%  12.28%   7817.604  7744.469
r    66680  10.00  76.62%   3.11%  20.27%  11486.938 11331.962
u    49933   9.98  85.78%   2.34%  11.88%   7793.460  7754.071
LINPACK benchmark ./linpackC-penryn, Double precision.
Machine precision:  15 digits.
Array size 200 X 200.
Memory required:  315K.
      Reps Time(s) DGEFA   DGESL  OVERHEAD    MFLOPS
------------------------------------------------------
r     4096   0.62  87.50%   0.00%  12.50%  10302.515 10302.515
r    65641   9.77  77.43%   1.30%  21.27%  11725.673 11631.303
u     4096   0.81  80.64%   5.67%  13.69%   8035.962  8035.962
u    50505  10.09  85.92%   1.98%  12.10%   7817.876  7833.825
r    67220  10.06  80.60%   3.11%  16.29%  10959.927 11291.806
u    50039  10.03  84.56%   3.74%  11.70%   7757.984  7797.374
r    66805   9.92  77.34%   3.77%  18.89%  11401.210 11327.443
u    49879   9.98  86.75%   1.87%  11.38%   7741.918  7779.386
r    67336  10.03  81.30%   2.32%  16.38%  11024.651 11250.693
u    49958   9.97  85.39%   1.74%  12.87%   7898.801  7808.227
r    67127  10.00  79.03%   3.87%  17.10%  11121.697 11224.854
u    50113  10.03  86.63%   2.19%  11.18%   7724.114  7791.526
LINPACK benchmark ./linpackC-bonnell, Double precision.
Machine precision:  15 digits.
Array size 200 X 200.
Memory required:  315K.
      Reps Time(s) DGEFA   DGESL  OVERHEAD    MFLOPS
------------------------------------------------------
r     4096   0.78  80.13%   1.92%  17.95%   8789.333  8789.333
r    52512   9.98  80.92%   3.28%  15.81%   8579.167  8594.036
u     4096   0.83  87.05%   1.82%  11.14%   7663.724  7663.724
u    49588  10.05  82.73%   2.81%  14.46%   7924.232  7903.734
r    52596  10.02  80.81%   3.13%  16.05%   8590.847  8592.500
u    49356  10.00  82.96%   2.31%  14.73%   7950.063  7925.858
r    52511   9.98  84.72%   1.53%  13.75%   8374.766  8520.568
u    49360  10.00  80.79%   3.78%  15.43%   8015.577  7954.696
r    52595   9.98  82.32%   3.31%  14.37%   8448.996  8502.891
u    49360  10.02  82.59%   1.87%  15.55%   8014.629  7969.275
r    52679  10.00  81.93%   2.34%  15.73%   8585.004  8518.968
u    49286   9.97  84.45%   1.90%  13.65%   7863.163  7948.218
LINPACK benchmark ./linpackC-atom, Double precision.
Machine precision:  15 digits.
Array size 200 X 200.
Memory required:  315K.
      Reps Time(s) DGEFA   DGESL  OVERHEAD    MFLOPS
------------------------------------------------------
r     4096   0.76  85.86%   3.93%  10.21%   8199.961  8199.961
r    53612  10.17  82.81%   2.93%  14.26%   8443.480  8425.720
u     4096   0.83  88.75%   1.93%   9.31%   7500.231  7500.231
u    49528  10.00  83.30%   0.92%  15.78%   8077.242  8030.054
r    52715  10.03  82.57%   1.89%  15.53%   8544.231  8481.883
u    49532  10.05  83.17%   2.37%  14.46%   7915.284  7974.533
r    52552  10.02  79.93%   3.54%  16.52%   8631.912  8529.687
u    49300   9.98  81.62%   2.76%  15.62%   8037.195  7994.689
r    52468   9.98  81.66%   3.15%  15.19%   8510.222  8524.939
u    49383  10.00  83.91%   1.23%  14.86%   7965.624  7987.558
r    52552   9.98  79.97%   3.93%  16.11%   8616.453  8542.731
u    49383   9.98  82.70%   1.42%  15.88%   8074.690  8004.537
LINPACK benchmark ./linpackC-silvermont, Double precision.
Machine precision:  15 digits.
Array size 200 X 200.
Memory required:  315K.
      Reps Time(s) DGEFA   DGESL  OVERHEAD    MFLOPS
------------------------------------------------------
r     4096   0.62  82.37%  12.66%   4.97%   9485.958  9485.958
r    65641  10.09  80.76%   2.76%  16.48%  10693.591 10614.224
u     4096   0.81  80.76%   1.97%  17.26%   8383.269  8383.269
u    50505  10.06  84.27%   2.16%  13.57%   7975.187  8004.416
r    65036  10.05  80.60%   2.66%  16.74%  10678.635 10645.209
u    50188   9.97  85.10%   1.42%  13.47%   7990.361  7997.678
r    64738  10.00  78.06%   2.83%  19.11%  10992.440 10755.451
u    50344  10.00  86.55%   1.10%  12.35%   7888.988  7962.079
r    64744  10.00  80.29%   2.49%  17.22%  10739.835 10751.621
u    50349  10.01  86.60%   1.90%  11.50%   7802.523  7922.383
r    64737   9.98  80.18%   1.87%  17.95%  10851.395 10771.108
u    50278  10.03  84.55%   1.84%  13.61%   7968.662  7931.438
LINPACK benchmark ./linpackC-slm, Double precision.
Machine precision:  15 digits.
Array size 200 X 200.
Memory required:  315K.
      Reps Time(s) DGEFA   DGESL  OVERHEAD    MFLOPS
------------------------------------------------------
r     4096   0.62  77.56%   2.40%  20.03%  11272.892 11272.892
r    65641  10.14  79.98%   1.70%  18.32%  10884.686 10906.747
u     4096   0.81  84.83%   3.82%  11.34%   7823.607  7823.607
u    50505  10.06  84.31%   2.02%  13.68%   7985.287  7972.926
r    64734   9.97  79.51%   2.35%  18.15%  10894.775 10900.980
u    50193  10.00  83.38%   3.16%  13.46%   7966.222  7969.714
r    64935  10.02  76.01%   3.10%  20.90%  11255.509 11013.952
u    50198   9.98  85.62%   3.43%  10.96%   7754.622  7898.756
r    64831  10.00  80.99%   2.85%  16.16%  10619.582 10914.506
u    50278  10.00  86.57%   2.02%  11.41%   7795.039  7873.098
r    64831  10.02  80.35%   1.87%  17.78%  10813.040 10894.365
u    50283  10.02  86.75%   1.57%  11.68%   7806.389  7859.882
LINPACK benchmark ./linpackC-goldmont, Double precision.
Machine precision:  15 digits.
Array size 200 X 200.
Memory required:  315K.
      Reps Time(s) DGEFA   DGESL  OVERHEAD    MFLOPS
------------------------------------------------------
r     4096   0.64  68.70%   7.20%  24.10%  11598.296 11598.296
r    64100   9.86  77.89%   1.90%  20.22%  11191.287 11214.925
u     4096   0.83  79.20%   5.56%  15.24%   8024.498  8024.498
u    49528  10.00  83.22%   2.67%  14.11%   7919.252  7927.193
r    65016   9.98  80.76%   2.01%  17.23%  10804.530 11010.802
u    49528  10.00  83.91%   1.86%  14.23%   7930.332  7928.700
r    65120  10.00  82.22%   1.42%  16.36%  10693.706 10904.634
u    49528   9.98  83.12%   3.16%  13.71%   7894.435  7917.552
r    65126  10.02  80.11%   4.17%  15.72%  10595.866 10826.645
u    49602  10.00  83.32%   3.07%  13.61%   7886.094  7909.815
r    65028  10.00  77.88%   2.51%  19.61%  11108.984 10881.393
u    49606   9.98  81.93%   1.86%  16.21%   8143.148  7954.703
LINPACK benchmark ./linpackC-goldmont-plus, Double precision.
Machine precision:  15 digits.
Array size 200 X 200.
Memory required:  315K.
      Reps Time(s) DGEFA   DGESL  OVERHEAD    MFLOPS
------------------------------------------------------
r     4096   0.64  68.23%   4.85%  26.92%  12045.339 12045.339
r    64100   9.83  80.74%   3.05%  16.21%  10691.118 10763.802
u     4096   0.81  69.54%   7.77%  22.69%   8971.568  8971.568
u    50505  10.19  82.23%   3.21%  14.56%   7967.858  8035.295
r    65228  10.02  79.40%   2.81%  17.79%  10880.577 10820.576
u    49573  10.00  82.06%   2.78%  15.16%   8024.547  8030.177
r    65130  10.03  80.45%   3.71%  15.84%  10596.517 10746.042
u    49573  10.00  84.41%   2.50%  13.09%   7833.420  7965.665
r    64935   9.97  83.23%   2.39%  14.38%  10448.436 10671.136
u    49573  10.00  84.52%   2.85%  12.63%   7793.069  7922.882
r    65136  10.03  80.68%   3.10%  16.22%  10644.150 10665.776
u    49577  10.02  84.55%   2.35%  13.10%   7823.250  7903.151
LINPACK benchmark ./linpackC-tremont, Double precision.
Machine precision:  15 digits.
Array size 200 X 200.
Memory required:  315K.
      Reps Time(s) DGEFA   DGESL  OVERHEAD    MFLOPS
------------------------------------------------------
r     4096   0.64  80.31%   2.50%  17.19%  10613.535 10613.535
r    64000   9.84  77.15%   1.74%  21.11%  11319.167 11274.082
u     4096   0.83  79.32%   5.56%  15.11%   8013.067  8013.067
u    49528   9.98  82.75%   2.37%  14.87%   8003.113  8003.872
r    65020  10.00  80.94%   2.16%  16.90%  10745.383 11009.494
u    49607  10.02  83.90%   2.18%  13.92%   7902.441  7954.807
r    65020  10.00  77.85%   3.43%  18.72%  10987.343 11002.215
u    49532  10.00  83.54%   2.01%  14.45%   7951.367  7953.691
r    65026   9.98  77.53%   2.53%  19.93%  11171.175 11043.487
u    49532  10.00  84.20%   2.94%  12.86%   7807.179  7917.312
r    65130  10.03  79.50%   2.34%  18.15%  10894.665 11013.640
u    49536   9.94  85.55%   2.03%  12.42%   7815.882  7897.153
LINPACK benchmark ./linpackC-nehalem, Double precision.
Machine precision:  15 digits.
Array size 200 X 200.
Memory required:  315K.
      Reps Time(s) DGEFA   DGESL  OVERHEAD    MFLOPS
------------------------------------------------------
r     4096   0.61  81.91%   5.10%  12.99%  10633.598 10633.598
r    67368  10.12  80.11%   3.56%  16.34%  10923.107 10906.089
u     4096   0.81  88.53%   1.97%   9.49%   7663.724  7663.724
u    50505  10.11  85.83%   1.68%  12.48%   7839.968  7826.466
r    66542   9.97  78.65%   2.63%  18.72%  11279.233 11082.875
u    49960   9.98  84.22%   2.84%  12.94%   7892.757  7858.001
r    66755  10.02  78.24%   2.64%  19.12%  11318.132 11158.490
u    50035  10.02  86.59%   1.86%  11.55%   7756.489  7824.857
r    66655  10.00  77.32%   2.81%  19.87%  11425.304 11222.854
u    49955  10.00  85.24%   2.99%  11.77%   7776.566  7813.008
r    66661   9.95  81.17%   1.43%  17.40%  11135.844 11205.590
u    49959  10.00  82.77%   3.74%  13.49%   7930.917  7835.876
LINPACK benchmark ./linpackC-corei7, Double precision.
Machine precision:  15 digits.
Array size 200 X 200.
Memory required:  315K.
      Reps Time(s) DGEFA   DGESL  OVERHEAD    MFLOPS
------------------------------------------------------
r     4096   0.61  84.87%   0.00%  15.13%  10901.499 10901.499
r    67368  10.05  81.40%   2.15%  16.45%  11023.319 11016.264
u     4096   0.83  88.88%   1.81%   9.31%   7500.231  7500.231
u    49528   9.89  86.90%   2.55%  10.56%   7688.307  7673.609
r    67059   9.98  75.63%   3.14%  21.23%  11710.880 11341.934
u    50073  10.02  86.56%   2.19%  11.25%   7737.052  7704.114
r    67166   9.97  77.97%   3.15%  18.88%  11407.532 11363.271
u    49998  10.00  86.92%   2.32%  10.76%   7694.299  7700.918
r    67381  10.03  78.91%   2.32%  18.77%  11356.968 11361.715
u    49998   9.95  86.78%   3.00%  10.22%   7683.966  7696.750
r    67172  10.02  77.13%   2.81%  20.06%  11522.551 11393.111
u    50234  10.03  86.30%   2.95%  10.75%   7705.577  7698.495
LINPACK benchmark ./linpackC-westmere, Double precision.
Machine precision:  15 digits.
Array size 200 X 200.
Memory required:  315K.
      Reps Time(s) DGEFA   DGESL  OVERHEAD    MFLOPS
------------------------------------------------------
r     4096   0.61  82.07%   2.63%  15.30%  10922.667 10922.667
r    67368  10.03  81.19%   1.40%  17.42%  11168.363 11153.983
u     4096   0.83  86.82%   3.75%   9.43%   7510.245  7510.245
u    49528   9.88  86.41%   2.85%  10.74%   7717.093  7700.892
r    67159  10.00  80.05%   2.51%  17.44%  11171.474 11162.450
u    50154  10.03  88.29%   1.89%   9.82%   7614.212  7658.756
r    67159   9.98  78.57%   2.37%  19.05%  11413.401 11243.129
u    49999   9.97  86.96%   2.51%  10.53%   7698.766  7671.719
r    67273  10.00  78.20%   2.52%  19.28%  11445.522 11292.325
u    50154  10.03  86.88%   1.89%  11.23%   7734.774  7687.131
r    67273   9.97  80.66%   2.17%  17.18%  11191.793 11272.310
u    49999   9.98  85.98%   2.01%  12.01%   7815.308  7712.036
LINPACK benchmark ./linpackC-sandybridge, Double precision.
Machine precision:  15 digits.
Array size 200 X 200.
Memory required:  315K.
      Reps Time(s) DGEFA   DGESL  OVERHEAD    MFLOPS
------------------------------------------------------
r     4096   0.62  84.78%   7.69%   7.53%   9749.001  9749.001
r    65641  10.25  79.44%   2.61%  17.94%  10719.022 10656.743
u     4096   0.81  94.32%   0.00%   5.68%   7362.792  7362.792
u    50567   9.97  83.77%   2.63%  13.60%   8062.852  8005.814
r    64046  10.00  81.10%   2.52%  16.38%  10518.597 10590.158
u    50724  10.03  85.91%   2.15%  11.93%   7885.551  7947.476
r    64046  10.00  79.24%   1.87%  18.89%  10845.439 10671.478
u    50567  10.02  86.12%   2.05%  11.83%   7863.815  7920.155
r    64052  10.02  77.54%   4.45%  18.00%  10711.732 10681.296
u    50486   9.98  87.06%   2.00%  10.94%   7797.358  7889.768
r    63956   9.97  81.67%   2.49%  15.84%  10468.761 10638.901
u    50566  10.00  86.84%   2.47%  10.69%   7776.481  7867.219
LINPACK benchmark ./linpackC-corei7-avx, Double precision.
Machine precision:  15 digits.
Array size 200 X 200.
Memory required:  315K.
      Reps Time(s) DGEFA   DGESL  OVERHEAD    MFLOPS
------------------------------------------------------
r     4096   0.64  85.31%   0.00%  14.69%  10302.515 10302.515
r    64000  10.00  80.85%   3.40%  15.75%  10433.682 10425.698
u     4096   0.81  92.24%   1.85%   5.91%   7362.792  7362.792
u    50443   9.97  86.73%   1.69%  11.59%   7860.553  7820.844
r    64006  10.00  79.01%   2.96%  18.03%  10723.627 10567.955
u    50604   9.98  87.01%   2.00%  10.99%   7819.980  7820.428
r    64006   9.98  78.77%   4.21%  17.02%  10611.006 10581.967
u    50685  10.03  84.15%   2.34%  13.51%   8022.983  7885.180
r    64114  10.02  78.84%   2.35%  18.81%  10827.582 10641.442
u    50528   9.98  87.54%   1.56%  10.90%   7800.336  7864.235
r    64011  10.00  79.63%   2.96%  17.41%  10645.246 10642.193
u    50608   9.98  84.19%   1.73%  14.08%   8101.370  7909.834
LINPACK benchmark ./linpackC-ivybridge, Double precision.
Machine precision:  15 digits.
Array size 200 X 200.
Memory required:  315K.
      Reps Time(s) DGEFA   DGESL  OVERHEAD    MFLOPS
------------------------------------------------------
r     4096   0.64  87.50%   0.00%  12.50%  10044.952 10044.952
r    64000  10.00  80.38%   2.67%  16.95%  10584.457 10550.373
u     4096   0.81  84.71%   1.97%  13.32%   8001.669  8001.669
u    50505   9.98  85.59%   1.54%  12.87%   7972.437  7974.622
r    64006  10.00  77.14%   2.76%  20.10%  11002.826 10764.854
u    50580  10.00  86.52%   2.48%  11.00%   7804.854  7892.071
r    64012   9.98  78.89%   4.19%  16.93%  10599.206 10710.220
u    50580  10.00  87.72%   2.17%  10.11%   7728.438  7838.180
r    64114  10.02  79.57%   2.35%  18.08%  10732.556 10715.714
u    50585  10.02  88.61%   1.89%   9.50%   7664.394  7794.852
r    64017   9.94  75.78%   4.55%  19.67%  11014.367 10773.388
u    50504   9.97  85.14%   2.83%  12.03%   7908.646  7816.968
LINPACK benchmark ./linpackC-core-avx-i, Double precision.
Machine precision:  15 digits.
Array size 200 X 200.
Memory required:  315K.
      Reps Time(s) DGEFA   DGESL  OVERHEAD    MFLOPS
------------------------------------------------------
r     4096   0.64  80.94%   0.00%  19.06%  10859.408 10859.408
r    64000   9.98  80.18%   1.88%  17.94%  10729.167 10736.912
u     4096   0.81  86.33%   0.00%  13.67%   8024.498  8024.498
u    50443   9.95  87.49%   1.40%  11.11%   7830.344  7844.599
r    64108  10.00  81.05%   3.43%  15.52%  10421.597 10581.662
u    50681  10.02  88.47%   1.86%   9.68%   7694.219  7771.439
r    64108  10.00  80.10%   2.52%  17.38%  10656.216 10605.894
u    50605  10.00  86.57%   2.19%  11.24%   7829.826  7790.305
r    64108  10.02  81.27%   2.94%  15.80%  10440.134 10564.602
u    50605  10.03  84.57%   1.40%  14.04%   8059.554  7854.631
r    64011  10.00  80.04%   2.03%  17.93%  10712.703 10593.497
u    50448   9.98  87.49%   1.71%  10.80%   7779.241  7839.710
LINPACK benchmark ./linpackC-k8, Double precision.
Machine precision:  15 digits.
Array size 200 X 200.
Memory required:  315K.
      Reps Time(s) DGEFA   DGESL  OVERHEAD    MFLOPS
------------------------------------------------------
r     4096   0.64  80.31%   2.50%  17.19%  10613.535 10613.535
r    64000  10.03  76.08%   2.65%  21.26%  11128.556 11096.168
u     4096   0.81  82.64%   0.00%  17.36%   8383.269  8383.269
u    50443  10.14  84.97%   2.76%  12.27%   7787.214  7829.019
r    63802  10.00  77.71%   4.06%  18.23%  10716.905 10909.415
u    49746   9.98  84.55%   1.85%  13.60%   7919.073  7871.720
r    63808  10.00  79.00%   3.47%  17.53%  10626.929 10815.677
u    49820  10.00  80.37%   2.62%  17.01%   8244.303  7988.432
r    63814  10.00  75.83%   4.71%  19.46%  10881.288 10831.737
u    49820  10.02  83.02%   2.19%  14.80%   8018.219  7995.689
r    63814  10.00  77.98%   2.48%  19.54%  10892.107 10843.599
u    49745   9.97  86.92%   1.23%  11.85%   7774.720  7951.372
LINPACK benchmark ./linpackC-athlon64, Double precision.
Machine precision:  15 digits.
Array size 200 X 200.
Memory required:  315K.
      Reps Time(s) DGEFA   DGESL  OVERHEAD    MFLOPS
------------------------------------------------------
r     4096   0.64  80.47%   0.00%  19.53%  10922.667 10922.667
r    64000  10.03  79.47%   3.25%  17.28%  10593.387 10612.631
u     4096   0.83  73.52%   3.75%  22.73%   8803.088  8803.088
u    49528   9.94  82.71%   1.74%  15.55%   8105.154  8154.537
r    63808  10.00  78.62%   3.29%  18.09%  10698.285 10653.894
u    49842  10.00  84.69%   2.35%  12.96%   7864.164  8012.027
r    63808  10.00  79.27%   2.34%  18.39%  10738.928 10681.469
u    49842  10.00  81.99%   1.89%  16.12%   8160.429  8059.679
r    63814   9.98  79.79%   2.03%  18.18%  10729.419 10693.220
u    49842  10.02  84.28%   1.86%  13.87%   7934.355  8028.566
r    63922  10.00  78.60%   3.45%  17.95%  10700.416 10694.641
u    49762  10.00  84.44%   1.71%  13.85%   7932.654  8009.512
LINPACK benchmark ./linpackC-athlon-fx, Double precision.
Machine precision:  15 digits.
Array size 200 X 200.
Memory required:  315K.
      Reps Time(s) DGEFA   DGESL  OVERHEAD    MFLOPS
------------------------------------------------------
r     4096   0.64  78.13%   2.50%  19.37%  10901.499 10901.499
r    64000  10.02  78.57%   3.61%  17.81%  10678.330 10691.495
u     4096   0.81  94.20%   0.00%   5.80%   7362.792  7362.792
u    50505  10.11  86.48%   1.38%  12.15%   7809.954  7774.533
r    63904  10.00  76.61%   3.14%  20.25%  11004.576 10840.809
u    49960  10.03  85.94%   1.57%  12.49%   7816.329  7794.448
r    63904  10.02  79.70%   3.42%  16.87%  10540.655 10741.037
u    49805  10.14  83.88%   2.31%  13.82%   7826.853  7804.873
r    63801  10.00  78.03%   3.86%  18.11%  10701.031 10731.181
u    49117   9.88  81.16%   2.20%  16.64%   8194.122  7895.406
r    63807  10.00  78.58%   3.12%  18.30%  10726.929 10730.342
u    49738   9.98  87.31%   0.94%  11.75%   7751.572  7866.734
LINPACK benchmark ./linpackC-opteron, Double precision.
Machine precision:  15 digits.
Array size 200 X 200.
Memory required:  315K.
      Reps Time(s) DGEFA   DGESL  OVERHEAD    MFLOPS
------------------------------------------------------
r     4096   0.64  87.97%   2.50%   9.53%   9715.325  9715.325
r    64000  10.02  79.88%   2.06%  18.06%  10710.862 10645.248
u     4096   0.83  83.31%   3.75%  12.94%   7812.741  7812.741
u    49528   9.90  85.36%   2.69%  11.95%   7799.387  7800.405
r    63904   9.98  79.37%   2.48%  18.15%  10739.292 10690.570
u    50003  10.05  83.22%   2.17%  14.61%   8004.521  7897.581
r    64006  10.05  79.16%   2.33%  18.51%  10736.726 10705.599
u    49769   9.98  86.92%   2.32%  10.76%   7671.953  7822.936
r    63706   9.95  80.68%   2.49%  16.83%  10567.650 10671.428
u    49853  10.03  84.21%   1.57%  14.23%   7958.246  7855.697
r    64000  10.02  78.11%   2.19%  19.70%  10929.288 10721.439
u    49703   9.98  86.02%   2.80%  11.18%   7697.202  7824.041
LINPACK benchmark ./linpackC-k8-sse3, Double precision.
Machine precision:  15 digits.
Array size 200 X 200.
Memory required:  315K.
      Reps Time(s) DGEFA   DGESL  OVERHEAD    MFLOPS
------------------------------------------------------
r     4096   0.64  78.09%   2.50%  19.41%  10922.667 10922.667
r    64100   9.94  79.19%   2.51%  18.30%  10842.550 10847.329
u     4096   0.81  69.05%   3.82%  27.13%   9518.060  9518.060
u    50505  10.14  83.44%   2.81%  13.75%   7930.505  8030.992
r    64499   9.97  81.07%   2.67%  16.26%  10612.031 10731.669
u    49807   9.97  84.45%   2.16%  13.39%   7922.355  7978.798
r    64706  10.00  79.69%   2.34%  17.97%  10832.977 10764.667
u    49961  10.01  82.02%   2.64%  15.35%   8094.032  8015.733
r    64706  10.03  78.49%   3.40%  18.11%  10817.152 10777.577
u    49891  10.00  86.55%   1.56%  11.89%   7777.182  7956.125
r    64499   9.98  80.00%   3.13%  16.88%  10673.410 10756.845
u    49895  10.02  83.68%   2.65%  13.68%   7925.337  7950.062
LINPACK benchmark ./linpackC-athlon64-sse3, Double precision.
Machine precision:  15 digits.
Array size 200 X 200.
Memory required:  315K.
      Reps Time(s) DGEFA   DGESL  OVERHEAD    MFLOPS
------------------------------------------------------
r     4096   0.62  85.10%   2.40%  12.50%  10302.515 10302.515
r    65641  10.17  78.34%   3.06%  18.60%  10888.631 10852.368
u     4096   0.81  84.85%   1.85%  13.30%   7990.303  7990.303
u    50443  10.09  85.35%   2.31%  12.35%   7830.344  7842.135
r    64537  10.00  78.77%   3.29%  17.94%  10800.733 10827.489
u    49978  10.03  84.95%   2.02%  13.03%   7867.544  7854.264
r    64537  10.02  78.74%   3.24%  18.02%  10795.471 10817.074
u    49823  10.00  82.63%   2.80%  14.57%   8009.316  7903.657
r    64440   9.98  81.94%   1.88%  16.18%  10574.453 10756.661
u    49823   9.98  85.00%   2.64%  12.36%   7819.838  7883.037
r    64543   9.98  76.42%   2.65%  20.93%  11228.661 10846.435
u    49902  10.00  86.11%   3.14%  10.75%   7678.664  7842.041
LINPACK benchmark ./linpackC-opteron-sse3, Double precision.
Machine precision:  15 digits.
Array size 200 X 200.
Memory required:  315K.
      Reps Time(s) DGEFA   DGESL  OVERHEAD    MFLOPS
------------------------------------------------------
r     4096   0.62  74.84%   0.00%  25.16%  12045.339 12045.339
r    65641  10.17  79.25%   2.90%  17.84%  10788.293 10854.828
u     4096   0.83  82.95%   1.93%  15.11%   8013.067  8013.067
u    49528   9.94  84.28%   2.35%  13.36%   7900.854  7909.314
r    64537  10.02  78.79%   3.28%  17.92%  10781.026 10819.230
u    49842  10.03  84.81%   2.02%  13.17%   7859.649  7885.311
r    64433  10.00  79.09%   2.63%  18.28%  10828.192 10822.135
u    49692   9.95  82.14%   1.57%  16.30%   8191.535  7982.125
r    64433   9.97  79.93%   2.69%  17.39%  10745.354 10803.233
u    49926  10.03  87.77%   2.29%   9.94%   7589.666  7881.928
r    64639  10.03  80.04%   2.65%  17.31%  10701.735 10783.065
u    49771  10.00  85.72%   3.55%  10.73%   7657.649  7836.749
LINPACK benchmark ./linpackC-amdfam10, Double precision.
Machine precision:  15 digits.
Array size 200 X 200.
Memory required:  315K.
      Reps Time(s) DGEFA   DGESL  OVERHEAD    MFLOPS
------------------------------------------------------
r     4096   0.64  75.74%   2.50%  21.75%  11250.347 11250.347
r    64100   9.94  78.76%   2.70%  18.54%  10874.696 10896.549
u     4096   0.81  82.98%   5.67%  11.34%   7823.607  7823.607
u    50505  10.12  85.34%   3.24%  11.42%   7734.188  7740.825
r    64499  10.02  80.85%   2.34%  16.81%  10631.136 10765.905
u    49886  10.03  82.70%   3.41%  13.89%   7932.165  7831.013
r    64395   9.97  80.47%   3.57%  15.96%  10555.717 10696.316
u    49736  10.00  84.58%   2.97%  12.45%   7802.617  7821.833
r    64595  10.02  80.35%   2.78%  16.87%  10654.632 10685.996
u    49740  10.00  83.39%   2.80%  13.81%   7926.387  7847.075
r    64491  10.02  79.00%   2.18%  18.82%  10893.929 10726.476
u    49744   9.98  85.26%   3.16%  11.58%   7737.580  7825.363
LINPACK benchmark ./linpackC-barcelona, Double precision.
Machine precision:  15 digits.
Array size 200 X 200.
Memory required:  315K.
      Reps Time(s) DGEFA   DGESL  OVERHEAD    MFLOPS
------------------------------------------------------
r     4096   0.64  73.13%   5.00%  21.87%  11250.347 11250.347
r    64000   9.92  80.21%   2.36%  17.43%  10729.167 10759.147
u     4096   0.83  92.50%   0.00%   7.50%   7353.168  7353.168
u    49528   9.95  85.44%   2.02%  12.54%   7813.722  7776.518
r    64509  10.02  77.26%   2.18%  20.57%  11135.289 10938.904
u    49761  10.00  83.45%   2.65%  13.90%   7938.023  7853.425
r    64405   9.97  79.40%   2.62%  17.99%  10818.191 10899.146
u    49765   9.98  82.33%   2.34%  15.32%   8084.213  7926.959
r    64605  10.03  79.64%   2.32%  18.04%  10792.385 10872.586
u    49844  10.02  88.17%   0.93%  10.90%   7671.459  7862.659
r    64411   9.97  82.08%   1.23%  16.68%  10649.864 10827.849
u    49769   9.98  83.29%   3.09%  13.61%   7924.571  7874.773
LINPACK benchmark ./linpackC-btver1, Double precision.
Machine precision:  15 digits.
Array size 200 X 200.
Memory required:  315K.
      Reps Time(s) DGEFA   DGESL  OVERHEAD    MFLOPS
------------------------------------------------------
r     4096   0.64  80.59%   4.85%  14.55%  10302.515 10302.515
r    64100   9.95  79.18%   2.65%  18.17%  10807.939 10776.187
u     4096   0.81  78.91%   1.85%  19.24%   8588.051  8588.051
u    50505  10.12  85.00%   3.06%  11.94%   7780.168  7835.462
r    64402  10.00  79.42%   1.39%  19.19%  10943.506 10856.809
u    49886  10.00  86.61%   3.26%  10.13%   7624.094  7733.104
r    64395   9.98  79.34%   3.33%  17.34%  10715.594 10810.239
u    49890  10.02  84.45%   3.56%  11.98%   7772.615  7745.829
r    64498   9.98  79.09%   4.11%  16.81%  10662.965 10773.537
u    49815  10.00  85.13%   2.17%  12.70%   7837.393  7767.969
r    64594  10.03  79.75%   3.27%  16.98%  10653.188 10749.482
u    49819  10.00  83.49%   2.79%  13.72%   7929.774  7799.181
LINPACK benchmark ./linpackC-btver2, Double precision.
Machine precision:  15 digits.
Array size 200 X 200.
Memory required:  315K.
      Reps Time(s) DGEFA   DGESL  OVERHEAD    MFLOPS
------------------------------------------------------
r     4096   0.73  76.57%   4.22%  19.21%   9485.958  9485.958
r    55803  10.20  82.45%   2.61%  14.94%   8832.099  8873.926
u     4096   0.95  82.14%   6.41%  11.45%   6672.803  6672.803
u    43025   9.91  85.00%   3.65%  11.35%   6728.270  6723.412
r    54703  10.00  85.18%   1.24%  13.58%   8693.063  8786.665
u    43433   9.98  83.44%   3.73%  12.83%   6853.727  6785.292
r    54703  10.00  80.81%   2.03%  17.16%   9069.836  8876.205
u    43502   9.98  85.90%   2.64%  11.46%   6757.465  6776.237
r    54708   9.98  81.35%   2.49%  16.16%   8975.310  8900.206
u    43567  10.02  82.41%   4.01%  13.58%   6913.000  6809.278
r    54795  10.02  83.31%   2.01%  14.69%   8807.561  8881.845
u    43501   9.98  84.68%   2.81%  12.51%   6839.310  6815.166
LINPACK benchmark ./linpackC-x86-64, Double precision.
Machine precision:  15 digits.
Array size 200 X 200.
Memory required:  315K.
      Reps Time(s) DGEFA   DGESL  OVERHEAD    MFLOPS
------------------------------------------------------
r     4096   0.61  79.61%   5.26%  15.13%  10901.499 10901.499
r    67368  10.03  83.36%   2.94%  13.70%  10687.157 10699.214
u     4096   0.81  88.41%   7.77%   3.82%   7211.761  7211.761
u    50505  10.09  84.42%   2.02%  13.56%   7949.593  7889.045
r    67159  10.02  81.81%   2.19%  16.01%  10964.300 10826.021
u    50034  10.00  85.85%   3.09%  11.06%   7725.811  7810.138
r    67058   9.97  80.76%   1.86%  17.39%  11183.119 10939.914
u    50034   9.98  84.96%   3.13%  11.92%   7813.664  7811.278
r    67273  10.00  77.13%   2.50%  20.37%  11602.192 11096.019
u    50114  10.02  86.45%   2.30%  11.25%   7743.387  7794.554
r    67273  10.00  79.50%   1.24%  19.26%  11442.687 11162.890
u    50038   9.98  86.88%   2.04%  11.08%   7741.225  7784.024
